#
# A fatal error has been detected by the Java Runtime Environment:
#
#  EXCEPTION_ACCESS_VIOLATION (0xc0000005) at pc=0x0000000000000000, pid=22224, tid=25144
#
# JRE version: OpenJDK Runtime Environment (23.0+37) (build 23+37-2369)
# Java VM: OpenJDK 64-Bit Server VM (23+37-2369, mixed mode, sharing, tiered, compressed oops, compressed class ptrs, g1 gc, windows-amd64)
# Problematic frame:
# C  [jniRaylib.dll+0x1020d8]
#
# No core dump will be written. Minidumps are not enabled by default on client versions of Windows
#
# If you would like to submit a bug report, please visit:
#   https://bugreport.java.com/bugreport/crash.jsp
# The crash happened outside the Java Virtual Machine in native code.
# See problematic frame for where to report the bug.
#

---------------  S U M M A R Y ------------

Command Line: -javaagent:C:\Program Files\JetBrains\IntelliJ IDEA Community Edition 2024.2.3\lib\idea_rt.jar=59698:C:\Program Files\JetBrains\IntelliJ IDEA Community Edition 2024.2.3\bin -Dfile.encoding=UTF-8 -Dsun.stdout.encoding=UTF-8 -Dsun.stderr.encoding=UTF-8 com.company.Main

Host: 13th Gen Intel(R) Core(TM) i7-13700HX, 24 cores, 31G,  Windows 11 , 64 bit Build 22621 (10.0.22621.4391)
Time: Mon Dec 16 16:16:16 2024  Windows 11 , 64 bit Build 22621 (10.0.22621.4391) elapsed time: 0.292935 seconds (0d 0h 0m 0s)

---------------  T H R E A D  ---------------

Current thread (0x00000173f074a440):  JavaThread "Thread-1"         [_thread_in_native, id=25144, stack(0x00000011c7600000,0x00000011c7700000) (1024K)]

Stack: [0x00000011c7600000,0x00000011c7700000],  sp=0x00000011c76ff010,  free space=1020k
Native frames: (J=compiled Java code, j=interpreted, Vv=VM code, C=native code)

Java frames: (J=compiled Java code, j=interpreted, Vv=VM code)
j  com.raylib.Raylib.InitWindow(IILjava/lang/String;)V+0
j  com.company.Main3.InitGame(III)V+8
j  com.company.Main3.lambda$main$0(III)V+3
j  com.company.Main3$$Lambda+0x0000017381006000.run()V+12
j  java.lang.Thread.runWith(Ljava/lang/Object;Ljava/lang/Runnable;)V+5 java.base@23
j  java.lang.Thread.run()V+19 java.base@23
v  ~StubRoutines::call_stub 0x00000173ddaf0fcd

siginfo: EXCEPTION_ACCESS_VIOLATION (0xc0000005), data execution prevention violation at address 0x0000000000000000


Registers:
RAX=0x00003c99ff695a0b, RBX=0x0000000000000007, RCX=0x0000000000000de1, RDX=0x0000000000000000
RSP=0x00000011c76ff008, RBP=0x0000000000000001, RSI=0x00000173cb99dd80, RDI=0x0000000000000000
R8 =0x0000000000000001, R9 =0x0000000000000007, R10=0x0000000000000000, R11=0x00000011c76fee80
R12=0x0000000000000000, R13=0x00000011c76ff140, R14=0x0000000000000000, R15=0x0000000000000001
RIP=0x0000000000000000, EFLAGS=0x0000000000010246


Register to memory mapping:

RAX=0x00003c99ff695a0b is an unknown value
RBX=0x0000000000000007 is an unknown value
RCX=0x0000000000000de1 is an unknown value
RDX=0x0 is null
RSP=0x00000011c76ff008 is pointing into the stack for thread: 0x00000173f074a440
RBP=0x0000000000000001 is an unknown value
RSI=0x00000173cb99dd80 points into unknown readable memory: 0x007478006f6d6544 | 44 65 6d 6f 00 78 74 00
RDI=0x0 is null
R8 =0x0000000000000001 is an unknown value
R9 =0x0000000000000007 is an unknown value
R10=0x0 is null
R11=0x00000011c76fee80 is pointing into the stack for thread: 0x00000173f074a440
R12=0x0 is null
R13=0x00000011c76ff140 is pointing into the stack for thread: 0x00000173f074a440
R14=0x0 is null
R15=0x0000000000000001 is an unknown value

Top of Stack: (sp=0x00000011c76ff008)
0x00000011c76ff008:   00007ffc359420d8 00007ffc4e38f4f8
0x00000011c76ff018:   00007ffc4e38f4f8 00000011c76ff010
0x00000011c76ff028:   00007ffc4e38f4f8 00007ffc4e38f4f8
0x00000011c76ff038:   0000000000000000 3a474e494e524157
0x00000011c76ff048:   46203a57464c4720 6f742064656c6961
0x00000011c76ff058:   6c616974696e6920 57464c4700000000
0x00000011c76ff068:   000000000000000a 0000000100000001
0x00000011c76ff078:   0000000000000000 0000000000000000
0x00000011c76ff088:   00003c99ff695a0b 0000000000000000
0x00000011c76ff098:   0000000000000000 0000000000000000
0x00000011c76ff0a8:   0000000000000000 00000173f074a440
0x00000011c76ff0b8:   00000011c76ff2c8 00000173c2422730
0x00000011c76ff0c8:   00000011c76ff179 0000000000000000
0x00000011c76ff0d8:   00007ffc35944d04 0000000000000438
0x00000011c76ff0e8:   00007ffc3592c268 0000000000000000
0x00000011c76ff0f8:   00007ffc359e9590 0000000000000001
0x00000011c76ff108:   00000000000000c0 00003c99ff695a7b
0x00000011c76ff118:   00000006235ec4c0 00000173cb99dd80
0x00000011c76ff128:   0000000000000780 0000000000000438
0x00000011c76ff138:   00007ffc3592cc7b 00000000ffffffff
0x00000011c76ff148:   0000000000000000 00007ffc4e390990
0x00000011c76ff158:   0000000000000000 00000173f074a440
0x00000011c76ff168:   0000000000000000 00000173f074a800
0x00000011c76ff178:   00000011c76ff298 00000173f074a440
0x00000011c76ff188:   00000011c76ff2c8 00000173cb99dd80
0x00000011c76ff198:   00007ffc35855481 00000173f074a800
0x00000011c76ff1a8:   0000000000000004 00000173c13c4d50
0x00000011c76ff1b8:   0000000000000438 0000000000000000
0x00000011c76ff1c8:   0000000000000000 00000011c76ff298
0x00000011c76ff1d8:   00007ffc3586d9ae 0000000000000438
0x00000011c76ff1e8:   00000173cb99dd80 0000000000000780
0x00000011c76ff1f8:   00000011c76ff2c0 00000173ddaf8700 

Instructions: (pc=0x00007ffc359420d8)
0x00007ffc35941fd8:   24 50 c7 44 24 50 00 00 00 00 ba 84 8b 00 00 8b
0x00007ffc35941fe8:   ce ff 15 49 4d 13 00 48 63 44 24 50 85 c0 7e 4d
0x00007ffc35941ff8:   48 8b c8 c7 44 24 20 00 00 00 00 ba 01 00 00 00
0x00007ffc35942008:   ff 15 12 96 09 00 8b 54 24 50 4c 8d 44 24 20 4c
0x00007ffc35942018:   8b c8 8b ce 48 8b d8 ff 15 7b 4c 13 00 4c 8b cb
0x00007ffc35942028:   48 8d 15 39 6b 0a 00 44 8b c6 b9 04 00 00 00 e8
0x00007ffc35942038:   b4 5a 08 00 48 8b cb ff 15 e3 95 09 00 8b ce ff
0x00007ffc35942048:   15 1b 46 13 00 33 c0 48 8b 5c 24 40 48 8b 74 24
0x00007ffc35942058:   48 48 83 c4 30 5f c3 48 8d 15 22 6b 0a 00 b9 03
0x00007ffc35942068:   00 00 00 e8 80 5a 08 00 48 8b 5c 24 40 8b c6 48
0x00007ffc35942078:   8b 74 24 48 48 83 c4 30 5f c3 cc cc cc cc cc cc
0x00007ffc35942088:   cc cc cc cc cc cc cc cc 40 53 55 41 55 41 56 41
0x00007ffc35942098:   57 48 81 ec a0 00 00 00 48 8b 05 21 1e 13 00 48
0x00007ffc359420a8:   33 c4 48 89 44 24 78 8b ea 89 54 24 60 4c 8b e9
0x00007ffc359420b8:   44 89 44 24 64 45 33 f6 33 d2 b9 e1 0d 00 00 44
0x00007ffc359420c8:   89 74 24 50 41 8b d9 45 8b f8 ff 15 a8 41 13 00
0x00007ffc359420d8:   44 38 35 50 78 13 00 75 1d 8d 43 f2 83 f8 03 77
0x00007ffc359420e8:   15 48 8d 15 78 63 0a 00 41 8d 4e 04 e8 f7 59 08
0x00007ffc359420f8:   00 e9 0a 04 00 00 44 38 35 2b 78 13 00 75 19 83
0x00007ffc35942108:   fb 12 75 14 48 8d 15 85 63 0a 00 8d 4b f2 e8 d5
0x00007ffc35942118:   59 08 00 e9 e8 03 00 00 44 38 35 0a 78 13 00 75
0x00007ffc35942128:   1e 8d 43 ed 83 f8 01 77 16 48 8d 15 98 63 0a 00
0x00007ffc35942138:   b9 04 00 00 00 e8 ae 59 08 00 e9 c1 03 00 00 44
0x00007ffc35942148:   38 35 e4 77 13 00 75 1e 8d 43 eb 83 f8 01 77 16
0x00007ffc35942158:   48 8d 15 a9 63 0a 00 b9 04 00 00 00 e8 87 59 08
0x00007ffc35942168:   00 e9 9a 03 00 00 44 38 35 be 77 13 00 75 1e 8d
0x00007ffc35942178:   43 e9 83 f8 01 77 16 48 8d 15 ba 63 0a 00 b9 04
0x00007ffc35942188:   00 00 00 e8 60 59 08 00 e9 73 03 00 00 48 89 b4
0x00007ffc35942198:   24 98 00 00 00 ba 01 00 00 00 48 89 bc 24 90 00
0x00007ffc359421a8:   00 00 b9 f5 0c 00 00 4c 89 a4 24 88 00 00 00 ff
0x00007ffc359421b8:   15 db 53 13 00 48 8d 54 24 50 b9 01 00 00 00 ff
0x00007ffc359421c8:   15 0b 48 13 00 8b 54 24 50 b9 e1 0d 00 00 ff 15 


Stack slot to memory mapping:

stack at sp + 0 slots: 0x00007ffc4e38f4f8 ucrtbase.dll
stack at sp + 1 slots: 0x00007ffc4e38f4f8 ucrtbase.dll
stack at sp + 2 slots: 0x00000011c76ff010 is pointing into the stack for thread: 0x00000173f074a440
stack at sp + 3 slots: 0x00007ffc4e38f4f8 ucrtbase.dll
stack at sp + 4 slots: 0x00007ffc4e38f4f8 ucrtbase.dll
stack at sp + 5 slots: 0x0 is null
stack at sp + 6 slots: 0x3a474e494e524157 is an unknown value
stack at sp + 7 slots: 0x46203a57464c4720 is an unknown value

Lock stack of current Java thread (top to bottom):


---------------  P R O C E S S  ---------------

Threads class SMR info:
_java_thread_list=0x00000173c1531720, length=25, elements={
0x00000173f073c350, 0x00000173f073d170, 0x00000173f0740150, 0x00000173f07451d0,
0x00000173f0743050, 0x00000173f0749720, 0x00000173f074c210, 0x00000173f074d0d0,
0x00000173c10e5ca0, 0x00000173c1145eb0, 0x00000173f074aad0, 0x00000173c11c4900,
0x00000173c11f3b30, 0x00000173c11f4a00, 0x00000173f0749090, 0x00000173f0749db0,
0x00000173f0747ce0, 0x00000173f074a440, 0x00000173f0747650, 0x00000173f0748370,
0x00000173c19d42c0, 0x00000173c162bc40, 0x00000173c608ba90, 0x00000173c162c780,
0x00000173c18d7b70
}

Java Threads: ( => current thread )
  0x00000173f073c350 JavaThread "Reference Handler"          daemon [_thread_blocked, id=25908, stack(0x00000011c6500000,0x00000011c6600000) (1024K)]
  0x00000173f073d170 JavaThread "Finalizer"                  daemon [_thread_blocked, id=8064, stack(0x00000011c6600000,0x00000011c6700000) (1024K)]
  0x00000173f0740150 JavaThread "Signal Dispatcher"          daemon [_thread_blocked, id=21108, stack(0x00000011c6700000,0x00000011c6800000) (1024K)]
  0x00000173f07451d0 JavaThread "Attach Listener"            daemon [_thread_blocked, id=25816, stack(0x00000011c6800000,0x00000011c6900000) (1024K)]
  0x00000173f0743050 JavaThread "Service Thread"             daemon [_thread_blocked, id=12256, stack(0x00000011c6900000,0x00000011c6a00000) (1024K)]
  0x00000173f0749720 JavaThread "Monitor Deflation Thread"   daemon [_thread_blocked, id=9140, stack(0x00000011c6a00000,0x00000011c6b00000) (1024K)]
  0x00000173f074c210 JavaThread "C2 CompilerThread0"         daemon [_thread_blocked, id=19864, stack(0x00000011c6b00000,0x00000011c6c00000) (1024K)]
  0x00000173f074d0d0 JavaThread "C1 CompilerThread0"         daemon [_thread_blocked, id=1428, stack(0x00000011c6c00000,0x00000011c6d00000) (1024K)]
  0x00000173c10e5ca0 JavaThread "C1 CompilerThread1"         daemon [_thread_blocked, id=26756, stack(0x00000011c6d00000,0x00000011c6e00000) (1024K)]
  0x00000173c1145eb0 JavaThread "C1 CompilerThread2"         daemon [_thread_blocked, id=26964, stack(0x00000011c6e00000,0x00000011c6f00000) (1024K)]
  0x00000173f074aad0 JavaThread "Common-Cleaner"             daemon [_thread_blocked, id=1540, stack(0x00000011c6f00000,0x00000011c7000000) (1024K)]
  0x00000173c11c4900 JavaThread "C1 CompilerThread3"         daemon [_thread_blocked, id=19368, stack(0x00000011c7000000,0x00000011c7100000) (1024K)]
  0x00000173c11f3b30 JavaThread "C2 CompilerThread1"         daemon [_thread_blocked, id=5048, stack(0x00000011c7100000,0x00000011c7200000) (1024K)]
  0x00000173c11f4a00 JavaThread "C2 CompilerThread2"         daemon [_thread_blocked, id=23588, stack(0x00000011c7200000,0x00000011c7300000) (1024K)]
  0x00000173f0749090 JavaThread "Monitor Ctrl-Break"         daemon [_thread_in_native, id=25332, stack(0x00000011c7300000,0x00000011c7400000) (1024K)]
  0x00000173f0749db0 JavaThread "Notification Thread"        daemon [_thread_blocked, id=17196, stack(0x00000011c7400000,0x00000011c7500000) (1024K)]
  0x00000173f0747ce0 JavaThread "Thread-0"                          [_thread_in_native, id=30680, stack(0x00000011c7500000,0x00000011c7600000) (1024K)]
=>0x00000173f074a440 JavaThread "Thread-1"                          [_thread_in_native, id=25144, stack(0x00000011c7600000,0x00000011c7700000) (1024K)]
  0x00000173f0747650 JavaThread "DestroyJavaVM"                     [_thread_blocked, id=7920, stack(0x00000011c5d00000,0x00000011c5e00000) (1024K)]
  0x00000173f0748370 JavaThread "JavaCPP Deallocator"        daemon [_thread_blocked, id=16604, stack(0x00000011c7700000,0x00000011c7800000) (1024K)]
  0x00000173c19d42c0 JavaThread "C2 CompilerThread3"         daemon [_thread_blocked, id=2748, stack(0x00000011c7800000,0x00000011c7900000) (1024K)]
  0x00000173c162bc40 JavaThread "C2 CompilerThread4"         daemon [_thread_blocked, id=5764, stack(0x00000011c7900000,0x00000011c7a00000) (1024K)]
  0x00000173c608ba90 JavaThread "C2 CompilerThread5"         daemon [_thread_blocked, id=22676, stack(0x00000011c7a00000,0x00000011c7b00000) (1024K)]
  0x00000173c162c780 JavaThread "C2 CompilerThread6"         daemon [_thread_blocked, id=27940, stack(0x00000011c7b00000,0x00000011c7c00000) (1024K)]
  0x00000173c18d7b70 JavaThread "C2 CompilerThread7"         daemon [_thread_blocked, id=22456, stack(0x00000011c7c00000,0x00000011c7d00000) (1024K)]
Total: 25

Other Threads:
  0x00000173f071ff70 VMThread "VM Thread"                           [id=27204, stack(0x00000011c6400000,0x00000011c6500000) (1024K)]
  0x00000173f070c610 WatcherThread "VM Periodic Task Thread"        [id=2844, stack(0x00000011c6300000,0x00000011c6400000) (1024K)]
  0x00000173f059f930 WorkerThread "GC Thread#0"                     [id=1952, stack(0x00000011c5e00000,0x00000011c5f00000) (1024K)]
  0x00000173cdff41f0 ConcurrentGCThread "G1 Main Marker"            [id=20132, stack(0x00000011c5f00000,0x00000011c6000000) (1024K)]
  0x00000173cdff5560 WorkerThread "G1 Conc#0"                       [id=27224, stack(0x00000011c6000000,0x00000011c6100000) (1024K)]
  0x00000173f0663440 ConcurrentGCThread "G1 Refine#0"               [id=13348, stack(0x00000011c6100000,0x00000011c6200000) (1024K)]
  0x00000173f0663fc0 ConcurrentGCThread "G1 Service"                [id=8516, stack(0x00000011c6200000,0x00000011c6300000) (1024K)]
Total: 7

Threads with active compile tasks:
Total: 0

VM state: not at safepoint (normal execution)

VM Mutex/Monitor currently owned by a thread: None

Heap address: 0x0000000604000000, size: 8128 MB, Compressed Oops mode: Zero based, Oop shift amount: 3

CDS archive(s) mapped at: [0x0000017380000000-0x0000017380d70000-0x0000017380d70000), size 14090240, SharedBaseAddress: 0x0000017380000000, ArchiveRelocationMode: 1.
Compressed class space mapped at: 0x0000017381000000-0x00000173c1000000, reserved size: 1073741824
Narrow klass base: 0x0000017380000000, Narrow klass shift: 0, Narrow klass range: 0x41000000

GC Precious Log:
 CardTable entry size: 512
 Card Set container configuration: InlinePtr #cards 4 size 8 Array Of Cards #cards 32 size 80 Howl #buckets 8 coarsen threshold 7372 Howl Bitmap #cards 1024 size 144 coarsen threshold 921 Card regions per heap region 1 cards per card region 8192
 CPUs: 24 total, 24 available
 Memory: 32507M
 Large Page Support: Disabled
 NUMA Support: Disabled
 Compressed Oops: Enabled (Zero based)
 Heap Region Size: 4M
 Heap Min Capacity: 8M
 Heap Initial Capacity: 508M
 Heap Max Capacity: 8128M
 Pre-touch: Disabled
 Parallel Workers: 18
 Concurrent Workers: 5
 Concurrent Refinement Workers: 18
 Periodic GC: Disabled

Heap:
 garbage-first heap   total reserved 8323072K, committed 520192K, used 20480K [0x0000000604000000, 0x0000000800000000)
  region size 4096K, 6 young (24576K), 0 survivors (0K)
 Metaspace       used 2944K, committed 3072K, reserved 1114112K
  class space    used 289K, committed 384K, reserved 1048576K

Heap Regions: E=young(eden), S=young(survivor), O=old, HS=humongous(starts), HC=humongous(continues), CS=collection set, F=free, TAMS=top-at-mark-start, PB=parsable bottom
|   0|0x0000000604000000, 0x0000000604000000, 0x0000000604400000|  0%| F|  |TAMS 0x0000000604000000| PB 0x0000000604000000| Untracked |  0
|   1|0x0000000604400000, 0x0000000604400000, 0x0000000604800000|  0%| F|  |TAMS 0x0000000604400000| PB 0x0000000604400000| Untracked |  0
|   2|0x0000000604800000, 0x0000000604800000, 0x0000000604c00000|  0%| F|  |TAMS 0x0000000604800000| PB 0x0000000604800000| Untracked |  0
|   3|0x0000000604c00000, 0x0000000604c00000, 0x0000000605000000|  0%| F|  |TAMS 0x0000000604c00000| PB 0x0000000604c00000| Untracked |  0
|   4|0x0000000605000000, 0x0000000605000000, 0x0000000605400000|  0%| F|  |TAMS 0x0000000605000000| PB 0x0000000605000000| Untracked |  0
|   5|0x0000000605400000, 0x0000000605400000, 0x0000000605800000|  0%| F|  |TAMS 0x0000000605400000| PB 0x0000000605400000| Untracked |  0
|   6|0x0000000605800000, 0x0000000605800000, 0x0000000605c00000|  0%| F|  |TAMS 0x0000000605800000| PB 0x0000000605800000| Untracked |  0
|   7|0x0000000605c00000, 0x0000000605c00000, 0x0000000606000000|  0%| F|  |TAMS 0x0000000605c00000| PB 0x0000000605c00000| Untracked |  0
|   8|0x0000000606000000, 0x0000000606000000, 0x0000000606400000|  0%| F|  |TAMS 0x0000000606000000| PB 0x0000000606000000| Untracked |  0
|   9|0x0000000606400000, 0x0000000606400000, 0x0000000606800000|  0%| F|  |TAMS 0x0000000606400000| PB 0x0000000606400000| Untracked |  0
|  10|0x0000000606800000, 0x0000000606800000, 0x0000000606c00000|  0%| F|  |TAMS 0x0000000606800000| PB 0x0000000606800000| Untracked |  0
|  11|0x0000000606c00000, 0x0000000606c00000, 0x0000000607000000|  0%| F|  |TAMS 0x0000000606c00000| PB 0x0000000606c00000| Untracked |  0
|  12|0x0000000607000000, 0x0000000607000000, 0x0000000607400000|  0%| F|  |TAMS 0x0000000607000000| PB 0x0000000607000000| Untracked |  0
|  13|0x0000000607400000, 0x0000000607400000, 0x0000000607800000|  0%| F|  |TAMS 0x0000000607400000| PB 0x0000000607400000| Untracked |  0
|  14|0x0000000607800000, 0x0000000607800000, 0x0000000607c00000|  0%| F|  |TAMS 0x0000000607800000| PB 0x0000000607800000| Untracked |  0
|  15|0x0000000607c00000, 0x0000000607c00000, 0x0000000608000000|  0%| F|  |TAMS 0x0000000607c00000| PB 0x0000000607c00000| Untracked |  0
|  16|0x0000000608000000, 0x0000000608000000, 0x0000000608400000|  0%| F|  |TAMS 0x0000000608000000| PB 0x0000000608000000| Untracked |  0
|  17|0x0000000608400000, 0x0000000608400000, 0x0000000608800000|  0%| F|  |TAMS 0x0000000608400000| PB 0x0000000608400000| Untracked |  0
|  18|0x0000000608800000, 0x0000000608800000, 0x0000000608c00000|  0%| F|  |TAMS 0x0000000608800000| PB 0x0000000608800000| Untracked |  0
|  19|0x0000000608c00000, 0x0000000608c00000, 0x0000000609000000|  0%| F|  |TAMS 0x0000000608c00000| PB 0x0000000608c00000| Untracked |  0
|  20|0x0000000609000000, 0x0000000609000000, 0x0000000609400000|  0%| F|  |TAMS 0x0000000609000000| PB 0x0000000609000000| Untracked |  0
|  21|0x0000000609400000, 0x0000000609400000, 0x0000000609800000|  0%| F|  |TAMS 0x0000000609400000| PB 0x0000000609400000| Untracked |  0
|  22|0x0000000609800000, 0x0000000609800000, 0x0000000609c00000|  0%| F|  |TAMS 0x0000000609800000| PB 0x0000000609800000| Untracked |  0
|  23|0x0000000609c00000, 0x0000000609c00000, 0x000000060a000000|  0%| F|  |TAMS 0x0000000609c00000| PB 0x0000000609c00000| Untracked |  0
|  24|0x000000060a000000, 0x000000060a000000, 0x000000060a400000|  0%| F|  |TAMS 0x000000060a000000| PB 0x000000060a000000| Untracked |  0
|  25|0x000000060a400000, 0x000000060a400000, 0x000000060a800000|  0%| F|  |TAMS 0x000000060a400000| PB 0x000000060a400000| Untracked |  0
|  26|0x000000060a800000, 0x000000060a800000, 0x000000060ac00000|  0%| F|  |TAMS 0x000000060a800000| PB 0x000000060a800000| Untracked |  0
|  27|0x000000060ac00000, 0x000000060ac00000, 0x000000060b000000|  0%| F|  |TAMS 0x000000060ac00000| PB 0x000000060ac00000| Untracked |  0
|  28|0x000000060b000000, 0x000000060b000000, 0x000000060b400000|  0%| F|  |TAMS 0x000000060b000000| PB 0x000000060b000000| Untracked |  0
|  29|0x000000060b400000, 0x000000060b400000, 0x000000060b800000|  0%| F|  |TAMS 0x000000060b400000| PB 0x000000060b400000| Untracked |  0
|  30|0x000000060b800000, 0x000000060b800000, 0x000000060bc00000|  0%| F|  |TAMS 0x000000060b800000| PB 0x000000060b800000| Untracked |  0
|  31|0x000000060bc00000, 0x000000060bc00000, 0x000000060c000000|  0%| F|  |TAMS 0x000000060bc00000| PB 0x000000060bc00000| Untracked |  0
|  32|0x000000060c000000, 0x000000060c000000, 0x000000060c400000|  0%| F|  |TAMS 0x000000060c000000| PB 0x000000060c000000| Untracked |  0
|  33|0x000000060c400000, 0x000000060c400000, 0x000000060c800000|  0%| F|  |TAMS 0x000000060c400000| PB 0x000000060c400000| Untracked |  0
|  34|0x000000060c800000, 0x000000060c800000, 0x000000060cc00000|  0%| F|  |TAMS 0x000000060c800000| PB 0x000000060c800000| Untracked |  0
|  35|0x000000060cc00000, 0x000000060cc00000, 0x000000060d000000|  0%| F|  |TAMS 0x000000060cc00000| PB 0x000000060cc00000| Untracked |  0
|  36|0x000000060d000000, 0x000000060d000000, 0x000000060d400000|  0%| F|  |TAMS 0x000000060d000000| PB 0x000000060d000000| Untracked |  0
|  37|0x000000060d400000, 0x000000060d400000, 0x000000060d800000|  0%| F|  |TAMS 0x000000060d400000| PB 0x000000060d400000| Untracked |  0
|  38|0x000000060d800000, 0x000000060d800000, 0x000000060dc00000|  0%| F|  |TAMS 0x000000060d800000| PB 0x000000060d800000| Untracked |  0
|  39|0x000000060dc00000, 0x000000060dc00000, 0x000000060e000000|  0%| F|  |TAMS 0x000000060dc00000| PB 0x000000060dc00000| Untracked |  0
|  40|0x000000060e000000, 0x000000060e000000, 0x000000060e400000|  0%| F|  |TAMS 0x000000060e000000| PB 0x000000060e000000| Untracked |  0
|  41|0x000000060e400000, 0x000000060e400000, 0x000000060e800000|  0%| F|  |TAMS 0x000000060e400000| PB 0x000000060e400000| Untracked |  0
|  42|0x000000060e800000, 0x000000060e800000, 0x000000060ec00000|  0%| F|  |TAMS 0x000000060e800000| PB 0x000000060e800000| Untracked |  0
|  43|0x000000060ec00000, 0x000000060ec00000, 0x000000060f000000|  0%| F|  |TAMS 0x000000060ec00000| PB 0x000000060ec00000| Untracked |  0
|  44|0x000000060f000000, 0x000000060f000000, 0x000000060f400000|  0%| F|  |TAMS 0x000000060f000000| PB 0x000000060f000000| Untracked |  0
|  45|0x000000060f400000, 0x000000060f400000, 0x000000060f800000|  0%| F|  |TAMS 0x000000060f400000| PB 0x000000060f400000| Untracked |  0
|  46|0x000000060f800000, 0x000000060f800000, 0x000000060fc00000|  0%| F|  |TAMS 0x000000060f800000| PB 0x000000060f800000| Untracked |  0
|  47|0x000000060fc00000, 0x000000060fc00000, 0x0000000610000000|  0%| F|  |TAMS 0x000000060fc00000| PB 0x000000060fc00000| Untracked |  0
|  48|0x0000000610000000, 0x0000000610000000, 0x0000000610400000|  0%| F|  |TAMS 0x0000000610000000| PB 0x0000000610000000| Untracked |  0
|  49|0x0000000610400000, 0x0000000610400000, 0x0000000610800000|  0%| F|  |TAMS 0x0000000610400000| PB 0x0000000610400000| Untracked |  0
|  50|0x0000000610800000, 0x0000000610800000, 0x0000000610c00000|  0%| F|  |TAMS 0x0000000610800000| PB 0x0000000610800000| Untracked |  0
|  51|0x0000000610c00000, 0x0000000610c00000, 0x0000000611000000|  0%| F|  |TAMS 0x0000000610c00000| PB 0x0000000610c00000| Untracked |  0
|  52|0x0000000611000000, 0x0000000611000000, 0x0000000611400000|  0%| F|  |TAMS 0x0000000611000000| PB 0x0000000611000000| Untracked |  0
|  53|0x0000000611400000, 0x0000000611400000, 0x0000000611800000|  0%| F|  |TAMS 0x0000000611400000| PB 0x0000000611400000| Untracked |  0
|  54|0x0000000611800000, 0x0000000611800000, 0x0000000611c00000|  0%| F|  |TAMS 0x0000000611800000| PB 0x0000000611800000| Untracked |  0
|  55|0x0000000611c00000, 0x0000000611c00000, 0x0000000612000000|  0%| F|  |TAMS 0x0000000611c00000| PB 0x0000000611c00000| Untracked |  0
|  56|0x0000000612000000, 0x0000000612000000, 0x0000000612400000|  0%| F|  |TAMS 0x0000000612000000| PB 0x0000000612000000| Untracked |  0
|  57|0x0000000612400000, 0x0000000612400000, 0x0000000612800000|  0%| F|  |TAMS 0x0000000612400000| PB 0x0000000612400000| Untracked |  0
|  58|0x0000000612800000, 0x0000000612800000, 0x0000000612c00000|  0%| F|  |TAMS 0x0000000612800000| PB 0x0000000612800000| Untracked |  0
|  59|0x0000000612c00000, 0x0000000612c00000, 0x0000000613000000|  0%| F|  |TAMS 0x0000000612c00000| PB 0x0000000612c00000| Untracked |  0
|  60|0x0000000613000000, 0x0000000613000000, 0x0000000613400000|  0%| F|  |TAMS 0x0000000613000000| PB 0x0000000613000000| Untracked |  0
|  61|0x0000000613400000, 0x0000000613400000, 0x0000000613800000|  0%| F|  |TAMS 0x0000000613400000| PB 0x0000000613400000| Untracked |  0
|  62|0x0000000613800000, 0x0000000613800000, 0x0000000613c00000|  0%| F|  |TAMS 0x0000000613800000| PB 0x0000000613800000| Untracked |  0
|  63|0x0000000613c00000, 0x0000000613c00000, 0x0000000614000000|  0%| F|  |TAMS 0x0000000613c00000| PB 0x0000000613c00000| Untracked |  0
|  64|0x0000000614000000, 0x0000000614000000, 0x0000000614400000|  0%| F|  |TAMS 0x0000000614000000| PB 0x0000000614000000| Untracked |  0
|  65|0x0000000614400000, 0x0000000614400000, 0x0000000614800000|  0%| F|  |TAMS 0x0000000614400000| PB 0x0000000614400000| Untracked |  0
|  66|0x0000000614800000, 0x0000000614800000, 0x0000000614c00000|  0%| F|  |TAMS 0x0000000614800000| PB 0x0000000614800000| Untracked |  0
|  67|0x0000000614c00000, 0x0000000614c00000, 0x0000000615000000|  0%| F|  |TAMS 0x0000000614c00000| PB 0x0000000614c00000| Untracked |  0
|  68|0x0000000615000000, 0x0000000615000000, 0x0000000615400000|  0%| F|  |TAMS 0x0000000615000000| PB 0x0000000615000000| Untracked |  0
|  69|0x0000000615400000, 0x0000000615400000, 0x0000000615800000|  0%| F|  |TAMS 0x0000000615400000| PB 0x0000000615400000| Untracked |  0
|  70|0x0000000615800000, 0x0000000615800000, 0x0000000615c00000|  0%| F|  |TAMS 0x0000000615800000| PB 0x0000000615800000| Untracked |  0
|  71|0x0000000615c00000, 0x0000000615c00000, 0x0000000616000000|  0%| F|  |TAMS 0x0000000615c00000| PB 0x0000000615c00000| Untracked |  0
|  72|0x0000000616000000, 0x0000000616000000, 0x0000000616400000|  0%| F|  |TAMS 0x0000000616000000| PB 0x0000000616000000| Untracked |  0
|  73|0x0000000616400000, 0x0000000616400000, 0x0000000616800000|  0%| F|  |TAMS 0x0000000616400000| PB 0x0000000616400000| Untracked |  0
|  74|0x0000000616800000, 0x0000000616800000, 0x0000000616c00000|  0%| F|  |TAMS 0x0000000616800000| PB 0x0000000616800000| Untracked |  0
|  75|0x0000000616c00000, 0x0000000616c00000, 0x0000000617000000|  0%| F|  |TAMS 0x0000000616c00000| PB 0x0000000616c00000| Untracked |  0
|  76|0x0000000617000000, 0x0000000617000000, 0x0000000617400000|  0%| F|  |TAMS 0x0000000617000000| PB 0x0000000617000000| Untracked |  0
|  77|0x0000000617400000, 0x0000000617400000, 0x0000000617800000|  0%| F|  |TAMS 0x0000000617400000| PB 0x0000000617400000| Untracked |  0
|  78|0x0000000617800000, 0x0000000617800000, 0x0000000617c00000|  0%| F|  |TAMS 0x0000000617800000| PB 0x0000000617800000| Untracked |  0
|  79|0x0000000617c00000, 0x0000000617c00000, 0x0000000618000000|  0%| F|  |TAMS 0x0000000617c00000| PB 0x0000000617c00000| Untracked |  0
|  80|0x0000000618000000, 0x0000000618000000, 0x0000000618400000|  0%| F|  |TAMS 0x0000000618000000| PB 0x0000000618000000| Untracked |  0
|  81|0x0000000618400000, 0x0000000618400000, 0x0000000618800000|  0%| F|  |TAMS 0x0000000618400000| PB 0x0000000618400000| Untracked |  0
|  82|0x0000000618800000, 0x0000000618800000, 0x0000000618c00000|  0%| F|  |TAMS 0x0000000618800000| PB 0x0000000618800000| Untracked |  0
|  83|0x0000000618c00000, 0x0000000618c00000, 0x0000000619000000|  0%| F|  |TAMS 0x0000000618c00000| PB 0x0000000618c00000| Untracked |  0
|  84|0x0000000619000000, 0x0000000619000000, 0x0000000619400000|  0%| F|  |TAMS 0x0000000619000000| PB 0x0000000619000000| Untracked |  0
|  85|0x0000000619400000, 0x0000000619400000, 0x0000000619800000|  0%| F|  |TAMS 0x0000000619400000| PB 0x0000000619400000| Untracked |  0
|  86|0x0000000619800000, 0x0000000619800000, 0x0000000619c00000|  0%| F|  |TAMS 0x0000000619800000| PB 0x0000000619800000| Untracked |  0
|  87|0x0000000619c00000, 0x0000000619c00000, 0x000000061a000000|  0%| F|  |TAMS 0x0000000619c00000| PB 0x0000000619c00000| Untracked |  0
|  88|0x000000061a000000, 0x000000061a000000, 0x000000061a400000|  0%| F|  |TAMS 0x000000061a000000| PB 0x000000061a000000| Untracked |  0
|  89|0x000000061a400000, 0x000000061a400000, 0x000000061a800000|  0%| F|  |TAMS 0x000000061a400000| PB 0x000000061a400000| Untracked |  0
|  90|0x000000061a800000, 0x000000061a800000, 0x000000061ac00000|  0%| F|  |TAMS 0x000000061a800000| PB 0x000000061a800000| Untracked |  0
|  91|0x000000061ac00000, 0x000000061ac00000, 0x000000061b000000|  0%| F|  |TAMS 0x000000061ac00000| PB 0x000000061ac00000| Untracked |  0
|  92|0x000000061b000000, 0x000000061b000000, 0x000000061b400000|  0%| F|  |TAMS 0x000000061b000000| PB 0x000000061b000000| Untracked |  0
|  93|0x000000061b400000, 0x000000061b400000, 0x000000061b800000|  0%| F|  |TAMS 0x000000061b400000| PB 0x000000061b400000| Untracked |  0
|  94|0x000000061b800000, 0x000000061b800000, 0x000000061bc00000|  0%| F|  |TAMS 0x000000061b800000| PB 0x000000061b800000| Untracked |  0
|  95|0x000000061bc00000, 0x000000061bc00000, 0x000000061c000000|  0%| F|  |TAMS 0x000000061bc00000| PB 0x000000061bc00000| Untracked |  0
|  96|0x000000061c000000, 0x000000061c000000, 0x000000061c400000|  0%| F|  |TAMS 0x000000061c000000| PB 0x000000061c000000| Untracked |  0
|  97|0x000000061c400000, 0x000000061c400000, 0x000000061c800000|  0%| F|  |TAMS 0x000000061c400000| PB 0x000000061c400000| Untracked |  0
|  98|0x000000061c800000, 0x000000061c800000, 0x000000061cc00000|  0%| F|  |TAMS 0x000000061c800000| PB 0x000000061c800000| Untracked |  0
|  99|0x000000061cc00000, 0x000000061cc00000, 0x000000061d000000|  0%| F|  |TAMS 0x000000061cc00000| PB 0x000000061cc00000| Untracked |  0
| 100|0x000000061d000000, 0x000000061d000000, 0x000000061d400000|  0%| F|  |TAMS 0x000000061d000000| PB 0x000000061d000000| Untracked |  0
| 101|0x000000061d400000, 0x000000061d400000, 0x000000061d800000|  0%| F|  |TAMS 0x000000061d400000| PB 0x000000061d400000| Untracked |  0
| 102|0x000000061d800000, 0x000000061d800000, 0x000000061dc00000|  0%| F|  |TAMS 0x000000061d800000| PB 0x000000061d800000| Untracked |  0
| 103|0x000000061dc00000, 0x000000061dc00000, 0x000000061e000000|  0%| F|  |TAMS 0x000000061dc00000| PB 0x000000061dc00000| Untracked |  0
| 104|0x000000061e000000, 0x000000061e000000, 0x000000061e400000|  0%| F|  |TAMS 0x000000061e000000| PB 0x000000061e000000| Untracked |  0
| 105|0x000000061e400000, 0x000000061e400000, 0x000000061e800000|  0%| F|  |TAMS 0x000000061e400000| PB 0x000000061e400000| Untracked |  0
| 106|0x000000061e800000, 0x000000061e800000, 0x000000061ec00000|  0%| F|  |TAMS 0x000000061e800000| PB 0x000000061e800000| Untracked |  0
| 107|0x000000061ec00000, 0x000000061ec00000, 0x000000061f000000|  0%| F|  |TAMS 0x000000061ec00000| PB 0x000000061ec00000| Untracked |  0
| 108|0x000000061f000000, 0x000000061f000000, 0x000000061f400000|  0%| F|  |TAMS 0x000000061f000000| PB 0x000000061f000000| Untracked |  0
| 109|0x000000061f400000, 0x000000061f400000, 0x000000061f800000|  0%| F|  |TAMS 0x000000061f400000| PB 0x000000061f400000| Untracked |  0
| 110|0x000000061f800000, 0x000000061f800000, 0x000000061fc00000|  0%| F|  |TAMS 0x000000061f800000| PB 0x000000061f800000| Untracked |  0
| 111|0x000000061fc00000, 0x000000061fc00000, 0x0000000620000000|  0%| F|  |TAMS 0x000000061fc00000| PB 0x000000061fc00000| Untracked |  0
| 112|0x0000000620000000, 0x0000000620000000, 0x0000000620400000|  0%| F|  |TAMS 0x0000000620000000| PB 0x0000000620000000| Untracked |  0
| 113|0x0000000620400000, 0x0000000620400000, 0x0000000620800000|  0%| F|  |TAMS 0x0000000620400000| PB 0x0000000620400000| Untracked |  0
| 114|0x0000000620800000, 0x0000000620800000, 0x0000000620c00000|  0%| F|  |TAMS 0x0000000620800000| PB 0x0000000620800000| Untracked |  0
| 115|0x0000000620c00000, 0x0000000620c00000, 0x0000000621000000|  0%| F|  |TAMS 0x0000000620c00000| PB 0x0000000620c00000| Untracked |  0
| 116|0x0000000621000000, 0x0000000621000000, 0x0000000621400000|  0%| F|  |TAMS 0x0000000621000000| PB 0x0000000621000000| Untracked |  0
| 117|0x0000000621400000, 0x0000000621400000, 0x0000000621800000|  0%| F|  |TAMS 0x0000000621400000| PB 0x0000000621400000| Untracked |  0
| 118|0x0000000621800000, 0x0000000621800000, 0x0000000621c00000|  0%| F|  |TAMS 0x0000000621800000| PB 0x0000000621800000| Untracked |  0
| 119|0x0000000621c00000, 0x0000000621c00000, 0x0000000622000000|  0%| F|  |TAMS 0x0000000621c00000| PB 0x0000000621c00000| Untracked |  0
| 120|0x0000000622000000, 0x0000000622000000, 0x0000000622400000|  0%| F|  |TAMS 0x0000000622000000| PB 0x0000000622000000| Untracked |  0
| 121|0x0000000622400000, 0x00000006224f5c58, 0x0000000622800000| 24%| E|  |TAMS 0x0000000622400000| PB 0x0000000622400000| Complete |  0
| 122|0x0000000622800000, 0x0000000622c00000, 0x0000000622c00000|100%| E|CS|TAMS 0x0000000622800000| PB 0x0000000622800000| Complete |  0
| 123|0x0000000622c00000, 0x0000000623000000, 0x0000000623000000|100%| E|CS|TAMS 0x0000000622c00000| PB 0x0000000622c00000| Complete |  0
| 124|0x0000000623000000, 0x0000000623400000, 0x0000000623400000|100%| E|CS|TAMS 0x0000000623000000| PB 0x0000000623000000| Complete |  0
| 125|0x0000000623400000, 0x0000000623800000, 0x0000000623800000|100%| E|CS|TAMS 0x0000000623400000| PB 0x0000000623400000| Complete |  0
| 126|0x0000000623800000, 0x0000000623c00000, 0x0000000623c00000|100%| E|CS|TAMS 0x0000000623800000| PB 0x0000000623800000| Complete |  0

Card table byte_map: [0x00000173e7570000,0x00000173e8550000] _byte_map_base: 0x00000173e4550000

Marking Bits: (CMBitMap*) 0x00000173f05a0450
 Bits: [0x00000173e8550000, 0x00000173f0450000)

Polling page: 0x00000173cbd70000

Metaspace:

Usage:
  Non-class:      2.59 MB used.
      Class:    289.87 KB used.
       Both:      2.88 MB used.

Virtual space:
  Non-class space:       64.00 MB reserved,       2.62 MB (  4%) committed,  1 nodes.
      Class space:        1.00 GB reserved,     384.00 KB ( <1%) committed,  1 nodes.
             Both:        1.06 GB reserved,       3.00 MB ( <1%) committed. 

Chunk freelists:
   Non-Class:  11.19 MB
       Class:  15.64 MB
        Both:  26.83 MB

MaxMetaspaceSize: unlimited
CompressedClassSpaceSize: 1.00 GB
Initial GC threshold: 21.00 MB
Current GC threshold: 21.00 MB
CDS: on
 - commit_granule_bytes: 65536.
 - commit_granule_words: 8192.
 - virtual_space_node_default_size: 8388608.
 - enlarge_chunks_in_place: 1.
 - use_allocation_guard: 0.


Internal statistics:

num_allocs_failed_limit: 0.
num_arena_births: 52.
num_arena_deaths: 0.
num_vsnodes_births: 2.
num_vsnodes_deaths: 0.
num_space_committed: 48.
num_space_uncommitted: 0.
num_chunks_returned_to_freelist: 0.
num_chunks_taken_from_freelist: 92.
num_chunk_merges: 0.
num_chunk_splits: 65.
num_chunks_enlarged: 48.
num_inconsistent_stats: 0.

CodeHeap 'non-profiled nmethods': size=119232Kb used=531Kb max_used=531Kb free=118700Kb
 bounds [0x00000173de230000, 0x00000173de4a0000, 0x00000173e56a0000]
CodeHeap 'profiled nmethods': size=119104Kb used=1157Kb max_used=1157Kb free=117946Kb
 bounds [0x00000173d66a0000, 0x00000173d6910000, 0x00000173ddaf0000]
CodeHeap 'non-nmethods': size=7424Kb used=3095Kb max_used=3141Kb free=4329Kb
 bounds [0x00000173ddaf0000, 0x00000173dde10000, 0x00000173de230000]
CodeCache: size=245760Kb, used=4783Kb, max_used=4829Kb, free=240975Kb
 total_blobs=1527, nmethods=1014, adapters=416, full_count=0
Compilation: enabled, stopped_count=0, restarted_count=0

Compilation events (20 events):
Event: 0.277 Thread 0x00000173c1145eb0 nmethod 1008 0x00000173d67bd088 code [0x00000173d67bd1c0, 0x00000173d67bd3d0]
Event: 0.277 Thread 0x00000173f074d0d0 1010   !   3       org.bytedeco.javacpp.Loader::putMemberOffset (97 bytes)
Event: 0.277 Thread 0x00000173c11c4900 nmethod 1004 0x00000173d67bd408 code [0x00000173d67bd660, 0x00000173d67be5f8]
Event: 0.278 Thread 0x00000173c11f4a00 nmethod 956 0x00000173de287e08 code [0x00000173de287f20, 0x00000173de288288]
Event: 0.278 Thread 0x00000173c19d42c0 nmethod 957 0x00000173de288308 code [0x00000173de288400, 0x00000173de2885a0]
Event: 0.278 Thread 0x00000173c19d42c0  958       4       java.lang.StringConcatHelper::prepend (37 bytes)
Event: 0.278 Thread 0x00000173c11f4a00  967       4       java.lang.String::endsWith (15 bytes)
Event: 0.278 Thread 0x00000173c1145eb0 1011       3       java.util.jar.JarFile::maybeInstantiateVerifier (42 bytes)
Event: 0.278 Thread 0x00000173f074d0d0 nmethod 1010 0x00000173d67be688 code [0x00000173d67be9e0, 0x00000173d67c01a8]
Event: 0.279 Thread 0x00000173c1145eb0 nmethod 1011 0x00000173d67c0308 code [0x00000173d67c0460, 0x00000173d67c07d8]
Event: 0.279 Thread 0x00000173c1145eb0 1012       3       java.util.WeakHashMap::get (75 bytes)
Event: 0.280 Thread 0x00000173c11c4900 1013       1       java.util.jar.Attributes$Name::hashCode (5 bytes)
Event: 0.280 Thread 0x00000173c1145eb0 nmethod 1012 0x00000173d67c0808 code [0x00000173d67c09c0, 0x00000173d67c1248]
Event: 0.280 Thread 0x00000173c11c4900 nmethod 1013 0x00000173de288608 code [0x00000173de288720, 0x00000173de2887e8]
Event: 0.281 Thread 0x00000173c19d42c0 nmethod 958 0x00000173de288908 code [0x00000173de288a20, 0x00000173de288be0]
Event: 0.281 Thread 0x00000173c11c4900 1014       3       jdk.internal.loader.NativeLibraries$NativeLibraryImpl::find (9 bytes)
Event: 0.281 Thread 0x00000173c11c4900 nmethod 1014 0x00000173d67c1308 code [0x00000173d67c1420, 0x00000173d67c1560]
Event: 0.281 Thread 0x00000173c19d42c0  964       4       java.lang.CompoundEnumeration::hasMoreElements (5 bytes)
Event: 0.284 Thread 0x00000173c11f4a00 nmethod 967 0x00000173de288c08 code [0x00000173de288d20, 0x00000173de289050]
Event: 0.284 Thread 0x00000173c11f4a00  962       4       java.lang.StringBuilder::toString (20 bytes)

GC Heap History (0 events):
No events

Dll operation events (20 events):
Event: 0.213 Loaded shared library C:\Users\kacpe\.jdks\openjdk-23\bin\api-ms-win-core-datetime-l1-1-0.dll
Event: 0.215 Loaded shared library C:\Users\kacpe\.jdks\openjdk-23\bin\api-ms-win-core-localization-l1-2-0.dll
Event: 0.216 Loaded shared library C:\Users\kacpe\.jdks\openjdk-23\bin\api-ms-win-core-sysinfo-l1-1-0.dll
Event: 0.218 Loaded shared library C:\Users\kacpe\.jdks\openjdk-23\bin\api-ms-win-core-synch-l1-2-0.dll
Event: 0.221 Loaded shared library C:\Users\kacpe\.jdks\openjdk-23\bin\api-ms-win-core-console-l1-1-0.dll
Event: 0.223 Loaded shared library C:\Users\kacpe\.jdks\openjdk-23\bin\api-ms-win-core-debug-l1-1-0.dll
Event: 0.225 Loaded shared library C:\Users\kacpe\.jdks\openjdk-23\bin\api-ms-win-core-rtlsupport-l1-1-0.dll
Event: 0.227 Loaded shared library C:\Users\kacpe\.jdks\openjdk-23\bin\api-ms-win-core-processthreads-l1-1-1.dll
Event: 0.230 Loaded shared library C:\Users\kacpe\.jdks\openjdk-23\bin\api-ms-win-core-file-l1-2-0.dll
Event: 0.232 Loaded shared library C:\Users\kacpe\.jdks\openjdk-23\bin\api-ms-win-core-profile-l1-1-0.dll
Event: 0.235 Loaded shared library C:\Users\kacpe\.jdks\openjdk-23\bin\api-ms-win-core-memory-l1-1-0.dll
Event: 0.237 Loaded shared library C:\Users\kacpe\.jdks\openjdk-23\bin\api-ms-win-core-util-l1-1-0.dll
Event: 0.240 Loaded shared library C:\Users\kacpe\.jdks\openjdk-23\bin\api-ms-win-core-interlocked-l1-1-0.dll
Event: 0.242 Loaded shared library C:\Users\kacpe\.jdks\openjdk-23\bin\ucrtbase.dll
Event: 0.245 Loaded shared library C:\Users\kacpe\.jdks\openjdk-23\bin\vcruntime140.dll
Event: 0.247 Loaded shared library C:\Users\kacpe\.jdks\openjdk-23\bin\vcruntime140_1.dll
Event: 0.249 Loaded shared library C:\Users\kacpe\.jdks\openjdk-23\bin\msvcp140.dll
Event: 0.251 Loaded shared library C:\Windows\System32\msvcp140_1.dll
Event: 0.253 Loaded shared library C:\Windows\System32\concrt140.dll
Event: 0.256 Loaded shared library C:\Windows\System32\vcomp140.dll

Deoptimization events (20 events):
Event: 0.179 Thread 0x00000173f0747ce0 DEOPT PACKING pc=0x00000173de26c158 sp=0x00000011c75fc780
Event: 0.179 Thread 0x00000173f0747ce0 DEOPT UNPACKING pc=0x00000173ddb44402 sp=0x00000011c75fc6e0 mode 2
Event: 0.196 Thread 0x00000173f0747ce0 DEOPT PACKING pc=0x00000173d6749279 sp=0x00000011c75fc890
Event: 0.196 Thread 0x00000173f0747ce0 DEOPT UNPACKING pc=0x00000173ddb44b22 sp=0x00000011c75fbd98 mode 0
Event: 0.205 Thread 0x00000173f0747ce0 Uncommon trap: trap_request=0xffffffde fr.pc=0x00000173de273728 relative=0x0000000000000108
Event: 0.205 Thread 0x00000173f0747ce0 Uncommon trap: reason=class_check action=maybe_recompile pc=0x00000173de273728 method=jdk.internal.misc.Unsafe.allocateUninitializedArray(Ljava/lang/Class;I)Ljava/lang/Object; @ 51 c2
Event: 0.205 Thread 0x00000173f0747ce0 DEOPT PACKING pc=0x00000173de273728 sp=0x00000011c75fcae0
Event: 0.205 Thread 0x00000173f0747ce0 DEOPT UNPACKING pc=0x00000173ddb44402 sp=0x00000011c75fca58 mode 2
Event: 0.205 Thread 0x00000173f0747ce0 Uncommon trap: trap_request=0xffffffde fr.pc=0x00000173de273728 relative=0x0000000000000108
Event: 0.205 Thread 0x00000173f0747ce0 Uncommon trap: reason=class_check action=maybe_recompile pc=0x00000173de273728 method=jdk.internal.misc.Unsafe.allocateUninitializedArray(Ljava/lang/Class;I)Ljava/lang/Object; @ 51 c2
Event: 0.205 Thread 0x00000173f0747ce0 DEOPT PACKING pc=0x00000173de273728 sp=0x00000011c75fc820
Event: 0.205 Thread 0x00000173f0747ce0 DEOPT UNPACKING pc=0x00000173ddb44402 sp=0x00000011c75fc798 mode 2
Event: 0.205 Thread 0x00000173f0747ce0 Uncommon trap: trap_request=0xffffffde fr.pc=0x00000173de273728 relative=0x0000000000000108
Event: 0.205 Thread 0x00000173f0747ce0 Uncommon trap: reason=class_check action=maybe_recompile pc=0x00000173de273728 method=jdk.internal.misc.Unsafe.allocateUninitializedArray(Ljava/lang/Class;I)Ljava/lang/Object; @ 51 c2
Event: 0.205 Thread 0x00000173f0747ce0 DEOPT PACKING pc=0x00000173de273728 sp=0x00000011c75fc820
Event: 0.205 Thread 0x00000173f0747ce0 DEOPT UNPACKING pc=0x00000173ddb44402 sp=0x00000011c75fc798 mode 2
Event: 0.205 Thread 0x00000173f0747ce0 Uncommon trap: trap_request=0xffffffde fr.pc=0x00000173de273728 relative=0x0000000000000108
Event: 0.205 Thread 0x00000173f0747ce0 Uncommon trap: reason=class_check action=maybe_recompile pc=0x00000173de273728 method=jdk.internal.misc.Unsafe.allocateUninitializedArray(Ljava/lang/Class;I)Ljava/lang/Object; @ 51 c2
Event: 0.205 Thread 0x00000173f0747ce0 DEOPT PACKING pc=0x00000173de273728 sp=0x00000011c75fc8b0
Event: 0.205 Thread 0x00000173f0747ce0 DEOPT UNPACKING pc=0x00000173ddb44402 sp=0x00000011c75fc828 mode 2

Classes loaded (20 events):
Event: 0.152 Loading class java/time/zone/ZoneOffsetTransition
Event: 0.152 Loading class java/time/zone/ZoneOffsetTransition done
Event: 0.152 Loading class java/time/Year
Event: 0.152 Loading class java/time/Year done
Event: 0.154 Loading class java/time/temporal/TemporalAdjusters
Event: 0.154 Loading class java/time/temporal/TemporalAdjusters done
Event: 0.161 Loading class java/lang/NumberFormatException
Event: 0.161 Loading class java/lang/NumberFormatException done
Event: 0.165 Loading class java/lang/ProcessEnvironment
Event: 0.165 Loading class java/lang/ProcessEnvironment done
Event: 0.165 Loading class java/lang/ProcessEnvironment$NameComparator
Event: 0.165 Loading class java/lang/ProcessEnvironment$NameComparator done
Event: 0.165 Loading class java/lang/ProcessEnvironment$EntryComparator
Event: 0.165 Loading class java/lang/ProcessEnvironment$EntryComparator done
Event: 0.166 Loading class java/lang/ProcessEnvironment$CheckedEntrySet
Event: 0.166 Loading class java/lang/ProcessEnvironment$CheckedEntrySet done
Event: 0.166 Loading class java/lang/ProcessEnvironment$CheckedEntrySet$1
Event: 0.166 Loading class java/lang/ProcessEnvironment$CheckedEntrySet$1 done
Event: 0.166 Loading class java/lang/ProcessEnvironment$CheckedEntry
Event: 0.166 Loading class java/lang/ProcessEnvironment$CheckedEntry done

Classes unloaded (0 events):
No events

Classes redefined (0 events):
No events

Internal exceptions (10 events):
Event: 0.066 Thread 0x00000173cdf71b00 Exception <a 'java/lang/NoSuchMethodError'{0x0000000623bf1f98}: 'java.lang.Object java.lang.invoke.Invokers$Holder.invokeExact_MT(java.lang.Object, java.lang.Object, java.lang.Object, java.lang.Object, java.lang.Object)'> (0x0000000623bf1f98) 
thrown [s\open\src\hotspot\share\interpreter\linkResolver.cpp, line 796]
Event: 0.074 Thread 0x00000173f0749090 Exception <a 'java/lang/NoSuchMethodError'{0x00000006234844d0}: 'void java.lang.invoke.DirectMethodHandle$Holder.invokeStatic(java.lang.Object, java.lang.Object)'> (0x00000006234844d0) 
thrown [s\open\src\hotspot\share\interpreter\linkResolver.cpp, line 796]
Event: 0.089 Thread 0x00000173f0747ce0 Exception <a 'java/lang/NoSuchMethodError'{0x0000000623708b38}: 'int java.lang.invoke.DirectMethodHandle$Holder.invokeStaticInit(java.lang.Object, java.lang.Object, java.lang.Object, java.lang.Object)'> (0x0000000623708b38) 
thrown [s\open\src\hotspot\share\interpreter\linkResolver.cpp, line 796]
Event: 0.091 Thread 0x00000173f0747ce0 Exception <a 'java/lang/NoSuchMethodError'{0x0000000623711a10}: 'java.lang.Object java.lang.invoke.DirectMethodHandle$Holder.invokeInterface(java.lang.Object, java.lang.Object)'> (0x0000000623711a10) 
thrown [s\open\src\hotspot\share\interpreter\linkResolver.cpp, line 796]
Event: 0.091 Thread 0x00000173f0747ce0 Exception <a 'java/lang/IncompatibleClassChangeError'{0x0000000623714ca0}: Found class java.lang.Object, but interface was expected> (0x0000000623714ca0) 
thrown [s\open\src\hotspot\share\interpreter\linkResolver.cpp, line 863]
Event: 0.091 Thread 0x00000173f0747ce0 Exception <a 'java/lang/NoSuchMethodError'{0x0000000623717938}: 'void java.lang.invoke.DirectMethodHandle$Holder.invokeStaticInit(java.lang.Object, java.lang.Object)'> (0x0000000623717938) 
thrown [s\open\src\hotspot\share\interpreter\linkResolver.cpp, line 796]
Event: 0.092 Thread 0x00000173f0747ce0 Exception <a 'java/lang/NoSuchMethodError'{0x000000062371d050}: 'int java.lang.invoke.DirectMethodHandle$Holder.invokeStaticInit(java.lang.Object, java.lang.Object)'> (0x000000062371d050) 
thrown [s\open\src\hotspot\share\interpreter\linkResolver.cpp, line 796]
Event: 0.114 Thread 0x00000173f0747ce0 Exception <a 'java/lang/NoSuchMethodError'{0x00000006237aff48}: 'void java.lang.invoke.DirectMethodHandle$Holder.invokeSpecial(java.lang.Object, java.lang.Object, java.lang.Object)'> (0x00000006237aff48) 
thrown [s\open\src\hotspot\share\interpreter\linkResolver.cpp, line 796]
Event: 0.115 Thread 0x00000173f0747ce0 Exception <a 'java/lang/NoSuchMethodError'{0x00000006237b97b0}: 'void java.lang.invoke.DirectMethodHandle$Holder.invokeStatic(java.lang.Object, int, java.lang.Object)'> (0x00000006237b97b0) 
thrown [s\open\src\hotspot\share\interpreter\linkResolver.cpp, line 796]
Event: 0.155 Thread 0x00000173f0747ce0 Exception <a 'java/lang/NoSuchMethodError'{0x0000000623123de8}: 'java.lang.Object java.lang.invoke.DirectMethodHandle$Holder.invokeStatic(java.lang.Object, int, java.lang.Object)'> (0x0000000623123de8) 
thrown [s\open\src\hotspot\share\interpreter\linkResolver.cpp, line 796]

VM Operations (4 events):
Event: 0.042 Executing VM operation: HandshakeAllThreads (Deoptimize)
Event: 0.042 Executing VM operation: HandshakeAllThreads (Deoptimize) done
Event: 0.165 Executing VM operation: HandshakeAllThreads (Deoptimize)
Event: 0.165 Executing VM operation: HandshakeAllThreads (Deoptimize) done

Memory protections (0 events):
No events

Nmethod flushes (0 events):
No events

Events (20 events):
Event: 0.026 Thread 0x00000173cdf71b00 Thread added: 0x00000173f074c210
Event: 0.026 Thread 0x00000173cdf71b00 Thread added: 0x00000173f074d0d0
Event: 0.028 Thread 0x00000173f074d0d0 Thread added: 0x00000173c10e5ca0
Event: 0.029 Thread 0x00000173c10e5ca0 Thread added: 0x00000173c1145eb0
Event: 0.038 Thread 0x00000173cdf71b00 Thread added: 0x00000173f074aad0
Event: 0.044 Thread 0x00000173c1145eb0 Thread added: 0x00000173c11c4900
Event: 0.046 Thread 0x00000173c11c4900 Thread added: 0x00000173c11f3b30
Event: 0.046 Thread 0x00000173f074c210 Thread added: 0x00000173c11f4a00
Event: 0.068 Thread 0x00000173cdf71b00 Thread added: 0x00000173f0749090
Event: 0.068 Thread 0x00000173cdf71b00 Thread added: 0x00000173f0749db0
Event: 0.074 Thread 0x00000173cdf71b00 Thread added: 0x00000173f0747ce0
Event: 0.078 Thread 0x00000173cdf71b00 Thread added: 0x00000173f074a440
Event: 0.078 Thread 0x00000173cdf71b00 Thread exited: 0x00000173cdf71b00
Event: 0.078 Thread 0x00000173f0747650 Thread added: 0x00000173f0747650
Event: 0.164 Thread 0x00000173f0747ce0 Thread added: 0x00000173f0748370
Event: 0.198 Thread 0x00000173c11c4900 Thread added: 0x00000173c19d42c0
Event: 0.203 Thread 0x00000173f074c210 Thread added: 0x00000173c162bc40
Event: 0.206 Thread 0x00000173c19d42c0 Thread added: 0x00000173c608ba90
Event: 0.206 Thread 0x00000173c19d42c0 Thread added: 0x00000173c162c780
Event: 0.230 Thread 0x00000173c11f4a00 Thread added: 0x00000173c18d7b70


Dynamic libraries:
0x00007ff650590000 - 0x00007ff65059e000 	C:\Users\kacpe\.jdks\openjdk-23\bin\java.exe
0x00007ffc506b0000 - 0x00007ffc508c7000 	C:\Windows\SYSTEM32\ntdll.dll
0x00007ffc25af0000 - 0x00007ffc25b0a000 	C:\Program Files\AVG\Antivirus\aswhook.dll
0x00007ffc4f320000 - 0x00007ffc4f3e4000 	C:\Windows\System32\KERNEL32.DLL
0x00007ffc4d980000 - 0x00007ffc4dd3a000 	C:\Windows\System32\KERNELBASE.dll
0x00007ffc4e290000 - 0x00007ffc4e3a1000 	C:\Windows\System32\ucrtbase.dll
0x00007ffc47b30000 - 0x00007ffc47b47000 	C:\Users\kacpe\.jdks\openjdk-23\bin\jli.dll
0x00007ffc4f6b0000 - 0x00007ffc4f85e000 	C:\Windows\System32\USER32.dll
0x00007ffc47a60000 - 0x00007ffc47a7b000 	C:\Users\kacpe\.jdks\openjdk-23\bin\VCRUNTIME140.dll
0x00007ffc4de60000 - 0x00007ffc4de86000 	C:\Windows\System32\win32u.dll
0x00007ffc4f5c0000 - 0x00007ffc4f5e9000 	C:\Windows\System32\GDI32.dll
0x00007ffc379e0000 - 0x00007ffc37c72000 	C:\Windows\WinSxS\amd64_microsoft.windows.common-controls_6595b64144ccf1df_6.0.22621.4541_none_2710d1c57384c085\COMCTL32.dll
0x00007ffc4e170000 - 0x00007ffc4e28b000 	C:\Windows\System32\gdi32full.dll
0x00007ffc4e440000 - 0x00007ffc4e4e7000 	C:\Windows\System32\msvcrt.dll
0x00007ffc4ddc0000 - 0x00007ffc4de5a000 	C:\Windows\System32\msvcp_win.dll
0x00007ffc4fc30000 - 0x00007ffc4fc61000 	C:\Windows\System32\IMM32.DLL
0x00007ffc48f10000 - 0x00007ffc48f1c000 	C:\Users\kacpe\.jdks\openjdk-23\bin\vcruntime140_1.dll
0x00007ffc44680000 - 0x00007ffc4470e000 	C:\Users\kacpe\.jdks\openjdk-23\bin\msvcp140.dll
0x00007ffb8c590000 - 0x00007ffb8d2df000 	C:\Users\kacpe\.jdks\openjdk-23\bin\server\jvm.dll
0x00007ffc4f5f0000 - 0x00007ffc4f6a2000 	C:\Windows\System32\ADVAPI32.dll
0x00007ffc500a0000 - 0x00007ffc50147000 	C:\Windows\System32\sechost.dll
0x00007ffc4e0c0000 - 0x00007ffc4e0e8000 	C:\Windows\System32\bcrypt.dll
0x00007ffc4e4f0000 - 0x00007ffc4e604000 	C:\Windows\System32\RPCRT4.dll
0x00007ffc4e3b0000 - 0x00007ffc4e421000 	C:\Windows\System32\WS2_32.dll
0x00007ffc4c7d0000 - 0x00007ffc4c81d000 	C:\Windows\SYSTEM32\POWRPROF.dll
0x00007ffc454e0000 - 0x00007ffc45514000 	C:\Windows\SYSTEM32\WINMM.dll
0x00007ffc3e810000 - 0x00007ffc3e81a000 	C:\Windows\SYSTEM32\VERSION.dll
0x00007ffc4c7b0000 - 0x00007ffc4c7c3000 	C:\Windows\SYSTEM32\UMPDC.dll
0x00007ffc4c9d0000 - 0x00007ffc4c9e8000 	C:\Windows\SYSTEM32\kernel.appcore.dll
0x00007ffc47f30000 - 0x00007ffc47f3a000 	C:\Users\kacpe\.jdks\openjdk-23\bin\jimage.dll
0x00007ffc4b190000 - 0x00007ffc4b3c2000 	C:\Windows\SYSTEM32\DBGHELP.DLL
0x00007ffc4e610000 - 0x00007ffc4e99f000 	C:\Windows\System32\combase.dll
0x00007ffc4fa50000 - 0x00007ffc4fb27000 	C:\Windows\System32\OLEAUT32.dll
0x00007ffc3d660000 - 0x00007ffc3d692000 	C:\Windows\SYSTEM32\dbgcore.DLL
0x00007ffc4dd40000 - 0x00007ffc4ddbb000 	C:\Windows\System32\bcryptPrimitives.dll
0x00007ffc47b20000 - 0x00007ffc47b2f000 	C:\Users\kacpe\.jdks\openjdk-23\bin\instrument.dll
0x00007ffc47a00000 - 0x00007ffc47a1e000 	C:\Users\kacpe\.jdks\openjdk-23\bin\java.dll
0x00007ffc4fc70000 - 0x00007ffc4fe15000 	C:\Windows\System32\ole32.dll
0x00007ffc4eaa0000 - 0x00007ffc4f318000 	C:\Windows\System32\SHELL32.dll
0x00007ffc4b880000 - 0x00007ffc4c188000 	C:\Windows\SYSTEM32\windows.storage.dll
0x00007ffc4b740000 - 0x00007ffc4b87f000 	C:\Windows\SYSTEM32\wintypes.dll
0x00007ffc4fb30000 - 0x00007ffc4fc2a000 	C:\Windows\System32\SHCORE.dll
0x00007ffc4f3f0000 - 0x00007ffc4f44e000 	C:\Windows\System32\shlwapi.dll
0x00007ffc4d8b0000 - 0x00007ffc4d8db000 	C:\Windows\SYSTEM32\profapi.dll
0x00007ffc445a0000 - 0x00007ffc44677000 	C:\Users\kacpe\.jdks\openjdk-23\bin\jsvml.dll
0x00007ffc44750000 - 0x00007ffc44767000 	C:\Users\kacpe\.jdks\openjdk-23\bin\zip.dll
0x00007ffc458d0000 - 0x00007ffc458e0000 	C:\Users\kacpe\.jdks\openjdk-23\bin\net.dll
0x00007ffc4cef0000 - 0x00007ffc4cf59000 	C:\Windows\system32\mswsock.dll
0x00007ffc443a0000 - 0x00007ffc443b6000 	C:\Users\kacpe\.jdks\openjdk-23\bin\nio.dll
0x00007ffc44190000 - 0x00007ffc441aa000 	C:\Program Files\JetBrains\IntelliJ IDEA Community Edition 2024.2.3\bin\breakgen64.dll
0x00007ffc451c0000 - 0x00007ffc451c9000 	C:\Users\kacpe\.jdks\openjdk-23\bin\extnet.dll
0x00007ffc1de20000 - 0x00007ffc1df20000 	C:\Windows\System32\opengl32.dll
0x00007ffc1d1f0000 - 0x00007ffc1d21d000 	C:\Windows\SYSTEM32\GLU32.dll
0x00007ffc4abe0000 - 0x00007ffc4ac17000 	C:\Windows\SYSTEM32\dxcore.dll
0x00007ffc35840000 - 0x00007ffc35aa1000 	C:\Users\kacpe\.javacpp\cache\jaylib-5.0.0-0.jar\com\raylib\windows-x86_64\jniRaylib.dll
0x00000173c1c20000 - 0x00000173c1c24000 	C:\Users\kacpe\.jdks\openjdk-23\bin\api-ms-win-crt-locale-l1-1-0.dll
0x00000173c1c30000 - 0x00000173c1c35000 	C:\Users\kacpe\.jdks\openjdk-23\bin\api-ms-win-crt-string-l1-1-0.dll
0x00000173c1c40000 - 0x00000173c1c45000 	C:\Users\kacpe\.jdks\openjdk-23\bin\api-ms-win-crt-stdio-l1-1-0.dll
0x00000173c1c50000 - 0x00000173c1c56000 	C:\Users\kacpe\.jdks\openjdk-23\bin\api-ms-win-crt-math-l1-1-0.dll
0x00000173c1c60000 - 0x00000173c1c64000 	C:\Users\kacpe\.jdks\openjdk-23\bin\api-ms-win-crt-heap-l1-1-0.dll
0x00000173c1c70000 - 0x00000173c1c75000 	C:\Users\kacpe\.jdks\openjdk-23\bin\api-ms-win-crt-runtime-l1-1-0.dll
0x00000173c1c80000 - 0x00000173c1c85000 	C:\Users\kacpe\.jdks\openjdk-23\bin\api-ms-win-crt-convert-l1-1-0.dll
0x00000173c1c90000 - 0x00000173c1c94000 	C:\Users\kacpe\.jdks\openjdk-23\bin\api-ms-win-crt-environment-l1-1-0.dll
0x00000173c1ca0000 - 0x00000173c1ca4000 	C:\Users\kacpe\.jdks\openjdk-23\bin\api-ms-win-crt-time-l1-1-0.dll
0x00000173c1cb0000 - 0x00000173c1cb4000 	C:\Users\kacpe\.jdks\openjdk-23\bin\api-ms-win-crt-filesystem-l1-1-0.dll
0x00000173c1cc0000 - 0x00000173c1cc4000 	C:\Users\kacpe\.jdks\openjdk-23\bin\api-ms-win-crt-utility-l1-1-0.dll
0x00000173c1cd0000 - 0x00000173c1cd6000 	C:\Users\kacpe\.jdks\openjdk-23\bin\api-ms-win-crt-multibyte-l1-1-0.dll
0x00000173c1ce0000 - 0x00000173c1ce4000 	C:\Users\kacpe\.jdks\openjdk-23\bin\api-ms-win-crt-conio-l1-1-0.dll
0x00000173c1cf0000 - 0x00000173c1d01000 	C:\Users\kacpe\.jdks\openjdk-23\bin\api-ms-win-crt-private-l1-1-0.dll
0x00000173c1d10000 - 0x00000173c1d14000 	C:\Users\kacpe\.jdks\openjdk-23\bin\api-ms-win-crt-process-l1-1-0.dll
0x00000173c1d20000 - 0x00000173c1d24000 	C:\Users\kacpe\.jdks\openjdk-23\bin\api-ms-win-core-console-l1-2-0.dll
0x00000173c1d30000 - 0x00000173c1d34000 	C:\Users\kacpe\.jdks\openjdk-23\bin\api-ms-win-core-string-l1-1-0.dll
0x00000173c1d40000 - 0x00000173c1d44000 	C:\Users\kacpe\.jdks\openjdk-23\bin\api-ms-win-core-errorhandling-l1-1-0.dll
0x00000173c1d50000 - 0x00000173c1d54000 	C:\Users\kacpe\.jdks\openjdk-23\bin\api-ms-win-core-timezone-l1-1-0.dll
0x00000173c1d60000 - 0x00000173c1d65000 	C:\Users\kacpe\.jdks\openjdk-23\bin\api-ms-win-core-file-l1-1-0.dll
0x00000173c1d70000 - 0x00000173c1d74000 	C:\Users\kacpe\.jdks\openjdk-23\bin\api-ms-win-core-namedpipe-l1-1-0.dll
0x00000173c1d80000 - 0x00000173c1d84000 	C:\Users\kacpe\.jdks\openjdk-23\bin\api-ms-win-core-handle-l1-1-0.dll
0x00000173c1d90000 - 0x00000173c1d94000 	C:\Users\kacpe\.jdks\openjdk-23\bin\api-ms-win-core-file-l2-1-0.dll
0x00000173c1da0000 - 0x00000173c1da4000 	C:\Users\kacpe\.jdks\openjdk-23\bin\api-ms-win-core-heap-l1-1-0.dll
0x00000173c1db0000 - 0x00000173c1db4000 	C:\Users\kacpe\.jdks\openjdk-23\bin\api-ms-win-core-libraryloader-l1-1-0.dll
0x00000173c1dc0000 - 0x00000173c1dc4000 	C:\Users\kacpe\.jdks\openjdk-23\bin\api-ms-win-core-synch-l1-1-0.dll
0x00000173c1dd0000 - 0x00000173c1dd4000 	C:\Users\kacpe\.jdks\openjdk-23\bin\api-ms-win-core-processthreads-l1-1-0.dll
0x00000173c1de0000 - 0x00000173c1de4000 	C:\Users\kacpe\.jdks\openjdk-23\bin\api-ms-win-core-processenvironment-l1-1-0.dll
0x00000173c1df0000 - 0x00000173c1df4000 	C:\Users\kacpe\.jdks\openjdk-23\bin\api-ms-win-core-datetime-l1-1-0.dll
0x00000173c1e00000 - 0x00000173c1e04000 	C:\Users\kacpe\.jdks\openjdk-23\bin\api-ms-win-core-localization-l1-2-0.dll
0x00000173c1e10000 - 0x00000173c1e14000 	C:\Users\kacpe\.jdks\openjdk-23\bin\api-ms-win-core-sysinfo-l1-1-0.dll
0x00000173c1e20000 - 0x00000173c1e24000 	C:\Users\kacpe\.jdks\openjdk-23\bin\api-ms-win-core-synch-l1-2-0.dll
0x00000173c1e30000 - 0x00000173c1e34000 	C:\Users\kacpe\.jdks\openjdk-23\bin\api-ms-win-core-console-l1-1-0.dll
0x00000173c1e40000 - 0x00000173c1e44000 	C:\Users\kacpe\.jdks\openjdk-23\bin\api-ms-win-core-debug-l1-1-0.dll
0x00000173c1e50000 - 0x00000173c1e54000 	C:\Users\kacpe\.jdks\openjdk-23\bin\api-ms-win-core-rtlsupport-l1-1-0.dll
0x00000173c1e60000 - 0x00000173c1e64000 	C:\Users\kacpe\.jdks\openjdk-23\bin\api-ms-win-core-processthreads-l1-1-1.dll
0x00000173c1e70000 - 0x00000173c1e74000 	C:\Users\kacpe\.jdks\openjdk-23\bin\api-ms-win-core-file-l1-2-0.dll
0x00000173c1e80000 - 0x00000173c1e84000 	C:\Users\kacpe\.jdks\openjdk-23\bin\api-ms-win-core-profile-l1-1-0.dll
0x00000173c1e90000 - 0x00000173c1e94000 	C:\Users\kacpe\.jdks\openjdk-23\bin\api-ms-win-core-memory-l1-1-0.dll
0x00000173c1ea0000 - 0x00000173c1ea4000 	C:\Users\kacpe\.jdks\openjdk-23\bin\api-ms-win-core-util-l1-1-0.dll
0x00000173c1eb0000 - 0x00000173c1eb4000 	C:\Users\kacpe\.jdks\openjdk-23\bin\api-ms-win-core-interlocked-l1-1-0.dll
0x00007ffc35720000 - 0x00007ffc35831000 	C:\Users\kacpe\.jdks\openjdk-23\bin\ucrtbase.dll
0x00007ffc43e10000 - 0x00007ffc43e19000 	C:\Windows\System32\msvcp140_1.dll
0x00007ffc42e40000 - 0x00007ffc42e8d000 	C:\Windows\System32\concrt140.dll
0x00007ffc41890000 - 0x00007ffc418c2000 	C:\Windows\System32\vcomp140.dll
0x00007ffbde830000 - 0x00007ffbde876000 	C:\Windows\SYSTEM32\dinput8.dll
0x00007ffc43aa0000 - 0x00007ffc43ab1000 	C:\Windows\SYSTEM32\xinput1_4.dll
0x00007ffc4d670000 - 0x00007ffc4d6be000 	C:\Windows\SYSTEM32\cfgmgr32.dll
0x00007ffc4d640000 - 0x00007ffc4d66c000 	C:\Windows\SYSTEM32\DEVOBJ.dll
0x00007ffc4a5c0000 - 0x00007ffc4a5eb000 	C:\Windows\SYSTEM32\dwmapi.dll
0x00007ffc354f0000 - 0x00007ffc35704000 	C:\Windows\SYSTEM32\inputhost.dll
0x00007ffc47670000 - 0x00007ffc477a3000 	C:\Windows\SYSTEM32\CoreMessaging.dll
0x00007ffc4a330000 - 0x00007ffc4a3e1000 	C:\Windows\system32\uxtheme.dll
0x00007ffbf0800000 - 0x00007ffbf0933000 	C:\ProgramData\A-Volute\A-Volute.Nahimic\Modules\Scheduled\x64\AudioDevProps2.dll
0x00007ffc4d110000 - 0x00007ffc4d11c000 	C:\Windows\SYSTEM32\CRYPTBASE.DLL
0x00007ffc4f450000 - 0x00007ffc4f5b1000 	C:\Windows\System32\MSCTF.dll

dbghelp: loaded successfully - version: 4.0.5 - missing functions: none
symbol engine: initialized successfully - sym options: 0x614 - pdb path: .;C:\Users\kacpe\.jdks\openjdk-23\bin;C:\Windows\SYSTEM32;C:\Program Files\AVG\Antivirus;C:\Windows\WinSxS\amd64_microsoft.windows.common-controls_6595b64144ccf1df_6.0.22621.4541_none_2710d1c57384c085;C:\Users\kacpe\.jdks\openjdk-23\bin\server;C:\Program Files\JetBrains\IntelliJ IDEA Community Edition 2024.2.3\bin;C:\Users\kacpe\.javacpp\cache\jaylib-5.0.0-0.jar\com\raylib\windows-x86_64;C:\ProgramData\A-Volute\A-Volute.Nahimic\Modules\Scheduled\x64

VM Arguments:
jvm_args: -javaagent:C:\Program Files\JetBrains\IntelliJ IDEA Community Edition 2024.2.3\lib\idea_rt.jar=59698:C:\Program Files\JetBrains\IntelliJ IDEA Community Edition 2024.2.3\bin -Dfile.encoding=UTF-8 -Dsun.stdout.encoding=UTF-8 -Dsun.stderr.encoding=UTF-8 
java_command: com.company.Main
java_class_path (initial): D:\Surv\out\production\Surv;D:\jaylib-5.0.0-0.jar;C:\Users\kacpe\.m2\repository\io\netty\netty-transport\4.1.115.Final\netty-transport-4.1.115.Final.jar;C:\Users\kacpe\.m2\repository\io\netty\netty-buffer\4.1.115.Final\netty-buffer-4.1.115.Final.jar;C:\Users\kacpe\.m2\repository\io\netty\netty-common\4.1.115.Final\netty-common-4.1.115.Final.jar
Launcher Type: SUN_STANDARD

[Global flags]
     intx CICompilerCount                          = 12                                        {product} {ergonomic}
     uint ConcGCThreads                            = 5                                         {product} {ergonomic}
     uint G1ConcRefinementThreads                  = 18                                        {product} {ergonomic}
   size_t G1HeapRegionSize                         = 4194304                                   {product} {ergonomic}
   size_t InitialHeapSize                          = 532676608                                 {product} {ergonomic}
   size_t MarkStackSize                            = 4194304                                   {product} {ergonomic}
   size_t MarkStackSizeMax                         = 536870912                                 {product} {ergonomic}
   size_t MaxHeapSize                              = 8522825728                                {product} {ergonomic}
   size_t MaxNewSize                               = 5112856576                                {product} {ergonomic}
   size_t MinHeapDeltaBytes                        = 4194304                                   {product} {ergonomic}
   size_t MinHeapSize                              = 8388608                                   {product} {ergonomic}
    uintx NonNMethodCodeHeapSize                   = 7602176                                {pd product} {ergonomic}
    uintx NonProfiledCodeHeapSize                  = 122093568                              {pd product} {ergonomic}
    uintx ProfiledCodeHeapSize                     = 121962496                              {pd product} {ergonomic}
    uintx ReservedCodeCacheSize                    = 251658240                              {pd product} {ergonomic}
     bool SegmentedCodeCache                       = true                                      {product} {ergonomic}
   size_t SoftMaxHeapSize                          = 8522825728                             {manageable} {ergonomic}
     bool UseCompressedOops                        = true                           {product lp64_product} {ergonomic}
     bool UseG1GC                                  = true                                      {product} {ergonomic}
     bool UseLargePagesIndividualAllocation        = false                                  {pd product} {ergonomic}

Logging:
Log output configuration:
 #0: stdout all=warning uptime,level,tags foldmultilines=false
 #1: stderr all=off uptime,level,tags foldmultilines=false

Environment Variables:
PATH=C:\Program Files (x86)\Common Files\Oracle\Java\javapath;C:\Windows\system32;C:\Windows;C:\Windows\System32\Wbem;C:\Windows\System32\WindowsPowerShell\v1.0\;C:\Windows\System32\OpenSSH\;C:\Program Files (x86)\NVIDIA Corporation\PhysX\Common;C:\Program Files\NVIDIA Corporation\NVIDIA NvDLISR;C:\Program Files\dotnet\;C:\Program Files (x86)\Windows Kits\10\Windows Performance Toolkit\;C;C:\Program Files\Git\cmd;C:\Users\kacpe\AppData\Local\Microsoft\WindowsApps;C:\Users\kacpe\AppData\Local\Programs\Microsoft VS Code\bin;C:\Program Files\JetBrains\IntelliJ IDEA 2024.2.1\bin;;C:\Program Files\JetBrains\IntelliJ IDEA Community Edition 2024.2.3\bin;
USERNAME=kacpe
OS=Windows_NT
PROCESSOR_IDENTIFIER=Intel64 Family 6 Model 191 Stepping 2, GenuineIntel
TMP=C:\Users\kacpe\AppData\Local\Temp
TEMP=C:\Users\kacpe\AppData\Local\Temp




Periodic native trim disabled

---------------  S Y S T E M  ---------------

OS:
 Windows 11 , 64 bit Build 22621 (10.0.22621.4391)
OS uptime: 3 days 6:56 hours
Hyper-V role detected

CPU: total 24 (initial active 24) (12 cores per cpu, 2 threads per core) family 6 model 191 stepping 2 microcode 0x26, cx8, cmov, fxsr, ht, mmx, 3dnowpref, sse, sse2, sse3, ssse3, sse4.1, sse4.2, popcnt, lzcnt, tsc, tscinvbit, avx, avx2, aes, erms, clmul, bmi1, bmi2, adx, sha, fma, vzeroupper, clflush, clflushopt, clwb, hv, serialize, rdtscp, rdpid, fsrm, gfni, f16c, cet_ibt, cet_ss
Processor Information for processor 0
  Max Mhz: 2100, Current Mhz: 2100, Mhz Limit: 2100
Processor Information for processor 1
  Max Mhz: 2100, Current Mhz: 2100, Mhz Limit: 2100
Processor Information for processor 2
  Max Mhz: 2100, Current Mhz: 2100, Mhz Limit: 2100
Processor Information for processor 3
  Max Mhz: 2100, Current Mhz: 2100, Mhz Limit: 2100
Processor Information for processor 4
  Max Mhz: 2100, Current Mhz: 2100, Mhz Limit: 2100
Processor Information for processor 5
  Max Mhz: 2100, Current Mhz: 2100, Mhz Limit: 2100
Processor Information for processor 6
  Max Mhz: 2100, Current Mhz: 2100, Mhz Limit: 2100
Processor Information for processor 7
  Max Mhz: 2100, Current Mhz: 2100, Mhz Limit: 2100
Processor Information for processor 8
  Max Mhz: 2100, Current Mhz: 2100, Mhz Limit: 2100
Processor Information for processor 9
  Max Mhz: 2100, Current Mhz: 2100, Mhz Limit: 2100
Processor Information for processor 10
  Max Mhz: 2100, Current Mhz: 2100, Mhz Limit: 2100
Processor Information for processor 11
  Max Mhz: 2100, Current Mhz: 2100, Mhz Limit: 2100
Processor Information for processor 12
  Max Mhz: 2100, Current Mhz: 2100, Mhz Limit: 2100
Processor Information for processor 13
  Max Mhz: 2100, Current Mhz: 2100, Mhz Limit: 2100
Processor Information for processor 14
  Max Mhz: 2100, Current Mhz: 2100, Mhz Limit: 2100
Processor Information for processor 15
  Max Mhz: 2100, Current Mhz: 2100, Mhz Limit: 2100
Processor Information for processor 16
  Max Mhz: 2100, Current Mhz: 1540, Mhz Limit: 2100
Processor Information for processor 17
  Max Mhz: 2100, Current Mhz: 2100, Mhz Limit: 2100
Processor Information for processor 18
  Max Mhz: 2100, Current Mhz: 2100, Mhz Limit: 2100
Processor Information for processor 19
  Max Mhz: 2100, Current Mhz: 1540, Mhz Limit: 2100
Processor Information for processor 20
  Max Mhz: 2100, Current Mhz: 2100, Mhz Limit: 2100
Processor Information for processor 21
  Max Mhz: 2100, Current Mhz: 2100, Mhz Limit: 2100
Processor Information for processor 22
  Max Mhz: 2100, Current Mhz: 1540, Mhz Limit: 2100
Processor Information for processor 23
  Max Mhz: 2100, Current Mhz: 1540, Mhz Limit: 2100

Memory: 4k page, system-wide physical 32507M (18388M free)
TotalPageFile size 34555M (AvailPageFile size 16940M)
current process WorkingSet (physical memory assigned to process): 105M, peak: 125M
current process commit charge ("private bytes"): 665M, peak: 686M

vm_info: OpenJDK 64-Bit Server VM (23+37-2369) for windows-amd64 JRE (23+37-2369), built on 2024-08-20T16:01:23Z with MS VC++ 17.6 (VS2022)

END.
