#
# A fatal error has been detected by the Java Runtime Environment:
#
#  EXCEPTION_ACCESS_VIOLATION (0xc0000005) at pc=0x0000000000000000, pid=33732, tid=31872
#
# JRE version: OpenJDK Runtime Environment (23.0+37) (build 23+37-2369)
# Java VM: OpenJDK 64-Bit Server VM (23+37-2369, mixed mode, sharing, tiered, compressed oops, compressed class ptrs, g1 gc, windows-amd64)
# Problematic frame:
# C  [jniRaylib.dll+0x1020d8]
#
# No core dump will be written. Minidumps are not enabled by default on client versions of Windows
#
# If you would like to submit a bug report, please visit:
#   https://bugreport.java.com/bugreport/crash.jsp
# The crash happened outside the Java Virtual Machine in native code.
# See problematic frame for where to report the bug.
#

---------------  S U M M A R Y ------------

Command Line: -javaagent:C:\Program Files\JetBrains\IntelliJ IDEA Community Edition 2024.2.3\lib\idea_rt.jar=59667:C:\Program Files\JetBrains\IntelliJ IDEA Community Edition 2024.2.3\bin -Dfile.encoding=UTF-8 -Dsun.stdout.encoding=UTF-8 -Dsun.stderr.encoding=UTF-8 com.company.Main

Host: 13th Gen Intel(R) Core(TM) i7-13700HX, 24 cores, 31G,  Windows 11 , 64 bit Build 22621 (10.0.22621.4391)
Time: Mon Dec 16 16:13:48 2024  Windows 11 , 64 bit Build 22621 (10.0.22621.4391) elapsed time: 0.292983 seconds (0d 0h 0m 0s)

---------------  T H R E A D  ---------------

Current thread (0x000002123468cd80):  JavaThread "Thread-0"         [_thread_in_native, id=31872, stack(0x0000006f41f00000,0x0000006f42000000) (1024K)]

Stack: [0x0000006f41f00000,0x0000006f42000000],  sp=0x0000006f41fff2f0,  free space=1020k
Native frames: (J=compiled Java code, j=interpreted, Vv=VM code, C=native code)

Java frames: (J=compiled Java code, j=interpreted, Vv=VM code)
j  com.raylib.Raylib.LoadTexture(Ljava/lang/String;)Lcom/raylib/Raylib$Texture;+0
j  com.company.Components.WorldGenerator.LoadTextures()V+6
j  com.company.Components.WorldGenerator.<init>(IIDDDIIII)V+122
j  com.company.Main.InitGame(III)V+27
j  com.company.Main.lambda$main$0(III)V+3
j  com.company.Main$$Lambda+0x00000212360039a8.run()V+12
j  java.lang.Thread.runWith(Ljava/lang/Object;Ljava/lang/Runnable;)V+5 java.base@23
j  java.lang.Thread.run()V+19 java.base@23
v  ~StubRoutines::call_stub 0x000002121e3c0fcd

siginfo: EXCEPTION_ACCESS_VIOLATION (0xc0000005), data execution prevention violation at address 0x0000000000000000


Registers:
RAX=0x0000f3be797b1a53, RBX=0x0000000000000004, RCX=0x0000000000000de1, RDX=0x0000000000000000
RSP=0x0000006f41fff2e8, RBP=0x0000000000000145, RSI=0x000002127b891940, RDI=0x0000000000000145
R8 =0x0000000000000145, R9 =0x0000000000000004, R10=0x000002120c450000, R11=0x0000006f41fff320
R12=0x0000000000000000, R13=0x000002127b891940, R14=0x0000000000000000, R15=0x0000000000000145
RIP=0x0000000000000000, EFLAGS=0x0000000000010246


Register to memory mapping:

RAX=0x0000f3be797b1a53 is an unknown value
RBX=0x0000000000000004 is an unknown value
RCX=0x0000000000000de1 is an unknown value
RDX=0x0 is null
RSP=0x0000006f41fff2e8 is pointing into the stack for thread: 0x000002123468cd80
RBP=0x0000000000000145 is an unknown value
RSI=0x000002127b891940 points into unknown readable memory: 0xb000dfaf00ddae00 | 00 ae dd 00 af df 00 b0
RDI=0x0000000000000145 is an unknown value
R8 =0x0000000000000145 is an unknown value
R9 =0x0000000000000004 is an unknown value
R10=0x000002120c450000 points into unknown readable memory: 0x0000000000000000 | 00 00 00 00 00 00 00 00
R11=0x0000006f41fff320 is pointing into the stack for thread: 0x000002123468cd80
R12=0x0 is null
R13=0x000002127b891940 points into unknown readable memory: 0xb000dfaf00ddae00 | 00 ae dd 00 af df 00 b0
R14=0x0 is null
R15=0x0000000000000145 is an unknown value

Top of Stack: (sp=0x0000006f41fff2e8)
0x0000006f41fff2e8:   00007ffc29df20d8 0000000000000000
0x0000006f41fff2f8:   00007ffc4e294aee 000002127b601880
0x0000006f41fff308:   000002123485c650 000002120c45f890
0x0000006f41fff318:   0000006f41fff460 000002123468cd80
0x0000006f41fff328:   0000000000000000 00000212764300a0
0x0000006f41fff338:   0000000000000000 0000021200000000
0x0000006f41fff348:   00007ffc506eb001 0000014500000145
0x0000006f41fff358:   000002120c450000 0000000400000001
0x0000006f41fff368:   0000f3be797b1a53 0000000000000000
0x0000006f41fff378:   000002127b6260c8 000002127b601880
0x0000006f41fff388:   00007ffc4e2a364b 000002123468cd80
0x0000006f41fff398:   0000000000000001 00000212764300a0
0x0000006f41fff3a8:   0000000000000004 0000006f41fff4a0
0x0000006f41fff3b8:   00007ffc29dc0d40 0000006f41fff4a0
0x0000006f41fff3c8:   0000021200000000 0000006f41fff4a0
0x0000006f41fff3d8:   0000000000000000 0000021200000001
0x0000006f41fff3e8:   0000000623833128 0000006f00000000
0x0000006f41fff3f8:   00007ffc4e2a1966 0000000000000000
0x0000006f41fff408:   000002127b891940 0000014500000145
0x0000006f41fff418:   0000000400000001 000002127b891940
0x0000006f41fff428:   0000014500000145 0000000400000001
0x0000006f41fff438:   0000000000000004 000002123485c650
0x0000006f41fff448:   000002123468d140 000002123485c5b0
0x0000006f41fff458:   00007ffc29d2a4cb 0000006f00024848
0x0000006f41fff468:   00000212764300a8 0000006f41fff558
0x0000006f41fff478:   000002123468cd80 0000000000000199
0x0000006f41fff488:   000002123468cd80 000002123485c650
0x0000006f41fff498:   000002123468cd80 0000000000000000
0x0000006f41fff4a8:   0000000000000000 0000021200000000
0x0000006f41fff4b8:   00000212764300a8 0000006f41fff578
0x0000006f41fff4c8:   0000000000000007 0000000623833128
0x0000006f41fff4d8:   000002121e3cd207 000002123468d140 

Instructions: (pc=0x00007ffc29df20d8)
0x00007ffc29df1fd8:   24 50 c7 44 24 50 00 00 00 00 ba 84 8b 00 00 8b
0x00007ffc29df1fe8:   ce ff 15 49 4d 13 00 48 63 44 24 50 85 c0 7e 4d
0x00007ffc29df1ff8:   48 8b c8 c7 44 24 20 00 00 00 00 ba 01 00 00 00
0x00007ffc29df2008:   ff 15 12 96 09 00 8b 54 24 50 4c 8d 44 24 20 4c
0x00007ffc29df2018:   8b c8 8b ce 48 8b d8 ff 15 7b 4c 13 00 4c 8b cb
0x00007ffc29df2028:   48 8d 15 39 6b 0a 00 44 8b c6 b9 04 00 00 00 e8
0x00007ffc29df2038:   b4 5a 08 00 48 8b cb ff 15 e3 95 09 00 8b ce ff
0x00007ffc29df2048:   15 1b 46 13 00 33 c0 48 8b 5c 24 40 48 8b 74 24
0x00007ffc29df2058:   48 48 83 c4 30 5f c3 48 8d 15 22 6b 0a 00 b9 03
0x00007ffc29df2068:   00 00 00 e8 80 5a 08 00 48 8b 5c 24 40 8b c6 48
0x00007ffc29df2078:   8b 74 24 48 48 83 c4 30 5f c3 cc cc cc cc cc cc
0x00007ffc29df2088:   cc cc cc cc cc cc cc cc 40 53 55 41 55 41 56 41
0x00007ffc29df2098:   57 48 81 ec a0 00 00 00 48 8b 05 21 1e 13 00 48
0x00007ffc29df20a8:   33 c4 48 89 44 24 78 8b ea 89 54 24 60 4c 8b e9
0x00007ffc29df20b8:   44 89 44 24 64 45 33 f6 33 d2 b9 e1 0d 00 00 44
0x00007ffc29df20c8:   89 74 24 50 41 8b d9 45 8b f8 ff 15 a8 41 13 00
0x00007ffc29df20d8:   44 38 35 50 78 13 00 75 1d 8d 43 f2 83 f8 03 77
0x00007ffc29df20e8:   15 48 8d 15 78 63 0a 00 41 8d 4e 04 e8 f7 59 08
0x00007ffc29df20f8:   00 e9 0a 04 00 00 44 38 35 2b 78 13 00 75 19 83
0x00007ffc29df2108:   fb 12 75 14 48 8d 15 85 63 0a 00 8d 4b f2 e8 d5
0x00007ffc29df2118:   59 08 00 e9 e8 03 00 00 44 38 35 0a 78 13 00 75
0x00007ffc29df2128:   1e 8d 43 ed 83 f8 01 77 16 48 8d 15 98 63 0a 00
0x00007ffc29df2138:   b9 04 00 00 00 e8 ae 59 08 00 e9 c1 03 00 00 44
0x00007ffc29df2148:   38 35 e4 77 13 00 75 1e 8d 43 eb 83 f8 01 77 16
0x00007ffc29df2158:   48 8d 15 a9 63 0a 00 b9 04 00 00 00 e8 87 59 08
0x00007ffc29df2168:   00 e9 9a 03 00 00 44 38 35 be 77 13 00 75 1e 8d
0x00007ffc29df2178:   43 e9 83 f8 01 77 16 48 8d 15 ba 63 0a 00 b9 04
0x00007ffc29df2188:   00 00 00 e8 60 59 08 00 e9 73 03 00 00 48 89 b4
0x00007ffc29df2198:   24 98 00 00 00 ba 01 00 00 00 48 89 bc 24 90 00
0x00007ffc29df21a8:   00 00 b9 f5 0c 00 00 4c 89 a4 24 88 00 00 00 ff
0x00007ffc29df21b8:   15 db 53 13 00 48 8d 54 24 50 b9 01 00 00 00 ff
0x00007ffc29df21c8:   15 0b 48 13 00 8b 54 24 50 b9 e1 0d 00 00 ff 15 


Stack slot to memory mapping:

stack at sp + 0 slots: 0x0 is null
stack at sp + 1 slots: 0x00007ffc4e294aee ucrtbase.dll
stack at sp + 2 slots: 0x000002127b601880 is an unknown value
stack at sp + 3 slots: 0x000002123485c650 points into unknown readable memory: 0x7365727574786554 | 54 65 78 74 75 72 65 73
stack at sp + 4 slots: 0x000002120c45f890 points into unknown readable memory: 0x0000000000000000 | 00 00 00 00 00 00 00 00
stack at sp + 5 slots: 0x0000006f41fff460 is pointing into the stack for thread: 0x000002123468cd80
stack at sp + 6 slots: 0x000002123468cd80 is a thread
stack at sp + 7 slots: 0x0 is null

Lock stack of current Java thread (top to bottom):


---------------  P R O C E S S  ---------------

Threads class SMR info:
_java_thread_list=0x00000212348da410, length=22, elements={
0x000002123100b540, 0x000002123100c610, 0x000002123100f730, 0x0000021231012650,
0x0000021231015cb0, 0x0000021231014b40, 0x000002123101e900, 0x00000212343f2390,
0x000002123454a3e0, 0x0000021234554330, 0x0000021234556e10, 0x000002123455a020,
0x000002123455d7c0, 0x000002123457d5f0, 0x0000021234832ed0, 0x0000021234833540,
0x000002123468cd80, 0x000002123468fc90, 0x000002120e842920, 0x00000212349b9160,
0x0000021234e6a950, 0x000002127a4aa900
}

Java Threads: ( => current thread )
  0x000002123100b540 JavaThread "Reference Handler"          daemon [_thread_blocked, id=28612, stack(0x0000006f40f00000,0x0000006f41000000) (1024K)]
  0x000002123100c610 JavaThread "Finalizer"                  daemon [_thread_blocked, id=20380, stack(0x0000006f41000000,0x0000006f41100000) (1024K)]
  0x000002123100f730 JavaThread "Signal Dispatcher"          daemon [_thread_blocked, id=32584, stack(0x0000006f41100000,0x0000006f41200000) (1024K)]
  0x0000021231012650 JavaThread "Attach Listener"            daemon [_thread_blocked, id=26616, stack(0x0000006f41200000,0x0000006f41300000) (1024K)]
  0x0000021231015cb0 JavaThread "Service Thread"             daemon [_thread_blocked, id=12372, stack(0x0000006f41300000,0x0000006f41400000) (1024K)]
  0x0000021231014b40 JavaThread "Monitor Deflation Thread"   daemon [_thread_blocked, id=19740, stack(0x0000006f41400000,0x0000006f41500000) (1024K)]
  0x000002123101e900 JavaThread "C2 CompilerThread0"         daemon [_thread_blocked, id=29720, stack(0x0000006f41500000,0x0000006f41600000) (1024K)]
  0x00000212343f2390 JavaThread "C1 CompilerThread0"         daemon [_thread_blocked, id=18392, stack(0x0000006f41600000,0x0000006f41700000) (1024K)]
  0x000002123454a3e0 JavaThread "Common-Cleaner"             daemon [_thread_blocked, id=23200, stack(0x0000006f41700000,0x0000006f41800000) (1024K)]
  0x0000021234554330 JavaThread "C1 CompilerThread1"         daemon [_thread_blocked, id=25776, stack(0x0000006f41800000,0x0000006f41900000) (1024K)]
  0x0000021234556e10 JavaThread "C1 CompilerThread2"         daemon [_thread_blocked, id=26796, stack(0x0000006f41900000,0x0000006f41a00000) (1024K)]
  0x000002123455a020 JavaThread "C1 CompilerThread3"         daemon [_thread_blocked, id=18996, stack(0x0000006f41a00000,0x0000006f41b00000) (1024K)]
  0x000002123455d7c0 JavaThread "C2 CompilerThread1"         daemon [_thread_blocked, id=15644, stack(0x0000006f41b00000,0x0000006f41c00000) (1024K)]
  0x000002123457d5f0 JavaThread "C2 CompilerThread2"         daemon [_thread_blocked, id=31108, stack(0x0000006f41c00000,0x0000006f41d00000) (1024K)]
  0x0000021234832ed0 JavaThread "Monitor Ctrl-Break"         daemon [_thread_in_native, id=21184, stack(0x0000006f41d00000,0x0000006f41e00000) (1024K)]
  0x0000021234833540 JavaThread "Notification Thread"        daemon [_thread_blocked, id=11356, stack(0x0000006f41e00000,0x0000006f41f00000) (1024K)]
=>0x000002123468cd80 JavaThread "Thread-0"                          [_thread_in_native, id=31872, stack(0x0000006f41f00000,0x0000006f42000000) (1024K)]
  0x000002123468fc90 JavaThread "Thread-1"                          [_thread_in_native, id=13316, stack(0x0000006f42000000,0x0000006f42100000) (1024K)]
  0x000002120e842920 JavaThread "DestroyJavaVM"                     [_thread_blocked, id=32004, stack(0x0000006f40700000,0x0000006f40800000) (1024K)]
  0x00000212349b9160 JavaThread "JavaCPP Deallocator"        daemon [_thread_blocked, id=33428, stack(0x0000006f42100000,0x0000006f42200000) (1024K)]
  0x0000021234e6a950 JavaThread "C2 CompilerThread3"         daemon [_thread_blocked, id=14968, stack(0x0000006f42200000,0x0000006f42300000) (1024K)]
  0x000002127a4aa900 JavaThread "C2 CompilerThread4"         daemon [_thread_blocked, id=18280, stack(0x0000006f42300000,0x0000006f42400000) (1024K)]
Total: 22

Other Threads:
  0x0000021230ff0990 VMThread "VM Thread"                           [id=22384, stack(0x0000006f40e00000,0x0000006f40f00000) (1024K)]
  0x0000021230fdcc80 WatcherThread "VM Periodic Task Thread"        [id=19448, stack(0x0000006f40d00000,0x0000006f40e00000) (1024K)]
  0x0000021230e6f930 WorkerThread "GC Thread#0"                     [id=30192, stack(0x0000006f40800000,0x0000006f40900000) (1024K)]
  0x0000021230e709e0 ConcurrentGCThread "G1 Main Marker"            [id=24064, stack(0x0000006f40900000,0x0000006f40a00000) (1024K)]
  0x000002120e8c4660 WorkerThread "G1 Conc#0"                       [id=24712, stack(0x0000006f40a00000,0x0000006f40b00000) (1024K)]
  0x0000021230f347e0 ConcurrentGCThread "G1 Refine#0"               [id=33280, stack(0x0000006f40b00000,0x0000006f40c00000) (1024K)]
  0x0000021230f35360 ConcurrentGCThread "G1 Service"                [id=33092, stack(0x0000006f40c00000,0x0000006f40d00000) (1024K)]
Total: 7

Threads with active compile tasks:
Total: 0

VM state: not at safepoint (normal execution)

VM Mutex/Monitor currently owned by a thread: None

Heap address: 0x0000000604000000, size: 8128 MB, Compressed Oops mode: Zero based, Oop shift amount: 3

CDS archive(s) mapped at: [0x0000021235000000-0x0000021235d70000-0x0000021235d70000), size 14090240, SharedBaseAddress: 0x0000021235000000, ArchiveRelocationMode: 1.
Compressed class space mapped at: 0x0000021236000000-0x0000021276000000, reserved size: 1073741824
Narrow klass base: 0x0000021235000000, Narrow klass shift: 0, Narrow klass range: 0x41000000

GC Precious Log:
 CardTable entry size: 512
 Card Set container configuration: InlinePtr #cards 4 size 8 Array Of Cards #cards 32 size 80 Howl #buckets 8 coarsen threshold 7372 Howl Bitmap #cards 1024 size 144 coarsen threshold 921 Card regions per heap region 1 cards per card region 8192
 CPUs: 24 total, 24 available
 Memory: 32507M
 Large Page Support: Disabled
 NUMA Support: Disabled
 Compressed Oops: Enabled (Zero based)
 Heap Region Size: 4M
 Heap Min Capacity: 8M
 Heap Initial Capacity: 508M
 Heap Max Capacity: 8128M
 Pre-touch: Disabled
 Parallel Workers: 18
 Concurrent Workers: 5
 Concurrent Refinement Workers: 18
 Periodic GC: Disabled

Heap:
 garbage-first heap   total reserved 8323072K, committed 520192K, used 20480K [0x0000000604000000, 0x0000000800000000)
  region size 4096K, 6 young (24576K), 0 survivors (0K)
 Metaspace       used 2944K, committed 3072K, reserved 1114112K
  class space    used 290K, committed 384K, reserved 1048576K

Heap Regions: E=young(eden), S=young(survivor), O=old, HS=humongous(starts), HC=humongous(continues), CS=collection set, F=free, TAMS=top-at-mark-start, PB=parsable bottom
|   0|0x0000000604000000, 0x0000000604000000, 0x0000000604400000|  0%| F|  |TAMS 0x0000000604000000| PB 0x0000000604000000| Untracked |  0
|   1|0x0000000604400000, 0x0000000604400000, 0x0000000604800000|  0%| F|  |TAMS 0x0000000604400000| PB 0x0000000604400000| Untracked |  0
|   2|0x0000000604800000, 0x0000000604800000, 0x0000000604c00000|  0%| F|  |TAMS 0x0000000604800000| PB 0x0000000604800000| Untracked |  0
|   3|0x0000000604c00000, 0x0000000604c00000, 0x0000000605000000|  0%| F|  |TAMS 0x0000000604c00000| PB 0x0000000604c00000| Untracked |  0
|   4|0x0000000605000000, 0x0000000605000000, 0x0000000605400000|  0%| F|  |TAMS 0x0000000605000000| PB 0x0000000605000000| Untracked |  0
|   5|0x0000000605400000, 0x0000000605400000, 0x0000000605800000|  0%| F|  |TAMS 0x0000000605400000| PB 0x0000000605400000| Untracked |  0
|   6|0x0000000605800000, 0x0000000605800000, 0x0000000605c00000|  0%| F|  |TAMS 0x0000000605800000| PB 0x0000000605800000| Untracked |  0
|   7|0x0000000605c00000, 0x0000000605c00000, 0x0000000606000000|  0%| F|  |TAMS 0x0000000605c00000| PB 0x0000000605c00000| Untracked |  0
|   8|0x0000000606000000, 0x0000000606000000, 0x0000000606400000|  0%| F|  |TAMS 0x0000000606000000| PB 0x0000000606000000| Untracked |  0
|   9|0x0000000606400000, 0x0000000606400000, 0x0000000606800000|  0%| F|  |TAMS 0x0000000606400000| PB 0x0000000606400000| Untracked |  0
|  10|0x0000000606800000, 0x0000000606800000, 0x0000000606c00000|  0%| F|  |TAMS 0x0000000606800000| PB 0x0000000606800000| Untracked |  0
|  11|0x0000000606c00000, 0x0000000606c00000, 0x0000000607000000|  0%| F|  |TAMS 0x0000000606c00000| PB 0x0000000606c00000| Untracked |  0
|  12|0x0000000607000000, 0x0000000607000000, 0x0000000607400000|  0%| F|  |TAMS 0x0000000607000000| PB 0x0000000607000000| Untracked |  0
|  13|0x0000000607400000, 0x0000000607400000, 0x0000000607800000|  0%| F|  |TAMS 0x0000000607400000| PB 0x0000000607400000| Untracked |  0
|  14|0x0000000607800000, 0x0000000607800000, 0x0000000607c00000|  0%| F|  |TAMS 0x0000000607800000| PB 0x0000000607800000| Untracked |  0
|  15|0x0000000607c00000, 0x0000000607c00000, 0x0000000608000000|  0%| F|  |TAMS 0x0000000607c00000| PB 0x0000000607c00000| Untracked |  0
|  16|0x0000000608000000, 0x0000000608000000, 0x0000000608400000|  0%| F|  |TAMS 0x0000000608000000| PB 0x0000000608000000| Untracked |  0
|  17|0x0000000608400000, 0x0000000608400000, 0x0000000608800000|  0%| F|  |TAMS 0x0000000608400000| PB 0x0000000608400000| Untracked |  0
|  18|0x0000000608800000, 0x0000000608800000, 0x0000000608c00000|  0%| F|  |TAMS 0x0000000608800000| PB 0x0000000608800000| Untracked |  0
|  19|0x0000000608c00000, 0x0000000608c00000, 0x0000000609000000|  0%| F|  |TAMS 0x0000000608c00000| PB 0x0000000608c00000| Untracked |  0
|  20|0x0000000609000000, 0x0000000609000000, 0x0000000609400000|  0%| F|  |TAMS 0x0000000609000000| PB 0x0000000609000000| Untracked |  0
|  21|0x0000000609400000, 0x0000000609400000, 0x0000000609800000|  0%| F|  |TAMS 0x0000000609400000| PB 0x0000000609400000| Untracked |  0
|  22|0x0000000609800000, 0x0000000609800000, 0x0000000609c00000|  0%| F|  |TAMS 0x0000000609800000| PB 0x0000000609800000| Untracked |  0
|  23|0x0000000609c00000, 0x0000000609c00000, 0x000000060a000000|  0%| F|  |TAMS 0x0000000609c00000| PB 0x0000000609c00000| Untracked |  0
|  24|0x000000060a000000, 0x000000060a000000, 0x000000060a400000|  0%| F|  |TAMS 0x000000060a000000| PB 0x000000060a000000| Untracked |  0
|  25|0x000000060a400000, 0x000000060a400000, 0x000000060a800000|  0%| F|  |TAMS 0x000000060a400000| PB 0x000000060a400000| Untracked |  0
|  26|0x000000060a800000, 0x000000060a800000, 0x000000060ac00000|  0%| F|  |TAMS 0x000000060a800000| PB 0x000000060a800000| Untracked |  0
|  27|0x000000060ac00000, 0x000000060ac00000, 0x000000060b000000|  0%| F|  |TAMS 0x000000060ac00000| PB 0x000000060ac00000| Untracked |  0
|  28|0x000000060b000000, 0x000000060b000000, 0x000000060b400000|  0%| F|  |TAMS 0x000000060b000000| PB 0x000000060b000000| Untracked |  0
|  29|0x000000060b400000, 0x000000060b400000, 0x000000060b800000|  0%| F|  |TAMS 0x000000060b400000| PB 0x000000060b400000| Untracked |  0
|  30|0x000000060b800000, 0x000000060b800000, 0x000000060bc00000|  0%| F|  |TAMS 0x000000060b800000| PB 0x000000060b800000| Untracked |  0
|  31|0x000000060bc00000, 0x000000060bc00000, 0x000000060c000000|  0%| F|  |TAMS 0x000000060bc00000| PB 0x000000060bc00000| Untracked |  0
|  32|0x000000060c000000, 0x000000060c000000, 0x000000060c400000|  0%| F|  |TAMS 0x000000060c000000| PB 0x000000060c000000| Untracked |  0
|  33|0x000000060c400000, 0x000000060c400000, 0x000000060c800000|  0%| F|  |TAMS 0x000000060c400000| PB 0x000000060c400000| Untracked |  0
|  34|0x000000060c800000, 0x000000060c800000, 0x000000060cc00000|  0%| F|  |TAMS 0x000000060c800000| PB 0x000000060c800000| Untracked |  0
|  35|0x000000060cc00000, 0x000000060cc00000, 0x000000060d000000|  0%| F|  |TAMS 0x000000060cc00000| PB 0x000000060cc00000| Untracked |  0
|  36|0x000000060d000000, 0x000000060d000000, 0x000000060d400000|  0%| F|  |TAMS 0x000000060d000000| PB 0x000000060d000000| Untracked |  0
|  37|0x000000060d400000, 0x000000060d400000, 0x000000060d800000|  0%| F|  |TAMS 0x000000060d400000| PB 0x000000060d400000| Untracked |  0
|  38|0x000000060d800000, 0x000000060d800000, 0x000000060dc00000|  0%| F|  |TAMS 0x000000060d800000| PB 0x000000060d800000| Untracked |  0
|  39|0x000000060dc00000, 0x000000060dc00000, 0x000000060e000000|  0%| F|  |TAMS 0x000000060dc00000| PB 0x000000060dc00000| Untracked |  0
|  40|0x000000060e000000, 0x000000060e000000, 0x000000060e400000|  0%| F|  |TAMS 0x000000060e000000| PB 0x000000060e000000| Untracked |  0
|  41|0x000000060e400000, 0x000000060e400000, 0x000000060e800000|  0%| F|  |TAMS 0x000000060e400000| PB 0x000000060e400000| Untracked |  0
|  42|0x000000060e800000, 0x000000060e800000, 0x000000060ec00000|  0%| F|  |TAMS 0x000000060e800000| PB 0x000000060e800000| Untracked |  0
|  43|0x000000060ec00000, 0x000000060ec00000, 0x000000060f000000|  0%| F|  |TAMS 0x000000060ec00000| PB 0x000000060ec00000| Untracked |  0
|  44|0x000000060f000000, 0x000000060f000000, 0x000000060f400000|  0%| F|  |TAMS 0x000000060f000000| PB 0x000000060f000000| Untracked |  0
|  45|0x000000060f400000, 0x000000060f400000, 0x000000060f800000|  0%| F|  |TAMS 0x000000060f400000| PB 0x000000060f400000| Untracked |  0
|  46|0x000000060f800000, 0x000000060f800000, 0x000000060fc00000|  0%| F|  |TAMS 0x000000060f800000| PB 0x000000060f800000| Untracked |  0
|  47|0x000000060fc00000, 0x000000060fc00000, 0x0000000610000000|  0%| F|  |TAMS 0x000000060fc00000| PB 0x000000060fc00000| Untracked |  0
|  48|0x0000000610000000, 0x0000000610000000, 0x0000000610400000|  0%| F|  |TAMS 0x0000000610000000| PB 0x0000000610000000| Untracked |  0
|  49|0x0000000610400000, 0x0000000610400000, 0x0000000610800000|  0%| F|  |TAMS 0x0000000610400000| PB 0x0000000610400000| Untracked |  0
|  50|0x0000000610800000, 0x0000000610800000, 0x0000000610c00000|  0%| F|  |TAMS 0x0000000610800000| PB 0x0000000610800000| Untracked |  0
|  51|0x0000000610c00000, 0x0000000610c00000, 0x0000000611000000|  0%| F|  |TAMS 0x0000000610c00000| PB 0x0000000610c00000| Untracked |  0
|  52|0x0000000611000000, 0x0000000611000000, 0x0000000611400000|  0%| F|  |TAMS 0x0000000611000000| PB 0x0000000611000000| Untracked |  0
|  53|0x0000000611400000, 0x0000000611400000, 0x0000000611800000|  0%| F|  |TAMS 0x0000000611400000| PB 0x0000000611400000| Untracked |  0
|  54|0x0000000611800000, 0x0000000611800000, 0x0000000611c00000|  0%| F|  |TAMS 0x0000000611800000| PB 0x0000000611800000| Untracked |  0
|  55|0x0000000611c00000, 0x0000000611c00000, 0x0000000612000000|  0%| F|  |TAMS 0x0000000611c00000| PB 0x0000000611c00000| Untracked |  0
|  56|0x0000000612000000, 0x0000000612000000, 0x0000000612400000|  0%| F|  |TAMS 0x0000000612000000| PB 0x0000000612000000| Untracked |  0
|  57|0x0000000612400000, 0x0000000612400000, 0x0000000612800000|  0%| F|  |TAMS 0x0000000612400000| PB 0x0000000612400000| Untracked |  0
|  58|0x0000000612800000, 0x0000000612800000, 0x0000000612c00000|  0%| F|  |TAMS 0x0000000612800000| PB 0x0000000612800000| Untracked |  0
|  59|0x0000000612c00000, 0x0000000612c00000, 0x0000000613000000|  0%| F|  |TAMS 0x0000000612c00000| PB 0x0000000612c00000| Untracked |  0
|  60|0x0000000613000000, 0x0000000613000000, 0x0000000613400000|  0%| F|  |TAMS 0x0000000613000000| PB 0x0000000613000000| Untracked |  0
|  61|0x0000000613400000, 0x0000000613400000, 0x0000000613800000|  0%| F|  |TAMS 0x0000000613400000| PB 0x0000000613400000| Untracked |  0
|  62|0x0000000613800000, 0x0000000613800000, 0x0000000613c00000|  0%| F|  |TAMS 0x0000000613800000| PB 0x0000000613800000| Untracked |  0
|  63|0x0000000613c00000, 0x0000000613c00000, 0x0000000614000000|  0%| F|  |TAMS 0x0000000613c00000| PB 0x0000000613c00000| Untracked |  0
|  64|0x0000000614000000, 0x0000000614000000, 0x0000000614400000|  0%| F|  |TAMS 0x0000000614000000| PB 0x0000000614000000| Untracked |  0
|  65|0x0000000614400000, 0x0000000614400000, 0x0000000614800000|  0%| F|  |TAMS 0x0000000614400000| PB 0x0000000614400000| Untracked |  0
|  66|0x0000000614800000, 0x0000000614800000, 0x0000000614c00000|  0%| F|  |TAMS 0x0000000614800000| PB 0x0000000614800000| Untracked |  0
|  67|0x0000000614c00000, 0x0000000614c00000, 0x0000000615000000|  0%| F|  |TAMS 0x0000000614c00000| PB 0x0000000614c00000| Untracked |  0
|  68|0x0000000615000000, 0x0000000615000000, 0x0000000615400000|  0%| F|  |TAMS 0x0000000615000000| PB 0x0000000615000000| Untracked |  0
|  69|0x0000000615400000, 0x0000000615400000, 0x0000000615800000|  0%| F|  |TAMS 0x0000000615400000| PB 0x0000000615400000| Untracked |  0
|  70|0x0000000615800000, 0x0000000615800000, 0x0000000615c00000|  0%| F|  |TAMS 0x0000000615800000| PB 0x0000000615800000| Untracked |  0
|  71|0x0000000615c00000, 0x0000000615c00000, 0x0000000616000000|  0%| F|  |TAMS 0x0000000615c00000| PB 0x0000000615c00000| Untracked |  0
|  72|0x0000000616000000, 0x0000000616000000, 0x0000000616400000|  0%| F|  |TAMS 0x0000000616000000| PB 0x0000000616000000| Untracked |  0
|  73|0x0000000616400000, 0x0000000616400000, 0x0000000616800000|  0%| F|  |TAMS 0x0000000616400000| PB 0x0000000616400000| Untracked |  0
|  74|0x0000000616800000, 0x0000000616800000, 0x0000000616c00000|  0%| F|  |TAMS 0x0000000616800000| PB 0x0000000616800000| Untracked |  0
|  75|0x0000000616c00000, 0x0000000616c00000, 0x0000000617000000|  0%| F|  |TAMS 0x0000000616c00000| PB 0x0000000616c00000| Untracked |  0
|  76|0x0000000617000000, 0x0000000617000000, 0x0000000617400000|  0%| F|  |TAMS 0x0000000617000000| PB 0x0000000617000000| Untracked |  0
|  77|0x0000000617400000, 0x0000000617400000, 0x0000000617800000|  0%| F|  |TAMS 0x0000000617400000| PB 0x0000000617400000| Untracked |  0
|  78|0x0000000617800000, 0x0000000617800000, 0x0000000617c00000|  0%| F|  |TAMS 0x0000000617800000| PB 0x0000000617800000| Untracked |  0
|  79|0x0000000617c00000, 0x0000000617c00000, 0x0000000618000000|  0%| F|  |TAMS 0x0000000617c00000| PB 0x0000000617c00000| Untracked |  0
|  80|0x0000000618000000, 0x0000000618000000, 0x0000000618400000|  0%| F|  |TAMS 0x0000000618000000| PB 0x0000000618000000| Untracked |  0
|  81|0x0000000618400000, 0x0000000618400000, 0x0000000618800000|  0%| F|  |TAMS 0x0000000618400000| PB 0x0000000618400000| Untracked |  0
|  82|0x0000000618800000, 0x0000000618800000, 0x0000000618c00000|  0%| F|  |TAMS 0x0000000618800000| PB 0x0000000618800000| Untracked |  0
|  83|0x0000000618c00000, 0x0000000618c00000, 0x0000000619000000|  0%| F|  |TAMS 0x0000000618c00000| PB 0x0000000618c00000| Untracked |  0
|  84|0x0000000619000000, 0x0000000619000000, 0x0000000619400000|  0%| F|  |TAMS 0x0000000619000000| PB 0x0000000619000000| Untracked |  0
|  85|0x0000000619400000, 0x0000000619400000, 0x0000000619800000|  0%| F|  |TAMS 0x0000000619400000| PB 0x0000000619400000| Untracked |  0
|  86|0x0000000619800000, 0x0000000619800000, 0x0000000619c00000|  0%| F|  |TAMS 0x0000000619800000| PB 0x0000000619800000| Untracked |  0
|  87|0x0000000619c00000, 0x0000000619c00000, 0x000000061a000000|  0%| F|  |TAMS 0x0000000619c00000| PB 0x0000000619c00000| Untracked |  0
|  88|0x000000061a000000, 0x000000061a000000, 0x000000061a400000|  0%| F|  |TAMS 0x000000061a000000| PB 0x000000061a000000| Untracked |  0
|  89|0x000000061a400000, 0x000000061a400000, 0x000000061a800000|  0%| F|  |TAMS 0x000000061a400000| PB 0x000000061a400000| Untracked |  0
|  90|0x000000061a800000, 0x000000061a800000, 0x000000061ac00000|  0%| F|  |TAMS 0x000000061a800000| PB 0x000000061a800000| Untracked |  0
|  91|0x000000061ac00000, 0x000000061ac00000, 0x000000061b000000|  0%| F|  |TAMS 0x000000061ac00000| PB 0x000000061ac00000| Untracked |  0
|  92|0x000000061b000000, 0x000000061b000000, 0x000000061b400000|  0%| F|  |TAMS 0x000000061b000000| PB 0x000000061b000000| Untracked |  0
|  93|0x000000061b400000, 0x000000061b400000, 0x000000061b800000|  0%| F|  |TAMS 0x000000061b400000| PB 0x000000061b400000| Untracked |  0
|  94|0x000000061b800000, 0x000000061b800000, 0x000000061bc00000|  0%| F|  |TAMS 0x000000061b800000| PB 0x000000061b800000| Untracked |  0
|  95|0x000000061bc00000, 0x000000061bc00000, 0x000000061c000000|  0%| F|  |TAMS 0x000000061bc00000| PB 0x000000061bc00000| Untracked |  0
|  96|0x000000061c000000, 0x000000061c000000, 0x000000061c400000|  0%| F|  |TAMS 0x000000061c000000| PB 0x000000061c000000| Untracked |  0
|  97|0x000000061c400000, 0x000000061c400000, 0x000000061c800000|  0%| F|  |TAMS 0x000000061c400000| PB 0x000000061c400000| Untracked |  0
|  98|0x000000061c800000, 0x000000061c800000, 0x000000061cc00000|  0%| F|  |TAMS 0x000000061c800000| PB 0x000000061c800000| Untracked |  0
|  99|0x000000061cc00000, 0x000000061cc00000, 0x000000061d000000|  0%| F|  |TAMS 0x000000061cc00000| PB 0x000000061cc00000| Untracked |  0
| 100|0x000000061d000000, 0x000000061d000000, 0x000000061d400000|  0%| F|  |TAMS 0x000000061d000000| PB 0x000000061d000000| Untracked |  0
| 101|0x000000061d400000, 0x000000061d400000, 0x000000061d800000|  0%| F|  |TAMS 0x000000061d400000| PB 0x000000061d400000| Untracked |  0
| 102|0x000000061d800000, 0x000000061d800000, 0x000000061dc00000|  0%| F|  |TAMS 0x000000061d800000| PB 0x000000061d800000| Untracked |  0
| 103|0x000000061dc00000, 0x000000061dc00000, 0x000000061e000000|  0%| F|  |TAMS 0x000000061dc00000| PB 0x000000061dc00000| Untracked |  0
| 104|0x000000061e000000, 0x000000061e000000, 0x000000061e400000|  0%| F|  |TAMS 0x000000061e000000| PB 0x000000061e000000| Untracked |  0
| 105|0x000000061e400000, 0x000000061e400000, 0x000000061e800000|  0%| F|  |TAMS 0x000000061e400000| PB 0x000000061e400000| Untracked |  0
| 106|0x000000061e800000, 0x000000061e800000, 0x000000061ec00000|  0%| F|  |TAMS 0x000000061e800000| PB 0x000000061e800000| Untracked |  0
| 107|0x000000061ec00000, 0x000000061ec00000, 0x000000061f000000|  0%| F|  |TAMS 0x000000061ec00000| PB 0x000000061ec00000| Untracked |  0
| 108|0x000000061f000000, 0x000000061f000000, 0x000000061f400000|  0%| F|  |TAMS 0x000000061f000000| PB 0x000000061f000000| Untracked |  0
| 109|0x000000061f400000, 0x000000061f400000, 0x000000061f800000|  0%| F|  |TAMS 0x000000061f400000| PB 0x000000061f400000| Untracked |  0
| 110|0x000000061f800000, 0x000000061f800000, 0x000000061fc00000|  0%| F|  |TAMS 0x000000061f800000| PB 0x000000061f800000| Untracked |  0
| 111|0x000000061fc00000, 0x000000061fc00000, 0x0000000620000000|  0%| F|  |TAMS 0x000000061fc00000| PB 0x000000061fc00000| Untracked |  0
| 112|0x0000000620000000, 0x0000000620000000, 0x0000000620400000|  0%| F|  |TAMS 0x0000000620000000| PB 0x0000000620000000| Untracked |  0
| 113|0x0000000620400000, 0x0000000620400000, 0x0000000620800000|  0%| F|  |TAMS 0x0000000620400000| PB 0x0000000620400000| Untracked |  0
| 114|0x0000000620800000, 0x0000000620800000, 0x0000000620c00000|  0%| F|  |TAMS 0x0000000620800000| PB 0x0000000620800000| Untracked |  0
| 115|0x0000000620c00000, 0x0000000620c00000, 0x0000000621000000|  0%| F|  |TAMS 0x0000000620c00000| PB 0x0000000620c00000| Untracked |  0
| 116|0x0000000621000000, 0x0000000621000000, 0x0000000621400000|  0%| F|  |TAMS 0x0000000621000000| PB 0x0000000621000000| Untracked |  0
| 117|0x0000000621400000, 0x0000000621400000, 0x0000000621800000|  0%| F|  |TAMS 0x0000000621400000| PB 0x0000000621400000| Untracked |  0
| 118|0x0000000621800000, 0x0000000621800000, 0x0000000621c00000|  0%| F|  |TAMS 0x0000000621800000| PB 0x0000000621800000| Untracked |  0
| 119|0x0000000621c00000, 0x0000000621c00000, 0x0000000622000000|  0%| F|  |TAMS 0x0000000621c00000| PB 0x0000000621c00000| Untracked |  0
| 120|0x0000000622000000, 0x0000000622000000, 0x0000000622400000|  0%| F|  |TAMS 0x0000000622000000| PB 0x0000000622000000| Untracked |  0
| 121|0x0000000622400000, 0x000000062247b390, 0x0000000622800000| 12%| E|  |TAMS 0x0000000622400000| PB 0x0000000622400000| Complete |  0
| 122|0x0000000622800000, 0x0000000622c00000, 0x0000000622c00000|100%| E|CS|TAMS 0x0000000622800000| PB 0x0000000622800000| Complete |  0
| 123|0x0000000622c00000, 0x0000000623000000, 0x0000000623000000|100%| E|CS|TAMS 0x0000000622c00000| PB 0x0000000622c00000| Complete |  0
| 124|0x0000000623000000, 0x0000000623400000, 0x0000000623400000|100%| E|CS|TAMS 0x0000000623000000| PB 0x0000000623000000| Complete |  0
| 125|0x0000000623400000, 0x0000000623800000, 0x0000000623800000|100%| E|CS|TAMS 0x0000000623400000| PB 0x0000000623400000| Complete |  0
| 126|0x0000000623800000, 0x0000000623c00000, 0x0000000623c00000|100%| E|CS|TAMS 0x0000000623800000| PB 0x0000000623800000| Complete |  0

Card table byte_map: [0x0000021227e40000,0x0000021228e20000] _byte_map_base: 0x0000021224e20000

Marking Bits: (CMBitMap*) 0x0000021230e70040
 Bits: [0x0000021228e20000, 0x0000021230d20000)

Polling page: 0x000002120e000000

Metaspace:

Usage:
  Non-class:      2.59 MB used.
      Class:    290.05 KB used.
       Both:      2.88 MB used.

Virtual space:
  Non-class space:       64.00 MB reserved,       2.62 MB (  4%) committed,  1 nodes.
      Class space:        1.00 GB reserved,     384.00 KB ( <1%) committed,  1 nodes.
             Both:        1.06 GB reserved,       3.00 MB ( <1%) committed. 

Chunk freelists:
   Non-Class:  11.19 MB
       Class:  15.64 MB
        Both:  26.83 MB

MaxMetaspaceSize: unlimited
CompressedClassSpaceSize: 1.00 GB
Initial GC threshold: 21.00 MB
Current GC threshold: 21.00 MB
CDS: on
 - commit_granule_bytes: 65536.
 - commit_granule_words: 8192.
 - virtual_space_node_default_size: 8388608.
 - enlarge_chunks_in_place: 1.
 - use_allocation_guard: 0.


Internal statistics:

num_allocs_failed_limit: 0.
num_arena_births: 52.
num_arena_deaths: 0.
num_vsnodes_births: 2.
num_vsnodes_deaths: 0.
num_space_committed: 48.
num_space_uncommitted: 0.
num_chunks_returned_to_freelist: 0.
num_chunks_taken_from_freelist: 94.
num_chunk_merges: 0.
num_chunk_splits: 63.
num_chunks_enlarged: 47.
num_inconsistent_stats: 0.

CodeHeap 'non-profiled nmethods': size=119232Kb used=503Kb max_used=503Kb free=118728Kb
 bounds [0x000002121eb00000, 0x000002121ed70000, 0x0000021225f70000]
CodeHeap 'profiled nmethods': size=119104Kb used=1150Kb max_used=1150Kb free=117953Kb
 bounds [0x0000021216f70000, 0x00000212171e0000, 0x000002121e3c0000]
CodeHeap 'non-nmethods': size=7424Kb used=3096Kb max_used=3165Kb free=4327Kb
 bounds [0x000002121e3c0000, 0x000002121e6e0000, 0x000002121eb00000]
CodeCache: size=245760Kb, used=4749Kb, max_used=4818Kb, free=241008Kb
 total_blobs=1518, nmethods=1003, adapters=418, full_count=0
Compilation: enabled, stopped_count=0, restarted_count=0

Compilation events (20 events):
Event: 0.270 Thread 0x00000212343f2390  996       3       java.lang.ClassLoader::getClassLoadingLock (35 bytes)
Event: 0.270 Thread 0x0000021234554330  995   !   3       jdk.internal.loader.BuiltinClassLoader::loadClassOrNull (143 bytes)
Event: 0.270 Thread 0x0000021234556e10  997       3       java.lang.ClassLoader::findLoadedClass (15 bytes)
Event: 0.270 Thread 0x00000212343f2390 nmethod 996 0x000002121708a588 code [0x000002121708a6c0, 0x000002121708a9a8]
Event: 0.270 Thread 0x0000021234556e10 nmethod 997 0x000002121708aa08 code [0x000002121708ab40, 0x000002121708ad28]
Event: 0.270 Thread 0x000002123457d5f0  948       4       java.lang.CompoundEnumeration::hasMoreElements (5 bytes)
Event: 0.270 Thread 0x00000212343f2390  998       3       jdk.internal.loader.BuiltinClassLoader::findLoadedModule (33 bytes)
Event: 0.271 Thread 0x0000021234556e10  999       3       jdk.internal.loader.BuiltinClassLoader::loadClassOrNull (7 bytes)
Event: 0.271 Thread 0x0000021234556e10 nmethod 999 0x000002121708ad88 code [0x000002121708aea0, 0x000002121708b078]
Event: 0.272 Thread 0x00000212343f2390 nmethod 998 0x000002121708b088 code [0x000002121708b220, 0x000002121708b838]
Event: 0.272 Thread 0x0000021234556e10 1000       3       java.util.jar.JarFile::maybeInstantiateVerifier (42 bytes)
Event: 0.272 Thread 0x0000021234554330 nmethod 995 0x000002121708b888 code [0x000002121708bae0, 0x000002121708ca78]
Event: 0.272 Thread 0x000002123455a020 nmethod 994 0x000002121708cb08 code [0x000002121708ce60, 0x000002121708e628]
Event: 0.273 Thread 0x0000021234556e10 nmethod 1000 0x000002121708e788 code [0x000002121708e8e0, 0x000002121708ec58]
Event: 0.273 Thread 0x0000021234554330 1001       3       java.util.WeakHashMap::get (75 bytes)
Event: 0.274 Thread 0x0000021234556e10 1002       1       java.util.jar.Attributes$Name::hashCode (5 bytes)
Event: 0.274 Thread 0x0000021234556e10 nmethod 1002 0x000002121eb5d008 code [0x000002121eb5d120, 0x000002121eb5d1e8]
Event: 0.274 Thread 0x0000021234554330 nmethod 1001 0x000002121708ec88 code [0x000002121708ee40, 0x000002121708f6c8]
Event: 0.276 Thread 0x0000021234554330 1003       3       jdk.internal.loader.NativeLibraries$NativeLibraryImpl::find (9 bytes)
Event: 0.276 Thread 0x0000021234554330 nmethod 1003 0x000002121708f788 code [0x000002121708f8a0, 0x000002121708f9e0]

GC Heap History (0 events):
No events

Dll operation events (20 events):
Event: 0.210 Loaded shared library C:\Users\kacpe\.jdks\openjdk-23\bin\api-ms-win-core-datetime-l1-1-0.dll
Event: 0.213 Loaded shared library C:\Users\kacpe\.jdks\openjdk-23\bin\api-ms-win-core-localization-l1-2-0.dll
Event: 0.215 Loaded shared library C:\Users\kacpe\.jdks\openjdk-23\bin\api-ms-win-core-sysinfo-l1-1-0.dll
Event: 0.216 Loaded shared library C:\Users\kacpe\.jdks\openjdk-23\bin\api-ms-win-core-synch-l1-2-0.dll
Event: 0.219 Loaded shared library C:\Users\kacpe\.jdks\openjdk-23\bin\api-ms-win-core-console-l1-1-0.dll
Event: 0.221 Loaded shared library C:\Users\kacpe\.jdks\openjdk-23\bin\api-ms-win-core-debug-l1-1-0.dll
Event: 0.223 Loaded shared library C:\Users\kacpe\.jdks\openjdk-23\bin\api-ms-win-core-rtlsupport-l1-1-0.dll
Event: 0.225 Loaded shared library C:\Users\kacpe\.jdks\openjdk-23\bin\api-ms-win-core-processthreads-l1-1-1.dll
Event: 0.227 Loaded shared library C:\Users\kacpe\.jdks\openjdk-23\bin\api-ms-win-core-file-l1-2-0.dll
Event: 0.229 Loaded shared library C:\Users\kacpe\.jdks\openjdk-23\bin\api-ms-win-core-profile-l1-1-0.dll
Event: 0.231 Loaded shared library C:\Users\kacpe\.jdks\openjdk-23\bin\api-ms-win-core-memory-l1-1-0.dll
Event: 0.233 Loaded shared library C:\Users\kacpe\.jdks\openjdk-23\bin\api-ms-win-core-util-l1-1-0.dll
Event: 0.236 Loaded shared library C:\Users\kacpe\.jdks\openjdk-23\bin\api-ms-win-core-interlocked-l1-1-0.dll
Event: 0.238 Loaded shared library C:\Users\kacpe\.jdks\openjdk-23\bin\ucrtbase.dll
Event: 0.240 Loaded shared library C:\Users\kacpe\.jdks\openjdk-23\bin\vcruntime140.dll
Event: 0.242 Loaded shared library C:\Users\kacpe\.jdks\openjdk-23\bin\vcruntime140_1.dll
Event: 0.244 Loaded shared library C:\Users\kacpe\.jdks\openjdk-23\bin\msvcp140.dll
Event: 0.246 Loaded shared library C:\Windows\System32\msvcp140_1.dll
Event: 0.249 Loaded shared library C:\Windows\System32\concrt140.dll
Event: 0.252 Loaded shared library C:\Windows\System32\vcomp140.dll

Deoptimization events (20 events):
Event: 0.193 Thread 0x000002123468cd80 Uncommon trap: trap_request=0xffffffde fr.pc=0x000002121eb44528 relative=0x0000000000000108
Event: 0.193 Thread 0x000002123468cd80 Uncommon trap: reason=class_check action=maybe_recompile pc=0x000002121eb44528 method=jdk.internal.misc.Unsafe.allocateUninitializedArray(Ljava/lang/Class;I)Ljava/lang/Object; @ 51 c2
Event: 0.193 Thread 0x000002123468cd80 DEOPT PACKING pc=0x000002121eb44528 sp=0x0000006f41ffd1d0
Event: 0.193 Thread 0x000002123468cd80 DEOPT UNPACKING pc=0x000002121e414402 sp=0x0000006f41ffd148 mode 2
Event: 0.193 Thread 0x000002123468cd80 Uncommon trap: trap_request=0xffffffde fr.pc=0x000002121eb44528 relative=0x0000000000000108
Event: 0.193 Thread 0x000002123468cd80 Uncommon trap: reason=class_check action=maybe_recompile pc=0x000002121eb44528 method=jdk.internal.misc.Unsafe.allocateUninitializedArray(Ljava/lang/Class;I)Ljava/lang/Object; @ 51 c2
Event: 0.193 Thread 0x000002123468cd80 DEOPT PACKING pc=0x000002121eb44528 sp=0x0000006f41ffd030
Event: 0.193 Thread 0x000002123468cd80 DEOPT UNPACKING pc=0x000002121e414402 sp=0x0000006f41ffcfa8 mode 2
Event: 0.193 Thread 0x000002123468cd80 Uncommon trap: trap_request=0xffffffde fr.pc=0x000002121eb44528 relative=0x0000000000000108
Event: 0.193 Thread 0x000002123468cd80 Uncommon trap: reason=class_check action=maybe_recompile pc=0x000002121eb44528 method=jdk.internal.misc.Unsafe.allocateUninitializedArray(Ljava/lang/Class;I)Ljava/lang/Object; @ 51 c2
Event: 0.193 Thread 0x000002123468cd80 DEOPT PACKING pc=0x000002121eb44528 sp=0x0000006f41ffd030
Event: 0.193 Thread 0x000002123468cd80 DEOPT UNPACKING pc=0x000002121e414402 sp=0x0000006f41ffcfa8 mode 2
Event: 0.194 Thread 0x000002123468cd80 Uncommon trap: trap_request=0xffffffde fr.pc=0x000002121eb44528 relative=0x0000000000000108
Event: 0.194 Thread 0x000002123468cd80 Uncommon trap: reason=class_check action=maybe_recompile pc=0x000002121eb44528 method=jdk.internal.misc.Unsafe.allocateUninitializedArray(Ljava/lang/Class;I)Ljava/lang/Object; @ 51 c2
Event: 0.194 Thread 0x000002123468cd80 DEOPT PACKING pc=0x000002121eb44528 sp=0x0000006f41ffd0a0
Event: 0.194 Thread 0x000002123468cd80 DEOPT UNPACKING pc=0x000002121e414402 sp=0x0000006f41ffd018 mode 2
Event: 0.256 Thread 0x000002123468cd80 Uncommon trap: trap_request=0xffffff45 fr.pc=0x000002121eb56a88 relative=0x00000000000010c8
Event: 0.256 Thread 0x000002123468cd80 Uncommon trap: reason=unstable_if action=reinterpret pc=0x000002121eb56a88 method=java.net.URL.<init>(Ljava/net/URL;Ljava/lang/String;Ljava/net/URLStreamHandler;)V @ 273 c2
Event: 0.256 Thread 0x000002123468cd80 DEOPT PACKING pc=0x000002121eb56a88 sp=0x0000006f41ffcdf0
Event: 0.256 Thread 0x000002123468cd80 DEOPT UNPACKING pc=0x000002121e414402 sp=0x0000006f41ffcd80 mode 2

Classes loaded (20 events):
Event: 0.141 Loading class java/time/zone/ZoneOffsetTransition
Event: 0.141 Loading class java/time/zone/ZoneOffsetTransition done
Event: 0.141 Loading class java/time/Year
Event: 0.141 Loading class java/time/Year done
Event: 0.143 Loading class java/time/temporal/TemporalAdjusters
Event: 0.143 Loading class java/time/temporal/TemporalAdjusters done
Event: 0.152 Loading class java/lang/NumberFormatException
Event: 0.152 Loading class java/lang/NumberFormatException done
Event: 0.156 Loading class java/lang/ProcessEnvironment
Event: 0.156 Loading class java/lang/ProcessEnvironment done
Event: 0.156 Loading class java/lang/ProcessEnvironment$NameComparator
Event: 0.156 Loading class java/lang/ProcessEnvironment$NameComparator done
Event: 0.156 Loading class java/lang/ProcessEnvironment$EntryComparator
Event: 0.156 Loading class java/lang/ProcessEnvironment$EntryComparator done
Event: 0.156 Loading class java/lang/ProcessEnvironment$CheckedEntrySet
Event: 0.156 Loading class java/lang/ProcessEnvironment$CheckedEntrySet done
Event: 0.156 Loading class java/lang/ProcessEnvironment$CheckedEntrySet$1
Event: 0.156 Loading class java/lang/ProcessEnvironment$CheckedEntrySet$1 done
Event: 0.156 Loading class java/lang/ProcessEnvironment$CheckedEntry
Event: 0.156 Loading class java/lang/ProcessEnvironment$CheckedEntry done

Classes unloaded (0 events):
No events

Classes redefined (0 events):
No events

Internal exceptions (10 events):
Event: 0.065 Thread 0x000002120e842920 Exception <a 'java/lang/NoSuchMethodError'{0x0000000623b77058}: 'java.lang.Object java.lang.invoke.Invokers$Holder.invokeExact_MT(java.lang.Object, java.lang.Object, java.lang.Object, java.lang.Object, java.lang.Object)'> (0x0000000623b77058) 
thrown [s\open\src\hotspot\share\interpreter\linkResolver.cpp, line 796]
Event: 0.073 Thread 0x0000021234832ed0 Exception <a 'java/lang/NoSuchMethodError'{0x0000000623be0798}: 'void java.lang.invoke.DirectMethodHandle$Holder.invokeStatic(java.lang.Object, java.lang.Object)'> (0x0000000623be0798) 
thrown [s\open\src\hotspot\share\interpreter\linkResolver.cpp, line 796]
Event: 0.085 Thread 0x000002123468cd80 Exception <a 'java/lang/NoSuchMethodError'{0x0000000623597570}: 'int java.lang.invoke.DirectMethodHandle$Holder.invokeStaticInit(java.lang.Object, java.lang.Object, java.lang.Object, java.lang.Object)'> (0x0000000623597570) 
thrown [s\open\src\hotspot\share\interpreter\linkResolver.cpp, line 796]
Event: 0.086 Thread 0x000002123468cd80 Exception <a 'java/lang/NoSuchMethodError'{0x00000006235a0448}: 'java.lang.Object java.lang.invoke.DirectMethodHandle$Holder.invokeInterface(java.lang.Object, java.lang.Object)'> (0x00000006235a0448) 
thrown [s\open\src\hotspot\share\interpreter\linkResolver.cpp, line 796]
Event: 0.087 Thread 0x000002123468cd80 Exception <a 'java/lang/IncompatibleClassChangeError'{0x00000006235a36d8}: Found class java.lang.Object, but interface was expected> (0x00000006235a36d8) 
thrown [s\open\src\hotspot\share\interpreter\linkResolver.cpp, line 863]
Event: 0.087 Thread 0x000002123468cd80 Exception <a 'java/lang/NoSuchMethodError'{0x00000006235a6370}: 'void java.lang.invoke.DirectMethodHandle$Holder.invokeStaticInit(java.lang.Object, java.lang.Object)'> (0x00000006235a6370) 
thrown [s\open\src\hotspot\share\interpreter\linkResolver.cpp, line 796]
Event: 0.087 Thread 0x000002123468cd80 Exception <a 'java/lang/NoSuchMethodError'{0x00000006235aba68}: 'int java.lang.invoke.DirectMethodHandle$Holder.invokeStaticInit(java.lang.Object, java.lang.Object)'> (0x00000006235aba68) 
thrown [s\open\src\hotspot\share\interpreter\linkResolver.cpp, line 796]
Event: 0.106 Thread 0x000002123468cd80 Exception <a 'java/lang/NoSuchMethodError'{0x00000006236b9898}: 'void java.lang.invoke.DirectMethodHandle$Holder.invokeSpecial(java.lang.Object, java.lang.Object, java.lang.Object)'> (0x00000006236b9898) 
thrown [s\open\src\hotspot\share\interpreter\linkResolver.cpp, line 796]
Event: 0.107 Thread 0x000002123468cd80 Exception <a 'java/lang/NoSuchMethodError'{0x00000006236c3100}: 'void java.lang.invoke.DirectMethodHandle$Holder.invokeStatic(java.lang.Object, int, java.lang.Object)'> (0x00000006236c3100) 
thrown [s\open\src\hotspot\share\interpreter\linkResolver.cpp, line 796]
Event: 0.144 Thread 0x000002123468cd80 Exception <a 'java/lang/NoSuchMethodError'{0x00000006230a7f88}: 'java.lang.Object java.lang.invoke.DirectMethodHandle$Holder.invokeStatic(java.lang.Object, int, java.lang.Object)'> (0x00000006230a7f88) 
thrown [s\open\src\hotspot\share\interpreter\linkResolver.cpp, line 796]

VM Operations (4 events):
Event: 0.041 Executing VM operation: HandshakeAllThreads (Deoptimize)
Event: 0.042 Executing VM operation: HandshakeAllThreads (Deoptimize) done
Event: 0.156 Executing VM operation: HandshakeAllThreads (Deoptimize)
Event: 0.156 Executing VM operation: HandshakeAllThreads (Deoptimize) done

Memory protections (0 events):
No events

Nmethod flushes (0 events):
No events

Events (20 events):
Event: 0.027 Thread 0x000002120e842920 Thread added: 0x0000021231012650
Event: 0.027 Thread 0x000002120e842920 Thread added: 0x0000021231015cb0
Event: 0.027 Thread 0x000002120e842920 Thread added: 0x0000021231014b40
Event: 0.027 Thread 0x000002120e842920 Thread added: 0x000002123101e900
Event: 0.027 Thread 0x000002120e842920 Thread added: 0x00000212343f2390
Event: 0.038 Thread 0x000002120e842920 Thread added: 0x000002123454a3e0
Event: 0.042 Thread 0x00000212343f2390 Thread added: 0x0000021234554330
Event: 0.042 Thread 0x00000212343f2390 Thread added: 0x0000021234556e10
Event: 0.043 Thread 0x0000021234554330 Thread added: 0x000002123455a020
Event: 0.046 Thread 0x00000212343f2390 Thread added: 0x000002123455d7c0
Event: 0.047 Thread 0x000002123101e900 Thread added: 0x000002123457d5f0
Event: 0.068 Thread 0x000002120e842920 Thread added: 0x0000021234832ed0
Event: 0.068 Thread 0x000002120e842920 Thread added: 0x0000021234833540
Event: 0.073 Thread 0x000002120e842920 Thread added: 0x000002123468cd80
Event: 0.073 Thread 0x000002120e842920 Thread added: 0x000002123468fc90
Event: 0.073 Thread 0x000002120e842920 Thread exited: 0x000002120e842920
Event: 0.073 Thread 0x000002120e842920 Thread added: 0x000002120e842920
Event: 0.155 Thread 0x000002123468cd80 Thread added: 0x00000212349b9160
Event: 0.198 Thread 0x000002123455d7c0 Thread added: 0x0000021234e6a950
Event: 0.245 Thread 0x000002123101e900 Thread added: 0x000002127a4aa900


Dynamic libraries:
0x00007ff650590000 - 0x00007ff65059e000 	C:\Users\kacpe\.jdks\openjdk-23\bin\java.exe
0x00007ffc506b0000 - 0x00007ffc508c7000 	C:\Windows\SYSTEM32\ntdll.dll
0x00007ffc25af0000 - 0x00007ffc25b0a000 	C:\Program Files\AVG\Antivirus\aswhook.dll
0x00007ffc4f320000 - 0x00007ffc4f3e4000 	C:\Windows\System32\KERNEL32.DLL
0x00007ffc4d980000 - 0x00007ffc4dd3a000 	C:\Windows\System32\KERNELBASE.dll
0x00007ffc4e290000 - 0x00007ffc4e3a1000 	C:\Windows\System32\ucrtbase.dll
0x00007ffc47a60000 - 0x00007ffc47a77000 	C:\Users\kacpe\.jdks\openjdk-23\bin\jli.dll
0x00007ffc47b30000 - 0x00007ffc47b4b000 	C:\Users\kacpe\.jdks\openjdk-23\bin\VCRUNTIME140.dll
0x00007ffc4f6b0000 - 0x00007ffc4f85e000 	C:\Windows\System32\USER32.dll
0x00007ffc4de60000 - 0x00007ffc4de86000 	C:\Windows\System32\win32u.dll
0x00007ffc379e0000 - 0x00007ffc37c72000 	C:\Windows\WinSxS\amd64_microsoft.windows.common-controls_6595b64144ccf1df_6.0.22621.4541_none_2710d1c57384c085\COMCTL32.dll
0x00007ffc4f5c0000 - 0x00007ffc4f5e9000 	C:\Windows\System32\GDI32.dll
0x00007ffc4e170000 - 0x00007ffc4e28b000 	C:\Windows\System32\gdi32full.dll
0x00007ffc4e440000 - 0x00007ffc4e4e7000 	C:\Windows\System32\msvcrt.dll
0x00007ffc4ddc0000 - 0x00007ffc4de5a000 	C:\Windows\System32\msvcp_win.dll
0x00007ffc4fc30000 - 0x00007ffc4fc61000 	C:\Windows\System32\IMM32.DLL
0x00007ffc48f10000 - 0x00007ffc48f1c000 	C:\Users\kacpe\.jdks\openjdk-23\bin\vcruntime140_1.dll
0x00007ffc44680000 - 0x00007ffc4470e000 	C:\Users\kacpe\.jdks\openjdk-23\bin\msvcp140.dll
0x00007ffb8c590000 - 0x00007ffb8d2df000 	C:\Users\kacpe\.jdks\openjdk-23\bin\server\jvm.dll
0x00007ffc4f5f0000 - 0x00007ffc4f6a2000 	C:\Windows\System32\ADVAPI32.dll
0x00007ffc500a0000 - 0x00007ffc50147000 	C:\Windows\System32\sechost.dll
0x00007ffc4e0c0000 - 0x00007ffc4e0e8000 	C:\Windows\System32\bcrypt.dll
0x00007ffc4e4f0000 - 0x00007ffc4e604000 	C:\Windows\System32\RPCRT4.dll
0x00007ffc4e3b0000 - 0x00007ffc4e421000 	C:\Windows\System32\WS2_32.dll
0x00007ffc4c7d0000 - 0x00007ffc4c81d000 	C:\Windows\SYSTEM32\POWRPROF.dll
0x00007ffc454e0000 - 0x00007ffc45514000 	C:\Windows\SYSTEM32\WINMM.dll
0x00007ffc3e810000 - 0x00007ffc3e81a000 	C:\Windows\SYSTEM32\VERSION.dll
0x00007ffc4c7b0000 - 0x00007ffc4c7c3000 	C:\Windows\SYSTEM32\UMPDC.dll
0x00007ffc4c9d0000 - 0x00007ffc4c9e8000 	C:\Windows\SYSTEM32\kernel.appcore.dll
0x00007ffc47f30000 - 0x00007ffc47f3a000 	C:\Users\kacpe\.jdks\openjdk-23\bin\jimage.dll
0x00007ffc4b190000 - 0x00007ffc4b3c2000 	C:\Windows\SYSTEM32\DBGHELP.DLL
0x00007ffc4e610000 - 0x00007ffc4e99f000 	C:\Windows\System32\combase.dll
0x00007ffc4fa50000 - 0x00007ffc4fb27000 	C:\Windows\System32\OLEAUT32.dll
0x00007ffc3d660000 - 0x00007ffc3d692000 	C:\Windows\SYSTEM32\dbgcore.DLL
0x00007ffc4dd40000 - 0x00007ffc4ddbb000 	C:\Windows\System32\bcryptPrimitives.dll
0x00007ffc47ea0000 - 0x00007ffc47eaf000 	C:\Users\kacpe\.jdks\openjdk-23\bin\instrument.dll
0x00007ffc47a00000 - 0x00007ffc47a1e000 	C:\Users\kacpe\.jdks\openjdk-23\bin\java.dll
0x00007ffc4fc70000 - 0x00007ffc4fe15000 	C:\Windows\System32\ole32.dll
0x00007ffc4eaa0000 - 0x00007ffc4f318000 	C:\Windows\System32\SHELL32.dll
0x00007ffc4b880000 - 0x00007ffc4c188000 	C:\Windows\SYSTEM32\windows.storage.dll
0x00007ffc4b740000 - 0x00007ffc4b87f000 	C:\Windows\SYSTEM32\wintypes.dll
0x00007ffc4fb30000 - 0x00007ffc4fc2a000 	C:\Windows\System32\SHCORE.dll
0x00007ffc4f3f0000 - 0x00007ffc4f44e000 	C:\Windows\System32\shlwapi.dll
0x00007ffc4d8b0000 - 0x00007ffc4d8db000 	C:\Windows\SYSTEM32\profapi.dll
0x00007ffc445a0000 - 0x00007ffc44677000 	C:\Users\kacpe\.jdks\openjdk-23\bin\jsvml.dll
0x00007ffc443a0000 - 0x00007ffc443b7000 	C:\Users\kacpe\.jdks\openjdk-23\bin\zip.dll
0x00007ffc47b20000 - 0x00007ffc47b30000 	C:\Users\kacpe\.jdks\openjdk-23\bin\net.dll
0x00007ffc4cef0000 - 0x00007ffc4cf59000 	C:\Windows\system32\mswsock.dll
0x00007ffc44750000 - 0x00007ffc44766000 	C:\Users\kacpe\.jdks\openjdk-23\bin\nio.dll
0x00007ffc43f30000 - 0x00007ffc43f4a000 	C:\Program Files\JetBrains\IntelliJ IDEA Community Edition 2024.2.3\bin\breakgen64.dll
0x00007ffc458d0000 - 0x00007ffc458d9000 	C:\Users\kacpe\.jdks\openjdk-23\bin\extnet.dll
0x00007ffc1de20000 - 0x00007ffc1df20000 	C:\Windows\System32\opengl32.dll
0x00007ffc1d1f0000 - 0x00007ffc1d21d000 	C:\Windows\SYSTEM32\GLU32.dll
0x00007ffc4abe0000 - 0x00007ffc4ac17000 	C:\Windows\SYSTEM32\dxcore.dll
0x00007ffc29cf0000 - 0x00007ffc29f51000 	C:\Users\kacpe\.javacpp\cache\jaylib-5.0.0-0.jar\com\raylib\windows-x86_64\jniRaylib.dll
0x000002120e7e0000 - 0x000002120e7e4000 	C:\Users\kacpe\.jdks\openjdk-23\bin\api-ms-win-crt-locale-l1-1-0.dll
0x000002120e7f0000 - 0x000002120e7f5000 	C:\Users\kacpe\.jdks\openjdk-23\bin\api-ms-win-crt-string-l1-1-0.dll
0x0000021234f50000 - 0x0000021234f55000 	C:\Users\kacpe\.jdks\openjdk-23\bin\api-ms-win-crt-stdio-l1-1-0.dll
0x0000021234f60000 - 0x0000021234f66000 	C:\Users\kacpe\.jdks\openjdk-23\bin\api-ms-win-crt-math-l1-1-0.dll
0x0000021234f70000 - 0x0000021234f74000 	C:\Users\kacpe\.jdks\openjdk-23\bin\api-ms-win-crt-heap-l1-1-0.dll
0x0000021234f80000 - 0x0000021234f85000 	C:\Users\kacpe\.jdks\openjdk-23\bin\api-ms-win-crt-runtime-l1-1-0.dll
0x0000021234f90000 - 0x0000021234f95000 	C:\Users\kacpe\.jdks\openjdk-23\bin\api-ms-win-crt-convert-l1-1-0.dll
0x0000021234fa0000 - 0x0000021234fa4000 	C:\Users\kacpe\.jdks\openjdk-23\bin\api-ms-win-crt-environment-l1-1-0.dll
0x0000021234fb0000 - 0x0000021234fb4000 	C:\Users\kacpe\.jdks\openjdk-23\bin\api-ms-win-crt-time-l1-1-0.dll
0x0000021234fc0000 - 0x0000021234fc4000 	C:\Users\kacpe\.jdks\openjdk-23\bin\api-ms-win-crt-filesystem-l1-1-0.dll
0x0000021234fd0000 - 0x0000021234fd4000 	C:\Users\kacpe\.jdks\openjdk-23\bin\api-ms-win-crt-utility-l1-1-0.dll
0x0000021234fe0000 - 0x0000021234fe6000 	C:\Users\kacpe\.jdks\openjdk-23\bin\api-ms-win-crt-multibyte-l1-1-0.dll
0x0000021234ff0000 - 0x0000021234ff4000 	C:\Users\kacpe\.jdks\openjdk-23\bin\api-ms-win-crt-conio-l1-1-0.dll
0x000002127a000000 - 0x000002127a011000 	C:\Users\kacpe\.jdks\openjdk-23\bin\api-ms-win-crt-private-l1-1-0.dll
0x000002127a020000 - 0x000002127a024000 	C:\Users\kacpe\.jdks\openjdk-23\bin\api-ms-win-crt-process-l1-1-0.dll
0x000002127a030000 - 0x000002127a034000 	C:\Users\kacpe\.jdks\openjdk-23\bin\api-ms-win-core-console-l1-2-0.dll
0x000002127a040000 - 0x000002127a044000 	C:\Users\kacpe\.jdks\openjdk-23\bin\api-ms-win-core-string-l1-1-0.dll
0x000002127a050000 - 0x000002127a054000 	C:\Users\kacpe\.jdks\openjdk-23\bin\api-ms-win-core-errorhandling-l1-1-0.dll
0x000002127a060000 - 0x000002127a064000 	C:\Users\kacpe\.jdks\openjdk-23\bin\api-ms-win-core-timezone-l1-1-0.dll
0x000002127a070000 - 0x000002127a075000 	C:\Users\kacpe\.jdks\openjdk-23\bin\api-ms-win-core-file-l1-1-0.dll
0x000002127a080000 - 0x000002127a084000 	C:\Users\kacpe\.jdks\openjdk-23\bin\api-ms-win-core-namedpipe-l1-1-0.dll
0x000002127a090000 - 0x000002127a094000 	C:\Users\kacpe\.jdks\openjdk-23\bin\api-ms-win-core-handle-l1-1-0.dll
0x000002127b070000 - 0x000002127b074000 	C:\Users\kacpe\.jdks\openjdk-23\bin\api-ms-win-core-file-l2-1-0.dll
0x000002127b080000 - 0x000002127b084000 	C:\Users\kacpe\.jdks\openjdk-23\bin\api-ms-win-core-heap-l1-1-0.dll
0x000002127b090000 - 0x000002127b094000 	C:\Users\kacpe\.jdks\openjdk-23\bin\api-ms-win-core-libraryloader-l1-1-0.dll
0x000002127b0a0000 - 0x000002127b0a4000 	C:\Users\kacpe\.jdks\openjdk-23\bin\api-ms-win-core-synch-l1-1-0.dll
0x000002127b0b0000 - 0x000002127b0b4000 	C:\Users\kacpe\.jdks\openjdk-23\bin\api-ms-win-core-processthreads-l1-1-0.dll
0x000002127b0c0000 - 0x000002127b0c4000 	C:\Users\kacpe\.jdks\openjdk-23\bin\api-ms-win-core-processenvironment-l1-1-0.dll
0x000002127b0d0000 - 0x000002127b0d4000 	C:\Users\kacpe\.jdks\openjdk-23\bin\api-ms-win-core-datetime-l1-1-0.dll
0x000002127b0e0000 - 0x000002127b0e4000 	C:\Users\kacpe\.jdks\openjdk-23\bin\api-ms-win-core-localization-l1-2-0.dll
0x000002127b0f0000 - 0x000002127b0f4000 	C:\Users\kacpe\.jdks\openjdk-23\bin\api-ms-win-core-sysinfo-l1-1-0.dll
0x000002127b100000 - 0x000002127b104000 	C:\Users\kacpe\.jdks\openjdk-23\bin\api-ms-win-core-synch-l1-2-0.dll
0x000002127b110000 - 0x000002127b114000 	C:\Users\kacpe\.jdks\openjdk-23\bin\api-ms-win-core-console-l1-1-0.dll
0x000002127b120000 - 0x000002127b124000 	C:\Users\kacpe\.jdks\openjdk-23\bin\api-ms-win-core-debug-l1-1-0.dll
0x000002127b130000 - 0x000002127b134000 	C:\Users\kacpe\.jdks\openjdk-23\bin\api-ms-win-core-rtlsupport-l1-1-0.dll
0x000002127b140000 - 0x000002127b144000 	C:\Users\kacpe\.jdks\openjdk-23\bin\api-ms-win-core-processthreads-l1-1-1.dll
0x000002127b150000 - 0x000002127b154000 	C:\Users\kacpe\.jdks\openjdk-23\bin\api-ms-win-core-file-l1-2-0.dll
0x000002127b160000 - 0x000002127b164000 	C:\Users\kacpe\.jdks\openjdk-23\bin\api-ms-win-core-profile-l1-1-0.dll
0x000002127b170000 - 0x000002127b174000 	C:\Users\kacpe\.jdks\openjdk-23\bin\api-ms-win-core-memory-l1-1-0.dll
0x000002127b180000 - 0x000002127b184000 	C:\Users\kacpe\.jdks\openjdk-23\bin\api-ms-win-core-util-l1-1-0.dll
0x000002127b190000 - 0x000002127b194000 	C:\Users\kacpe\.jdks\openjdk-23\bin\api-ms-win-core-interlocked-l1-1-0.dll
0x00007ffc37600000 - 0x00007ffc37711000 	C:\Users\kacpe\.jdks\openjdk-23\bin\ucrtbase.dll
0x00007ffc440a0000 - 0x00007ffc440a9000 	C:\Windows\System32\msvcp140_1.dll
0x00007ffc42e40000 - 0x00007ffc42e8d000 	C:\Windows\System32\concrt140.dll
0x00007ffc41890000 - 0x00007ffc418c2000 	C:\Windows\System32\vcomp140.dll

dbghelp: loaded successfully - version: 4.0.5 - missing functions: none
symbol engine: initialized successfully - sym options: 0x614 - pdb path: .;C:\Users\kacpe\.jdks\openjdk-23\bin;C:\Windows\SYSTEM32;C:\Program Files\AVG\Antivirus;C:\Windows\WinSxS\amd64_microsoft.windows.common-controls_6595b64144ccf1df_6.0.22621.4541_none_2710d1c57384c085;C:\Users\kacpe\.jdks\openjdk-23\bin\server;C:\Program Files\JetBrains\IntelliJ IDEA Community Edition 2024.2.3\bin;C:\Users\kacpe\.javacpp\cache\jaylib-5.0.0-0.jar\com\raylib\windows-x86_64

VM Arguments:
jvm_args: -javaagent:C:\Program Files\JetBrains\IntelliJ IDEA Community Edition 2024.2.3\lib\idea_rt.jar=59667:C:\Program Files\JetBrains\IntelliJ IDEA Community Edition 2024.2.3\bin -Dfile.encoding=UTF-8 -Dsun.stdout.encoding=UTF-8 -Dsun.stderr.encoding=UTF-8 
java_command: com.company.Main
java_class_path (initial): D:\Surv\out\production\Surv;D:\jaylib-5.0.0-0.jar;C:\Users\kacpe\.m2\repository\io\netty\netty-transport\4.1.115.Final\netty-transport-4.1.115.Final.jar;C:\Users\kacpe\.m2\repository\io\netty\netty-buffer\4.1.115.Final\netty-buffer-4.1.115.Final.jar;C:\Users\kacpe\.m2\repository\io\netty\netty-common\4.1.115.Final\netty-common-4.1.115.Final.jar
Launcher Type: SUN_STANDARD

[Global flags]
     intx CICompilerCount                          = 12                                        {product} {ergonomic}
     uint ConcGCThreads                            = 5                                         {product} {ergonomic}
     uint G1ConcRefinementThreads                  = 18                                        {product} {ergonomic}
   size_t G1HeapRegionSize                         = 4194304                                   {product} {ergonomic}
   size_t InitialHeapSize                          = 532676608                                 {product} {ergonomic}
   size_t MarkStackSize                            = 4194304                                   {product} {ergonomic}
   size_t MarkStackSizeMax                         = 536870912                                 {product} {ergonomic}
   size_t MaxHeapSize                              = 8522825728                                {product} {ergonomic}
   size_t MaxNewSize                               = 5112856576                                {product} {ergonomic}
   size_t MinHeapDeltaBytes                        = 4194304                                   {product} {ergonomic}
   size_t MinHeapSize                              = 8388608                                   {product} {ergonomic}
    uintx NonNMethodCodeHeapSize                   = 7602176                                {pd product} {ergonomic}
    uintx NonProfiledCodeHeapSize                  = 122093568                              {pd product} {ergonomic}
    uintx ProfiledCodeHeapSize                     = 121962496                              {pd product} {ergonomic}
    uintx ReservedCodeCacheSize                    = 251658240                              {pd product} {ergonomic}
     bool SegmentedCodeCache                       = true                                      {product} {ergonomic}
   size_t SoftMaxHeapSize                          = 8522825728                             {manageable} {ergonomic}
     bool UseCompressedOops                        = true                           {product lp64_product} {ergonomic}
     bool UseG1GC                                  = true                                      {product} {ergonomic}
     bool UseLargePagesIndividualAllocation        = false                                  {pd product} {ergonomic}

Logging:
Log output configuration:
 #0: stdout all=warning uptime,level,tags foldmultilines=false
 #1: stderr all=off uptime,level,tags foldmultilines=false

Environment Variables:
PATH=C:\Program Files (x86)\Common Files\Oracle\Java\javapath;C:\Windows\system32;C:\Windows;C:\Windows\System32\Wbem;C:\Windows\System32\WindowsPowerShell\v1.0\;C:\Windows\System32\OpenSSH\;C:\Program Files (x86)\NVIDIA Corporation\PhysX\Common;C:\Program Files\NVIDIA Corporation\NVIDIA NvDLISR;C:\Program Files\dotnet\;C:\Program Files (x86)\Windows Kits\10\Windows Performance Toolkit\;C;C:\Program Files\Git\cmd;C:\Users\kacpe\AppData\Local\Microsoft\WindowsApps;C:\Users\kacpe\AppData\Local\Programs\Microsoft VS Code\bin;C:\Program Files\JetBrains\IntelliJ IDEA 2024.2.1\bin;;C:\Program Files\JetBrains\IntelliJ IDEA Community Edition 2024.2.3\bin;
USERNAME=kacpe
OS=Windows_NT
PROCESSOR_IDENTIFIER=Intel64 Family 6 Model 191 Stepping 2, GenuineIntel
TMP=C:\Users\kacpe\AppData\Local\Temp
TEMP=C:\Users\kacpe\AppData\Local\Temp




Periodic native trim disabled

---------------  S Y S T E M  ---------------

OS:
 Windows 11 , 64 bit Build 22621 (10.0.22621.4391)
OS uptime: 3 days 6:54 hours
Hyper-V role detected

CPU: total 24 (initial active 24) (12 cores per cpu, 2 threads per core) family 6 model 191 stepping 2 microcode 0x26, cx8, cmov, fxsr, ht, mmx, 3dnowpref, sse, sse2, sse3, ssse3, sse4.1, sse4.2, popcnt, lzcnt, tsc, tscinvbit, avx, avx2, aes, erms, clmul, bmi1, bmi2, adx, sha, fma, vzeroupper, clflush, clflushopt, clwb, hv, serialize, rdtscp, rdpid, fsrm, gfni, f16c, cet_ibt, cet_ss
Processor Information for processor 0
  Max Mhz: 2100, Current Mhz: 2100, Mhz Limit: 2100
Processor Information for processor 1
  Max Mhz: 2100, Current Mhz: 2100, Mhz Limit: 2100
Processor Information for processor 2
  Max Mhz: 2100, Current Mhz: 2100, Mhz Limit: 2100
Processor Information for processor 3
  Max Mhz: 2100, Current Mhz: 2100, Mhz Limit: 2100
Processor Information for processor 4
  Max Mhz: 2100, Current Mhz: 2100, Mhz Limit: 2100
Processor Information for processor 5
  Max Mhz: 2100, Current Mhz: 2100, Mhz Limit: 2100
Processor Information for processor 6
  Max Mhz: 2100, Current Mhz: 2100, Mhz Limit: 2100
Processor Information for processor 7
  Max Mhz: 2100, Current Mhz: 2100, Mhz Limit: 2100
Processor Information for processor 8
  Max Mhz: 2100, Current Mhz: 2100, Mhz Limit: 2100
Processor Information for processor 9
  Max Mhz: 2100, Current Mhz: 2100, Mhz Limit: 2100
Processor Information for processor 10
  Max Mhz: 2100, Current Mhz: 2100, Mhz Limit: 2100
Processor Information for processor 11
  Max Mhz: 2100, Current Mhz: 2100, Mhz Limit: 2100
Processor Information for processor 12
  Max Mhz: 2100, Current Mhz: 2100, Mhz Limit: 2100
Processor Information for processor 13
  Max Mhz: 2100, Current Mhz: 2100, Mhz Limit: 2100
Processor Information for processor 14
  Max Mhz: 2100, Current Mhz: 2100, Mhz Limit: 2100
Processor Information for processor 15
  Max Mhz: 2100, Current Mhz: 2100, Mhz Limit: 2100
Processor Information for processor 16
  Max Mhz: 2100, Current Mhz: 2100, Mhz Limit: 2100
Processor Information for processor 17
  Max Mhz: 2100, Current Mhz: 1540, Mhz Limit: 2100
Processor Information for processor 18
  Max Mhz: 2100, Current Mhz: 2100, Mhz Limit: 2100
Processor Information for processor 19
  Max Mhz: 2100, Current Mhz: 1540, Mhz Limit: 2100
Processor Information for processor 20
  Max Mhz: 2100, Current Mhz: 2100, Mhz Limit: 2100
Processor Information for processor 21
  Max Mhz: 2100, Current Mhz: 2100, Mhz Limit: 2100
Processor Information for processor 22
  Max Mhz: 2100, Current Mhz: 2100, Mhz Limit: 2100
Processor Information for processor 23
  Max Mhz: 2100, Current Mhz: 2100, Mhz Limit: 2100

Memory: 4k page, system-wide physical 32507M (18444M free)
TotalPageFile size 34555M (AvailPageFile size 17013M)
current process WorkingSet (physical memory assigned to process): 94M, peak: 108M
current process commit charge ("private bytes"): 656M, peak: 670M

vm_info: OpenJDK 64-Bit Server VM (23+37-2369) for windows-amd64 JRE (23+37-2369), built on 2024-08-20T16:01:23Z with MS VC++ 17.6 (VS2022)

END.
