#
# A fatal error has been detected by the Java Runtime Environment:
#
#  EXCEPTION_ACCESS_VIOLATION (0xc0000005) at pc=0x0000000000000000, pid=4548, tid=22928
#
# JRE version: OpenJDK Runtime Environment (23.0.1+11) (build 23.0.1+11-39)
# Java VM: OpenJDK 64-Bit Server VM (23.0.1+11-39, mixed mode, sharing, tiered, compressed oops, compressed class ptrs, g1 gc, windows-amd64)
# Problematic frame:
# C  [jniRaylib.dll+0x1020d8]
#
# No core dump will be written. Minidumps are not enabled by default on client versions of Windows
#
# If you would like to submit a bug report, please visit:
#   https://bugreport.java.com/bugreport/crash.jsp
# The crash happened outside the Java Virtual Machine in native code.
# See problematic frame for where to report the bug.
#

---------------  S U M M A R Y ------------

Command Line: -javaagent:C:\Program Files\JetBrains\IntelliJ IDEA Community Edition 2024.3.1\lib\idea_rt.jar=64288:C:\Program Files\JetBrains\IntelliJ IDEA Community Edition 2024.3.1\bin -Dfile.encoding=UTF-8 -Dsun.stdout.encoding=UTF-8 -Dsun.stderr.encoding=UTF-8 com.company.Main

Host: AMD Ryzen 7 7435HS                             , 16 cores, 15G,  Windows 11 , 64 bit Build 22621 (10.0.22621.4391)
Time: Mon Jan 13 18:17:24 2025  Windows 11 , 64 bit Build 22621 (10.0.22621.4391) elapsed time: 1.064047 seconds (0d 0h 0m 1s)

---------------  T H R E A D  ---------------

Current thread (0x0000021753fe5630):  JavaThread "main"             [_thread_in_native, id=22928, stack(0x000000cc39800000,0x000000cc39900000) (1024K)]

Stack: [0x000000cc39800000,0x000000cc39900000],  sp=0x000000cc398ff400,  free space=1021k
Native frames: (J=compiled Java code, j=interpreted, Vv=VM code, C=native code)

Java frames: (J=compiled Java code, j=interpreted, Vv=VM code)
j  com.raylib.Raylib.InitWindow(IILjava/lang/String;)V+0
j  com.company.Main.InitGame()V+8
j  com.company.Main.main([Ljava/lang/String;)V+0
v  ~StubRoutines::call_stub 0x0000021765f60fcd

siginfo: EXCEPTION_ACCESS_VIOLATION (0xc0000005), data execution prevention violation at address 0x0000000000000000


Registers:
RAX=0x0000e3ccfb2fc732, RBX=0x0000000000000007, RCX=0x0000000000000de1, RDX=0x0000000000000000
RSP=0x000000cc398ff3f8, RBP=0x0000000000000001, RSI=0x00000217454bebf0, RDI=0x0000000000000000
R8 =0x0000000000000001, R9 =0x0000000000000007, R10=0x0000000000000000, R11=0x000000cc398ff270
R12=0x0000000000000000, R13=0x000000cc398ff530, R14=0x0000000000000000, R15=0x0000000000000001
RIP=0x0000000000000000, EFLAGS=0x0000000000010246


Register to memory mapping:

RAX=0x0000e3ccfb2fc732 is an unknown value
RBX=0x0000000000000007 is an unknown value
RCX=0x0000000000000de1 is an unknown value
RDX=0x0 is null
RSP=0x000000cc398ff3f8 is pointing into the stack for thread: 0x0000021753fe5630
RBP=0x0000000000000001 is an unknown value
RSI=0x00000217454bebf0 points into unknown readable memory: 0x000000006f6d6544 | 44 65 6d 6f 00 00 00 00
RDI=0x0 is null
R8 =0x0000000000000001 is an unknown value
R9 =0x0000000000000007 is an unknown value
R10=0x0 is null
R11=0x000000cc398ff270 is pointing into the stack for thread: 0x0000021753fe5630
R12=0x0 is null
R13=0x000000cc398ff530 is pointing into the stack for thread: 0x0000021753fe5630
R14=0x0 is null
R15=0x0000000000000001 is an unknown value

Top of Stack: (sp=0x000000cc398ff3f8)
0x000000cc398ff3f8:   00007ff93b7520d8 00007ff98990f4f8
0x000000cc398ff408:   00007ff98990f4f8 000000cc398ff400
0x000000cc398ff418:   00007ff98990f4f8 00007ff98990f4f8
0x000000cc398ff428:   0000021753fb23e0 3a474e494e524157
0x000000cc398ff438:   46203a57464c4720 6f742064656c6961
0x000000cc398ff448:   6c616974696e6920 646e695700000000
0x000000cc398ff458:   00000000000a776f 0000000100000001
0x000000cc398ff468:   0000000000000000 0000000000000000
0x000000cc398ff478:   0000e3ccfb2fc732 0000000000000000
0x000000cc398ff488:   0000000000000000 0000000000000000
0x000000cc398ff498:   0000000000000000 0000021753fe5630
0x000000cc398ff4a8:   000000cc398ff6b0 000002174141a730
0x000000cc398ff4b8:   000000cc398ff569 0000000000000000
0x000000cc398ff4c8:   00007ff93b754d04 000000000000042e
0x000000cc398ff4d8:   00007ff93b73cab7 0000000000000000
0x000000cc398ff4e8:   00007ff93b7f9630 0000000000000001
0x000000cc398ff4f8:   00000000000000c0 0000000000000000
0x000000cc398ff508:   0000000713782d30 000000cc398ff6b0
0x000000cc398ff518:   000000000000042e 000000000000042e
0x000000cc398ff528:   00007ff93b73cc7b 00000000ffffffff
0x000000cc398ff538:   0000000000000000 0000000000000000
0x000000cc398ff548:   0000000000000000 0000021753fe5630
0x000000cc398ff558:   0000000000000000 0000021753fe59f0
0x000000cc398ff568:   000000cc398ff680 0000021753fe5630
0x000000cc398ff578:   000000cc398ff6b0 00000217454bebf0
0x000000cc398ff588:   00007ff93b665481 0000021753fe59f0
0x000000cc398ff598:   0000000000000004 000002177638fcb0
0x000000cc398ff5a8:   000000000000042e 0000000000000000
0x000000cc398ff5b8:   0000000000000000 000000cc398ff680
0x000000cc398ff5c8:   00007ff93b67d9ae 000000000000042e
0x000000cc398ff5d8:   00000217454bebf0 0000000000000776
0x000000cc398ff5e8:   000000cc398ff6a8 000000cc398ffaa8 

Instructions: (pc=0x00007ff93b7520d8)
0x00007ff93b751fd8:   24 50 c7 44 24 50 00 00 00 00 ba 84 8b 00 00 8b
0x00007ff93b751fe8:   ce ff 15 49 4d 13 00 48 63 44 24 50 85 c0 7e 4d
0x00007ff93b751ff8:   48 8b c8 c7 44 24 20 00 00 00 00 ba 01 00 00 00
0x00007ff93b752008:   ff 15 12 96 09 00 8b 54 24 50 4c 8d 44 24 20 4c
0x00007ff93b752018:   8b c8 8b ce 48 8b d8 ff 15 7b 4c 13 00 4c 8b cb
0x00007ff93b752028:   48 8d 15 39 6b 0a 00 44 8b c6 b9 04 00 00 00 e8
0x00007ff93b752038:   b4 5a 08 00 48 8b cb ff 15 e3 95 09 00 8b ce ff
0x00007ff93b752048:   15 1b 46 13 00 33 c0 48 8b 5c 24 40 48 8b 74 24
0x00007ff93b752058:   48 48 83 c4 30 5f c3 48 8d 15 22 6b 0a 00 b9 03
0x00007ff93b752068:   00 00 00 e8 80 5a 08 00 48 8b 5c 24 40 8b c6 48
0x00007ff93b752078:   8b 74 24 48 48 83 c4 30 5f c3 cc cc cc cc cc cc
0x00007ff93b752088:   cc cc cc cc cc cc cc cc 40 53 55 41 55 41 56 41
0x00007ff93b752098:   57 48 81 ec a0 00 00 00 48 8b 05 21 1e 13 00 48
0x00007ff93b7520a8:   33 c4 48 89 44 24 78 8b ea 89 54 24 60 4c 8b e9
0x00007ff93b7520b8:   44 89 44 24 64 45 33 f6 33 d2 b9 e1 0d 00 00 44
0x00007ff93b7520c8:   89 74 24 50 41 8b d9 45 8b f8 ff 15 a8 41 13 00
0x00007ff93b7520d8:   44 38 35 50 78 13 00 75 1d 8d 43 f2 83 f8 03 77
0x00007ff93b7520e8:   15 48 8d 15 78 63 0a 00 41 8d 4e 04 e8 f7 59 08
0x00007ff93b7520f8:   00 e9 0a 04 00 00 44 38 35 2b 78 13 00 75 19 83
0x00007ff93b752108:   fb 12 75 14 48 8d 15 85 63 0a 00 8d 4b f2 e8 d5
0x00007ff93b752118:   59 08 00 e9 e8 03 00 00 44 38 35 0a 78 13 00 75
0x00007ff93b752128:   1e 8d 43 ed 83 f8 01 77 16 48 8d 15 98 63 0a 00
0x00007ff93b752138:   b9 04 00 00 00 e8 ae 59 08 00 e9 c1 03 00 00 44
0x00007ff93b752148:   38 35 e4 77 13 00 75 1e 8d 43 eb 83 f8 01 77 16
0x00007ff93b752158:   48 8d 15 a9 63 0a 00 b9 04 00 00 00 e8 87 59 08
0x00007ff93b752168:   00 e9 9a 03 00 00 44 38 35 be 77 13 00 75 1e 8d
0x00007ff93b752178:   43 e9 83 f8 01 77 16 48 8d 15 ba 63 0a 00 b9 04
0x00007ff93b752188:   00 00 00 e8 60 59 08 00 e9 73 03 00 00 48 89 b4
0x00007ff93b752198:   24 98 00 00 00 ba 01 00 00 00 48 89 bc 24 90 00
0x00007ff93b7521a8:   00 00 b9 f5 0c 00 00 4c 89 a4 24 88 00 00 00 ff
0x00007ff93b7521b8:   15 db 53 13 00 48 8d 54 24 50 b9 01 00 00 00 ff
0x00007ff93b7521c8:   15 0b 48 13 00 8b 54 24 50 b9 e1 0d 00 00 ff 15 


Stack slot to memory mapping:

stack at sp + 0 slots: 0x00007ff98990f4f8 ucrtbase.dll
stack at sp + 1 slots: 0x00007ff98990f4f8 ucrtbase.dll
stack at sp + 2 slots: 0x000000cc398ff400 is pointing into the stack for thread: 0x0000021753fe5630
stack at sp + 3 slots: 0x00007ff98990f4f8 ucrtbase.dll
stack at sp + 4 slots: 0x00007ff98990f4f8 ucrtbase.dll
stack at sp + 5 slots: 0x0000021753fb23e0 points into unknown readable memory: 0x0000021753fb2340 | 40 23 fb 53 17 02 00 00
stack at sp + 6 slots: 0x3a474e494e524157 is an unknown value
stack at sp + 7 slots: 0x46203a57464c4720 is an unknown value

Lock stack of current Java thread (top to bottom):


---------------  P R O C E S S  ---------------

Threads class SMR info:
_java_thread_list=0x00000217459dfdb0, length=20, elements={
0x0000021753fe5630, 0x00000217763a5df0, 0x00000217763a7930, 0x00000217763a9c50,
0x00000217763ac3d0, 0x00000217763ad050, 0x00000217763b1ae0, 0x00000217763bb5d0,
0x00000217763bf190, 0x00000217450dd180, 0x00000217450fb980, 0x00000217452e8770,
0x00000217452e91e0, 0x00000217454a9a10, 0x00000217454ac0e0, 0x00000217454c2d80,
0x00000217454c3440, 0x00000217456ad280, 0x0000021745ba4570, 0x00000217459dfe40
}

Java Threads: ( => current thread )
=>0x0000021753fe5630 JavaThread "main"                              [_thread_in_native, id=22928, stack(0x000000cc39800000,0x000000cc39900000) (1024K)]
  0x00000217763a5df0 JavaThread "Reference Handler"          daemon [_thread_blocked, id=10872, stack(0x000000cc3a000000,0x000000cc3a100000) (1024K)]
  0x00000217763a7930 JavaThread "Finalizer"                  daemon [_thread_blocked, id=29196, stack(0x000000cc3a100000,0x000000cc3a200000) (1024K)]
  0x00000217763a9c50 JavaThread "Signal Dispatcher"          daemon [_thread_blocked, id=8680, stack(0x000000cc3a200000,0x000000cc3a300000) (1024K)]
  0x00000217763ac3d0 JavaThread "Attach Listener"            daemon [_thread_blocked, id=4384, stack(0x000000cc3a300000,0x000000cc3a400000) (1024K)]
  0x00000217763ad050 JavaThread "Service Thread"             daemon [_thread_blocked, id=3768, stack(0x000000cc3a400000,0x000000cc3a500000) (1024K)]
  0x00000217763b1ae0 JavaThread "Monitor Deflation Thread"   daemon [_thread_blocked, id=25780, stack(0x000000cc3a500000,0x000000cc3a600000) (1024K)]
  0x00000217763bb5d0 JavaThread "C2 CompilerThread0"         daemon [_thread_blocked, id=33804, stack(0x000000cc3a600000,0x000000cc3a700000) (1024K)]
  0x00000217763bf190 JavaThread "C1 CompilerThread0"         daemon [_thread_blocked, id=20752, stack(0x000000cc3a700000,0x000000cc3a800000) (1024K)]
  0x00000217450dd180 JavaThread "C1 CompilerThread1"         daemon [_thread_blocked, id=32216, stack(0x000000cc3a800000,0x000000cc3a900000) (1024K)]
  0x00000217450fb980 JavaThread "Common-Cleaner"             daemon [_thread_blocked, id=14392, stack(0x000000cc3a900000,0x000000cc3aa00000) (1024K)]
  0x00000217452e8770 JavaThread "Monitor Ctrl-Break"         daemon [_thread_in_native, id=30736, stack(0x000000cc3aa00000,0x000000cc3ab00000) (1024K)]
  0x00000217452e91e0 JavaThread "Notification Thread"        daemon [_thread_blocked, id=7160, stack(0x000000cc3ab00000,0x000000cc3ac00000) (1024K)]
  0x00000217454a9a10 JavaThread "C1 CompilerThread2"         daemon [_thread_blocked, id=15904, stack(0x000000cc3ac00000,0x000000cc3ad00000) (1024K)]
  0x00000217454ac0e0 JavaThread "C1 CompilerThread3"         daemon [_thread_blocked, id=24448, stack(0x000000cc3ad00000,0x000000cc3ae00000) (1024K)]
  0x00000217454c2d80 JavaThread "C2 CompilerThread1"         daemon [_thread_blocked, id=32812, stack(0x000000cc3ae00000,0x000000cc3af00000) (1024K)]
  0x00000217454c3440 JavaThread "C2 CompilerThread2"         daemon [_thread_blocked, id=8476, stack(0x000000cc3af00000,0x000000cc3b000000) (1024K)]
  0x00000217456ad280 JavaThread "JavaCPP Deallocator"        daemon [_thread_blocked, id=27024, stack(0x000000cc3b000000,0x000000cc3b100000) (1024K)]
  0x0000021745ba4570 JavaThread "C2 CompilerThread3"         daemon [_thread_blocked, id=6448, stack(0x000000cc3b100000,0x000000cc3b200000) (1024K)]
  0x00000217459dfe40 JavaThread "C2 CompilerThread4"         daemon [_thread_blocked, id=4416, stack(0x000000cc3b200000,0x000000cc3b300000) (1024K)]
Total: 20

Other Threads:
  0x000002177638cbf0 VMThread "VM Thread"                           [id=28344, stack(0x000000cc39f00000,0x000000cc3a000000) (1024K)]
  0x00000217763798e0 WatcherThread "VM Periodic Task Thread"        [id=356, stack(0x000000cc39e00000,0x000000cc39f00000) (1024K)]
  0x0000021756442090 WorkerThread "GC Thread#0"                     [id=16316, stack(0x000000cc39900000,0x000000cc39a00000) (1024K)]
  0x0000021756456c60 ConcurrentGCThread "G1 Main Marker"            [id=1808, stack(0x000000cc39a00000,0x000000cc39b00000) (1024K)]
  0x0000021756457770 WorkerThread "G1 Conc#0"                       [id=12044, stack(0x000000cc39b00000,0x000000cc39c00000) (1024K)]
  0x000002177624beb0 ConcurrentGCThread "G1 Refine#0"               [id=15500, stack(0x000000cc39c00000,0x000000cc39d00000) (1024K)]
  0x000002177624e300 ConcurrentGCThread "G1 Service"                [id=11012, stack(0x000000cc39d00000,0x000000cc39e00000) (1024K)]
Total: 7

Threads with active compile tasks:
Total: 0

VM state: not at safepoint (normal execution)

VM Mutex/Monitor currently owned by a thread: None

Heap address: 0x0000000704e00000, size: 4018 MB, Compressed Oops mode: Zero based, Oop shift amount: 3

CDS archive(s) mapped at: [0x0000021700000000-0x0000021700d70000-0x0000021700d70000), size 14090240, SharedBaseAddress: 0x0000021700000000, ArchiveRelocationMode: 1.
Compressed class space mapped at: 0x0000021701000000-0x0000021741000000, reserved size: 1073741824
Narrow klass base: 0x0000021700000000, Narrow klass shift: 0, Narrow klass range: 0x41000000

GC Precious Log:
 CardTable entry size: 512
 Card Set container configuration: InlinePtr #cards 4 size 8 Array Of Cards #cards 16 size 48 Howl #buckets 8 coarsen threshold 3686 Howl Bitmap #cards 512 size 80 coarsen threshold 460 Card regions per heap region 1 cards per card region 4096
 CPUs: 16 total, 16 available
 Memory: 16068M
 Large Page Support: Disabled
 NUMA Support: Disabled
 Compressed Oops: Enabled (Zero based)
 Heap Region Size: 2M
 Heap Min Capacity: 8M
 Heap Initial Capacity: 252M
 Heap Max Capacity: 4018M
 Pre-touch: Disabled
 Parallel Workers: 13
 Concurrent Workers: 3
 Concurrent Refinement Workers: 13
 Periodic GC: Disabled

Heap:
 garbage-first heap   total reserved 4114432K, committed 258048K, used 18432K [0x0000000704e00000, 0x0000000800000000)
  region size 2048K, 10 young (20480K), 0 survivors (0K)
 Metaspace       used 2928K, committed 3072K, reserved 1114112K
  class space    used 285K, committed 384K, reserved 1048576K

Heap Regions: E=young(eden), S=young(survivor), O=old, HS=humongous(starts), HC=humongous(continues), CS=collection set, F=free, TAMS=top-at-mark-start, PB=parsable bottom
|   0|0x0000000704e00000, 0x0000000704e00000, 0x0000000705000000|  0%| F|  |TAMS 0x0000000704e00000| PB 0x0000000704e00000| Untracked |  0
|   1|0x0000000705000000, 0x0000000705000000, 0x0000000705200000|  0%| F|  |TAMS 0x0000000705000000| PB 0x0000000705000000| Untracked |  0
|   2|0x0000000705200000, 0x0000000705200000, 0x0000000705400000|  0%| F|  |TAMS 0x0000000705200000| PB 0x0000000705200000| Untracked |  0
|   3|0x0000000705400000, 0x0000000705400000, 0x0000000705600000|  0%| F|  |TAMS 0x0000000705400000| PB 0x0000000705400000| Untracked |  0
|   4|0x0000000705600000, 0x0000000705600000, 0x0000000705800000|  0%| F|  |TAMS 0x0000000705600000| PB 0x0000000705600000| Untracked |  0
|   5|0x0000000705800000, 0x0000000705800000, 0x0000000705a00000|  0%| F|  |TAMS 0x0000000705800000| PB 0x0000000705800000| Untracked |  0
|   6|0x0000000705a00000, 0x0000000705a00000, 0x0000000705c00000|  0%| F|  |TAMS 0x0000000705a00000| PB 0x0000000705a00000| Untracked |  0
|   7|0x0000000705c00000, 0x0000000705c00000, 0x0000000705e00000|  0%| F|  |TAMS 0x0000000705c00000| PB 0x0000000705c00000| Untracked |  0
|   8|0x0000000705e00000, 0x0000000705e00000, 0x0000000706000000|  0%| F|  |TAMS 0x0000000705e00000| PB 0x0000000705e00000| Untracked |  0
|   9|0x0000000706000000, 0x0000000706000000, 0x0000000706200000|  0%| F|  |TAMS 0x0000000706000000| PB 0x0000000706000000| Untracked |  0
|  10|0x0000000706200000, 0x0000000706200000, 0x0000000706400000|  0%| F|  |TAMS 0x0000000706200000| PB 0x0000000706200000| Untracked |  0
|  11|0x0000000706400000, 0x0000000706400000, 0x0000000706600000|  0%| F|  |TAMS 0x0000000706400000| PB 0x0000000706400000| Untracked |  0
|  12|0x0000000706600000, 0x0000000706600000, 0x0000000706800000|  0%| F|  |TAMS 0x0000000706600000| PB 0x0000000706600000| Untracked |  0
|  13|0x0000000706800000, 0x0000000706800000, 0x0000000706a00000|  0%| F|  |TAMS 0x0000000706800000| PB 0x0000000706800000| Untracked |  0
|  14|0x0000000706a00000, 0x0000000706a00000, 0x0000000706c00000|  0%| F|  |TAMS 0x0000000706a00000| PB 0x0000000706a00000| Untracked |  0
|  15|0x0000000706c00000, 0x0000000706c00000, 0x0000000706e00000|  0%| F|  |TAMS 0x0000000706c00000| PB 0x0000000706c00000| Untracked |  0
|  16|0x0000000706e00000, 0x0000000706e00000, 0x0000000707000000|  0%| F|  |TAMS 0x0000000706e00000| PB 0x0000000706e00000| Untracked |  0
|  17|0x0000000707000000, 0x0000000707000000, 0x0000000707200000|  0%| F|  |TAMS 0x0000000707000000| PB 0x0000000707000000| Untracked |  0
|  18|0x0000000707200000, 0x0000000707200000, 0x0000000707400000|  0%| F|  |TAMS 0x0000000707200000| PB 0x0000000707200000| Untracked |  0
|  19|0x0000000707400000, 0x0000000707400000, 0x0000000707600000|  0%| F|  |TAMS 0x0000000707400000| PB 0x0000000707400000| Untracked |  0
|  20|0x0000000707600000, 0x0000000707600000, 0x0000000707800000|  0%| F|  |TAMS 0x0000000707600000| PB 0x0000000707600000| Untracked |  0
|  21|0x0000000707800000, 0x0000000707800000, 0x0000000707a00000|  0%| F|  |TAMS 0x0000000707800000| PB 0x0000000707800000| Untracked |  0
|  22|0x0000000707a00000, 0x0000000707a00000, 0x0000000707c00000|  0%| F|  |TAMS 0x0000000707a00000| PB 0x0000000707a00000| Untracked |  0
|  23|0x0000000707c00000, 0x0000000707c00000, 0x0000000707e00000|  0%| F|  |TAMS 0x0000000707c00000| PB 0x0000000707c00000| Untracked |  0
|  24|0x0000000707e00000, 0x0000000707e00000, 0x0000000708000000|  0%| F|  |TAMS 0x0000000707e00000| PB 0x0000000707e00000| Untracked |  0
|  25|0x0000000708000000, 0x0000000708000000, 0x0000000708200000|  0%| F|  |TAMS 0x0000000708000000| PB 0x0000000708000000| Untracked |  0
|  26|0x0000000708200000, 0x0000000708200000, 0x0000000708400000|  0%| F|  |TAMS 0x0000000708200000| PB 0x0000000708200000| Untracked |  0
|  27|0x0000000708400000, 0x0000000708400000, 0x0000000708600000|  0%| F|  |TAMS 0x0000000708400000| PB 0x0000000708400000| Untracked |  0
|  28|0x0000000708600000, 0x0000000708600000, 0x0000000708800000|  0%| F|  |TAMS 0x0000000708600000| PB 0x0000000708600000| Untracked |  0
|  29|0x0000000708800000, 0x0000000708800000, 0x0000000708a00000|  0%| F|  |TAMS 0x0000000708800000| PB 0x0000000708800000| Untracked |  0
|  30|0x0000000708a00000, 0x0000000708a00000, 0x0000000708c00000|  0%| F|  |TAMS 0x0000000708a00000| PB 0x0000000708a00000| Untracked |  0
|  31|0x0000000708c00000, 0x0000000708c00000, 0x0000000708e00000|  0%| F|  |TAMS 0x0000000708c00000| PB 0x0000000708c00000| Untracked |  0
|  32|0x0000000708e00000, 0x0000000708e00000, 0x0000000709000000|  0%| F|  |TAMS 0x0000000708e00000| PB 0x0000000708e00000| Untracked |  0
|  33|0x0000000709000000, 0x0000000709000000, 0x0000000709200000|  0%| F|  |TAMS 0x0000000709000000| PB 0x0000000709000000| Untracked |  0
|  34|0x0000000709200000, 0x0000000709200000, 0x0000000709400000|  0%| F|  |TAMS 0x0000000709200000| PB 0x0000000709200000| Untracked |  0
|  35|0x0000000709400000, 0x0000000709400000, 0x0000000709600000|  0%| F|  |TAMS 0x0000000709400000| PB 0x0000000709400000| Untracked |  0
|  36|0x0000000709600000, 0x0000000709600000, 0x0000000709800000|  0%| F|  |TAMS 0x0000000709600000| PB 0x0000000709600000| Untracked |  0
|  37|0x0000000709800000, 0x0000000709800000, 0x0000000709a00000|  0%| F|  |TAMS 0x0000000709800000| PB 0x0000000709800000| Untracked |  0
|  38|0x0000000709a00000, 0x0000000709a00000, 0x0000000709c00000|  0%| F|  |TAMS 0x0000000709a00000| PB 0x0000000709a00000| Untracked |  0
|  39|0x0000000709c00000, 0x0000000709c00000, 0x0000000709e00000|  0%| F|  |TAMS 0x0000000709c00000| PB 0x0000000709c00000| Untracked |  0
|  40|0x0000000709e00000, 0x0000000709e00000, 0x000000070a000000|  0%| F|  |TAMS 0x0000000709e00000| PB 0x0000000709e00000| Untracked |  0
|  41|0x000000070a000000, 0x000000070a000000, 0x000000070a200000|  0%| F|  |TAMS 0x000000070a000000| PB 0x000000070a000000| Untracked |  0
|  42|0x000000070a200000, 0x000000070a200000, 0x000000070a400000|  0%| F|  |TAMS 0x000000070a200000| PB 0x000000070a200000| Untracked |  0
|  43|0x000000070a400000, 0x000000070a400000, 0x000000070a600000|  0%| F|  |TAMS 0x000000070a400000| PB 0x000000070a400000| Untracked |  0
|  44|0x000000070a600000, 0x000000070a600000, 0x000000070a800000|  0%| F|  |TAMS 0x000000070a600000| PB 0x000000070a600000| Untracked |  0
|  45|0x000000070a800000, 0x000000070a800000, 0x000000070aa00000|  0%| F|  |TAMS 0x000000070a800000| PB 0x000000070a800000| Untracked |  0
|  46|0x000000070aa00000, 0x000000070aa00000, 0x000000070ac00000|  0%| F|  |TAMS 0x000000070aa00000| PB 0x000000070aa00000| Untracked |  0
|  47|0x000000070ac00000, 0x000000070ac00000, 0x000000070ae00000|  0%| F|  |TAMS 0x000000070ac00000| PB 0x000000070ac00000| Untracked |  0
|  48|0x000000070ae00000, 0x000000070ae00000, 0x000000070b000000|  0%| F|  |TAMS 0x000000070ae00000| PB 0x000000070ae00000| Untracked |  0
|  49|0x000000070b000000, 0x000000070b000000, 0x000000070b200000|  0%| F|  |TAMS 0x000000070b000000| PB 0x000000070b000000| Untracked |  0
|  50|0x000000070b200000, 0x000000070b200000, 0x000000070b400000|  0%| F|  |TAMS 0x000000070b200000| PB 0x000000070b200000| Untracked |  0
|  51|0x000000070b400000, 0x000000070b400000, 0x000000070b600000|  0%| F|  |TAMS 0x000000070b400000| PB 0x000000070b400000| Untracked |  0
|  52|0x000000070b600000, 0x000000070b600000, 0x000000070b800000|  0%| F|  |TAMS 0x000000070b600000| PB 0x000000070b600000| Untracked |  0
|  53|0x000000070b800000, 0x000000070b800000, 0x000000070ba00000|  0%| F|  |TAMS 0x000000070b800000| PB 0x000000070b800000| Untracked |  0
|  54|0x000000070ba00000, 0x000000070ba00000, 0x000000070bc00000|  0%| F|  |TAMS 0x000000070ba00000| PB 0x000000070ba00000| Untracked |  0
|  55|0x000000070bc00000, 0x000000070bc00000, 0x000000070be00000|  0%| F|  |TAMS 0x000000070bc00000| PB 0x000000070bc00000| Untracked |  0
|  56|0x000000070be00000, 0x000000070be00000, 0x000000070c000000|  0%| F|  |TAMS 0x000000070be00000| PB 0x000000070be00000| Untracked |  0
|  57|0x000000070c000000, 0x000000070c000000, 0x000000070c200000|  0%| F|  |TAMS 0x000000070c000000| PB 0x000000070c000000| Untracked |  0
|  58|0x000000070c200000, 0x000000070c200000, 0x000000070c400000|  0%| F|  |TAMS 0x000000070c200000| PB 0x000000070c200000| Untracked |  0
|  59|0x000000070c400000, 0x000000070c400000, 0x000000070c600000|  0%| F|  |TAMS 0x000000070c400000| PB 0x000000070c400000| Untracked |  0
|  60|0x000000070c600000, 0x000000070c600000, 0x000000070c800000|  0%| F|  |TAMS 0x000000070c600000| PB 0x000000070c600000| Untracked |  0
|  61|0x000000070c800000, 0x000000070c800000, 0x000000070ca00000|  0%| F|  |TAMS 0x000000070c800000| PB 0x000000070c800000| Untracked |  0
|  62|0x000000070ca00000, 0x000000070ca00000, 0x000000070cc00000|  0%| F|  |TAMS 0x000000070ca00000| PB 0x000000070ca00000| Untracked |  0
|  63|0x000000070cc00000, 0x000000070cc00000, 0x000000070ce00000|  0%| F|  |TAMS 0x000000070cc00000| PB 0x000000070cc00000| Untracked |  0
|  64|0x000000070ce00000, 0x000000070ce00000, 0x000000070d000000|  0%| F|  |TAMS 0x000000070ce00000| PB 0x000000070ce00000| Untracked |  0
|  65|0x000000070d000000, 0x000000070d000000, 0x000000070d200000|  0%| F|  |TAMS 0x000000070d000000| PB 0x000000070d000000| Untracked |  0
|  66|0x000000070d200000, 0x000000070d200000, 0x000000070d400000|  0%| F|  |TAMS 0x000000070d200000| PB 0x000000070d200000| Untracked |  0
|  67|0x000000070d400000, 0x000000070d400000, 0x000000070d600000|  0%| F|  |TAMS 0x000000070d400000| PB 0x000000070d400000| Untracked |  0
|  68|0x000000070d600000, 0x000000070d600000, 0x000000070d800000|  0%| F|  |TAMS 0x000000070d600000| PB 0x000000070d600000| Untracked |  0
|  69|0x000000070d800000, 0x000000070d800000, 0x000000070da00000|  0%| F|  |TAMS 0x000000070d800000| PB 0x000000070d800000| Untracked |  0
|  70|0x000000070da00000, 0x000000070da00000, 0x000000070dc00000|  0%| F|  |TAMS 0x000000070da00000| PB 0x000000070da00000| Untracked |  0
|  71|0x000000070dc00000, 0x000000070dc00000, 0x000000070de00000|  0%| F|  |TAMS 0x000000070dc00000| PB 0x000000070dc00000| Untracked |  0
|  72|0x000000070de00000, 0x000000070de00000, 0x000000070e000000|  0%| F|  |TAMS 0x000000070de00000| PB 0x000000070de00000| Untracked |  0
|  73|0x000000070e000000, 0x000000070e000000, 0x000000070e200000|  0%| F|  |TAMS 0x000000070e000000| PB 0x000000070e000000| Untracked |  0
|  74|0x000000070e200000, 0x000000070e200000, 0x000000070e400000|  0%| F|  |TAMS 0x000000070e200000| PB 0x000000070e200000| Untracked |  0
|  75|0x000000070e400000, 0x000000070e400000, 0x000000070e600000|  0%| F|  |TAMS 0x000000070e400000| PB 0x000000070e400000| Untracked |  0
|  76|0x000000070e600000, 0x000000070e600000, 0x000000070e800000|  0%| F|  |TAMS 0x000000070e600000| PB 0x000000070e600000| Untracked |  0
|  77|0x000000070e800000, 0x000000070e800000, 0x000000070ea00000|  0%| F|  |TAMS 0x000000070e800000| PB 0x000000070e800000| Untracked |  0
|  78|0x000000070ea00000, 0x000000070ea00000, 0x000000070ec00000|  0%| F|  |TAMS 0x000000070ea00000| PB 0x000000070ea00000| Untracked |  0
|  79|0x000000070ec00000, 0x000000070ec00000, 0x000000070ee00000|  0%| F|  |TAMS 0x000000070ec00000| PB 0x000000070ec00000| Untracked |  0
|  80|0x000000070ee00000, 0x000000070ee00000, 0x000000070f000000|  0%| F|  |TAMS 0x000000070ee00000| PB 0x000000070ee00000| Untracked |  0
|  81|0x000000070f000000, 0x000000070f000000, 0x000000070f200000|  0%| F|  |TAMS 0x000000070f000000| PB 0x000000070f000000| Untracked |  0
|  82|0x000000070f200000, 0x000000070f200000, 0x000000070f400000|  0%| F|  |TAMS 0x000000070f200000| PB 0x000000070f200000| Untracked |  0
|  83|0x000000070f400000, 0x000000070f400000, 0x000000070f600000|  0%| F|  |TAMS 0x000000070f400000| PB 0x000000070f400000| Untracked |  0
|  84|0x000000070f600000, 0x000000070f600000, 0x000000070f800000|  0%| F|  |TAMS 0x000000070f600000| PB 0x000000070f600000| Untracked |  0
|  85|0x000000070f800000, 0x000000070f800000, 0x000000070fa00000|  0%| F|  |TAMS 0x000000070f800000| PB 0x000000070f800000| Untracked |  0
|  86|0x000000070fa00000, 0x000000070fa00000, 0x000000070fc00000|  0%| F|  |TAMS 0x000000070fa00000| PB 0x000000070fa00000| Untracked |  0
|  87|0x000000070fc00000, 0x000000070fc00000, 0x000000070fe00000|  0%| F|  |TAMS 0x000000070fc00000| PB 0x000000070fc00000| Untracked |  0
|  88|0x000000070fe00000, 0x000000070fe00000, 0x0000000710000000|  0%| F|  |TAMS 0x000000070fe00000| PB 0x000000070fe00000| Untracked |  0
|  89|0x0000000710000000, 0x0000000710000000, 0x0000000710200000|  0%| F|  |TAMS 0x0000000710000000| PB 0x0000000710000000| Untracked |  0
|  90|0x0000000710200000, 0x0000000710200000, 0x0000000710400000|  0%| F|  |TAMS 0x0000000710200000| PB 0x0000000710200000| Untracked |  0
|  91|0x0000000710400000, 0x0000000710400000, 0x0000000710600000|  0%| F|  |TAMS 0x0000000710400000| PB 0x0000000710400000| Untracked |  0
|  92|0x0000000710600000, 0x0000000710600000, 0x0000000710800000|  0%| F|  |TAMS 0x0000000710600000| PB 0x0000000710600000| Untracked |  0
|  93|0x0000000710800000, 0x0000000710800000, 0x0000000710a00000|  0%| F|  |TAMS 0x0000000710800000| PB 0x0000000710800000| Untracked |  0
|  94|0x0000000710a00000, 0x0000000710a00000, 0x0000000710c00000|  0%| F|  |TAMS 0x0000000710a00000| PB 0x0000000710a00000| Untracked |  0
|  95|0x0000000710c00000, 0x0000000710c00000, 0x0000000710e00000|  0%| F|  |TAMS 0x0000000710c00000| PB 0x0000000710c00000| Untracked |  0
|  96|0x0000000710e00000, 0x0000000710e00000, 0x0000000711000000|  0%| F|  |TAMS 0x0000000710e00000| PB 0x0000000710e00000| Untracked |  0
|  97|0x0000000711000000, 0x0000000711000000, 0x0000000711200000|  0%| F|  |TAMS 0x0000000711000000| PB 0x0000000711000000| Untracked |  0
|  98|0x0000000711200000, 0x0000000711200000, 0x0000000711400000|  0%| F|  |TAMS 0x0000000711200000| PB 0x0000000711200000| Untracked |  0
|  99|0x0000000711400000, 0x0000000711400000, 0x0000000711600000|  0%| F|  |TAMS 0x0000000711400000| PB 0x0000000711400000| Untracked |  0
| 100|0x0000000711600000, 0x0000000711600000, 0x0000000711800000|  0%| F|  |TAMS 0x0000000711600000| PB 0x0000000711600000| Untracked |  0
| 101|0x0000000711800000, 0x0000000711800000, 0x0000000711a00000|  0%| F|  |TAMS 0x0000000711800000| PB 0x0000000711800000| Untracked |  0
| 102|0x0000000711a00000, 0x0000000711a00000, 0x0000000711c00000|  0%| F|  |TAMS 0x0000000711a00000| PB 0x0000000711a00000| Untracked |  0
| 103|0x0000000711c00000, 0x0000000711c00000, 0x0000000711e00000|  0%| F|  |TAMS 0x0000000711c00000| PB 0x0000000711c00000| Untracked |  0
| 104|0x0000000711e00000, 0x0000000711e00000, 0x0000000712000000|  0%| F|  |TAMS 0x0000000711e00000| PB 0x0000000711e00000| Untracked |  0
| 105|0x0000000712000000, 0x0000000712000000, 0x0000000712200000|  0%| F|  |TAMS 0x0000000712000000| PB 0x0000000712000000| Untracked |  0
| 106|0x0000000712200000, 0x0000000712200000, 0x0000000712400000|  0%| F|  |TAMS 0x0000000712200000| PB 0x0000000712200000| Untracked |  0
| 107|0x0000000712400000, 0x0000000712400000, 0x0000000712600000|  0%| F|  |TAMS 0x0000000712400000| PB 0x0000000712400000| Untracked |  0
| 108|0x0000000712600000, 0x0000000712600000, 0x0000000712800000|  0%| F|  |TAMS 0x0000000712600000| PB 0x0000000712600000| Untracked |  0
| 109|0x0000000712800000, 0x0000000712800000, 0x0000000712a00000|  0%| F|  |TAMS 0x0000000712800000| PB 0x0000000712800000| Untracked |  0
| 110|0x0000000712a00000, 0x0000000712a00000, 0x0000000712c00000|  0%| F|  |TAMS 0x0000000712a00000| PB 0x0000000712a00000| Untracked |  0
| 111|0x0000000712c00000, 0x0000000712c00000, 0x0000000712e00000|  0%| F|  |TAMS 0x0000000712c00000| PB 0x0000000712c00000| Untracked |  0
| 112|0x0000000712e00000, 0x0000000712e00000, 0x0000000713000000|  0%| F|  |TAMS 0x0000000712e00000| PB 0x0000000712e00000| Untracked |  0
| 113|0x0000000713000000, 0x0000000713000000, 0x0000000713200000|  0%| F|  |TAMS 0x0000000713000000| PB 0x0000000713000000| Untracked |  0
| 114|0x0000000713200000, 0x0000000713200000, 0x0000000713400000|  0%| F|  |TAMS 0x0000000713200000| PB 0x0000000713200000| Untracked |  0
| 115|0x0000000713400000, 0x0000000713400000, 0x0000000713600000|  0%| F|  |TAMS 0x0000000713400000| PB 0x0000000713400000| Untracked |  0
| 116|0x0000000713600000, 0x00000007137eb8f0, 0x0000000713800000| 96%| E|  |TAMS 0x0000000713600000| PB 0x0000000713600000| Complete |  0
| 117|0x0000000713800000, 0x0000000713a00000, 0x0000000713a00000|100%| E|CS|TAMS 0x0000000713800000| PB 0x0000000713800000| Complete |  0
| 118|0x0000000713a00000, 0x0000000713c00000, 0x0000000713c00000|100%| E|CS|TAMS 0x0000000713a00000| PB 0x0000000713a00000| Complete |  0
| 119|0x0000000713c00000, 0x0000000713e00000, 0x0000000713e00000|100%| E|CS|TAMS 0x0000000713c00000| PB 0x0000000713c00000| Complete |  0
| 120|0x0000000713e00000, 0x0000000714000000, 0x0000000714000000|100%| E|CS|TAMS 0x0000000713e00000| PB 0x0000000713e00000| Complete |  0
| 121|0x0000000714000000, 0x0000000714200000, 0x0000000714200000|100%| E|CS|TAMS 0x0000000714000000| PB 0x0000000714000000| Complete |  0
| 122|0x0000000714200000, 0x0000000714400000, 0x0000000714400000|100%| E|CS|TAMS 0x0000000714200000| PB 0x0000000714200000| Complete |  0
| 123|0x0000000714400000, 0x0000000714600000, 0x0000000714600000|100%| E|CS|TAMS 0x0000000714400000| PB 0x0000000714400000| Complete |  0
| 124|0x0000000714600000, 0x0000000714800000, 0x0000000714800000|100%| E|CS|TAMS 0x0000000714600000| PB 0x0000000714600000| Complete |  0
| 125|0x0000000714800000, 0x0000000714a00000, 0x0000000714a00000|100%| E|CS|TAMS 0x0000000714800000| PB 0x0000000714800000| Complete |  0

Card table byte_map: [0x000002176ec90000,0x000002176f470000] _byte_map_base: 0x000002176b469000

Marking Bits: (CMBitMap*) 0x00000217564427a0
 Bits: [0x000002176f470000, 0x0000021773338000)

Polling page: 0x0000021755ba0000

Metaspace:

Usage:
  Non-class:      2.58 MB used.
      Class:    285.01 KB used.
       Both:      2.86 MB used.

Virtual space:
  Non-class space:       64.00 MB reserved,       2.62 MB (  4%) committed,  1 nodes.
      Class space:        1.00 GB reserved,     384.00 KB ( <1%) committed,  1 nodes.
             Both:        1.06 GB reserved,       3.00 MB ( <1%) committed. 

Chunk freelists:
   Non-Class:  11.20 MB
       Class:  15.64 MB
        Both:  26.84 MB

MaxMetaspaceSize: unlimited
CompressedClassSpaceSize: 1.00 GB
Initial GC threshold: 21.00 MB
Current GC threshold: 21.00 MB
CDS: on
 - commit_granule_bytes: 65536.
 - commit_granule_words: 8192.
 - virtual_space_node_default_size: 8388608.
 - enlarge_chunks_in_place: 1.
 - use_allocation_guard: 0.


Internal statistics:

num_allocs_failed_limit: 0.
num_arena_births: 44.
num_arena_deaths: 0.
num_vsnodes_births: 2.
num_vsnodes_deaths: 0.
num_space_committed: 48.
num_space_uncommitted: 0.
num_chunks_returned_to_freelist: 0.
num_chunks_taken_from_freelist: 84.
num_chunk_merges: 0.
num_chunk_splits: 57.
num_chunks_enlarged: 44.
num_inconsistent_stats: 0.

CodeHeap 'non-profiled nmethods': size=119232Kb used=526Kb max_used=526Kb free=118705Kb
 bounds [0x00000217666a0000, 0x0000021766910000, 0x000002176db10000]
CodeHeap 'profiled nmethods': size=119104Kb used=1191Kb max_used=1191Kb free=117912Kb
 bounds [0x000002175eb10000, 0x000002175ed80000, 0x0000021765f60000]
CodeHeap 'non-nmethods': size=7424Kb used=3088Kb max_used=3135Kb free=4335Kb
 bounds [0x0000021765f60000, 0x0000021766280000, 0x00000217666a0000]
CodeCache: size=245760Kb, used=4805Kb, max_used=4852Kb, free=240952Kb
 total_blobs=1546, nmethods=1037, adapters=412, full_count=0
Compilation: enabled, stopped_count=0, restarted_count=0

Compilation events (20 events):
Event: 0.615 Thread 0x00000217454ac0e0 1031       3       jdk.internal.loader.BuiltinClassLoader::findLoadedModule (33 bytes)
Event: 0.615 Thread 0x00000217450dd180 1032       3       jdk.internal.loader.BuiltinClassLoader::loadClassOrNull (7 bytes)
Event: 0.616 Thread 0x00000217450dd180 nmethod 1032 0x000002175ec35308 code [0x000002175ec35420, 0x000002175ec355f8]
Event: 0.616 Thread 0x00000217763bf190 nmethod 1025 0x000002175ec35608 code [0x000002175ec35960, 0x000002175ec37128]
Event: 0.616 Thread 0x00000217454ac0e0 nmethod 1031 0x000002175ec37288 code [0x000002175ec37420, 0x000002175ec37a48]
Event: 0.616 Thread 0x00000217450dd180 1034       3       java.util.jar.JarFile::maybeInstantiateVerifier (42 bytes)
Event: 0.616 Thread 0x00000217454c2d80 1027       4       java.lang.String::indexOf (101 bytes)
Event: 0.617 Thread 0x00000217454a9a10 nmethod 1028 0x000002175ec37b08 code [0x000002175ec37d60, 0x000002175ec38cf8]
Event: 0.617 Thread 0x00000217450dd180 nmethod 1034 0x000002175ec38d88 code [0x000002175ec38ee0, 0x000002175ec39258]
Event: 0.617 Thread 0x00000217454a9a10 1035       3       java.util.WeakHashMap::get (75 bytes)
Event: 0.618 Thread 0x00000217454c3440 nmethod 1026 0x000002176670f388 code [0x000002176670f4a0, 0x000002176670f890]
Event: 0.618 Thread 0x00000217454c3440 1033       4       java.lang.Math::clamp (49 bytes)
Event: 0.618 Thread 0x00000217454a9a10 nmethod 1035 0x000002175ec39288 code [0x000002175ec39440, 0x000002175ec39cc8]
Event: 0.618 Thread 0x00000217454a9a10 1036       1       java.util.jar.Attributes$Name::hashCode (5 bytes)
Event: 0.618 Thread 0x00000217454a9a10 nmethod 1036 0x000002176670f908 code [0x000002176670fa20, 0x000002176670fae8]
Event: 0.618 Thread 0x00000217454c3440 nmethod 1033 0x000002176670fc08 code [0x000002176670fd00, 0x000002176670fdf0]
Event: 0.619 Thread 0x00000217454c2d80 nmethod 1027 0x000002176670ff08 code [0x0000021766710020, 0x0000021766710418]
Event: 0.623 Thread 0x00000217459dfe40 nmethod 1012 0x0000021766710808 code [0x00000217667109a0, 0x00000217667117b0]
Event: 0.734 Thread 0x00000217763bb5d0 nmethod 958 0x0000021766711888 code [0x0000021766712120, 0x000002176671a588]
Event: 0.740 Thread 0x0000021745ba4570 nmethod 957 0x000002176671a888 code [0x000002176671b120, 0x0000021766723588]

GC Heap History (0 events):
No events

Dll operation events (20 events):
Event: 0.439 Loaded shared library C:\Program Files (x86)\Windows Kits\10\Redist\ucrt\DLLs\x64\api-ms-win-core-datetime-l1-1-0.dll
Event: 0.445 Loaded shared library C:\Program Files (x86)\Windows Kits\10\Redist\ucrt\DLLs\x64\api-ms-win-core-localization-l1-2-0.dll
Event: 0.452 Loaded shared library C:\Program Files (x86)\Windows Kits\10\Redist\ucrt\DLLs\x64\api-ms-win-core-sysinfo-l1-1-0.dll
Event: 0.459 Loaded shared library C:\Program Files (x86)\Windows Kits\10\Redist\ucrt\DLLs\x64\api-ms-win-core-synch-l1-2-0.dll
Event: 0.466 Loaded shared library C:\Program Files (x86)\Windows Kits\10\Redist\ucrt\DLLs\x64\api-ms-win-core-console-l1-1-0.dll
Event: 0.474 Loaded shared library C:\Program Files (x86)\Windows Kits\10\Redist\ucrt\DLLs\x64\api-ms-win-core-debug-l1-1-0.dll
Event: 0.482 Loaded shared library C:\Program Files (x86)\Windows Kits\10\Redist\ucrt\DLLs\x64\api-ms-win-core-rtlsupport-l1-1-0.dll
Event: 0.490 Loaded shared library C:\Program Files (x86)\Windows Kits\10\Redist\ucrt\DLLs\x64\api-ms-win-core-processthreads-l1-1-1.dll
Event: 0.495 Loaded shared library C:\Program Files (x86)\Windows Kits\10\Redist\ucrt\DLLs\x64\api-ms-win-core-file-l1-2-0.dll
Event: 0.503 Loaded shared library C:\Program Files (x86)\Windows Kits\10\Redist\ucrt\DLLs\x64\api-ms-win-core-profile-l1-1-0.dll
Event: 0.512 Loaded shared library C:\Program Files (x86)\Windows Kits\10\Redist\ucrt\DLLs\x64\api-ms-win-core-memory-l1-1-0.dll
Event: 0.519 Loaded shared library C:\Program Files (x86)\Windows Kits\10\Redist\ucrt\DLLs\x64\api-ms-win-core-util-l1-1-0.dll
Event: 0.526 Loaded shared library C:\Program Files (x86)\Windows Kits\10\Redist\ucrt\DLLs\x64\api-ms-win-core-interlocked-l1-1-0.dll
Event: 0.536 Loaded shared library C:\Program Files (x86)\Windows Kits\10\Redist\ucrt\DLLs\x64\ucrtbase.dll
Event: 0.544 Loaded shared library C:\Users\blasz\.jdks\openjdk-23.0.1\bin\vcruntime140.dll
Event: 0.552 Loaded shared library C:\Users\blasz\.jdks\openjdk-23.0.1\bin\vcruntime140_1.dll
Event: 0.558 Loaded shared library C:\Users\blasz\.jdks\openjdk-23.0.1\bin\msvcp140.dll
Event: 0.568 Loaded shared library C:\Windows\System32\msvcp140_1.dll
Event: 0.579 Loaded shared library C:\Windows\System32\concrt140.dll
Event: 0.591 Loaded shared library C:\Windows\System32\vcomp140.dll

Deoptimization events (20 events):
Event: 0.398 Thread 0x0000021753fe5630 Uncommon trap: trap_request=0xffffffde fr.pc=0x00000217666ebca0 relative=0x0000000000000100
Event: 0.398 Thread 0x0000021753fe5630 Uncommon trap: reason=class_check action=maybe_recompile pc=0x00000217666ebca0 method=jdk.internal.misc.Unsafe.allocateUninitializedArray(Ljava/lang/Class;I)Ljava/lang/Object; @ 51 c2
Event: 0.398 Thread 0x0000021753fe5630 DEOPT PACKING pc=0x00000217666ebca0 sp=0x000000cc398fcb60
Event: 0.398 Thread 0x0000021753fe5630 DEOPT UNPACKING pc=0x0000021765fb4402 sp=0x000000cc398fcad8 mode 2
Event: 0.398 Thread 0x0000021753fe5630 Uncommon trap: trap_request=0xffffffde fr.pc=0x00000217666ebca0 relative=0x0000000000000100
Event: 0.398 Thread 0x0000021753fe5630 Uncommon trap: reason=class_check action=maybe_recompile pc=0x00000217666ebca0 method=jdk.internal.misc.Unsafe.allocateUninitializedArray(Ljava/lang/Class;I)Ljava/lang/Object; @ 51 c2
Event: 0.398 Thread 0x0000021753fe5630 DEOPT PACKING pc=0x00000217666ebca0 sp=0x000000cc398fcb60
Event: 0.398 Thread 0x0000021753fe5630 DEOPT UNPACKING pc=0x0000021765fb4402 sp=0x000000cc398fcad8 mode 2
Event: 0.459 Thread 0x0000021753fe5630 Uncommon trap: trap_request=0xffffff45 fr.pc=0x00000217666ea3e8 relative=0x0000000000001ca8
Event: 0.459 Thread 0x0000021753fe5630 Uncommon trap: reason=unstable_if action=reinterpret pc=0x00000217666ea3e8 method=jdk.internal.jimage.ImageLocation.verifyName(Ljava/lang/String;Ljava/lang/String;IIIIIILjdk/internal/jimage/ImageStrings;)Z @ 27 c2
Event: 0.459 Thread 0x0000021753fe5630 DEOPT PACKING pc=0x00000217666ea3e8 sp=0x000000cc398fcf60
Event: 0.459 Thread 0x0000021753fe5630 DEOPT UNPACKING pc=0x0000021765fb4402 sp=0x000000cc398fcc78 mode 2
Event: 0.537 Thread 0x0000021753fe5630 Uncommon trap: trap_request=0xffffff45 fr.pc=0x00000217666ed388 relative=0x0000000000001348
Event: 0.537 Thread 0x0000021753fe5630 Uncommon trap: reason=unstable_if action=reinterpret pc=0x00000217666ed388 method=jdk.internal.jimage.ImageStringsReader.stringFromByteBufferMatches(Ljava/nio/ByteBuffer;ILjava/lang/String;I)I @ 48 c2
Event: 0.537 Thread 0x0000021753fe5630 DEOPT PACKING pc=0x00000217666ed388 sp=0x000000cc398fcfe0
Event: 0.537 Thread 0x0000021753fe5630 DEOPT UNPACKING pc=0x0000021765fb4402 sp=0x000000cc398fcbb8 mode 2
Event: 0.601 Thread 0x0000021753fe5630 Uncommon trap: trap_request=0xffffff45 fr.pc=0x0000021766709800 relative=0x00000000000013e0
Event: 0.601 Thread 0x0000021753fe5630 Uncommon trap: reason=unstable_if action=reinterpret pc=0x0000021766709800 method=java.net.URL.<init>(Ljava/net/URL;Ljava/lang/String;Ljava/net/URLStreamHandler;)V @ 273 c2
Event: 0.601 Thread 0x0000021753fe5630 DEOPT PACKING pc=0x0000021766709800 sp=0x000000cc398fcdd0
Event: 0.601 Thread 0x0000021753fe5630 DEOPT UNPACKING pc=0x0000021765fb4402 sp=0x000000cc398fcd70 mode 2

Classes loaded (20 events):
Event: 0.242 Loading class java/time/zone/ZoneOffsetTransition
Event: 0.242 Loading class java/time/zone/ZoneOffsetTransition done
Event: 0.242 Loading class java/time/Year
Event: 0.242 Loading class java/time/Year done
Event: 0.246 Loading class java/time/temporal/TemporalAdjusters
Event: 0.246 Loading class java/time/temporal/TemporalAdjusters done
Event: 0.262 Loading class java/lang/NumberFormatException
Event: 0.262 Loading class java/lang/NumberFormatException done
Event: 0.265 Loading class java/lang/ProcessEnvironment
Event: 0.265 Loading class java/lang/ProcessEnvironment done
Event: 0.265 Loading class java/lang/ProcessEnvironment$NameComparator
Event: 0.265 Loading class java/lang/ProcessEnvironment$NameComparator done
Event: 0.265 Loading class java/lang/ProcessEnvironment$EntryComparator
Event: 0.265 Loading class java/lang/ProcessEnvironment$EntryComparator done
Event: 0.265 Loading class java/lang/ProcessEnvironment$CheckedEntrySet
Event: 0.265 Loading class java/lang/ProcessEnvironment$CheckedEntrySet done
Event: 0.265 Loading class java/lang/ProcessEnvironment$CheckedEntrySet$1
Event: 0.265 Loading class java/lang/ProcessEnvironment$CheckedEntrySet$1 done
Event: 0.265 Loading class java/lang/ProcessEnvironment$CheckedEntry
Event: 0.266 Loading class java/lang/ProcessEnvironment$CheckedEntry done

Classes unloaded (0 events):
No events

Classes redefined (0 events):
No events

Internal exceptions (10 events):
Event: 0.114 Thread 0x0000021753fe5630 Exception <a 'java/lang/NoSuchMethodError'{0x0000000714778350}: 'java.lang.Object java.lang.invoke.Invokers$Holder.invokeExact_MT(java.lang.Object, java.lang.Object, java.lang.Object, java.lang.Object, java.lang.Object)'> (0x0000000714778350) 
thrown [s\open\src\hotspot\share\interpreter\linkResolver.cpp, line 796]
Event: 0.128 Thread 0x00000217452e8770 Exception <a 'java/lang/NoSuchMethodError'{0x00000007147f4f98}: 'void java.lang.invoke.DirectMethodHandle$Holder.invokeStatic(java.lang.Object, java.lang.Object)'> (0x00000007147f4f98) 
thrown [s\open\src\hotspot\share\interpreter\linkResolver.cpp, line 796]
Event: 0.141 Thread 0x0000021753fe5630 Exception <a 'java/lang/NoSuchMethodError'{0x00000007144cec50}: 'int java.lang.invoke.DirectMethodHandle$Holder.invokeStaticInit(java.lang.Object, java.lang.Object, java.lang.Object, java.lang.Object)'> (0x00000007144cec50) 
thrown [s\open\src\hotspot\share\interpreter\linkResolver.cpp, line 796]
Event: 0.143 Thread 0x0000021753fe5630 Exception <a 'java/lang/NoSuchMethodError'{0x00000007144d7b28}: 'java.lang.Object java.lang.invoke.DirectMethodHandle$Holder.invokeInterface(java.lang.Object, java.lang.Object)'> (0x00000007144d7b28) 
thrown [s\open\src\hotspot\share\interpreter\linkResolver.cpp, line 796]
Event: 0.143 Thread 0x0000021753fe5630 Exception <a 'java/lang/IncompatibleClassChangeError'{0x00000007144dadb8}: Found class java.lang.Object, but interface was expected> (0x00000007144dadb8) 
thrown [s\open\src\hotspot\share\interpreter\linkResolver.cpp, line 863]
Event: 0.144 Thread 0x0000021753fe5630 Exception <a 'java/lang/NoSuchMethodError'{0x00000007144dd9e8}: 'void java.lang.invoke.DirectMethodHandle$Holder.invokeStaticInit(java.lang.Object, java.lang.Object)'> (0x00000007144dd9e8) 
thrown [s\open\src\hotspot\share\interpreter\linkResolver.cpp, line 796]
Event: 0.144 Thread 0x0000021753fe5630 Exception <a 'java/lang/NoSuchMethodError'{0x00000007144e30e0}: 'int java.lang.invoke.DirectMethodHandle$Holder.invokeStaticInit(java.lang.Object, java.lang.Object)'> (0x00000007144e30e0) 
thrown [s\open\src\hotspot\share\interpreter\linkResolver.cpp, line 796]
Event: 0.176 Thread 0x0000021753fe5630 Exception <a 'java/lang/NoSuchMethodError'{0x00000007145760a0}: 'void java.lang.invoke.DirectMethodHandle$Holder.invokeSpecial(java.lang.Object, java.lang.Object, java.lang.Object)'> (0x00000007145760a0) 
thrown [s\open\src\hotspot\share\interpreter\linkResolver.cpp, line 796]
Event: 0.178 Thread 0x0000021753fe5630 Exception <a 'java/lang/NoSuchMethodError'{0x000000071457f8d0}: 'void java.lang.invoke.DirectMethodHandle$Holder.invokeStatic(java.lang.Object, int, java.lang.Object)'> (0x000000071457f8d0) 
thrown [s\open\src\hotspot\share\interpreter\linkResolver.cpp, line 796]
Event: 0.246 Thread 0x0000021753fe5630 Exception <a 'java/lang/NoSuchMethodError'{0x00000007142e8308}: 'java.lang.Object java.lang.invoke.DirectMethodHandle$Holder.invokeStatic(java.lang.Object, int, java.lang.Object)'> (0x00000007142e8308) 
thrown [s\open\src\hotspot\share\interpreter\linkResolver.cpp, line 796]

VM Operations (4 events):
Event: 0.072 Executing VM operation: HandshakeAllThreads (Deoptimize)
Event: 0.072 Executing VM operation: HandshakeAllThreads (Deoptimize) done
Event: 0.265 Executing VM operation: HandshakeAllThreads (Deoptimize)
Event: 0.265 Executing VM operation: HandshakeAllThreads (Deoptimize) done

Memory protections (0 events):
No events

Nmethod flushes (0 events):
No events

Events (20 events):
Event: 0.025 Thread 0x0000021753fe5630 Thread added: 0x0000021753fe5630
Event: 0.039 Thread 0x0000021753fe5630 Thread added: 0x00000217763a5df0
Event: 0.039 Thread 0x0000021753fe5630 Thread added: 0x00000217763a7930
Event: 0.039 Thread 0x0000021753fe5630 Thread added: 0x00000217763a9c50
Event: 0.039 Thread 0x0000021753fe5630 Thread added: 0x00000217763ac3d0
Event: 0.039 Thread 0x0000021753fe5630 Thread added: 0x00000217763ad050
Event: 0.039 Thread 0x0000021753fe5630 Thread added: 0x00000217763b1ae0
Event: 0.039 Thread 0x0000021753fe5630 Thread added: 0x00000217763bb5d0
Event: 0.039 Thread 0x0000021753fe5630 Thread added: 0x00000217763bf190
Event: 0.046 Thread 0x00000217763bf190 Thread added: 0x00000217450dd180
Event: 0.065 Thread 0x0000021753fe5630 Thread added: 0x00000217450fb980
Event: 0.119 Thread 0x0000021753fe5630 Thread added: 0x00000217452e8770
Event: 0.119 Thread 0x0000021753fe5630 Thread added: 0x00000217452e91e0
Event: 0.232 Thread 0x00000217450dd180 Thread added: 0x00000217454a9a10
Event: 0.232 Thread 0x00000217450dd180 Thread added: 0x00000217454ac0e0
Event: 0.239 Thread 0x00000217450dd180 Thread added: 0x00000217454c2d80
Event: 0.239 Thread 0x00000217450dd180 Thread added: 0x00000217454c3440
Event: 0.262 Thread 0x0000021753fe5630 Thread added: 0x00000217456ad280
Event: 0.378 Thread 0x00000217454a9a10 Thread added: 0x0000021745ba4570
Event: 0.379 Thread 0x00000217454a9a10 Thread added: 0x00000217459dfe40


Dynamic libraries:
0x00007ff7cf660000 - 0x00007ff7cf66e000 	C:\Users\blasz\.jdks\openjdk-23.0.1\bin\java.exe
0x00007ff98c210000 - 0x00007ff98c427000 	C:\Windows\SYSTEM32\ntdll.dll
0x00007ff98acc0000 - 0x00007ff98ad84000 	C:\Windows\System32\KERNEL32.DLL
0x00007ff989960000 - 0x00007ff989d1a000 	C:\Windows\System32\KERNELBASE.dll
0x00007ff989810000 - 0x00007ff989921000 	C:\Windows\System32\ucrtbase.dll
0x00007ff9727a0000 - 0x00007ff9727bb000 	C:\Users\blasz\.jdks\openjdk-23.0.1\bin\VCRUNTIME140.dll
0x00007ff972780000 - 0x00007ff972797000 	C:\Users\blasz\.jdks\openjdk-23.0.1\bin\jli.dll
0x00007ff989f60000 - 0x00007ff98a10e000 	C:\Windows\System32\USER32.dll
0x00007ff989ee0000 - 0x00007ff989f06000 	C:\Windows\System32\win32u.dll
0x00007ff98c080000 - 0x00007ff98c0a9000 	C:\Windows\System32\GDI32.dll
0x00007ff978a40000 - 0x00007ff978cd2000 	C:\Windows\WinSxS\amd64_microsoft.windows.common-controls_6595b64144ccf1df_6.0.22621.4541_none_2710d1c57384c085\COMCTL32.dll
0x00007ff989580000 - 0x00007ff98969b000 	C:\Windows\System32\gdi32full.dll
0x00007ff98b610000 - 0x00007ff98b6b7000 	C:\Windows\System32\msvcrt.dll
0x00007ff9894e0000 - 0x00007ff98957a000 	C:\Windows\System32\msvcp_win.dll
0x00007ff989f10000 - 0x00007ff989f41000 	C:\Windows\System32\IMM32.DLL
0x00007ff982410000 - 0x00007ff98241c000 	C:\Users\blasz\.jdks\openjdk-23.0.1\bin\vcruntime140_1.dll
0x00007ff971fc0000 - 0x00007ff97204e000 	C:\Users\blasz\.jdks\openjdk-23.0.1\bin\msvcp140.dll
0x00007ff8e8860000 - 0x00007ff8e95af000 	C:\Users\blasz\.jdks\openjdk-23.0.1\bin\server\jvm.dll
0x00007ff98aa80000 - 0x00007ff98ab32000 	C:\Windows\System32\ADVAPI32.dll
0x00007ff98a9d0000 - 0x00007ff98aa77000 	C:\Windows\System32\sechost.dll
0x00007ff989930000 - 0x00007ff989958000 	C:\Windows\System32\bcrypt.dll
0x00007ff98c0b0000 - 0x00007ff98c1c4000 	C:\Windows\System32\RPCRT4.dll
0x00007ff98a950000 - 0x00007ff98a9c1000 	C:\Windows\System32\WS2_32.dll
0x00007ff988330000 - 0x00007ff98837d000 	C:\Windows\SYSTEM32\POWRPROF.dll
0x00007ff97f920000 - 0x00007ff97f92a000 	C:\Windows\SYSTEM32\VERSION.dll
0x00007ff983770000 - 0x00007ff9837a4000 	C:\Windows\SYSTEM32\WINMM.dll
0x00007ff988310000 - 0x00007ff988323000 	C:\Windows\SYSTEM32\UMPDC.dll
0x00007ff988570000 - 0x00007ff988588000 	C:\Windows\SYSTEM32\kernel.appcore.dll
0x00007ff9791b0000 - 0x00007ff9791ba000 	C:\Users\blasz\.jdks\openjdk-23.0.1\bin\jimage.dll
0x00007ff986bd0000 - 0x00007ff986e02000 	C:\Windows\SYSTEM32\DBGHELP.DLL
0x00007ff98bba0000 - 0x00007ff98bf2f000 	C:\Windows\System32\combase.dll
0x00007ff98bf90000 - 0x00007ff98c067000 	C:\Windows\System32\OLEAUT32.dll
0x00007ff96ea80000 - 0x00007ff96eab2000 	C:\Windows\SYSTEM32\dbgcore.DLL
0x00007ff989d20000 - 0x00007ff989d9b000 	C:\Windows\System32\bcryptPrimitives.dll
0x00007ff9784d0000 - 0x00007ff9784df000 	C:\Users\blasz\.jdks\openjdk-23.0.1\bin\instrument.dll
0x00007ff971fa0000 - 0x00007ff971fbe000 	C:\Users\blasz\.jdks\openjdk-23.0.1\bin\java.dll
0x00007ff98a110000 - 0x00007ff98a2b5000 	C:\Windows\System32\ole32.dll
0x00007ff98ad90000 - 0x00007ff98b608000 	C:\Windows\System32\SHELL32.dll
0x00007ff9873e0000 - 0x00007ff987ce8000 	C:\Windows\SYSTEM32\windows.storage.dll
0x00007ff9872a0000 - 0x00007ff9873df000 	C:\Windows\SYSTEM32\wintypes.dll
0x00007ff98b770000 - 0x00007ff98b86a000 	C:\Windows\System32\SHCORE.dll
0x00007ff98bad0000 - 0x00007ff98bb2e000 	C:\Windows\System32\shlwapi.dll
0x00007ff989410000 - 0x00007ff98943b000 	C:\Windows\SYSTEM32\profapi.dll
0x00007ff93b530000 - 0x00007ff93b607000 	C:\Users\blasz\.jdks\openjdk-23.0.1\bin\jsvml.dll
0x00007ff971c50000 - 0x00007ff971c67000 	C:\Users\blasz\.jdks\openjdk-23.0.1\bin\zip.dll
0x00007ff971f90000 - 0x00007ff971fa0000 	C:\Users\blasz\.jdks\openjdk-23.0.1\bin\net.dll
0x00007ff988a50000 - 0x00007ff988ab9000 	C:\Windows\system32\mswsock.dll
0x00007ff971f70000 - 0x00007ff971f86000 	C:\Users\blasz\.jdks\openjdk-23.0.1\bin\nio.dll
0x00007ff961900000 - 0x00007ff96191a000 	C:\Program Files\JetBrains\IntelliJ IDEA Community Edition 2024.3.1\bin\breakgen64.dll
0x00007ff971150000 - 0x00007ff971159000 	C:\Users\blasz\.jdks\openjdk-23.0.1\bin\extnet.dll
0x00007ff9162e0000 - 0x00007ff9163e0000 	C:\Windows\System32\opengl32.dll
0x00007ff971580000 - 0x00007ff9715ad000 	C:\Windows\SYSTEM32\GLU32.dll
0x00007ff986840000 - 0x00007ff986877000 	C:\Windows\SYSTEM32\dxcore.dll
0x00007ff93b650000 - 0x00007ff93b8b1000 	C:\Users\blasz\.javacpp\cache\jaylib-5.0.0-0.jar\com\raylib\windows-x86_64\jniRaylib.dll
0x0000021745c40000 - 0x0000021745c43000 	C:\Program Files (x86)\Windows Kits\10\Redist\ucrt\DLLs\x64\api-ms-win-crt-locale-l1-1-0.dll
0x0000021745c50000 - 0x0000021745c54000 	C:\Program Files (x86)\Windows Kits\10\Redist\ucrt\DLLs\x64\api-ms-win-crt-string-l1-1-0.dll
0x0000021745c60000 - 0x0000021745c64000 	C:\Program Files (x86)\Windows Kits\10\Redist\ucrt\DLLs\x64\api-ms-win-crt-stdio-l1-1-0.dll
0x0000021745c70000 - 0x0000021745c75000 	C:\Program Files (x86)\Windows Kits\10\Redist\ucrt\DLLs\x64\api-ms-win-crt-math-l1-1-0.dll
0x0000021745c80000 - 0x0000021745c83000 	C:\Program Files (x86)\Windows Kits\10\Redist\ucrt\DLLs\x64\api-ms-win-crt-heap-l1-1-0.dll
0x0000021745c90000 - 0x0000021745c94000 	C:\Program Files (x86)\Windows Kits\10\Redist\ucrt\DLLs\x64\api-ms-win-crt-runtime-l1-1-0.dll
0x0000021745ca0000 - 0x0000021745ca4000 	C:\Program Files (x86)\Windows Kits\10\Redist\ucrt\DLLs\x64\api-ms-win-crt-convert-l1-1-0.dll
0x0000021745cb0000 - 0x0000021745cb3000 	C:\Program Files (x86)\Windows Kits\10\Redist\ucrt\DLLs\x64\api-ms-win-crt-environment-l1-1-0.dll
0x0000021745cc0000 - 0x0000021745cc3000 	C:\Program Files (x86)\Windows Kits\10\Redist\ucrt\DLLs\x64\api-ms-win-crt-time-l1-1-0.dll
0x0000021745cd0000 - 0x0000021745cd3000 	C:\Program Files (x86)\Windows Kits\10\Redist\ucrt\DLLs\x64\api-ms-win-crt-filesystem-l1-1-0.dll
0x0000021745ce0000 - 0x0000021745ce3000 	C:\Program Files (x86)\Windows Kits\10\Redist\ucrt\DLLs\x64\api-ms-win-crt-utility-l1-1-0.dll
0x0000021745cf0000 - 0x0000021745cf5000 	C:\Program Files (x86)\Windows Kits\10\Redist\ucrt\DLLs\x64\api-ms-win-crt-multibyte-l1-1-0.dll
0x0000021745d00000 - 0x0000021745d03000 	C:\Program Files (x86)\Windows Kits\10\Redist\ucrt\DLLs\x64\api-ms-win-crt-conio-l1-1-0.dll
0x0000021745d10000 - 0x0000021745d1f000 	C:\Program Files (x86)\Windows Kits\10\Redist\ucrt\DLLs\x64\api-ms-win-crt-private-l1-1-0.dll
0x0000021745d20000 - 0x0000021745d23000 	C:\Program Files (x86)\Windows Kits\10\Redist\ucrt\DLLs\x64\api-ms-win-crt-process-l1-1-0.dll
0x0000021745d30000 - 0x0000021745d34000 	C:\Users\blasz\.jdks\openjdk-23.0.1\bin\api-ms-win-core-console-l1-2-0.dll
0x0000021745d40000 - 0x0000021745d43000 	C:\Program Files (x86)\Windows Kits\10\Redist\ucrt\DLLs\x64\api-ms-win-core-string-l1-1-0.dll
0x0000021745d50000 - 0x0000021745d53000 	C:\Program Files (x86)\Windows Kits\10\Redist\ucrt\DLLs\x64\api-ms-win-core-errorhandling-l1-1-0.dll
0x0000021746d30000 - 0x0000021746d33000 	C:\Program Files (x86)\Windows Kits\10\Redist\ucrt\DLLs\x64\api-ms-win-core-timezone-l1-1-0.dll
0x0000021746d40000 - 0x0000021746d44000 	C:\Program Files (x86)\Windows Kits\10\Redist\ucrt\DLLs\x64\api-ms-win-core-file-l1-1-0.dll
0x0000021746d50000 - 0x0000021746d53000 	C:\Program Files (x86)\Windows Kits\10\Redist\ucrt\DLLs\x64\api-ms-win-core-namedpipe-l1-1-0.dll
0x0000021746d60000 - 0x0000021746d63000 	C:\Program Files (x86)\Windows Kits\10\Redist\ucrt\DLLs\x64\api-ms-win-core-handle-l1-1-0.dll
0x0000021746d70000 - 0x0000021746d73000 	C:\Program Files (x86)\Windows Kits\10\Redist\ucrt\DLLs\x64\api-ms-win-core-file-l2-1-0.dll
0x0000021746d80000 - 0x0000021746d83000 	C:\Program Files (x86)\Windows Kits\10\Redist\ucrt\DLLs\x64\api-ms-win-core-heap-l1-1-0.dll
0x0000021746d90000 - 0x0000021746d93000 	C:\Program Files (x86)\Windows Kits\10\Redist\ucrt\DLLs\x64\api-ms-win-core-libraryloader-l1-1-0.dll
0x0000021746da0000 - 0x0000021746da3000 	C:\Program Files (x86)\Windows Kits\10\Redist\ucrt\DLLs\x64\api-ms-win-core-synch-l1-1-0.dll
0x0000021746db0000 - 0x0000021746db3000 	C:\Program Files (x86)\Windows Kits\10\Redist\ucrt\DLLs\x64\api-ms-win-core-processthreads-l1-1-0.dll
0x0000021746dc0000 - 0x0000021746dc3000 	C:\Program Files (x86)\Windows Kits\10\Redist\ucrt\DLLs\x64\api-ms-win-core-processenvironment-l1-1-0.dll
0x0000021746dd0000 - 0x0000021746dd3000 	C:\Program Files (x86)\Windows Kits\10\Redist\ucrt\DLLs\x64\api-ms-win-core-datetime-l1-1-0.dll
0x0000021746de0000 - 0x0000021746de3000 	C:\Program Files (x86)\Windows Kits\10\Redist\ucrt\DLLs\x64\api-ms-win-core-localization-l1-2-0.dll
0x0000021746df0000 - 0x0000021746df3000 	C:\Program Files (x86)\Windows Kits\10\Redist\ucrt\DLLs\x64\api-ms-win-core-sysinfo-l1-1-0.dll
0x0000021746e00000 - 0x0000021746e03000 	C:\Program Files (x86)\Windows Kits\10\Redist\ucrt\DLLs\x64\api-ms-win-core-synch-l1-2-0.dll
0x0000021746e10000 - 0x0000021746e13000 	C:\Program Files (x86)\Windows Kits\10\Redist\ucrt\DLLs\x64\api-ms-win-core-console-l1-1-0.dll
0x0000021746e20000 - 0x0000021746e23000 	C:\Program Files (x86)\Windows Kits\10\Redist\ucrt\DLLs\x64\api-ms-win-core-debug-l1-1-0.dll
0x0000021746e30000 - 0x0000021746e33000 	C:\Program Files (x86)\Windows Kits\10\Redist\ucrt\DLLs\x64\api-ms-win-core-rtlsupport-l1-1-0.dll
0x0000021747e10000 - 0x0000021747e13000 	C:\Program Files (x86)\Windows Kits\10\Redist\ucrt\DLLs\x64\api-ms-win-core-processthreads-l1-1-1.dll
0x0000021747e20000 - 0x0000021747e23000 	C:\Program Files (x86)\Windows Kits\10\Redist\ucrt\DLLs\x64\api-ms-win-core-file-l1-2-0.dll
0x0000021747e30000 - 0x0000021747e33000 	C:\Program Files (x86)\Windows Kits\10\Redist\ucrt\DLLs\x64\api-ms-win-core-profile-l1-1-0.dll
0x0000021747e40000 - 0x0000021747e43000 	C:\Program Files (x86)\Windows Kits\10\Redist\ucrt\DLLs\x64\api-ms-win-core-memory-l1-1-0.dll
0x0000021747e50000 - 0x0000021747e53000 	C:\Program Files (x86)\Windows Kits\10\Redist\ucrt\DLLs\x64\api-ms-win-core-util-l1-1-0.dll
0x0000021747e60000 - 0x0000021747e63000 	C:\Program Files (x86)\Windows Kits\10\Redist\ucrt\DLLs\x64\api-ms-win-core-interlocked-l1-1-0.dll
0x00007ff93caa0000 - 0x00007ff93cb92000 	C:\Program Files (x86)\Windows Kits\10\Redist\ucrt\DLLs\x64\ucrtbase.dll
0x00007ff981f90000 - 0x00007ff981f99000 	C:\Windows\System32\msvcp140_1.dll
0x00007ff94c6b0000 - 0x00007ff94c6fd000 	C:\Windows\System32\concrt140.dll
0x00007ff972750000 - 0x00007ff972780000 	C:\Windows\System32\vcomp140.dll
0x00007ff943bc0000 - 0x00007ff943c06000 	C:\Windows\SYSTEM32\dinput8.dll
0x00007ff931250000 - 0x00007ff931261000 	C:\Windows\SYSTEM32\xinput1_4.dll
0x00007ff9891a0000 - 0x00007ff9891cc000 	C:\Windows\SYSTEM32\DEVOBJ.dll
0x00007ff9891f0000 - 0x00007ff98923e000 	C:\Windows\SYSTEM32\cfgmgr32.dll
0x00007ff9597d0000 - 0x00007ff9599e4000 	C:\Windows\SYSTEM32\inputhost.dll
0x00007ff9824c0000 - 0x00007ff9825f3000 	C:\Windows\SYSTEM32\CoreMessaging.dll
0x00007ff986370000 - 0x00007ff986421000 	C:\Windows\system32\uxtheme.dll
0x00007ff93d070000 - 0x00007ff93d1a3000 	C:\ProgramData\A-Volute\A-Volute.Nahimic\Modules\Scheduled\x64\AudioDevProps2.dll
0x00007ff988c90000 - 0x00007ff988c9c000 	C:\Windows\SYSTEM32\CRYPTBASE.DLL
0x00007ff98ab40000 - 0x00007ff98aca1000 	C:\Windows\System32\MSCTF.dll
0x00007ff987cf0000 - 0x00007ff987cfe000 	C:\Windows\SYSTEM32\HID.DLL
0x00007ff98a4d0000 - 0x00007ff98a944000 	C:\Windows\System32\SETUPAPI.DLL
0x00007ff989da0000 - 0x00007ff989e12000 	C:\Windows\System32\WINTRUST.dll
0x00007ff9896a0000 - 0x00007ff989806000 	C:\Windows\System32\CRYPT32.dll
0x00007ff989180000 - 0x00007ff989192000 	C:\Windows\SYSTEM32\MSASN1.dll
0x00007ff98b6c0000 - 0x00007ff98b770000 	C:\Windows\System32\clbcatq.dll
0x00007ff97e440000 - 0x00007ff97e472000 	C:\Windows\SYSTEM32\cryptnet.dll
0x00007ff988d90000 - 0x00007ff988ddc000 	C:\Windows\SYSTEM32\wldp.dll
0x00007ff97e2d0000 - 0x00007ff97e432000 	C:\Windows\SYSTEM32\drvstore.dll
0x00007ff9886e0000 - 0x00007ff988714000 	C:\Windows\SYSTEM32\ntmarta.dll

dbghelp: loaded successfully - version: 4.0.5 - missing functions: none
symbol engine: initialized successfully - sym options: 0x614 - pdb path: .;C:\Users\blasz\.jdks\openjdk-23.0.1\bin;C:\Windows\SYSTEM32;C:\Windows\WinSxS\amd64_microsoft.windows.common-controls_6595b64144ccf1df_6.0.22621.4541_none_2710d1c57384c085;C:\Users\blasz\.jdks\openjdk-23.0.1\bin\server;C:\Program Files\JetBrains\IntelliJ IDEA Community Edition 2024.3.1\bin;C:\Users\blasz\.javacpp\cache\jaylib-5.0.0-0.jar\com\raylib\windows-x86_64;C:\Program Files (x86)\Windows Kits\10\Redist\ucrt\DLLs\x64;C:\ProgramData\A-Volute\A-Volute.Nahimic\Modules\Scheduled\x64

VM Arguments:
jvm_args: -javaagent:C:\Program Files\JetBrains\IntelliJ IDEA Community Edition 2024.3.1\lib\idea_rt.jar=64288:C:\Program Files\JetBrains\IntelliJ IDEA Community Edition 2024.3.1\bin -Dfile.encoding=UTF-8 -Dsun.stdout.encoding=UTF-8 -Dsun.stderr.encoding=UTF-8 
java_command: com.company.Main
java_class_path (initial): C:\JavaProjects\Surv\out\production\Surv;C:\JavaProjects\Surv\jaylib-5.0.0-0.jar;C:\Users\blasz\.m2\repository\io\netty\netty-transport\4.1.115.Final\netty-transport-4.1.115.Final.jar;C:\Users\blasz\.m2\repository\io\netty\netty-buffer\4.1.115.Final\netty-buffer-4.1.115.Final.jar;C:\Users\blasz\.m2\repository\io\netty\netty-common\4.1.115.Final\netty-common-4.1.115.Final.jar;C:\Users\blasz\.m2\repository\io\netty\netty-transport-udt\4.1.115.Final\netty-transport-udt-4.1.115.Final.jar
Launcher Type: SUN_STANDARD

[Global flags]
     intx CICompilerCount                          = 12                                        {product} {ergonomic}
     uint ConcGCThreads                            = 3                                         {product} {ergonomic}
     uint G1ConcRefinementThreads                  = 13                                        {product} {ergonomic}
   size_t G1HeapRegionSize                         = 2097152                                   {product} {ergonomic}
   size_t InitialHeapSize                          = 264241152                                 {product} {ergonomic}
   size_t MarkStackSize                            = 4194304                                   {product} {ergonomic}
   size_t MarkStackSizeMax                         = 536870912                                 {product} {ergonomic}
   size_t MaxHeapSize                              = 4213178368                                {product} {ergonomic}
   size_t MaxNewSize                               = 2527068160                                {product} {ergonomic}
   size_t MinHeapDeltaBytes                        = 2097152                                   {product} {ergonomic}
   size_t MinHeapSize                              = 8388608                                   {product} {ergonomic}
    uintx NonNMethodCodeHeapSize                   = 7602176                                {pd product} {ergonomic}
    uintx NonProfiledCodeHeapSize                  = 122093568                              {pd product} {ergonomic}
    uintx ProfiledCodeHeapSize                     = 121962496                              {pd product} {ergonomic}
    uintx ReservedCodeCacheSize                    = 251658240                              {pd product} {ergonomic}
     bool SegmentedCodeCache                       = true                                      {product} {ergonomic}
   size_t SoftMaxHeapSize                          = 4213178368                             {manageable} {ergonomic}
     bool UseCompressedOops                        = true                           {product lp64_product} {ergonomic}
     bool UseG1GC                                  = true                                      {product} {ergonomic}
     bool UseLargePagesIndividualAllocation        = false                                  {pd product} {ergonomic}

Logging:
Log output configuration:
 #0: stdout all=warning uptime,level,tags foldmultilines=false
 #1: stderr all=off uptime,level,tags foldmultilines=false

Environment Variables:
PATH=C:\Program Files (x86)\Common Files\Oracle\Java\java8path;C:\Program Files (x86)\Common Files\Oracle\Java\javapath;C:\Windows\system32;C:\Windows;C:\Windows\System32\Wbem;C:\Windows\System32\WindowsPowerShell\v1.0\;C:\Windows\System32\OpenSSH\;C:\Program Files (x86)\NVIDIA Corporation\PhysX\Common;C:\Program Files\NVIDIA Corporation\NVIDIA NvDLISR;C:\Program Files\Git\cmd;C:\Program Files (x86)\Windows Kits\10\Windows Performance Toolkit\;C:\Users\blasz\AppData\Local\Microsoft\WindowsApps;
USERNAME=blasz
OS=Windows_NT
PROCESSOR_IDENTIFIER=AMD64 Family 25 Model 68 Stepping 1, AuthenticAMD
TMP=C:\Users\blasz\AppData\Local\Temp
TEMP=C:\Users\blasz\AppData\Local\Temp




Periodic native trim disabled

---------------  S Y S T E M  ---------------

OS:
 Windows 11 , 64 bit Build 22621 (10.0.22621.4391)
OS uptime: 2 days 5:46 hours
Hyper-V role detected

CPU: total 16 (initial active 16) (16 cores per cpu, 2 threads per core) family 25 model 68 stepping 1 microcode 0x0, cx8, cmov, fxsr, ht, mmx, 3dnowpref, sse, sse2, sse3, ssse3, sse4a, sse4.1, sse4.2, popcnt, lzcnt, tsc, tscinvbit, avx, avx2, aes, erms, clmul, bmi1, bmi2, adx, sha, fma, vzeroupper, clflush, clflushopt, hv, rdtscp, rdpid, fsrm, f16c, cet_ss
Processor Information for processor 0
  Max Mhz: 3100, Current Mhz: 3100, Mhz Limit: 3100
Processor Information for processor 1
  Max Mhz: 3100, Current Mhz: 3100, Mhz Limit: 3100
Processor Information for processor 2
  Max Mhz: 3100, Current Mhz: 3100, Mhz Limit: 3100
Processor Information for processor 3
  Max Mhz: 3100, Current Mhz: 3100, Mhz Limit: 3100
Processor Information for processor 4
  Max Mhz: 3100, Current Mhz: 3100, Mhz Limit: 3100
Processor Information for processor 5
  Max Mhz: 3100, Current Mhz: 3100, Mhz Limit: 3100
Processor Information for processor 6
  Max Mhz: 3100, Current Mhz: 3100, Mhz Limit: 3100
Processor Information for processor 7
  Max Mhz: 3100, Current Mhz: 2469, Mhz Limit: 3100
Processor Information for processor 8
  Max Mhz: 3100, Current Mhz: 3100, Mhz Limit: 3100
Processor Information for processor 9
  Max Mhz: 3100, Current Mhz: 3100, Mhz Limit: 3100
Processor Information for processor 10
  Max Mhz: 3100, Current Mhz: 3100, Mhz Limit: 3100
Processor Information for processor 11
  Max Mhz: 3100, Current Mhz: 3100, Mhz Limit: 3100
Processor Information for processor 12
  Max Mhz: 3100, Current Mhz: 3100, Mhz Limit: 3100
Processor Information for processor 13
  Max Mhz: 3100, Current Mhz: 3100, Mhz Limit: 3100
Processor Information for processor 14
  Max Mhz: 3100, Current Mhz: 3100, Mhz Limit: 3100
Processor Information for processor 15
  Max Mhz: 3100, Current Mhz: 3100, Mhz Limit: 3100

Memory: 4k page, system-wide physical 16068M (4109M free)
TotalPageFile size 32452M (AvailPageFile size 16455M)
current process WorkingSet (physical memory assigned to process): 99M, peak: 105M
current process commit charge ("private bytes"): 418M, peak: 419M

vm_info: OpenJDK 64-Bit Server VM (23.0.1+11-39) for windows-amd64 JRE (23.0.1+11-39), built on 2024-09-30T07:20:43Z with MS VC++ 17.6 (VS2022)

END.
