#
# A fatal error has been detected by the Java Runtime Environment:
#
#  EXCEPTION_ACCESS_VIOLATION (0xc0000005) at pc=0x0000000000000000, pid=11644, tid=27012
#
# JRE version: OpenJDK Runtime Environment (23.0+37) (build 23+37-2369)
# Java VM: OpenJDK 64-Bit Server VM (23+37-2369, mixed mode, sharing, tiered, compressed oops, compressed class ptrs, g1 gc, windows-amd64)
# Problematic frame:
# C  [jniRaylib.dll+0x1020d8]
#
# No core dump will be written. Minidumps are not enabled by default on client versions of Windows
#
# If you would like to submit a bug report, please visit:
#   https://bugreport.java.com/bugreport/crash.jsp
# The crash happened outside the Java Virtual Machine in native code.
# See problematic frame for where to report the bug.
#

---------------  S U M M A R Y ------------

Command Line: -javaagent:C:\Program Files\JetBrains\IntelliJ IDEA Community Edition 2024.2.3\lib\idea_rt.jar=59658:C:\Program Files\JetBrains\IntelliJ IDEA Community Edition 2024.2.3\bin -Dfile.encoding=UTF-8 -Dsun.stdout.encoding=UTF-8 -Dsun.stderr.encoding=UTF-8 com.company.Main

Host: 13th Gen Intel(R) Core(TM) i7-13700HX, 24 cores, 31G,  Windows 11 , 64 bit Build 22621 (10.0.22621.4391)
Time: Mon Dec 16 16:12:57 2024  Windows 11 , 64 bit Build 22621 (10.0.22621.4391) elapsed time: 0.318192 seconds (0d 0h 0m 0s)

---------------  T H R E A D  ---------------

Current thread (0x00000236c11dd950):  JavaThread "Thread-1"         [_thread_in_native, id=27012, stack(0x000000b3a4700000,0x000000b3a4800000) (1024K)]

Stack: [0x000000b3a4700000,0x000000b3a4800000],  sp=0x000000b3a47ff200,  free space=1020k
Native frames: (J=compiled Java code, j=interpreted, Vv=VM code, C=native code)

Java frames: (J=compiled Java code, j=interpreted, Vv=VM code)
j  com.raylib.Raylib.InitWindow(IILjava/lang/String;)V+0
j  com.company.Main.InitGame(III)V+8
j  com.company.Main.lambda$main$1(III)V+3
j  com.company.Main$$Lambda+0x0000023681003bc8.run()V+12
j  java.lang.Thread.runWith(Ljava/lang/Object;Ljava/lang/Runnable;)V+5 java.base@23
j  java.lang.Thread.run()V+19 java.base@23
v  ~StubRoutines::call_stub 0x00000236defe0fcd

siginfo: EXCEPTION_ACCESS_VIOLATION (0xc0000005), data execution prevention violation at address 0x0000000000000000


Registers:
RAX=0x00000f6272350ac7, RBX=0x0000000000000007, RCX=0x0000000000000de1, RDX=0x0000000000000000
RSP=0x000000b3a47ff1f8, RBP=0x0000000000000001, RSI=0x00000236c145ae40, RDI=0x0000000000000000
R8 =0x0000000000000001, R9 =0x0000000000000007, R10=0x0000000000000000, R11=0x000000b3a47ff070
R12=0x0000000000000000, R13=0x000000b3a47ff330, R14=0x0000000000000000, R15=0x0000000000000001
RIP=0x0000000000000000, EFLAGS=0x0000000000010246


Register to memory mapping:

RAX=0x00000f6272350ac7 is an unknown value
RBX=0x0000000000000007 is an unknown value
RCX=0x0000000000000de1 is an unknown value
RDX=0x0 is null
RSP=0x000000b3a47ff1f8 is pointing into the stack for thread: 0x00000236c11dd950
RBP=0x0000000000000001 is an unknown value
RSI=0x00000236c145ae40 points into unknown readable memory: 0x000000006f6d6544 | 44 65 6d 6f 00 00 00 00
RDI=0x0 is null
R8 =0x0000000000000001 is an unknown value
R9 =0x0000000000000007 is an unknown value
R10=0x0 is null
R11=0x000000b3a47ff070 is pointing into the stack for thread: 0x00000236c11dd950
R12=0x0 is null
R13=0x000000b3a47ff330 is pointing into the stack for thread: 0x00000236c11dd950
R14=0x0 is null
R15=0x0000000000000001 is an unknown value

Top of Stack: (sp=0x000000b3a47ff1f8)
0x000000b3a47ff1f8:   00007ffc29df20d8 00007ffc4e38f4f8
0x000000b3a47ff208:   00007ffc4e38f4f8 000000b3a47ff200
0x000000b3a47ff218:   00007ffc4e38f4f8 00007ffc4e38f4f8
0x000000b3a47ff228:   0000000000000000 3a474e494e524157
0x000000b3a47ff238:   46203a57464c4720 6f742064656c6961
0x000000b3a47ff248:   6c616974696e6920 57464c4700000000
0x000000b3a47ff258:   000000000000000a 0000000100000001
0x000000b3a47ff268:   0000000000000000 0000000000000000
0x000000b3a47ff278:   00000f6272350ac7 0000000000000000
0x000000b3a47ff288:   0000000000000000 0000000000000000
0x000000b3a47ff298:   0000000000000000 00000236c11dd950
0x000000b3a47ff2a8:   000000b3a47ff4b8 00000236c241df28
0x000000b3a47ff2b8:   000000b3a47ff369 0000000000000000
0x000000b3a47ff2c8:   00007ffc29df4d04 0000000000000438
0x000000b3a47ff2d8:   00007ffc29ddc268 0000000000000000
0x000000b3a47ff2e8:   00007ffc29e99590 0000000000000001
0x000000b3a47ff2f8:   00000000000000c0 00000f6272350a97
0x000000b3a47ff308:   00000006235ec608 00000236c145ae40
0x000000b3a47ff318:   0000000000000780 0000000000000438
0x000000b3a47ff328:   00007ffc29ddcc7b 00000000ffffffff
0x000000b3a47ff338:   0000000000000000 00007ffc4e390990
0x000000b3a47ff348:   0000000000000000 00000236c11dd950
0x000000b3a47ff358:   0000000000000000 00000236c11ddd10
0x000000b3a47ff368:   000000b3a47ff488 00000236c11dd950
0x000000b3a47ff378:   000000b3a47ff4b8 00000236c145ae40
0x000000b3a47ff388:   00007ffc29d05481 00000236c11ddd10
0x000000b3a47ff398:   0000000000000004 00000236c11e0c30
0x000000b3a47ff3a8:   0000000000000438 0000000000000000
0x000000b3a47ff3b8:   0000000000000000 000000b3a47ff488
0x000000b3a47ff3c8:   00007ffc29d1d9ae 0000000000000438
0x000000b3a47ff3d8:   00000236c145ae40 0000000000000780
0x000000b3a47ff3e8:   00007ffb8c7b19ec 00000236defe8700 

Instructions: (pc=0x00007ffc29df20d8)
0x00007ffc29df1fd8:   24 50 c7 44 24 50 00 00 00 00 ba 84 8b 00 00 8b
0x00007ffc29df1fe8:   ce ff 15 49 4d 13 00 48 63 44 24 50 85 c0 7e 4d
0x00007ffc29df1ff8:   48 8b c8 c7 44 24 20 00 00 00 00 ba 01 00 00 00
0x00007ffc29df2008:   ff 15 12 96 09 00 8b 54 24 50 4c 8d 44 24 20 4c
0x00007ffc29df2018:   8b c8 8b ce 48 8b d8 ff 15 7b 4c 13 00 4c 8b cb
0x00007ffc29df2028:   48 8d 15 39 6b 0a 00 44 8b c6 b9 04 00 00 00 e8
0x00007ffc29df2038:   b4 5a 08 00 48 8b cb ff 15 e3 95 09 00 8b ce ff
0x00007ffc29df2048:   15 1b 46 13 00 33 c0 48 8b 5c 24 40 48 8b 74 24
0x00007ffc29df2058:   48 48 83 c4 30 5f c3 48 8d 15 22 6b 0a 00 b9 03
0x00007ffc29df2068:   00 00 00 e8 80 5a 08 00 48 8b 5c 24 40 8b c6 48
0x00007ffc29df2078:   8b 74 24 48 48 83 c4 30 5f c3 cc cc cc cc cc cc
0x00007ffc29df2088:   cc cc cc cc cc cc cc cc 40 53 55 41 55 41 56 41
0x00007ffc29df2098:   57 48 81 ec a0 00 00 00 48 8b 05 21 1e 13 00 48
0x00007ffc29df20a8:   33 c4 48 89 44 24 78 8b ea 89 54 24 60 4c 8b e9
0x00007ffc29df20b8:   44 89 44 24 64 45 33 f6 33 d2 b9 e1 0d 00 00 44
0x00007ffc29df20c8:   89 74 24 50 41 8b d9 45 8b f8 ff 15 a8 41 13 00
0x00007ffc29df20d8:   44 38 35 50 78 13 00 75 1d 8d 43 f2 83 f8 03 77
0x00007ffc29df20e8:   15 48 8d 15 78 63 0a 00 41 8d 4e 04 e8 f7 59 08
0x00007ffc29df20f8:   00 e9 0a 04 00 00 44 38 35 2b 78 13 00 75 19 83
0x00007ffc29df2108:   fb 12 75 14 48 8d 15 85 63 0a 00 8d 4b f2 e8 d5
0x00007ffc29df2118:   59 08 00 e9 e8 03 00 00 44 38 35 0a 78 13 00 75
0x00007ffc29df2128:   1e 8d 43 ed 83 f8 01 77 16 48 8d 15 98 63 0a 00
0x00007ffc29df2138:   b9 04 00 00 00 e8 ae 59 08 00 e9 c1 03 00 00 44
0x00007ffc29df2148:   38 35 e4 77 13 00 75 1e 8d 43 eb 83 f8 01 77 16
0x00007ffc29df2158:   48 8d 15 a9 63 0a 00 b9 04 00 00 00 e8 87 59 08
0x00007ffc29df2168:   00 e9 9a 03 00 00 44 38 35 be 77 13 00 75 1e 8d
0x00007ffc29df2178:   43 e9 83 f8 01 77 16 48 8d 15 ba 63 0a 00 b9 04
0x00007ffc29df2188:   00 00 00 e8 60 59 08 00 e9 73 03 00 00 48 89 b4
0x00007ffc29df2198:   24 98 00 00 00 ba 01 00 00 00 48 89 bc 24 90 00
0x00007ffc29df21a8:   00 00 b9 f5 0c 00 00 4c 89 a4 24 88 00 00 00 ff
0x00007ffc29df21b8:   15 db 53 13 00 48 8d 54 24 50 b9 01 00 00 00 ff
0x00007ffc29df21c8:   15 0b 48 13 00 8b 54 24 50 b9 e1 0d 00 00 ff 15 


Stack slot to memory mapping:

stack at sp + 0 slots: 0x00007ffc4e38f4f8 ucrtbase.dll
stack at sp + 1 slots: 0x00007ffc4e38f4f8 ucrtbase.dll
stack at sp + 2 slots: 0x000000b3a47ff200 is pointing into the stack for thread: 0x00000236c11dd950
stack at sp + 3 slots: 0x00007ffc4e38f4f8 ucrtbase.dll
stack at sp + 4 slots: 0x00007ffc4e38f4f8 ucrtbase.dll
stack at sp + 5 slots: 0x0 is null
stack at sp + 6 slots: 0x3a474e494e524157 is an unknown value
stack at sp + 7 slots: 0x46203a57464c4720 is an unknown value

Lock stack of current Java thread (top to bottom):


---------------  P R O C E S S  ---------------

Threads class SMR info:
_java_thread_list=0x00000236c1bf6cd0, length=25, elements={
0x00000236f1c00170, 0x00000236f1c00f90, 0x00000236f1c02e90, 0x00000236f1c06000,
0x00000236f1c27d00, 0x00000236f1c2c330, 0x00000236f1c2fe10, 0x00000236f1c3a4f0,
0x00000236c11ddfe0, 0x00000236c11e65c0, 0x00000236c11ee2c0, 0x00000236c11ef0f0,
0x00000236c11dd2c0, 0x00000236c11dcc30, 0x00000236c11ded00, 0x00000236c11dd950,
0x00000236c11de670, 0x00000236c14ef770, 0x00000236c14f0650, 0x00000236c14f1120,
0x00000236c11df390, 0x00000236c19341b0, 0x00000236c1935100, 0x00000236c1bf5fa0,
0x00000236c15ad200
}

Java Threads: ( => current thread )
  0x00000236f1c00170 JavaThread "Reference Handler"          daemon [_thread_blocked, id=8260, stack(0x000000b3a3800000,0x000000b3a3900000) (1024K)]
  0x00000236f1c00f90 JavaThread "Finalizer"                  daemon [_thread_blocked, id=33324, stack(0x000000b3a3900000,0x000000b3a3a00000) (1024K)]
  0x00000236f1c02e90 JavaThread "Signal Dispatcher"          daemon [_thread_blocked, id=24500, stack(0x000000b3a3a00000,0x000000b3a3b00000) (1024K)]
  0x00000236f1c06000 JavaThread "Attach Listener"            daemon [_thread_blocked, id=31056, stack(0x000000b3a3b00000,0x000000b3a3c00000) (1024K)]
  0x00000236f1c27d00 JavaThread "Service Thread"             daemon [_thread_blocked, id=24540, stack(0x000000b3a3c00000,0x000000b3a3d00000) (1024K)]
  0x00000236f1c2c330 JavaThread "Monitor Deflation Thread"   daemon [_thread_blocked, id=22624, stack(0x000000b3a3d00000,0x000000b3a3e00000) (1024K)]
  0x00000236f1c2fe10 JavaThread "C2 CompilerThread0"         daemon [_thread_blocked, id=7896, stack(0x000000b3a3e00000,0x000000b3a3f00000) (1024K)]
  0x00000236f1c3a4f0 JavaThread "C1 CompilerThread0"         daemon [_thread_blocked, id=2328, stack(0x000000b3a3f00000,0x000000b3a4000000) (1024K)]
  0x00000236c11ddfe0 JavaThread "Common-Cleaner"             daemon [_thread_blocked, id=11460, stack(0x000000b3a4000000,0x000000b3a4100000) (1024K)]
  0x00000236c11e65c0 JavaThread "C1 CompilerThread1"         daemon [_thread_blocked, id=12472, stack(0x000000b3a4100000,0x000000b3a4200000) (1024K)]
  0x00000236c11ee2c0 JavaThread "C1 CompilerThread2"         daemon [_thread_blocked, id=15776, stack(0x000000b3a4200000,0x000000b3a4300000) (1024K)]
  0x00000236c11ef0f0 JavaThread "C1 CompilerThread3"         daemon [_thread_blocked, id=18144, stack(0x000000b3a4300000,0x000000b3a4400000) (1024K)]
  0x00000236c11dd2c0 JavaThread "Monitor Ctrl-Break"         daemon [_thread_in_native, id=17856, stack(0x000000b3a4400000,0x000000b3a4500000) (1024K)]
  0x00000236c11dcc30 JavaThread "Notification Thread"        daemon [_thread_blocked, id=9300, stack(0x000000b3a4500000,0x000000b3a4600000) (1024K)]
  0x00000236c11ded00 JavaThread "Thread-0"                          [_thread_in_native, id=18688, stack(0x000000b3a4600000,0x000000b3a4700000) (1024K)]
=>0x00000236c11dd950 JavaThread "Thread-1"                          [_thread_in_native, id=27012, stack(0x000000b3a4700000,0x000000b3a4800000) (1024K)]
  0x00000236c11de670 JavaThread "DestroyJavaVM"                     [_thread_blocked, id=5824, stack(0x000000b3a3000000,0x000000b3a3100000) (1024K)]
  0x00000236c14ef770 JavaThread "C2 CompilerThread1"         daemon [_thread_in_native, id=24744, stack(0x000000b3a4800000,0x000000b3a4900000) (1024K)]
  0x00000236c14f0650 JavaThread "C2 CompilerThread2"         daemon [_thread_blocked, id=32796, stack(0x000000b3a4900000,0x000000b3a4a00000) (1024K)]
  0x00000236c14f1120 JavaThread "C2 CompilerThread3"         daemon [_thread_blocked, id=25892, stack(0x000000b3a4a00000,0x000000b3a4b00000) (1024K)]
  0x00000236c11df390 JavaThread "JavaCPP Deallocator"        daemon [_thread_blocked, id=8404, stack(0x000000b3a4b00000,0x000000b3a4c00000) (1024K)]
  0x00000236c19341b0 JavaThread "C2 CompilerThread4"         daemon [_thread_blocked, id=2456, stack(0x000000b3a4c00000,0x000000b3a4d00000) (1024K)]
  0x00000236c1935100 JavaThread "C2 CompilerThread5"         daemon [_thread_blocked, id=24056, stack(0x000000b3a4d00000,0x000000b3a4e00000) (1024K)]
  0x00000236c1bf5fa0 JavaThread "C2 CompilerThread6"         daemon [_thread_blocked, id=26840, stack(0x000000b3a4e00000,0x000000b3a4f00000) (1024K)]
  0x00000236c15ad200 JavaThread "C2 CompilerThread7"         daemon [_thread_blocked, id=20324, stack(0x000000b3a4f00000,0x000000b3a5000000) (1024K)]
Total: 25

Other Threads:
  0x00000236f1be7870 VMThread "VM Thread"                           [id=22936, stack(0x000000b3a3700000,0x000000b3a3800000) (1024K)]
  0x00000236f1bd3a30 WatcherThread "VM Periodic Task Thread"        [id=19032, stack(0x000000b3a3600000,0x000000b3a3700000) (1024K)]
  0x00000236f1a8f930 WorkerThread "GC Thread#0"                     [id=12896, stack(0x000000b3a3100000,0x000000b3a3200000) (1024K)]
  0x00000236f1a909e0 ConcurrentGCThread "G1 Main Marker"            [id=15016, stack(0x000000b3a3200000,0x000000b3a3300000) (1024K)]
  0x00000236cf4e27a0 WorkerThread "G1 Conc#0"                       [id=14300, stack(0x000000b3a3300000,0x000000b3a3400000) (1024K)]
  0x00000236cf51e0b0 ConcurrentGCThread "G1 Refine#0"               [id=33296, stack(0x000000b3a3400000,0x000000b3a3500000) (1024K)]
  0x00000236f1b28880 ConcurrentGCThread "G1 Service"                [id=13332, stack(0x000000b3a3500000,0x000000b3a3600000) (1024K)]
Total: 7

Threads with active compile tasks:
C2 CompilerThread1  498  953       4       java.lang.CompoundEnumeration::hasMoreElements (5 bytes)
Total: 1

VM state: not at safepoint (normal execution)

VM Mutex/Monitor currently owned by a thread: None

Heap address: 0x0000000604000000, size: 8128 MB, Compressed Oops mode: Zero based, Oop shift amount: 3

CDS archive(s) mapped at: [0x0000023680000000-0x0000023680d70000-0x0000023680d70000), size 14090240, SharedBaseAddress: 0x0000023680000000, ArchiveRelocationMode: 1.
Compressed class space mapped at: 0x0000023681000000-0x00000236c1000000, reserved size: 1073741824
Narrow klass base: 0x0000023680000000, Narrow klass shift: 0, Narrow klass range: 0x41000000

GC Precious Log:
 CardTable entry size: 512
 Card Set container configuration: InlinePtr #cards 4 size 8 Array Of Cards #cards 32 size 80 Howl #buckets 8 coarsen threshold 7372 Howl Bitmap #cards 1024 size 144 coarsen threshold 921 Card regions per heap region 1 cards per card region 8192
 CPUs: 24 total, 24 available
 Memory: 32507M
 Large Page Support: Disabled
 NUMA Support: Disabled
 Compressed Oops: Enabled (Zero based)
 Heap Region Size: 4M
 Heap Min Capacity: 8M
 Heap Initial Capacity: 508M
 Heap Max Capacity: 8128M
 Pre-touch: Disabled
 Parallel Workers: 18
 Concurrent Workers: 5
 Concurrent Refinement Workers: 18
 Periodic GC: Disabled

Heap:
 garbage-first heap   total reserved 8323072K, committed 520192K, used 20480K [0x0000000604000000, 0x0000000800000000)
  region size 4096K, 6 young (24576K), 0 survivors (0K)
 Metaspace       used 2941K, committed 3072K, reserved 1114112K
  class space    used 289K, committed 384K, reserved 1048576K

Heap Regions: E=young(eden), S=young(survivor), O=old, HS=humongous(starts), HC=humongous(continues), CS=collection set, F=free, TAMS=top-at-mark-start, PB=parsable bottom
|   0|0x0000000604000000, 0x0000000604000000, 0x0000000604400000|  0%| F|  |TAMS 0x0000000604000000| PB 0x0000000604000000| Untracked |  0
|   1|0x0000000604400000, 0x0000000604400000, 0x0000000604800000|  0%| F|  |TAMS 0x0000000604400000| PB 0x0000000604400000| Untracked |  0
|   2|0x0000000604800000, 0x0000000604800000, 0x0000000604c00000|  0%| F|  |TAMS 0x0000000604800000| PB 0x0000000604800000| Untracked |  0
|   3|0x0000000604c00000, 0x0000000604c00000, 0x0000000605000000|  0%| F|  |TAMS 0x0000000604c00000| PB 0x0000000604c00000| Untracked |  0
|   4|0x0000000605000000, 0x0000000605000000, 0x0000000605400000|  0%| F|  |TAMS 0x0000000605000000| PB 0x0000000605000000| Untracked |  0
|   5|0x0000000605400000, 0x0000000605400000, 0x0000000605800000|  0%| F|  |TAMS 0x0000000605400000| PB 0x0000000605400000| Untracked |  0
|   6|0x0000000605800000, 0x0000000605800000, 0x0000000605c00000|  0%| F|  |TAMS 0x0000000605800000| PB 0x0000000605800000| Untracked |  0
|   7|0x0000000605c00000, 0x0000000605c00000, 0x0000000606000000|  0%| F|  |TAMS 0x0000000605c00000| PB 0x0000000605c00000| Untracked |  0
|   8|0x0000000606000000, 0x0000000606000000, 0x0000000606400000|  0%| F|  |TAMS 0x0000000606000000| PB 0x0000000606000000| Untracked |  0
|   9|0x0000000606400000, 0x0000000606400000, 0x0000000606800000|  0%| F|  |TAMS 0x0000000606400000| PB 0x0000000606400000| Untracked |  0
|  10|0x0000000606800000, 0x0000000606800000, 0x0000000606c00000|  0%| F|  |TAMS 0x0000000606800000| PB 0x0000000606800000| Untracked |  0
|  11|0x0000000606c00000, 0x0000000606c00000, 0x0000000607000000|  0%| F|  |TAMS 0x0000000606c00000| PB 0x0000000606c00000| Untracked |  0
|  12|0x0000000607000000, 0x0000000607000000, 0x0000000607400000|  0%| F|  |TAMS 0x0000000607000000| PB 0x0000000607000000| Untracked |  0
|  13|0x0000000607400000, 0x0000000607400000, 0x0000000607800000|  0%| F|  |TAMS 0x0000000607400000| PB 0x0000000607400000| Untracked |  0
|  14|0x0000000607800000, 0x0000000607800000, 0x0000000607c00000|  0%| F|  |TAMS 0x0000000607800000| PB 0x0000000607800000| Untracked |  0
|  15|0x0000000607c00000, 0x0000000607c00000, 0x0000000608000000|  0%| F|  |TAMS 0x0000000607c00000| PB 0x0000000607c00000| Untracked |  0
|  16|0x0000000608000000, 0x0000000608000000, 0x0000000608400000|  0%| F|  |TAMS 0x0000000608000000| PB 0x0000000608000000| Untracked |  0
|  17|0x0000000608400000, 0x0000000608400000, 0x0000000608800000|  0%| F|  |TAMS 0x0000000608400000| PB 0x0000000608400000| Untracked |  0
|  18|0x0000000608800000, 0x0000000608800000, 0x0000000608c00000|  0%| F|  |TAMS 0x0000000608800000| PB 0x0000000608800000| Untracked |  0
|  19|0x0000000608c00000, 0x0000000608c00000, 0x0000000609000000|  0%| F|  |TAMS 0x0000000608c00000| PB 0x0000000608c00000| Untracked |  0
|  20|0x0000000609000000, 0x0000000609000000, 0x0000000609400000|  0%| F|  |TAMS 0x0000000609000000| PB 0x0000000609000000| Untracked |  0
|  21|0x0000000609400000, 0x0000000609400000, 0x0000000609800000|  0%| F|  |TAMS 0x0000000609400000| PB 0x0000000609400000| Untracked |  0
|  22|0x0000000609800000, 0x0000000609800000, 0x0000000609c00000|  0%| F|  |TAMS 0x0000000609800000| PB 0x0000000609800000| Untracked |  0
|  23|0x0000000609c00000, 0x0000000609c00000, 0x000000060a000000|  0%| F|  |TAMS 0x0000000609c00000| PB 0x0000000609c00000| Untracked |  0
|  24|0x000000060a000000, 0x000000060a000000, 0x000000060a400000|  0%| F|  |TAMS 0x000000060a000000| PB 0x000000060a000000| Untracked |  0
|  25|0x000000060a400000, 0x000000060a400000, 0x000000060a800000|  0%| F|  |TAMS 0x000000060a400000| PB 0x000000060a400000| Untracked |  0
|  26|0x000000060a800000, 0x000000060a800000, 0x000000060ac00000|  0%| F|  |TAMS 0x000000060a800000| PB 0x000000060a800000| Untracked |  0
|  27|0x000000060ac00000, 0x000000060ac00000, 0x000000060b000000|  0%| F|  |TAMS 0x000000060ac00000| PB 0x000000060ac00000| Untracked |  0
|  28|0x000000060b000000, 0x000000060b000000, 0x000000060b400000|  0%| F|  |TAMS 0x000000060b000000| PB 0x000000060b000000| Untracked |  0
|  29|0x000000060b400000, 0x000000060b400000, 0x000000060b800000|  0%| F|  |TAMS 0x000000060b400000| PB 0x000000060b400000| Untracked |  0
|  30|0x000000060b800000, 0x000000060b800000, 0x000000060bc00000|  0%| F|  |TAMS 0x000000060b800000| PB 0x000000060b800000| Untracked |  0
|  31|0x000000060bc00000, 0x000000060bc00000, 0x000000060c000000|  0%| F|  |TAMS 0x000000060bc00000| PB 0x000000060bc00000| Untracked |  0
|  32|0x000000060c000000, 0x000000060c000000, 0x000000060c400000|  0%| F|  |TAMS 0x000000060c000000| PB 0x000000060c000000| Untracked |  0
|  33|0x000000060c400000, 0x000000060c400000, 0x000000060c800000|  0%| F|  |TAMS 0x000000060c400000| PB 0x000000060c400000| Untracked |  0
|  34|0x000000060c800000, 0x000000060c800000, 0x000000060cc00000|  0%| F|  |TAMS 0x000000060c800000| PB 0x000000060c800000| Untracked |  0
|  35|0x000000060cc00000, 0x000000060cc00000, 0x000000060d000000|  0%| F|  |TAMS 0x000000060cc00000| PB 0x000000060cc00000| Untracked |  0
|  36|0x000000060d000000, 0x000000060d000000, 0x000000060d400000|  0%| F|  |TAMS 0x000000060d000000| PB 0x000000060d000000| Untracked |  0
|  37|0x000000060d400000, 0x000000060d400000, 0x000000060d800000|  0%| F|  |TAMS 0x000000060d400000| PB 0x000000060d400000| Untracked |  0
|  38|0x000000060d800000, 0x000000060d800000, 0x000000060dc00000|  0%| F|  |TAMS 0x000000060d800000| PB 0x000000060d800000| Untracked |  0
|  39|0x000000060dc00000, 0x000000060dc00000, 0x000000060e000000|  0%| F|  |TAMS 0x000000060dc00000| PB 0x000000060dc00000| Untracked |  0
|  40|0x000000060e000000, 0x000000060e000000, 0x000000060e400000|  0%| F|  |TAMS 0x000000060e000000| PB 0x000000060e000000| Untracked |  0
|  41|0x000000060e400000, 0x000000060e400000, 0x000000060e800000|  0%| F|  |TAMS 0x000000060e400000| PB 0x000000060e400000| Untracked |  0
|  42|0x000000060e800000, 0x000000060e800000, 0x000000060ec00000|  0%| F|  |TAMS 0x000000060e800000| PB 0x000000060e800000| Untracked |  0
|  43|0x000000060ec00000, 0x000000060ec00000, 0x000000060f000000|  0%| F|  |TAMS 0x000000060ec00000| PB 0x000000060ec00000| Untracked |  0
|  44|0x000000060f000000, 0x000000060f000000, 0x000000060f400000|  0%| F|  |TAMS 0x000000060f000000| PB 0x000000060f000000| Untracked |  0
|  45|0x000000060f400000, 0x000000060f400000, 0x000000060f800000|  0%| F|  |TAMS 0x000000060f400000| PB 0x000000060f400000| Untracked |  0
|  46|0x000000060f800000, 0x000000060f800000, 0x000000060fc00000|  0%| F|  |TAMS 0x000000060f800000| PB 0x000000060f800000| Untracked |  0
|  47|0x000000060fc00000, 0x000000060fc00000, 0x0000000610000000|  0%| F|  |TAMS 0x000000060fc00000| PB 0x000000060fc00000| Untracked |  0
|  48|0x0000000610000000, 0x0000000610000000, 0x0000000610400000|  0%| F|  |TAMS 0x0000000610000000| PB 0x0000000610000000| Untracked |  0
|  49|0x0000000610400000, 0x0000000610400000, 0x0000000610800000|  0%| F|  |TAMS 0x0000000610400000| PB 0x0000000610400000| Untracked |  0
|  50|0x0000000610800000, 0x0000000610800000, 0x0000000610c00000|  0%| F|  |TAMS 0x0000000610800000| PB 0x0000000610800000| Untracked |  0
|  51|0x0000000610c00000, 0x0000000610c00000, 0x0000000611000000|  0%| F|  |TAMS 0x0000000610c00000| PB 0x0000000610c00000| Untracked |  0
|  52|0x0000000611000000, 0x0000000611000000, 0x0000000611400000|  0%| F|  |TAMS 0x0000000611000000| PB 0x0000000611000000| Untracked |  0
|  53|0x0000000611400000, 0x0000000611400000, 0x0000000611800000|  0%| F|  |TAMS 0x0000000611400000| PB 0x0000000611400000| Untracked |  0
|  54|0x0000000611800000, 0x0000000611800000, 0x0000000611c00000|  0%| F|  |TAMS 0x0000000611800000| PB 0x0000000611800000| Untracked |  0
|  55|0x0000000611c00000, 0x0000000611c00000, 0x0000000612000000|  0%| F|  |TAMS 0x0000000611c00000| PB 0x0000000611c00000| Untracked |  0
|  56|0x0000000612000000, 0x0000000612000000, 0x0000000612400000|  0%| F|  |TAMS 0x0000000612000000| PB 0x0000000612000000| Untracked |  0
|  57|0x0000000612400000, 0x0000000612400000, 0x0000000612800000|  0%| F|  |TAMS 0x0000000612400000| PB 0x0000000612400000| Untracked |  0
|  58|0x0000000612800000, 0x0000000612800000, 0x0000000612c00000|  0%| F|  |TAMS 0x0000000612800000| PB 0x0000000612800000| Untracked |  0
|  59|0x0000000612c00000, 0x0000000612c00000, 0x0000000613000000|  0%| F|  |TAMS 0x0000000612c00000| PB 0x0000000612c00000| Untracked |  0
|  60|0x0000000613000000, 0x0000000613000000, 0x0000000613400000|  0%| F|  |TAMS 0x0000000613000000| PB 0x0000000613000000| Untracked |  0
|  61|0x0000000613400000, 0x0000000613400000, 0x0000000613800000|  0%| F|  |TAMS 0x0000000613400000| PB 0x0000000613400000| Untracked |  0
|  62|0x0000000613800000, 0x0000000613800000, 0x0000000613c00000|  0%| F|  |TAMS 0x0000000613800000| PB 0x0000000613800000| Untracked |  0
|  63|0x0000000613c00000, 0x0000000613c00000, 0x0000000614000000|  0%| F|  |TAMS 0x0000000613c00000| PB 0x0000000613c00000| Untracked |  0
|  64|0x0000000614000000, 0x0000000614000000, 0x0000000614400000|  0%| F|  |TAMS 0x0000000614000000| PB 0x0000000614000000| Untracked |  0
|  65|0x0000000614400000, 0x0000000614400000, 0x0000000614800000|  0%| F|  |TAMS 0x0000000614400000| PB 0x0000000614400000| Untracked |  0
|  66|0x0000000614800000, 0x0000000614800000, 0x0000000614c00000|  0%| F|  |TAMS 0x0000000614800000| PB 0x0000000614800000| Untracked |  0
|  67|0x0000000614c00000, 0x0000000614c00000, 0x0000000615000000|  0%| F|  |TAMS 0x0000000614c00000| PB 0x0000000614c00000| Untracked |  0
|  68|0x0000000615000000, 0x0000000615000000, 0x0000000615400000|  0%| F|  |TAMS 0x0000000615000000| PB 0x0000000615000000| Untracked |  0
|  69|0x0000000615400000, 0x0000000615400000, 0x0000000615800000|  0%| F|  |TAMS 0x0000000615400000| PB 0x0000000615400000| Untracked |  0
|  70|0x0000000615800000, 0x0000000615800000, 0x0000000615c00000|  0%| F|  |TAMS 0x0000000615800000| PB 0x0000000615800000| Untracked |  0
|  71|0x0000000615c00000, 0x0000000615c00000, 0x0000000616000000|  0%| F|  |TAMS 0x0000000615c00000| PB 0x0000000615c00000| Untracked |  0
|  72|0x0000000616000000, 0x0000000616000000, 0x0000000616400000|  0%| F|  |TAMS 0x0000000616000000| PB 0x0000000616000000| Untracked |  0
|  73|0x0000000616400000, 0x0000000616400000, 0x0000000616800000|  0%| F|  |TAMS 0x0000000616400000| PB 0x0000000616400000| Untracked |  0
|  74|0x0000000616800000, 0x0000000616800000, 0x0000000616c00000|  0%| F|  |TAMS 0x0000000616800000| PB 0x0000000616800000| Untracked |  0
|  75|0x0000000616c00000, 0x0000000616c00000, 0x0000000617000000|  0%| F|  |TAMS 0x0000000616c00000| PB 0x0000000616c00000| Untracked |  0
|  76|0x0000000617000000, 0x0000000617000000, 0x0000000617400000|  0%| F|  |TAMS 0x0000000617000000| PB 0x0000000617000000| Untracked |  0
|  77|0x0000000617400000, 0x0000000617400000, 0x0000000617800000|  0%| F|  |TAMS 0x0000000617400000| PB 0x0000000617400000| Untracked |  0
|  78|0x0000000617800000, 0x0000000617800000, 0x0000000617c00000|  0%| F|  |TAMS 0x0000000617800000| PB 0x0000000617800000| Untracked |  0
|  79|0x0000000617c00000, 0x0000000617c00000, 0x0000000618000000|  0%| F|  |TAMS 0x0000000617c00000| PB 0x0000000617c00000| Untracked |  0
|  80|0x0000000618000000, 0x0000000618000000, 0x0000000618400000|  0%| F|  |TAMS 0x0000000618000000| PB 0x0000000618000000| Untracked |  0
|  81|0x0000000618400000, 0x0000000618400000, 0x0000000618800000|  0%| F|  |TAMS 0x0000000618400000| PB 0x0000000618400000| Untracked |  0
|  82|0x0000000618800000, 0x0000000618800000, 0x0000000618c00000|  0%| F|  |TAMS 0x0000000618800000| PB 0x0000000618800000| Untracked |  0
|  83|0x0000000618c00000, 0x0000000618c00000, 0x0000000619000000|  0%| F|  |TAMS 0x0000000618c00000| PB 0x0000000618c00000| Untracked |  0
|  84|0x0000000619000000, 0x0000000619000000, 0x0000000619400000|  0%| F|  |TAMS 0x0000000619000000| PB 0x0000000619000000| Untracked |  0
|  85|0x0000000619400000, 0x0000000619400000, 0x0000000619800000|  0%| F|  |TAMS 0x0000000619400000| PB 0x0000000619400000| Untracked |  0
|  86|0x0000000619800000, 0x0000000619800000, 0x0000000619c00000|  0%| F|  |TAMS 0x0000000619800000| PB 0x0000000619800000| Untracked |  0
|  87|0x0000000619c00000, 0x0000000619c00000, 0x000000061a000000|  0%| F|  |TAMS 0x0000000619c00000| PB 0x0000000619c00000| Untracked |  0
|  88|0x000000061a000000, 0x000000061a000000, 0x000000061a400000|  0%| F|  |TAMS 0x000000061a000000| PB 0x000000061a000000| Untracked |  0
|  89|0x000000061a400000, 0x000000061a400000, 0x000000061a800000|  0%| F|  |TAMS 0x000000061a400000| PB 0x000000061a400000| Untracked |  0
|  90|0x000000061a800000, 0x000000061a800000, 0x000000061ac00000|  0%| F|  |TAMS 0x000000061a800000| PB 0x000000061a800000| Untracked |  0
|  91|0x000000061ac00000, 0x000000061ac00000, 0x000000061b000000|  0%| F|  |TAMS 0x000000061ac00000| PB 0x000000061ac00000| Untracked |  0
|  92|0x000000061b000000, 0x000000061b000000, 0x000000061b400000|  0%| F|  |TAMS 0x000000061b000000| PB 0x000000061b000000| Untracked |  0
|  93|0x000000061b400000, 0x000000061b400000, 0x000000061b800000|  0%| F|  |TAMS 0x000000061b400000| PB 0x000000061b400000| Untracked |  0
|  94|0x000000061b800000, 0x000000061b800000, 0x000000061bc00000|  0%| F|  |TAMS 0x000000061b800000| PB 0x000000061b800000| Untracked |  0
|  95|0x000000061bc00000, 0x000000061bc00000, 0x000000061c000000|  0%| F|  |TAMS 0x000000061bc00000| PB 0x000000061bc00000| Untracked |  0
|  96|0x000000061c000000, 0x000000061c000000, 0x000000061c400000|  0%| F|  |TAMS 0x000000061c000000| PB 0x000000061c000000| Untracked |  0
|  97|0x000000061c400000, 0x000000061c400000, 0x000000061c800000|  0%| F|  |TAMS 0x000000061c400000| PB 0x000000061c400000| Untracked |  0
|  98|0x000000061c800000, 0x000000061c800000, 0x000000061cc00000|  0%| F|  |TAMS 0x000000061c800000| PB 0x000000061c800000| Untracked |  0
|  99|0x000000061cc00000, 0x000000061cc00000, 0x000000061d000000|  0%| F|  |TAMS 0x000000061cc00000| PB 0x000000061cc00000| Untracked |  0
| 100|0x000000061d000000, 0x000000061d000000, 0x000000061d400000|  0%| F|  |TAMS 0x000000061d000000| PB 0x000000061d000000| Untracked |  0
| 101|0x000000061d400000, 0x000000061d400000, 0x000000061d800000|  0%| F|  |TAMS 0x000000061d400000| PB 0x000000061d400000| Untracked |  0
| 102|0x000000061d800000, 0x000000061d800000, 0x000000061dc00000|  0%| F|  |TAMS 0x000000061d800000| PB 0x000000061d800000| Untracked |  0
| 103|0x000000061dc00000, 0x000000061dc00000, 0x000000061e000000|  0%| F|  |TAMS 0x000000061dc00000| PB 0x000000061dc00000| Untracked |  0
| 104|0x000000061e000000, 0x000000061e000000, 0x000000061e400000|  0%| F|  |TAMS 0x000000061e000000| PB 0x000000061e000000| Untracked |  0
| 105|0x000000061e400000, 0x000000061e400000, 0x000000061e800000|  0%| F|  |TAMS 0x000000061e400000| PB 0x000000061e400000| Untracked |  0
| 106|0x000000061e800000, 0x000000061e800000, 0x000000061ec00000|  0%| F|  |TAMS 0x000000061e800000| PB 0x000000061e800000| Untracked |  0
| 107|0x000000061ec00000, 0x000000061ec00000, 0x000000061f000000|  0%| F|  |TAMS 0x000000061ec00000| PB 0x000000061ec00000| Untracked |  0
| 108|0x000000061f000000, 0x000000061f000000, 0x000000061f400000|  0%| F|  |TAMS 0x000000061f000000| PB 0x000000061f000000| Untracked |  0
| 109|0x000000061f400000, 0x000000061f400000, 0x000000061f800000|  0%| F|  |TAMS 0x000000061f400000| PB 0x000000061f400000| Untracked |  0
| 110|0x000000061f800000, 0x000000061f800000, 0x000000061fc00000|  0%| F|  |TAMS 0x000000061f800000| PB 0x000000061f800000| Untracked |  0
| 111|0x000000061fc00000, 0x000000061fc00000, 0x0000000620000000|  0%| F|  |TAMS 0x000000061fc00000| PB 0x000000061fc00000| Untracked |  0
| 112|0x0000000620000000, 0x0000000620000000, 0x0000000620400000|  0%| F|  |TAMS 0x0000000620000000| PB 0x0000000620000000| Untracked |  0
| 113|0x0000000620400000, 0x0000000620400000, 0x0000000620800000|  0%| F|  |TAMS 0x0000000620400000| PB 0x0000000620400000| Untracked |  0
| 114|0x0000000620800000, 0x0000000620800000, 0x0000000620c00000|  0%| F|  |TAMS 0x0000000620800000| PB 0x0000000620800000| Untracked |  0
| 115|0x0000000620c00000, 0x0000000620c00000, 0x0000000621000000|  0%| F|  |TAMS 0x0000000620c00000| PB 0x0000000620c00000| Untracked |  0
| 116|0x0000000621000000, 0x0000000621000000, 0x0000000621400000|  0%| F|  |TAMS 0x0000000621000000| PB 0x0000000621000000| Untracked |  0
| 117|0x0000000621400000, 0x0000000621400000, 0x0000000621800000|  0%| F|  |TAMS 0x0000000621400000| PB 0x0000000621400000| Untracked |  0
| 118|0x0000000621800000, 0x0000000621800000, 0x0000000621c00000|  0%| F|  |TAMS 0x0000000621800000| PB 0x0000000621800000| Untracked |  0
| 119|0x0000000621c00000, 0x0000000621c00000, 0x0000000622000000|  0%| F|  |TAMS 0x0000000621c00000| PB 0x0000000621c00000| Untracked |  0
| 120|0x0000000622000000, 0x0000000622000000, 0x0000000622400000|  0%| F|  |TAMS 0x0000000622000000| PB 0x0000000622000000| Untracked |  0
| 121|0x0000000622400000, 0x00000006224f6278, 0x0000000622800000| 24%| E|  |TAMS 0x0000000622400000| PB 0x0000000622400000| Complete |  0
| 122|0x0000000622800000, 0x0000000622c00000, 0x0000000622c00000|100%| E|CS|TAMS 0x0000000622800000| PB 0x0000000622800000| Complete |  0
| 123|0x0000000622c00000, 0x0000000623000000, 0x0000000623000000|100%| E|CS|TAMS 0x0000000622c00000| PB 0x0000000622c00000| Complete |  0
| 124|0x0000000623000000, 0x0000000623400000, 0x0000000623400000|100%| E|CS|TAMS 0x0000000623000000| PB 0x0000000623000000| Complete |  0
| 125|0x0000000623400000, 0x0000000623800000, 0x0000000623800000|100%| E|CS|TAMS 0x0000000623400000| PB 0x0000000623400000| Complete |  0
| 126|0x0000000623800000, 0x0000000623c00000, 0x0000000623c00000|100%| E|CS|TAMS 0x0000000623800000| PB 0x0000000623800000| Complete |  0

Card table byte_map: [0x00000236e8a60000,0x00000236e9a40000] _byte_map_base: 0x00000236e5a40000

Marking Bits: (CMBitMap*) 0x00000236f1a90040
 Bits: [0x00000236e9a40000, 0x00000236f1940000)

Polling page: 0x00000236cd2c0000

Metaspace:

Usage:
  Non-class:      2.59 MB used.
      Class:    289.00 KB used.
       Both:      2.87 MB used.

Virtual space:
  Non-class space:       64.00 MB reserved,       2.62 MB (  4%) committed,  1 nodes.
      Class space:        1.00 GB reserved,     384.00 KB ( <1%) committed,  1 nodes.
             Both:        1.06 GB reserved,       3.00 MB ( <1%) committed. 

Chunk freelists:
   Non-Class:  11.19 MB
       Class:  15.64 MB
        Both:  26.83 MB

MaxMetaspaceSize: unlimited
CompressedClassSpaceSize: 1.00 GB
Initial GC threshold: 21.00 MB
Current GC threshold: 21.00 MB
CDS: on
 - commit_granule_bytes: 65536.
 - commit_granule_words: 8192.
 - virtual_space_node_default_size: 8388608.
 - enlarge_chunks_in_place: 1.
 - use_allocation_guard: 0.


Internal statistics:

num_allocs_failed_limit: 0.
num_arena_births: 52.
num_arena_deaths: 0.
num_vsnodes_births: 2.
num_vsnodes_deaths: 0.
num_space_committed: 48.
num_space_uncommitted: 0.
num_chunks_returned_to_freelist: 0.
num_chunks_taken_from_freelist: 96.
num_chunk_merges: 0.
num_chunk_splits: 62.
num_chunks_enlarged: 46.
num_inconsistent_stats: 0.

CodeHeap 'non-profiled nmethods': size=119232Kb used=478Kb max_used=478Kb free=118753Kb
 bounds [0x00000236df720000, 0x00000236df990000, 0x00000236e6b90000]
CodeHeap 'profiled nmethods': size=119104Kb used=1158Kb max_used=1158Kb free=117945Kb
 bounds [0x00000236d7b90000, 0x00000236d7e00000, 0x00000236defe0000]
CodeHeap 'non-nmethods': size=7424Kb used=3093Kb max_used=3139Kb free=4330Kb
 bounds [0x00000236defe0000, 0x00000236df300000, 0x00000236df720000]
CodeCache: size=245760Kb, used=4729Kb, max_used=4775Kb, free=241028Kb
 total_blobs=1517, nmethods=1004, adapters=416, full_count=0
Compilation: enabled, stopped_count=0, restarted_count=0

Compilation events (20 events):
Event: 0.297 Thread 0x00000236c11ee2c0 nmethod 1001 0x00000236d7cacb88 code [0x00000236d7cacca0, 0x00000236d7cace78]
Event: 0.297 Thread 0x00000236c11ef0f0 nmethod 1000 0x00000236d7cace88 code [0x00000236d7cad020, 0x00000236d7cad638]
Event: 0.297 Thread 0x00000236c11e65c0 nmethod 997 0x00000236d7cad688 code [0x00000236d7cad8e0, 0x00000236d7cae878]
Event: 0.298 Thread 0x00000236f1c3a4f0 nmethod 996 0x00000236d7cae908 code [0x00000236d7caec60, 0x00000236d7cb0428]
Event: 0.298 Thread 0x00000236c11ef0f0 1002       3       java.util.jar.JarFile::maybeInstantiateVerifier (42 bytes)
Event: 0.298 Thread 0x00000236c11ef0f0 nmethod 1002 0x00000236d7cb0588 code [0x00000236d7cb06e0, 0x00000236d7cb0a58]
Event: 0.299 Thread 0x00000236f1c3a4f0 1003       3       java.util.WeakHashMap::get (75 bytes)
Event: 0.299 Thread 0x00000236c1bf5fa0 nmethod 943 0x00000236df76d408 code [0x00000236df76d500, 0x00000236df76d758]
Event: 0.299 Thread 0x00000236c11e65c0 1004       1       java.util.jar.Attributes$Name::hashCode (5 bytes)
Event: 0.299 Thread 0x00000236c11e65c0 nmethod 1004 0x00000236df76d788 code [0x00000236df76d8a0, 0x00000236df76d968]
Event: 0.300 Thread 0x00000236f1c3a4f0 nmethod 1003 0x00000236d7cb0a88 code [0x00000236d7cb0c40, 0x00000236d7cb14c8]
Event: 0.300 Thread 0x00000236c1bf5fa0  944       4       java.lang.StringLatin1::indexOf (25 bytes)
Event: 0.301 Thread 0x00000236c11ee2c0 1005       3       jdk.internal.loader.NativeLibraries$NativeLibraryImpl::find (9 bytes)
Event: 0.301 Thread 0x00000236c11ee2c0 nmethod 1005 0x00000236d7cb1588 code [0x00000236d7cb16a0, 0x00000236d7cb17e0]
Event: 0.301 Thread 0x00000236c1bf5fa0 nmethod 944 0x00000236df76da88 code [0x00000236df76dba0, 0x00000236df76ddc0]
Event: 0.302 Thread 0x00000236c1bf5fa0  926       4       java.util.concurrent.ConcurrentHashMap$ValueIterator::next (34 bytes)
Event: 0.308 Thread 0x00000236c14f0650 nmethod 932 0x00000236df76de08 code [0x00000236df76df80, 0x00000236df76ecc0]
Event: 0.308 Thread 0x00000236c1bf5fa0 nmethod 926 0x00000236df76ed88 code [0x00000236df76eea0, 0x00000236df76f310]
Event: 0.309 Thread 0x00000236c1bf5fa0  927       4       jdk.internal.loader.BuiltinClassLoader::moduleReaderFor (45 bytes)
Event: 0.310 Thread 0x00000236c14f0650  928       4       jdk.internal.module.SystemModuleFinders$SystemModuleReader::find (59 bytes)

GC Heap History (0 events):
No events

Dll operation events (20 events):
Event: 0.221 Loaded shared library C:\Users\kacpe\.jdks\openjdk-23\bin\api-ms-win-core-datetime-l1-1-0.dll
Event: 0.225 Loaded shared library C:\Users\kacpe\.jdks\openjdk-23\bin\api-ms-win-core-localization-l1-2-0.dll
Event: 0.227 Loaded shared library C:\Users\kacpe\.jdks\openjdk-23\bin\api-ms-win-core-sysinfo-l1-1-0.dll
Event: 0.229 Loaded shared library C:\Users\kacpe\.jdks\openjdk-23\bin\api-ms-win-core-synch-l1-2-0.dll
Event: 0.232 Loaded shared library C:\Users\kacpe\.jdks\openjdk-23\bin\api-ms-win-core-console-l1-1-0.dll
Event: 0.234 Loaded shared library C:\Users\kacpe\.jdks\openjdk-23\bin\api-ms-win-core-debug-l1-1-0.dll
Event: 0.236 Loaded shared library C:\Users\kacpe\.jdks\openjdk-23\bin\api-ms-win-core-rtlsupport-l1-1-0.dll
Event: 0.239 Loaded shared library C:\Users\kacpe\.jdks\openjdk-23\bin\api-ms-win-core-processthreads-l1-1-1.dll
Event: 0.241 Loaded shared library C:\Users\kacpe\.jdks\openjdk-23\bin\api-ms-win-core-file-l1-2-0.dll
Event: 0.243 Loaded shared library C:\Users\kacpe\.jdks\openjdk-23\bin\api-ms-win-core-profile-l1-1-0.dll
Event: 0.246 Loaded shared library C:\Users\kacpe\.jdks\openjdk-23\bin\api-ms-win-core-memory-l1-1-0.dll
Event: 0.249 Loaded shared library C:\Users\kacpe\.jdks\openjdk-23\bin\api-ms-win-core-util-l1-1-0.dll
Event: 0.251 Loaded shared library C:\Users\kacpe\.jdks\openjdk-23\bin\api-ms-win-core-interlocked-l1-1-0.dll
Event: 0.254 Loaded shared library C:\Users\kacpe\.jdks\openjdk-23\bin\ucrtbase.dll
Event: 0.257 Loaded shared library C:\Users\kacpe\.jdks\openjdk-23\bin\vcruntime140.dll
Event: 0.260 Loaded shared library C:\Users\kacpe\.jdks\openjdk-23\bin\vcruntime140_1.dll
Event: 0.262 Loaded shared library C:\Users\kacpe\.jdks\openjdk-23\bin\msvcp140.dll
Event: 0.265 Loaded shared library C:\Windows\System32\msvcp140_1.dll
Event: 0.268 Loaded shared library C:\Windows\System32\concrt140.dll
Event: 0.271 Loaded shared library C:\Windows\System32\vcomp140.dll

Deoptimization events (20 events):
Event: 0.197 Thread 0x00000236c11ded00 Uncommon trap: trap_request=0xffffff6e fr.pc=0x00000236df7593d8 relative=0x0000000000000438
Event: 0.197 Thread 0x00000236c11ded00 Uncommon trap: reason=loop_limit_check action=maybe_recompile pc=0x00000236df7593d8 method=java.lang.StringLatin1.indexOf([BI[BII)I @ 37 c2
Event: 0.197 Thread 0x00000236c11ded00 DEOPT PACKING pc=0x00000236df7593d8 sp=0x000000b3a46fcbe0
Event: 0.197 Thread 0x00000236c11ded00 DEOPT UNPACKING pc=0x00000236df034402 sp=0x000000b3a46fcb40 mode 2
Event: 0.223 Thread 0x00000236c11ded00 Uncommon trap: trap_request=0xffffffde fr.pc=0x00000236df75cea8 relative=0x0000000000000108
Event: 0.223 Thread 0x00000236c11ded00 Uncommon trap: reason=class_check action=maybe_recompile pc=0x00000236df75cea8 method=jdk.internal.misc.Unsafe.allocateUninitializedArray(Ljava/lang/Class;I)Ljava/lang/Object; @ 51 c2
Event: 0.223 Thread 0x00000236c11ded00 DEOPT PACKING pc=0x00000236df75cea8 sp=0x000000b3a46fc6c0
Event: 0.223 Thread 0x00000236c11ded00 DEOPT UNPACKING pc=0x00000236df034402 sp=0x000000b3a46fc638 mode 2
Event: 0.223 Thread 0x00000236c11ded00 Uncommon trap: trap_request=0xffffffde fr.pc=0x00000236df75cea8 relative=0x0000000000000108
Event: 0.223 Thread 0x00000236c11ded00 Uncommon trap: reason=class_check action=maybe_recompile pc=0x00000236df75cea8 method=jdk.internal.misc.Unsafe.allocateUninitializedArray(Ljava/lang/Class;I)Ljava/lang/Object; @ 51 c2
Event: 0.223 Thread 0x00000236c11ded00 DEOPT PACKING pc=0x00000236df75cea8 sp=0x000000b3a46fcb70
Event: 0.223 Thread 0x00000236c11ded00 DEOPT UNPACKING pc=0x00000236df034402 sp=0x000000b3a46fcae8 mode 2
Event: 0.223 Thread 0x00000236c11ded00 Uncommon trap: trap_request=0xffffffde fr.pc=0x00000236df75cea8 relative=0x0000000000000108
Event: 0.223 Thread 0x00000236c11ded00 Uncommon trap: reason=class_check action=maybe_recompile pc=0x00000236df75cea8 method=jdk.internal.misc.Unsafe.allocateUninitializedArray(Ljava/lang/Class;I)Ljava/lang/Object; @ 51 c2
Event: 0.224 Thread 0x00000236c11ded00 DEOPT PACKING pc=0x00000236df75cea8 sp=0x000000b3a46fcca0
Event: 0.224 Thread 0x00000236c11ded00 DEOPT UNPACKING pc=0x00000236df034402 sp=0x000000b3a46fcc18 mode 2
Event: 0.224 Thread 0x00000236c11ded00 Uncommon trap: trap_request=0xffffffde fr.pc=0x00000236df75cea8 relative=0x0000000000000108
Event: 0.224 Thread 0x00000236c11ded00 Uncommon trap: reason=class_check action=maybe_recompile pc=0x00000236df75cea8 method=jdk.internal.misc.Unsafe.allocateUninitializedArray(Ljava/lang/Class;I)Ljava/lang/Object; @ 51 c2
Event: 0.224 Thread 0x00000236c11ded00 DEOPT PACKING pc=0x00000236df75cea8 sp=0x000000b3a46fcb00
Event: 0.224 Thread 0x00000236c11ded00 DEOPT UNPACKING pc=0x00000236df034402 sp=0x000000b3a46fca78 mode 2

Classes loaded (20 events):
Event: 0.145 Loading class java/time/zone/ZoneOffsetTransition
Event: 0.145 Loading class java/time/zone/ZoneOffsetTransition done
Event: 0.145 Loading class java/time/Year
Event: 0.145 Loading class java/time/Year done
Event: 0.149 Loading class java/time/temporal/TemporalAdjusters
Event: 0.149 Loading class java/time/temporal/TemporalAdjusters done
Event: 0.159 Loading class java/lang/NumberFormatException
Event: 0.159 Loading class java/lang/NumberFormatException done
Event: 0.162 Loading class java/lang/ProcessEnvironment
Event: 0.163 Loading class java/lang/ProcessEnvironment done
Event: 0.163 Loading class java/lang/ProcessEnvironment$NameComparator
Event: 0.163 Loading class java/lang/ProcessEnvironment$NameComparator done
Event: 0.163 Loading class java/lang/ProcessEnvironment$EntryComparator
Event: 0.163 Loading class java/lang/ProcessEnvironment$EntryComparator done
Event: 0.163 Loading class java/lang/ProcessEnvironment$CheckedEntrySet
Event: 0.163 Loading class java/lang/ProcessEnvironment$CheckedEntrySet done
Event: 0.163 Loading class java/lang/ProcessEnvironment$CheckedEntrySet$1
Event: 0.163 Loading class java/lang/ProcessEnvironment$CheckedEntrySet$1 done
Event: 0.163 Loading class java/lang/ProcessEnvironment$CheckedEntry
Event: 0.163 Loading class java/lang/ProcessEnvironment$CheckedEntry done

Classes unloaded (0 events):
No events

Classes redefined (0 events):
No events

Internal exceptions (10 events):
Event: 0.065 Thread 0x00000236cf460940 Exception <a 'java/lang/NoSuchMethodError'{0x0000000623bf1df8}: 'java.lang.Object java.lang.invoke.Invokers$Holder.invokeExact_MT(java.lang.Object, java.lang.Object, java.lang.Object, java.lang.Object, java.lang.Object)'> (0x0000000623bf1df8) 
thrown [s\open\src\hotspot\share\interpreter\linkResolver.cpp, line 796]
Event: 0.074 Thread 0x00000236c11dd2c0 Exception <a 'java/lang/NoSuchMethodError'{0x0000000623484300}: 'void java.lang.invoke.DirectMethodHandle$Holder.invokeStatic(java.lang.Object, java.lang.Object)'> (0x0000000623484300) 
thrown [s\open\src\hotspot\share\interpreter\linkResolver.cpp, line 796]
Event: 0.084 Thread 0x00000236c11ded00 Exception <a 'java/lang/NoSuchMethodError'{0x0000000623708be0}: 'int java.lang.invoke.DirectMethodHandle$Holder.invokeStaticInit(java.lang.Object, java.lang.Object, java.lang.Object, java.lang.Object)'> (0x0000000623708be0) 
thrown [s\open\src\hotspot\share\interpreter\linkResolver.cpp, line 796]
Event: 0.085 Thread 0x00000236c11ded00 Exception <a 'java/lang/NoSuchMethodError'{0x0000000623711ab8}: 'java.lang.Object java.lang.invoke.DirectMethodHandle$Holder.invokeInterface(java.lang.Object, java.lang.Object)'> (0x0000000623711ab8) 
thrown [s\open\src\hotspot\share\interpreter\linkResolver.cpp, line 796]
Event: 0.085 Thread 0x00000236c11ded00 Exception <a 'java/lang/IncompatibleClassChangeError'{0x0000000623714d48}: Found class java.lang.Object, but interface was expected> (0x0000000623714d48) 
thrown [s\open\src\hotspot\share\interpreter\linkResolver.cpp, line 863]
Event: 0.085 Thread 0x00000236c11ded00 Exception <a 'java/lang/NoSuchMethodError'{0x00000006237179e0}: 'void java.lang.invoke.DirectMethodHandle$Holder.invokeStaticInit(java.lang.Object, java.lang.Object)'> (0x00000006237179e0) 
thrown [s\open\src\hotspot\share\interpreter\linkResolver.cpp, line 796]
Event: 0.086 Thread 0x00000236c11ded00 Exception <a 'java/lang/NoSuchMethodError'{0x000000062371d0d8}: 'int java.lang.invoke.DirectMethodHandle$Holder.invokeStaticInit(java.lang.Object, java.lang.Object)'> (0x000000062371d0d8) 
thrown [s\open\src\hotspot\share\interpreter\linkResolver.cpp, line 796]
Event: 0.106 Thread 0x00000236c11ded00 Exception <a 'java/lang/NoSuchMethodError'{0x00000006237b01a0}: 'void java.lang.invoke.DirectMethodHandle$Holder.invokeSpecial(java.lang.Object, java.lang.Object, java.lang.Object)'> (0x00000006237b01a0) 
thrown [s\open\src\hotspot\share\interpreter\linkResolver.cpp, line 796]
Event: 0.107 Thread 0x00000236c11ded00 Exception <a 'java/lang/NoSuchMethodError'{0x00000006237b9a08}: 'void java.lang.invoke.DirectMethodHandle$Holder.invokeStatic(java.lang.Object, int, java.lang.Object)'> (0x00000006237b9a08) 
thrown [s\open\src\hotspot\share\interpreter\linkResolver.cpp, line 796]
Event: 0.151 Thread 0x00000236c11ded00 Exception <a 'java/lang/NoSuchMethodError'{0x0000000623123e78}: 'java.lang.Object java.lang.invoke.DirectMethodHandle$Holder.invokeStatic(java.lang.Object, int, java.lang.Object)'> (0x0000000623123e78) 
thrown [s\open\src\hotspot\share\interpreter\linkResolver.cpp, line 796]

VM Operations (2 events):
Event: 0.163 Executing VM operation: HandshakeAllThreads (Deoptimize)
Event: 0.163 Executing VM operation: HandshakeAllThreads (Deoptimize) done

Memory protections (0 events):
No events

Nmethod flushes (0 events):
No events

Events (20 events):
Event: 0.029 Thread 0x00000236cf460940 Thread added: 0x00000236f1c2fe10
Event: 0.029 Thread 0x00000236cf460940 Thread added: 0x00000236f1c3a4f0
Event: 0.040 Thread 0x00000236cf460940 Thread added: 0x00000236c11ddfe0
Event: 0.044 Thread 0x00000236f1c3a4f0 Thread added: 0x00000236c11e65c0
Event: 0.045 Thread 0x00000236f1c3a4f0 Thread added: 0x00000236c11ee2c0
Event: 0.046 Thread 0x00000236f1c3a4f0 Thread added: 0x00000236c11ef0f0
Event: 0.067 Thread 0x00000236cf460940 Thread added: 0x00000236c11dd2c0
Event: 0.067 Thread 0x00000236cf460940 Thread added: 0x00000236c11dcc30
Event: 0.071 Thread 0x00000236cf460940 Thread added: 0x00000236c11ded00
Event: 0.071 Thread 0x00000236cf460940 Thread added: 0x00000236c11dd950
Event: 0.071 Thread 0x00000236cf460940 Thread exited: 0x00000236cf460940
Event: 0.071 Thread 0x00000236c11de670 Thread added: 0x00000236c11de670
Event: 0.143 Thread 0x00000236f1c3a4f0 Thread added: 0x00000236c14ef770
Event: 0.143 Thread 0x00000236f1c3a4f0 Thread added: 0x00000236c14f0650
Event: 0.143 Thread 0x00000236f1c3a4f0 Thread added: 0x00000236c14f1120
Event: 0.161 Thread 0x00000236c11ded00 Thread added: 0x00000236c11df390
Event: 0.204 Thread 0x00000236c11ef0f0 Thread added: 0x00000236c19341b0
Event: 0.206 Thread 0x00000236c11ef0f0 Thread added: 0x00000236c1935100
Event: 0.211 Thread 0x00000236c14f0650 Thread added: 0x00000236c1bf5fa0
Event: 0.212 Thread 0x00000236c14f0650 Thread added: 0x00000236c15ad200


Dynamic libraries:
0x00007ff650590000 - 0x00007ff65059e000 	C:\Users\kacpe\.jdks\openjdk-23\bin\java.exe
0x00007ffc506b0000 - 0x00007ffc508c7000 	C:\Windows\SYSTEM32\ntdll.dll
0x00007ffc25af0000 - 0x00007ffc25b0a000 	C:\Program Files\AVG\Antivirus\aswhook.dll
0x00007ffc4f320000 - 0x00007ffc4f3e4000 	C:\Windows\System32\KERNEL32.DLL
0x00007ffc4d980000 - 0x00007ffc4dd3a000 	C:\Windows\System32\KERNELBASE.dll
0x00007ffc4e290000 - 0x00007ffc4e3a1000 	C:\Windows\System32\ucrtbase.dll
0x00007ffc47b30000 - 0x00007ffc47b47000 	C:\Users\kacpe\.jdks\openjdk-23\bin\jli.dll
0x00007ffc47a60000 - 0x00007ffc47a7b000 	C:\Users\kacpe\.jdks\openjdk-23\bin\VCRUNTIME140.dll
0x00007ffc4f6b0000 - 0x00007ffc4f85e000 	C:\Windows\System32\USER32.dll
0x00007ffc4de60000 - 0x00007ffc4de86000 	C:\Windows\System32\win32u.dll
0x00007ffc379e0000 - 0x00007ffc37c72000 	C:\Windows\WinSxS\amd64_microsoft.windows.common-controls_6595b64144ccf1df_6.0.22621.4541_none_2710d1c57384c085\COMCTL32.dll
0x00007ffc4f5c0000 - 0x00007ffc4f5e9000 	C:\Windows\System32\GDI32.dll
0x00007ffc4e440000 - 0x00007ffc4e4e7000 	C:\Windows\System32\msvcrt.dll
0x00007ffc4e170000 - 0x00007ffc4e28b000 	C:\Windows\System32\gdi32full.dll
0x00007ffc4ddc0000 - 0x00007ffc4de5a000 	C:\Windows\System32\msvcp_win.dll
0x00007ffc4fc30000 - 0x00007ffc4fc61000 	C:\Windows\System32\IMM32.DLL
0x00007ffc48f10000 - 0x00007ffc48f1c000 	C:\Users\kacpe\.jdks\openjdk-23\bin\vcruntime140_1.dll
0x00007ffc44680000 - 0x00007ffc4470e000 	C:\Users\kacpe\.jdks\openjdk-23\bin\msvcp140.dll
0x00007ffb8c590000 - 0x00007ffb8d2df000 	C:\Users\kacpe\.jdks\openjdk-23\bin\server\jvm.dll
0x00007ffc4f5f0000 - 0x00007ffc4f6a2000 	C:\Windows\System32\ADVAPI32.dll
0x00007ffc500a0000 - 0x00007ffc50147000 	C:\Windows\System32\sechost.dll
0x00007ffc4e0c0000 - 0x00007ffc4e0e8000 	C:\Windows\System32\bcrypt.dll
0x00007ffc4e4f0000 - 0x00007ffc4e604000 	C:\Windows\System32\RPCRT4.dll
0x00007ffc4e3b0000 - 0x00007ffc4e421000 	C:\Windows\System32\WS2_32.dll
0x00007ffc4c7d0000 - 0x00007ffc4c81d000 	C:\Windows\SYSTEM32\POWRPROF.dll
0x00007ffc454e0000 - 0x00007ffc45514000 	C:\Windows\SYSTEM32\WINMM.dll
0x00007ffc3e810000 - 0x00007ffc3e81a000 	C:\Windows\SYSTEM32\VERSION.dll
0x00007ffc4c7b0000 - 0x00007ffc4c7c3000 	C:\Windows\SYSTEM32\UMPDC.dll
0x00007ffc4c9d0000 - 0x00007ffc4c9e8000 	C:\Windows\SYSTEM32\kernel.appcore.dll
0x00007ffc47f30000 - 0x00007ffc47f3a000 	C:\Users\kacpe\.jdks\openjdk-23\bin\jimage.dll
0x00007ffc4b190000 - 0x00007ffc4b3c2000 	C:\Windows\SYSTEM32\DBGHELP.DLL
0x00007ffc4e610000 - 0x00007ffc4e99f000 	C:\Windows\System32\combase.dll
0x00007ffc4fa50000 - 0x00007ffc4fb27000 	C:\Windows\System32\OLEAUT32.dll
0x00007ffc3d660000 - 0x00007ffc3d692000 	C:\Windows\SYSTEM32\dbgcore.DLL
0x00007ffc4dd40000 - 0x00007ffc4ddbb000 	C:\Windows\System32\bcryptPrimitives.dll
0x00007ffc47b20000 - 0x00007ffc47b2f000 	C:\Users\kacpe\.jdks\openjdk-23\bin\instrument.dll
0x00007ffc47a00000 - 0x00007ffc47a1e000 	C:\Users\kacpe\.jdks\openjdk-23\bin\java.dll
0x00007ffc4fc70000 - 0x00007ffc4fe15000 	C:\Windows\System32\ole32.dll
0x00007ffc4eaa0000 - 0x00007ffc4f318000 	C:\Windows\System32\SHELL32.dll
0x00007ffc4b880000 - 0x00007ffc4c188000 	C:\Windows\SYSTEM32\windows.storage.dll
0x00007ffc4b740000 - 0x00007ffc4b87f000 	C:\Windows\SYSTEM32\wintypes.dll
0x00007ffc4fb30000 - 0x00007ffc4fc2a000 	C:\Windows\System32\SHCORE.dll
0x00007ffc4f3f0000 - 0x00007ffc4f44e000 	C:\Windows\System32\shlwapi.dll
0x00007ffc4d8b0000 - 0x00007ffc4d8db000 	C:\Windows\SYSTEM32\profapi.dll
0x00007ffc445a0000 - 0x00007ffc44677000 	C:\Users\kacpe\.jdks\openjdk-23\bin\jsvml.dll
0x00007ffc443a0000 - 0x00007ffc443b7000 	C:\Users\kacpe\.jdks\openjdk-23\bin\zip.dll
0x00007ffc47ea0000 - 0x00007ffc47eb0000 	C:\Users\kacpe\.jdks\openjdk-23\bin\net.dll
0x00007ffc4cef0000 - 0x00007ffc4cf59000 	C:\Windows\system32\mswsock.dll
0x00007ffc44750000 - 0x00007ffc44766000 	C:\Users\kacpe\.jdks\openjdk-23\bin\nio.dll
0x00007ffc43f30000 - 0x00007ffc43f4a000 	C:\Program Files\JetBrains\IntelliJ IDEA Community Edition 2024.2.3\bin\breakgen64.dll
0x00007ffc458d0000 - 0x00007ffc458d9000 	C:\Users\kacpe\.jdks\openjdk-23\bin\extnet.dll
0x00007ffc1de20000 - 0x00007ffc1df20000 	C:\Windows\System32\opengl32.dll
0x00007ffc1d1f0000 - 0x00007ffc1d21d000 	C:\Windows\SYSTEM32\GLU32.dll
0x00007ffc4abe0000 - 0x00007ffc4ac17000 	C:\Windows\SYSTEM32\dxcore.dll
0x00007ffc29cf0000 - 0x00007ffc29f51000 	C:\Users\kacpe\.javacpp\cache\jaylib-5.0.0-0.jar\com\raylib\windows-x86_64\jniRaylib.dll
0x00000236c1c20000 - 0x00000236c1c24000 	C:\Users\kacpe\.jdks\openjdk-23\bin\api-ms-win-crt-locale-l1-1-0.dll
0x00000236c1c30000 - 0x00000236c1c35000 	C:\Users\kacpe\.jdks\openjdk-23\bin\api-ms-win-crt-string-l1-1-0.dll
0x00000236c1c40000 - 0x00000236c1c45000 	C:\Users\kacpe\.jdks\openjdk-23\bin\api-ms-win-crt-stdio-l1-1-0.dll
0x00000236c1c50000 - 0x00000236c1c56000 	C:\Users\kacpe\.jdks\openjdk-23\bin\api-ms-win-crt-math-l1-1-0.dll
0x00000236c1c60000 - 0x00000236c1c64000 	C:\Users\kacpe\.jdks\openjdk-23\bin\api-ms-win-crt-heap-l1-1-0.dll
0x00000236c1c70000 - 0x00000236c1c75000 	C:\Users\kacpe\.jdks\openjdk-23\bin\api-ms-win-crt-runtime-l1-1-0.dll
0x00000236c1c80000 - 0x00000236c1c85000 	C:\Users\kacpe\.jdks\openjdk-23\bin\api-ms-win-crt-convert-l1-1-0.dll
0x00000236c1c90000 - 0x00000236c1c94000 	C:\Users\kacpe\.jdks\openjdk-23\bin\api-ms-win-crt-environment-l1-1-0.dll
0x00000236c1ca0000 - 0x00000236c1ca4000 	C:\Users\kacpe\.jdks\openjdk-23\bin\api-ms-win-crt-time-l1-1-0.dll
0x00000236c1cb0000 - 0x00000236c1cb4000 	C:\Users\kacpe\.jdks\openjdk-23\bin\api-ms-win-crt-filesystem-l1-1-0.dll
0x00000236c1cc0000 - 0x00000236c1cc4000 	C:\Users\kacpe\.jdks\openjdk-23\bin\api-ms-win-crt-utility-l1-1-0.dll
0x00000236c1cd0000 - 0x00000236c1cd6000 	C:\Users\kacpe\.jdks\openjdk-23\bin\api-ms-win-crt-multibyte-l1-1-0.dll
0x00000236c1ce0000 - 0x00000236c1ce4000 	C:\Users\kacpe\.jdks\openjdk-23\bin\api-ms-win-crt-conio-l1-1-0.dll
0x00000236c1cf0000 - 0x00000236c1d01000 	C:\Users\kacpe\.jdks\openjdk-23\bin\api-ms-win-crt-private-l1-1-0.dll
0x00000236c1d10000 - 0x00000236c1d14000 	C:\Users\kacpe\.jdks\openjdk-23\bin\api-ms-win-crt-process-l1-1-0.dll
0x00000236c1d20000 - 0x00000236c1d24000 	C:\Users\kacpe\.jdks\openjdk-23\bin\api-ms-win-core-console-l1-2-0.dll
0x00000236c1d30000 - 0x00000236c1d34000 	C:\Users\kacpe\.jdks\openjdk-23\bin\api-ms-win-core-string-l1-1-0.dll
0x00000236c1d40000 - 0x00000236c1d44000 	C:\Users\kacpe\.jdks\openjdk-23\bin\api-ms-win-core-errorhandling-l1-1-0.dll
0x00000236c1d50000 - 0x00000236c1d54000 	C:\Users\kacpe\.jdks\openjdk-23\bin\api-ms-win-core-timezone-l1-1-0.dll
0x00000236c1d60000 - 0x00000236c1d65000 	C:\Users\kacpe\.jdks\openjdk-23\bin\api-ms-win-core-file-l1-1-0.dll
0x00000236c1d70000 - 0x00000236c1d74000 	C:\Users\kacpe\.jdks\openjdk-23\bin\api-ms-win-core-namedpipe-l1-1-0.dll
0x00000236c1d80000 - 0x00000236c1d84000 	C:\Users\kacpe\.jdks\openjdk-23\bin\api-ms-win-core-handle-l1-1-0.dll
0x00000236c1d90000 - 0x00000236c1d94000 	C:\Users\kacpe\.jdks\openjdk-23\bin\api-ms-win-core-file-l2-1-0.dll
0x00000236c1da0000 - 0x00000236c1da4000 	C:\Users\kacpe\.jdks\openjdk-23\bin\api-ms-win-core-heap-l1-1-0.dll
0x00000236c1db0000 - 0x00000236c1db4000 	C:\Users\kacpe\.jdks\openjdk-23\bin\api-ms-win-core-libraryloader-l1-1-0.dll
0x00000236c1dc0000 - 0x00000236c1dc4000 	C:\Users\kacpe\.jdks\openjdk-23\bin\api-ms-win-core-synch-l1-1-0.dll
0x00000236c1dd0000 - 0x00000236c1dd4000 	C:\Users\kacpe\.jdks\openjdk-23\bin\api-ms-win-core-processthreads-l1-1-0.dll
0x00000236c1de0000 - 0x00000236c1de4000 	C:\Users\kacpe\.jdks\openjdk-23\bin\api-ms-win-core-processenvironment-l1-1-0.dll
0x00000236c1df0000 - 0x00000236c1df4000 	C:\Users\kacpe\.jdks\openjdk-23\bin\api-ms-win-core-datetime-l1-1-0.dll
0x00000236c1e00000 - 0x00000236c1e04000 	C:\Users\kacpe\.jdks\openjdk-23\bin\api-ms-win-core-localization-l1-2-0.dll
0x00000236c1e10000 - 0x00000236c1e14000 	C:\Users\kacpe\.jdks\openjdk-23\bin\api-ms-win-core-sysinfo-l1-1-0.dll
0x00000236c1e20000 - 0x00000236c1e24000 	C:\Users\kacpe\.jdks\openjdk-23\bin\api-ms-win-core-synch-l1-2-0.dll
0x00000236c1e30000 - 0x00000236c1e34000 	C:\Users\kacpe\.jdks\openjdk-23\bin\api-ms-win-core-console-l1-1-0.dll
0x00000236c1e40000 - 0x00000236c1e44000 	C:\Users\kacpe\.jdks\openjdk-23\bin\api-ms-win-core-debug-l1-1-0.dll
0x00000236c1e50000 - 0x00000236c1e54000 	C:\Users\kacpe\.jdks\openjdk-23\bin\api-ms-win-core-rtlsupport-l1-1-0.dll
0x00000236c1e60000 - 0x00000236c1e64000 	C:\Users\kacpe\.jdks\openjdk-23\bin\api-ms-win-core-processthreads-l1-1-1.dll
0x00000236c1e70000 - 0x00000236c1e74000 	C:\Users\kacpe\.jdks\openjdk-23\bin\api-ms-win-core-file-l1-2-0.dll
0x00000236c1e80000 - 0x00000236c1e84000 	C:\Users\kacpe\.jdks\openjdk-23\bin\api-ms-win-core-profile-l1-1-0.dll
0x00000236c1e90000 - 0x00000236c1e94000 	C:\Users\kacpe\.jdks\openjdk-23\bin\api-ms-win-core-memory-l1-1-0.dll
0x00000236c1ea0000 - 0x00000236c1ea4000 	C:\Users\kacpe\.jdks\openjdk-23\bin\api-ms-win-core-util-l1-1-0.dll
0x00000236c1eb0000 - 0x00000236c1eb4000 	C:\Users\kacpe\.jdks\openjdk-23\bin\api-ms-win-core-interlocked-l1-1-0.dll
0x00007ffc359f0000 - 0x00007ffc35b01000 	C:\Users\kacpe\.jdks\openjdk-23\bin\ucrtbase.dll
0x00007ffc440a0000 - 0x00007ffc440a9000 	C:\Windows\System32\msvcp140_1.dll
0x00007ffc42e40000 - 0x00007ffc42e8d000 	C:\Windows\System32\concrt140.dll
0x00007ffc41890000 - 0x00007ffc418c2000 	C:\Windows\System32\vcomp140.dll
0x00007ffbde830000 - 0x00007ffbde876000 	C:\Windows\SYSTEM32\dinput8.dll
0x00007ffc43e80000 - 0x00007ffc43e91000 	C:\Windows\SYSTEM32\xinput1_4.dll
0x00007ffc4d640000 - 0x00007ffc4d66c000 	C:\Windows\SYSTEM32\DEVOBJ.dll
0x00007ffc4d670000 - 0x00007ffc4d6be000 	C:\Windows\SYSTEM32\cfgmgr32.dll
0x00007ffc4a5c0000 - 0x00007ffc4a5eb000 	C:\Windows\SYSTEM32\dwmapi.dll
0x00007ffc354f0000 - 0x00007ffc35704000 	C:\Windows\SYSTEM32\inputhost.dll
0x00007ffc47670000 - 0x00007ffc477a3000 	C:\Windows\SYSTEM32\CoreMessaging.dll
0x00007ffc4d110000 - 0x00007ffc4d11c000 	C:\Windows\SYSTEM32\CRYPTBASE.DLL
0x00007ffc4a330000 - 0x00007ffc4a3e1000 	C:\Windows\system32\uxtheme.dll
0x00007ffbf0800000 - 0x00007ffbf0933000 	C:\ProgramData\A-Volute\A-Volute.Nahimic\Modules\Scheduled\x64\AudioDevProps2.dll
0x00007ffc4f450000 - 0x00007ffc4f5b1000 	C:\Windows\System32\MSCTF.dll

dbghelp: loaded successfully - version: 4.0.5 - missing functions: none
symbol engine: initialized successfully - sym options: 0x614 - pdb path: .;C:\Users\kacpe\.jdks\openjdk-23\bin;C:\Windows\SYSTEM32;C:\Program Files\AVG\Antivirus;C:\Windows\WinSxS\amd64_microsoft.windows.common-controls_6595b64144ccf1df_6.0.22621.4541_none_2710d1c57384c085;C:\Users\kacpe\.jdks\openjdk-23\bin\server;C:\Program Files\JetBrains\IntelliJ IDEA Community Edition 2024.2.3\bin;C:\Users\kacpe\.javacpp\cache\jaylib-5.0.0-0.jar\com\raylib\windows-x86_64;C:\ProgramData\A-Volute\A-Volute.Nahimic\Modules\Scheduled\x64

VM Arguments:
jvm_args: -javaagent:C:\Program Files\JetBrains\IntelliJ IDEA Community Edition 2024.2.3\lib\idea_rt.jar=59658:C:\Program Files\JetBrains\IntelliJ IDEA Community Edition 2024.2.3\bin -Dfile.encoding=UTF-8 -Dsun.stdout.encoding=UTF-8 -Dsun.stderr.encoding=UTF-8 
java_command: com.company.Main
java_class_path (initial): D:\Surv\out\production\Surv;D:\jaylib-5.0.0-0.jar;C:\Users\kacpe\.m2\repository\io\netty\netty-transport\4.1.115.Final\netty-transport-4.1.115.Final.jar;C:\Users\kacpe\.m2\repository\io\netty\netty-buffer\4.1.115.Final\netty-buffer-4.1.115.Final.jar;C:\Users\kacpe\.m2\repository\io\netty\netty-common\4.1.115.Final\netty-common-4.1.115.Final.jar
Launcher Type: SUN_STANDARD

[Global flags]
     intx CICompilerCount                          = 12                                        {product} {ergonomic}
     uint ConcGCThreads                            = 5                                         {product} {ergonomic}
     uint G1ConcRefinementThreads                  = 18                                        {product} {ergonomic}
   size_t G1HeapRegionSize                         = 4194304                                   {product} {ergonomic}
   size_t InitialHeapSize                          = 532676608                                 {product} {ergonomic}
   size_t MarkStackSize                            = 4194304                                   {product} {ergonomic}
   size_t MarkStackSizeMax                         = 536870912                                 {product} {ergonomic}
   size_t MaxHeapSize                              = 8522825728                                {product} {ergonomic}
   size_t MaxNewSize                               = 5112856576                                {product} {ergonomic}
   size_t MinHeapDeltaBytes                        = 4194304                                   {product} {ergonomic}
   size_t MinHeapSize                              = 8388608                                   {product} {ergonomic}
    uintx NonNMethodCodeHeapSize                   = 7602176                                {pd product} {ergonomic}
    uintx NonProfiledCodeHeapSize                  = 122093568                              {pd product} {ergonomic}
    uintx ProfiledCodeHeapSize                     = 121962496                              {pd product} {ergonomic}
    uintx ReservedCodeCacheSize                    = 251658240                              {pd product} {ergonomic}
     bool SegmentedCodeCache                       = true                                      {product} {ergonomic}
   size_t SoftMaxHeapSize                          = 8522825728                             {manageable} {ergonomic}
     bool UseCompressedOops                        = true                           {product lp64_product} {ergonomic}
     bool UseG1GC                                  = true                                      {product} {ergonomic}
     bool UseLargePagesIndividualAllocation        = false                                  {pd product} {ergonomic}

Logging:
Log output configuration:
 #0: stdout all=warning uptime,level,tags foldmultilines=false
 #1: stderr all=off uptime,level,tags foldmultilines=false

Environment Variables:
PATH=C:\Program Files (x86)\Common Files\Oracle\Java\javapath;C:\Windows\system32;C:\Windows;C:\Windows\System32\Wbem;C:\Windows\System32\WindowsPowerShell\v1.0\;C:\Windows\System32\OpenSSH\;C:\Program Files (x86)\NVIDIA Corporation\PhysX\Common;C:\Program Files\NVIDIA Corporation\NVIDIA NvDLISR;C:\Program Files\dotnet\;C:\Program Files (x86)\Windows Kits\10\Windows Performance Toolkit\;C;C:\Program Files\Git\cmd;C:\Users\kacpe\AppData\Local\Microsoft\WindowsApps;C:\Users\kacpe\AppData\Local\Programs\Microsoft VS Code\bin;C:\Program Files\JetBrains\IntelliJ IDEA 2024.2.1\bin;;C:\Program Files\JetBrains\IntelliJ IDEA Community Edition 2024.2.3\bin;
USERNAME=kacpe
OS=Windows_NT
PROCESSOR_IDENTIFIER=Intel64 Family 6 Model 191 Stepping 2, GenuineIntel
TMP=C:\Users\kacpe\AppData\Local\Temp
TEMP=C:\Users\kacpe\AppData\Local\Temp




Periodic native trim disabled

---------------  S Y S T E M  ---------------

OS:
 Windows 11 , 64 bit Build 22621 (10.0.22621.4391)
OS uptime: 3 days 6:53 hours
Hyper-V role detected

CPU: total 24 (initial active 24) (12 cores per cpu, 2 threads per core) family 6 model 191 stepping 2 microcode 0x26, cx8, cmov, fxsr, ht, mmx, 3dnowpref, sse, sse2, sse3, ssse3, sse4.1, sse4.2, popcnt, lzcnt, tsc, tscinvbit, avx, avx2, aes, erms, clmul, bmi1, bmi2, adx, sha, fma, vzeroupper, clflush, clflushopt, clwb, hv, serialize, rdtscp, rdpid, fsrm, gfni, f16c, cet_ibt, cet_ss
Processor Information for processor 0
  Max Mhz: 2100, Current Mhz: 2100, Mhz Limit: 2100
Processor Information for processor 1
  Max Mhz: 2100, Current Mhz: 1453, Mhz Limit: 2100
Processor Information for processor 2
  Max Mhz: 2100, Current Mhz: 2100, Mhz Limit: 2100
Processor Information for processor 3
  Max Mhz: 2100, Current Mhz: 2100, Mhz Limit: 2100
Processor Information for processor 4
  Max Mhz: 2100, Current Mhz: 2100, Mhz Limit: 2100
Processor Information for processor 5
  Max Mhz: 2100, Current Mhz: 1453, Mhz Limit: 2100
Processor Information for processor 6
  Max Mhz: 2100, Current Mhz: 2100, Mhz Limit: 2100
Processor Information for processor 7
  Max Mhz: 2100, Current Mhz: 1453, Mhz Limit: 2100
Processor Information for processor 8
  Max Mhz: 2100, Current Mhz: 2100, Mhz Limit: 2100
Processor Information for processor 9
  Max Mhz: 2100, Current Mhz: 2100, Mhz Limit: 2100
Processor Information for processor 10
  Max Mhz: 2100, Current Mhz: 2100, Mhz Limit: 2100
Processor Information for processor 11
  Max Mhz: 2100, Current Mhz: 2100, Mhz Limit: 2100
Processor Information for processor 12
  Max Mhz: 2100, Current Mhz: 2100, Mhz Limit: 2100
Processor Information for processor 13
  Max Mhz: 2100, Current Mhz: 2100, Mhz Limit: 2100
Processor Information for processor 14
  Max Mhz: 2100, Current Mhz: 2100, Mhz Limit: 2100
Processor Information for processor 15
  Max Mhz: 2100, Current Mhz: 2100, Mhz Limit: 2100
Processor Information for processor 16
  Max Mhz: 2100, Current Mhz: 2100, Mhz Limit: 2100
Processor Information for processor 17
  Max Mhz: 2100, Current Mhz: 2100, Mhz Limit: 2100
Processor Information for processor 18
  Max Mhz: 2100, Current Mhz: 1540, Mhz Limit: 2100
Processor Information for processor 19
  Max Mhz: 2100, Current Mhz: 2100, Mhz Limit: 2100
Processor Information for processor 20
  Max Mhz: 2100, Current Mhz: 1540, Mhz Limit: 2100
Processor Information for processor 21
  Max Mhz: 2100, Current Mhz: 1540, Mhz Limit: 2100
Processor Information for processor 22
  Max Mhz: 2100, Current Mhz: 1540, Mhz Limit: 2100
Processor Information for processor 23
  Max Mhz: 2100, Current Mhz: 2100, Mhz Limit: 2100

Memory: 4k page, system-wide physical 32507M (18373M free)
TotalPageFile size 34555M (AvailPageFile size 16961M)
current process WorkingSet (physical memory assigned to process): 98M, peak: 112M
current process commit charge ("private bytes"): 658M, peak: 673M

vm_info: OpenJDK 64-Bit Server VM (23+37-2369) for windows-amd64 JRE (23+37-2369), built on 2024-08-20T16:01:23Z with MS VC++ 17.6 (VS2022)

END.
