#
# A fatal error has been detected by the Java Runtime Environment:
#
#  EXCEPTION_ACCESS_VIOLATION (0xc0000005) at pc=0x0000000000000000, pid=16072, tid=21204
#
# JRE version: OpenJDK Runtime Environment (23.0.1+11) (build 23.0.1+11-39)
# Java VM: OpenJDK 64-Bit Server VM (23.0.1+11-39, mixed mode, sharing, tiered, compressed oops, compressed class ptrs, g1 gc, windows-amd64)
# Problematic frame:
# C  [jniRaylib.dll+0x1020d8]
#
# No core dump will be written. Minidumps are not enabled by default on client versions of Windows
#
# If you would like to submit a bug report, please visit:
#   https://bugreport.java.com/bugreport/crash.jsp
# The crash happened outside the Java Virtual Machine in native code.
# See problematic frame for where to report the bug.
#

---------------  S U M M A R Y ------------

Command Line: -javaagent:C:\Program Files\JetBrains\IntelliJ IDEA Community Edition 2024.3.1\lib\idea_rt.jar=49748:C:\Program Files\JetBrains\IntelliJ IDEA Community Edition 2024.3.1\bin -Dfile.encoding=UTF-8 -Dsun.stdout.encoding=UTF-8 -Dsun.stderr.encoding=UTF-8 com.company.Main

Host: AMD Ryzen 7 7435HS                             , 16 cores, 15G,  Windows 11 , 64 bit Build 22621 (10.0.22621.4391)
Time: Mon Jan 13 19:31:25 2025  Windows 11 , 64 bit Build 22621 (10.0.22621.4391) elapsed time: 0.573802 seconds (0d 0h 0m 0s)

---------------  T H R E A D  ---------------

Current thread (0x000001e9c2d62740):  JavaThread "main"             [_thread_in_native, id=21204, stack(0x000000da9af00000,0x000000da9b000000) (1024K)]

Stack: [0x000000da9af00000,0x000000da9b000000],  sp=0x000000da9affef70,  free space=1019k
Native frames: (J=compiled Java code, j=interpreted, Vv=VM code, C=native code)

Java frames: (J=compiled Java code, j=interpreted, Vv=VM code)
j  com.raylib.Raylib.LoadTexture(Ljava/lang/String;)Lcom/raylib/Raylib$Texture;+0
j  com.company.Components.Structure.LoadTextures()V+5
j  com.company.Main.InitGame()V+8
j  com.company.Main.main([Ljava/lang/String;)V+0
v  ~StubRoutines::call_stub 0x000001e9d4c60fcd

siginfo: EXCEPTION_ACCESS_VIOLATION (0xc0000005), data execution prevention violation at address 0x0000000000000000


Registers:
RAX=0x00005b744c9291fa, RBX=0x0000000000000004, RCX=0x0000000000000de1, RDX=0x0000000000000000
RSP=0x000000da9affef68, RBP=0x000000000000013b, RSI=0x000001e9c1a185c0, RDI=0x000000000000013b
R8 =0x00000000000000fa, R9 =0x0000000000000004, R10=0x000001e9c2d30000, R11=0x000000da9affefa0
R12=0x0000000000000000, R13=0x000001e9c1a185c0, R14=0x0000000000000000, R15=0x00000000000000fa
RIP=0x0000000000000000, EFLAGS=0x0000000000010246


Register to memory mapping:

RAX=0x00005b744c9291fa is an unknown value
RBX=0x0000000000000004 is an unknown value
RCX=0x0000000000000de1 is an unknown value
RDX=0x0 is null
RSP=0x000000da9affef68 is pointing into the stack for thread: 0x000001e9c2d62740
RBP=0x000000000000013b is an unknown value
RSI=0x000001e9c1a185c0 points into unknown readable memory: 0x6de5396de5396de5 | e5 6d 39 e5 6d 39 e5 6d
RDI=0x000000000000013b is an unknown value
R8 =0x00000000000000fa is an unknown value
R9 =0x0000000000000004 is an unknown value
R10=0x000001e9c2d30000 points into unknown readable memory: 0x0000000000000000 | 00 00 00 00 00 00 00 00
R11=0x000000da9affefa0 is pointing into the stack for thread: 0x000001e9c2d62740
R12=0x0 is null
R13=0x000001e9c1a185c0 points into unknown readable memory: 0x6de5396de5396de5 | e5 6d 39 e5 6d 39 e5 6d
R14=0x0 is null
R15=0x00000000000000fa is an unknown value

Top of Stack: (sp=0x000000da9affef68)
0x000000da9affef68:   00007ff9374720d8 0000000000000000
0x000000da9affef78:   00007ff989814aee 000001e9c1635dd0
0x000000da9affef88:   000001e9c14501f0 000001e9c2d3e9c0
0x000000da9affef98:   000000da9afff0e0 000001e9c2d62740
0x000000da9affefa8:   0000000000000000 000001e9e642e0a8
0x000000da9affefb8:   0000000000000000 000001e900000000
0x000000da9affefc8:   00007ff98c24b001 000000fa0000013b
0x000000da9affefd8:   000001e9c2d30000 0000000400000001
0x000000da9affefe8:   00005b744c9291fa 0000000000000000
0x000000da9affeff8:   000001e9c1636da9 000001e9c1635dd0
0x000000da9afff008:   00007ff98982364b 000001e9c2d62740
0x000000da9afff018:   0000000000000001 000001e9e642e0a8
0x000000da9afff028:   0000000000000004 000000da9afff120
0x000000da9afff038:   00007ff937440d40 000000da9afff120
0x000000da9afff048:   000001e900000000 000000da9afff120
0x000000da9afff058:   0000000000000000 000001e900000001
0x000000da9afff068:   000000da9afff640 000000da00000000
0x000000da9afff078:   00007ff989821966 0000000000000000
0x000000da9afff088:   000001e9c1a185c0 000000fa0000013b
0x000000da9afff098:   0000000400000001 000001e9c1a185c0
0x000000da9afff0a8:   000000fa0000013b 0000000400000001
0x000000da9afff0b8:   0000000000000002 000001e9c14501f0
0x000000da9afff0c8:   000001e9c2d62b00 000001e9c144fbd0
0x000000da9afff0d8:   00007ff9373aa4cb 000000da00000fd9
0x000000da9afff0e8:   000001e9e642e0b0 000000da9afff1d0
0x000000da9afff0f8:   000001e9c2d62740 0000000000000199
0x000000da9afff108:   000001e9c2d62740 000001e9c14501f0
0x000000da9afff118:   000001e9c2d62740 0000000000000000
0x000000da9afff128:   0000000000000000 000001e900000000
0x000000da9afff138:   000001e9e642e0b0 000000da9afff1f0
0x000000da9afff148:   000000da9afff648 000000da9afff640
0x000000da9afff158:   000001e9d4c6d207 000001e9c2d62b00 

Instructions: (pc=0x00007ff9374720d8)
0x00007ff937471fd8:   24 50 c7 44 24 50 00 00 00 00 ba 84 8b 00 00 8b
0x00007ff937471fe8:   ce ff 15 49 4d 13 00 48 63 44 24 50 85 c0 7e 4d
0x00007ff937471ff8:   48 8b c8 c7 44 24 20 00 00 00 00 ba 01 00 00 00
0x00007ff937472008:   ff 15 12 96 09 00 8b 54 24 50 4c 8d 44 24 20 4c
0x00007ff937472018:   8b c8 8b ce 48 8b d8 ff 15 7b 4c 13 00 4c 8b cb
0x00007ff937472028:   48 8d 15 39 6b 0a 00 44 8b c6 b9 04 00 00 00 e8
0x00007ff937472038:   b4 5a 08 00 48 8b cb ff 15 e3 95 09 00 8b ce ff
0x00007ff937472048:   15 1b 46 13 00 33 c0 48 8b 5c 24 40 48 8b 74 24
0x00007ff937472058:   48 48 83 c4 30 5f c3 48 8d 15 22 6b 0a 00 b9 03
0x00007ff937472068:   00 00 00 e8 80 5a 08 00 48 8b 5c 24 40 8b c6 48
0x00007ff937472078:   8b 74 24 48 48 83 c4 30 5f c3 cc cc cc cc cc cc
0x00007ff937472088:   cc cc cc cc cc cc cc cc 40 53 55 41 55 41 56 41
0x00007ff937472098:   57 48 81 ec a0 00 00 00 48 8b 05 21 1e 13 00 48
0x00007ff9374720a8:   33 c4 48 89 44 24 78 8b ea 89 54 24 60 4c 8b e9
0x00007ff9374720b8:   44 89 44 24 64 45 33 f6 33 d2 b9 e1 0d 00 00 44
0x00007ff9374720c8:   89 74 24 50 41 8b d9 45 8b f8 ff 15 a8 41 13 00
0x00007ff9374720d8:   44 38 35 50 78 13 00 75 1d 8d 43 f2 83 f8 03 77
0x00007ff9374720e8:   15 48 8d 15 78 63 0a 00 41 8d 4e 04 e8 f7 59 08
0x00007ff9374720f8:   00 e9 0a 04 00 00 44 38 35 2b 78 13 00 75 19 83
0x00007ff937472108:   fb 12 75 14 48 8d 15 85 63 0a 00 8d 4b f2 e8 d5
0x00007ff937472118:   59 08 00 e9 e8 03 00 00 44 38 35 0a 78 13 00 75
0x00007ff937472128:   1e 8d 43 ed 83 f8 01 77 16 48 8d 15 98 63 0a 00
0x00007ff937472138:   b9 04 00 00 00 e8 ae 59 08 00 e9 c1 03 00 00 44
0x00007ff937472148:   38 35 e4 77 13 00 75 1e 8d 43 eb 83 f8 01 77 16
0x00007ff937472158:   48 8d 15 a9 63 0a 00 b9 04 00 00 00 e8 87 59 08
0x00007ff937472168:   00 e9 9a 03 00 00 44 38 35 be 77 13 00 75 1e 8d
0x00007ff937472178:   43 e9 83 f8 01 77 16 48 8d 15 ba 63 0a 00 b9 04
0x00007ff937472188:   00 00 00 e8 60 59 08 00 e9 73 03 00 00 48 89 b4
0x00007ff937472198:   24 98 00 00 00 ba 01 00 00 00 48 89 bc 24 90 00
0x00007ff9374721a8:   00 00 b9 f5 0c 00 00 4c 89 a4 24 88 00 00 00 ff
0x00007ff9374721b8:   15 db 53 13 00 48 8d 54 24 50 b9 01 00 00 00 ff
0x00007ff9374721c8:   15 0b 48 13 00 8b 54 24 50 b9 e1 0d 00 00 ff 15 


Stack slot to memory mapping:

stack at sp + 0 slots: 0x0 is null
stack at sp + 1 slots: 0x00007ff989814aee ucrtbase.dll
stack at sp + 2 slots: 0x000001e9c1635dd0 points into unknown readable memory: 0x0000087000000080 | 80 00 00 00 70 08 00 00
stack at sp + 3 slots: 0x000001e9c14501f0 points into unknown readable memory: 0x7365727574786554 | 54 65 78 74 75 72 65 73
stack at sp + 4 slots: 0x000001e9c2d3e9c0 points into unknown readable memory: 0x0000000000000000 | 00 00 00 00 00 00 00 00
stack at sp + 5 slots: 0x000000da9afff0e0 is pointing into the stack for thread: 0x000001e9c2d62740
stack at sp + 6 slots: 0x000001e9c2d62740 is a thread
stack at sp + 7 slots: 0x0 is null

Lock stack of current Java thread (top to bottom):


---------------  P R O C E S S  ---------------

Threads class SMR info:
_java_thread_list=0x000001e9c1421c30, length=18, elements={
0x000001e9c2d62740, 0x000001e9e50b24c0, 0x000001e9e50b3480, 0x000001e9e50b58e0,
0x000001e9e50b86a0, 0x000001e9e50ba110, 0x000001e9e50c2b80, 0x000001e9e50c5a50,
0x000001e9e50c7640, 0x000001e9c1117380, 0x000001e9c111c110, 0x000001e9c1125e20,
0x000001e9c11fe810, 0x000001e9c11fee80, 0x000001e9c14a12b0, 0x000001e9c146a9e0,
0x000001e9c146b0a0, 0x000001e9c16a7770
}

Java Threads: ( => current thread )
=>0x000001e9c2d62740 JavaThread "main"                              [_thread_in_native, id=21204, stack(0x000000da9af00000,0x000000da9b000000) (1024K)]
  0x000001e9e50b24c0 JavaThread "Reference Handler"          daemon [_thread_blocked, id=29416, stack(0x000000da9b700000,0x000000da9b800000) (1024K)]
  0x000001e9e50b3480 JavaThread "Finalizer"                  daemon [_thread_blocked, id=14092, stack(0x000000da9b800000,0x000000da9b900000) (1024K)]
  0x000001e9e50b58e0 JavaThread "Signal Dispatcher"          daemon [_thread_blocked, id=28188, stack(0x000000da9b900000,0x000000da9ba00000) (1024K)]
  0x000001e9e50b86a0 JavaThread "Attach Listener"            daemon [_thread_blocked, id=29440, stack(0x000000da9ba00000,0x000000da9bb00000) (1024K)]
  0x000001e9e50ba110 JavaThread "Service Thread"             daemon [_thread_blocked, id=31684, stack(0x000000da9bb00000,0x000000da9bc00000) (1024K)]
  0x000001e9e50c2b80 JavaThread "Monitor Deflation Thread"   daemon [_thread_blocked, id=31928, stack(0x000000da9bc00000,0x000000da9bd00000) (1024K)]
  0x000001e9e50c5a50 JavaThread "C2 CompilerThread0"         daemon [_thread_blocked, id=21188, stack(0x000000da9bd00000,0x000000da9be00000) (1024K)]
  0x000001e9e50c7640 JavaThread "C1 CompilerThread0"         daemon [_thread_blocked, id=34560, stack(0x000000da9be00000,0x000000da9bf00000) (1024K)]
  0x000001e9c1117380 JavaThread "Common-Cleaner"             daemon [_thread_blocked, id=9824, stack(0x000000da9bf00000,0x000000da9c000000) (1024K)]
  0x000001e9c111c110 JavaThread "C1 CompilerThread1"         daemon [_thread_blocked, id=33196, stack(0x000000da9c000000,0x000000da9c100000) (1024K)]
  0x000001e9c1125e20 JavaThread "C1 CompilerThread2"         daemon [_thread_blocked, id=25628, stack(0x000000da9c100000,0x000000da9c200000) (1024K)]
  0x000001e9c11fe810 JavaThread "Monitor Ctrl-Break"         daemon [_thread_in_native, id=11088, stack(0x000000da9c200000,0x000000da9c300000) (1024K)]
  0x000001e9c11fee80 JavaThread "Notification Thread"        daemon [_thread_blocked, id=10252, stack(0x000000da9c300000,0x000000da9c400000) (1024K)]
  0x000001e9c14a12b0 JavaThread "C1 CompilerThread3"         daemon [_thread_blocked, id=16732, stack(0x000000da9c400000,0x000000da9c500000) (1024K)]
  0x000001e9c146a9e0 JavaThread "C2 CompilerThread1"         daemon [_thread_blocked, id=19872, stack(0x000000da9c500000,0x000000da9c600000) (1024K)]
  0x000001e9c146b0a0 JavaThread "C2 CompilerThread2"         daemon [_thread_blocked, id=18120, stack(0x000000da9c600000,0x000000da9c700000) (1024K)]
  0x000001e9c16a7770 JavaThread "JavaCPP Deallocator"        daemon [_thread_blocked, id=24276, stack(0x000000da9c700000,0x000000da9c800000) (1024K)]
Total: 18

Other Threads:
  0x000001e9e509a1e0 VMThread "VM Thread"                           [id=22480, stack(0x000000da9b600000,0x000000da9b700000) (1024K)]
  0x000001e9e50868a0 WatcherThread "VM Periodic Task Thread"        [id=15284, stack(0x000000da9b500000,0x000000da9b600000) (1024K)]
  0x000001e9c51418a0 WorkerThread "GC Thread#0"                     [id=32496, stack(0x000000da9b000000,0x000000da9b100000) (1024K)]
  0x000001e9c5156470 ConcurrentGCThread "G1 Main Marker"            [id=28324, stack(0x000000da9b100000,0x000000da9b200000) (1024K)]
  0x000001e9c5156f80 WorkerThread "G1 Conc#0"                       [id=34008, stack(0x000000da9b200000,0x000000da9b300000) (1024K)]
  0x000001e9e4f5b8a0 ConcurrentGCThread "G1 Refine#0"               [id=16012, stack(0x000000da9b300000,0x000000da9b400000) (1024K)]
  0x000001e9e4f5c230 ConcurrentGCThread "G1 Service"                [id=23088, stack(0x000000da9b400000,0x000000da9b500000) (1024K)]
Total: 7

Threads with active compile tasks:
Total: 0

VM state: not at safepoint (normal execution)

VM Mutex/Monitor currently owned by a thread: None

Heap address: 0x0000000704e00000, size: 4018 MB, Compressed Oops mode: Zero based, Oop shift amount: 3

CDS archive(s) mapped at: [0x000001e980000000-0x000001e980d70000-0x000001e980d70000), size 14090240, SharedBaseAddress: 0x000001e980000000, ArchiveRelocationMode: 1.
Compressed class space mapped at: 0x000001e981000000-0x000001e9c1000000, reserved size: 1073741824
Narrow klass base: 0x000001e980000000, Narrow klass shift: 0, Narrow klass range: 0x41000000

GC Precious Log:
 CardTable entry size: 512
 Card Set container configuration: InlinePtr #cards 4 size 8 Array Of Cards #cards 16 size 48 Howl #buckets 8 coarsen threshold 3686 Howl Bitmap #cards 512 size 80 coarsen threshold 460 Card regions per heap region 1 cards per card region 4096
 CPUs: 16 total, 16 available
 Memory: 16068M
 Large Page Support: Disabled
 NUMA Support: Disabled
 Compressed Oops: Enabled (Zero based)
 Heap Region Size: 2M
 Heap Min Capacity: 8M
 Heap Initial Capacity: 252M
 Heap Max Capacity: 4018M
 Pre-touch: Disabled
 Parallel Workers: 13
 Concurrent Workers: 3
 Concurrent Refinement Workers: 13
 Periodic GC: Disabled

Heap:
 garbage-first heap   total reserved 4114432K, committed 258048K, used 16384K [0x0000000704e00000, 0x0000000800000000)
  region size 2048K, 10 young (20480K), 0 survivors (0K)
 Metaspace       used 2934K, committed 3072K, reserved 1114112K
  class space    used 285K, committed 384K, reserved 1048576K

Heap Regions: E=young(eden), S=young(survivor), O=old, HS=humongous(starts), HC=humongous(continues), CS=collection set, F=free, TAMS=top-at-mark-start, PB=parsable bottom
|   0|0x0000000704e00000, 0x0000000704e00000, 0x0000000705000000|  0%| F|  |TAMS 0x0000000704e00000| PB 0x0000000704e00000| Untracked |  0
|   1|0x0000000705000000, 0x0000000705000000, 0x0000000705200000|  0%| F|  |TAMS 0x0000000705000000| PB 0x0000000705000000| Untracked |  0
|   2|0x0000000705200000, 0x0000000705200000, 0x0000000705400000|  0%| F|  |TAMS 0x0000000705200000| PB 0x0000000705200000| Untracked |  0
|   3|0x0000000705400000, 0x0000000705400000, 0x0000000705600000|  0%| F|  |TAMS 0x0000000705400000| PB 0x0000000705400000| Untracked |  0
|   4|0x0000000705600000, 0x0000000705600000, 0x0000000705800000|  0%| F|  |TAMS 0x0000000705600000| PB 0x0000000705600000| Untracked |  0
|   5|0x0000000705800000, 0x0000000705800000, 0x0000000705a00000|  0%| F|  |TAMS 0x0000000705800000| PB 0x0000000705800000| Untracked |  0
|   6|0x0000000705a00000, 0x0000000705a00000, 0x0000000705c00000|  0%| F|  |TAMS 0x0000000705a00000| PB 0x0000000705a00000| Untracked |  0
|   7|0x0000000705c00000, 0x0000000705c00000, 0x0000000705e00000|  0%| F|  |TAMS 0x0000000705c00000| PB 0x0000000705c00000| Untracked |  0
|   8|0x0000000705e00000, 0x0000000705e00000, 0x0000000706000000|  0%| F|  |TAMS 0x0000000705e00000| PB 0x0000000705e00000| Untracked |  0
|   9|0x0000000706000000, 0x0000000706000000, 0x0000000706200000|  0%| F|  |TAMS 0x0000000706000000| PB 0x0000000706000000| Untracked |  0
|  10|0x0000000706200000, 0x0000000706200000, 0x0000000706400000|  0%| F|  |TAMS 0x0000000706200000| PB 0x0000000706200000| Untracked |  0
|  11|0x0000000706400000, 0x0000000706400000, 0x0000000706600000|  0%| F|  |TAMS 0x0000000706400000| PB 0x0000000706400000| Untracked |  0
|  12|0x0000000706600000, 0x0000000706600000, 0x0000000706800000|  0%| F|  |TAMS 0x0000000706600000| PB 0x0000000706600000| Untracked |  0
|  13|0x0000000706800000, 0x0000000706800000, 0x0000000706a00000|  0%| F|  |TAMS 0x0000000706800000| PB 0x0000000706800000| Untracked |  0
|  14|0x0000000706a00000, 0x0000000706a00000, 0x0000000706c00000|  0%| F|  |TAMS 0x0000000706a00000| PB 0x0000000706a00000| Untracked |  0
|  15|0x0000000706c00000, 0x0000000706c00000, 0x0000000706e00000|  0%| F|  |TAMS 0x0000000706c00000| PB 0x0000000706c00000| Untracked |  0
|  16|0x0000000706e00000, 0x0000000706e00000, 0x0000000707000000|  0%| F|  |TAMS 0x0000000706e00000| PB 0x0000000706e00000| Untracked |  0
|  17|0x0000000707000000, 0x0000000707000000, 0x0000000707200000|  0%| F|  |TAMS 0x0000000707000000| PB 0x0000000707000000| Untracked |  0
|  18|0x0000000707200000, 0x0000000707200000, 0x0000000707400000|  0%| F|  |TAMS 0x0000000707200000| PB 0x0000000707200000| Untracked |  0
|  19|0x0000000707400000, 0x0000000707400000, 0x0000000707600000|  0%| F|  |TAMS 0x0000000707400000| PB 0x0000000707400000| Untracked |  0
|  20|0x0000000707600000, 0x0000000707600000, 0x0000000707800000|  0%| F|  |TAMS 0x0000000707600000| PB 0x0000000707600000| Untracked |  0
|  21|0x0000000707800000, 0x0000000707800000, 0x0000000707a00000|  0%| F|  |TAMS 0x0000000707800000| PB 0x0000000707800000| Untracked |  0
|  22|0x0000000707a00000, 0x0000000707a00000, 0x0000000707c00000|  0%| F|  |TAMS 0x0000000707a00000| PB 0x0000000707a00000| Untracked |  0
|  23|0x0000000707c00000, 0x0000000707c00000, 0x0000000707e00000|  0%| F|  |TAMS 0x0000000707c00000| PB 0x0000000707c00000| Untracked |  0
|  24|0x0000000707e00000, 0x0000000707e00000, 0x0000000708000000|  0%| F|  |TAMS 0x0000000707e00000| PB 0x0000000707e00000| Untracked |  0
|  25|0x0000000708000000, 0x0000000708000000, 0x0000000708200000|  0%| F|  |TAMS 0x0000000708000000| PB 0x0000000708000000| Untracked |  0
|  26|0x0000000708200000, 0x0000000708200000, 0x0000000708400000|  0%| F|  |TAMS 0x0000000708200000| PB 0x0000000708200000| Untracked |  0
|  27|0x0000000708400000, 0x0000000708400000, 0x0000000708600000|  0%| F|  |TAMS 0x0000000708400000| PB 0x0000000708400000| Untracked |  0
|  28|0x0000000708600000, 0x0000000708600000, 0x0000000708800000|  0%| F|  |TAMS 0x0000000708600000| PB 0x0000000708600000| Untracked |  0
|  29|0x0000000708800000, 0x0000000708800000, 0x0000000708a00000|  0%| F|  |TAMS 0x0000000708800000| PB 0x0000000708800000| Untracked |  0
|  30|0x0000000708a00000, 0x0000000708a00000, 0x0000000708c00000|  0%| F|  |TAMS 0x0000000708a00000| PB 0x0000000708a00000| Untracked |  0
|  31|0x0000000708c00000, 0x0000000708c00000, 0x0000000708e00000|  0%| F|  |TAMS 0x0000000708c00000| PB 0x0000000708c00000| Untracked |  0
|  32|0x0000000708e00000, 0x0000000708e00000, 0x0000000709000000|  0%| F|  |TAMS 0x0000000708e00000| PB 0x0000000708e00000| Untracked |  0
|  33|0x0000000709000000, 0x0000000709000000, 0x0000000709200000|  0%| F|  |TAMS 0x0000000709000000| PB 0x0000000709000000| Untracked |  0
|  34|0x0000000709200000, 0x0000000709200000, 0x0000000709400000|  0%| F|  |TAMS 0x0000000709200000| PB 0x0000000709200000| Untracked |  0
|  35|0x0000000709400000, 0x0000000709400000, 0x0000000709600000|  0%| F|  |TAMS 0x0000000709400000| PB 0x0000000709400000| Untracked |  0
|  36|0x0000000709600000, 0x0000000709600000, 0x0000000709800000|  0%| F|  |TAMS 0x0000000709600000| PB 0x0000000709600000| Untracked |  0
|  37|0x0000000709800000, 0x0000000709800000, 0x0000000709a00000|  0%| F|  |TAMS 0x0000000709800000| PB 0x0000000709800000| Untracked |  0
|  38|0x0000000709a00000, 0x0000000709a00000, 0x0000000709c00000|  0%| F|  |TAMS 0x0000000709a00000| PB 0x0000000709a00000| Untracked |  0
|  39|0x0000000709c00000, 0x0000000709c00000, 0x0000000709e00000|  0%| F|  |TAMS 0x0000000709c00000| PB 0x0000000709c00000| Untracked |  0
|  40|0x0000000709e00000, 0x0000000709e00000, 0x000000070a000000|  0%| F|  |TAMS 0x0000000709e00000| PB 0x0000000709e00000| Untracked |  0
|  41|0x000000070a000000, 0x000000070a000000, 0x000000070a200000|  0%| F|  |TAMS 0x000000070a000000| PB 0x000000070a000000| Untracked |  0
|  42|0x000000070a200000, 0x000000070a200000, 0x000000070a400000|  0%| F|  |TAMS 0x000000070a200000| PB 0x000000070a200000| Untracked |  0
|  43|0x000000070a400000, 0x000000070a400000, 0x000000070a600000|  0%| F|  |TAMS 0x000000070a400000| PB 0x000000070a400000| Untracked |  0
|  44|0x000000070a600000, 0x000000070a600000, 0x000000070a800000|  0%| F|  |TAMS 0x000000070a600000| PB 0x000000070a600000| Untracked |  0
|  45|0x000000070a800000, 0x000000070a800000, 0x000000070aa00000|  0%| F|  |TAMS 0x000000070a800000| PB 0x000000070a800000| Untracked |  0
|  46|0x000000070aa00000, 0x000000070aa00000, 0x000000070ac00000|  0%| F|  |TAMS 0x000000070aa00000| PB 0x000000070aa00000| Untracked |  0
|  47|0x000000070ac00000, 0x000000070ac00000, 0x000000070ae00000|  0%| F|  |TAMS 0x000000070ac00000| PB 0x000000070ac00000| Untracked |  0
|  48|0x000000070ae00000, 0x000000070ae00000, 0x000000070b000000|  0%| F|  |TAMS 0x000000070ae00000| PB 0x000000070ae00000| Untracked |  0
|  49|0x000000070b000000, 0x000000070b000000, 0x000000070b200000|  0%| F|  |TAMS 0x000000070b000000| PB 0x000000070b000000| Untracked |  0
|  50|0x000000070b200000, 0x000000070b200000, 0x000000070b400000|  0%| F|  |TAMS 0x000000070b200000| PB 0x000000070b200000| Untracked |  0
|  51|0x000000070b400000, 0x000000070b400000, 0x000000070b600000|  0%| F|  |TAMS 0x000000070b400000| PB 0x000000070b400000| Untracked |  0
|  52|0x000000070b600000, 0x000000070b600000, 0x000000070b800000|  0%| F|  |TAMS 0x000000070b600000| PB 0x000000070b600000| Untracked |  0
|  53|0x000000070b800000, 0x000000070b800000, 0x000000070ba00000|  0%| F|  |TAMS 0x000000070b800000| PB 0x000000070b800000| Untracked |  0
|  54|0x000000070ba00000, 0x000000070ba00000, 0x000000070bc00000|  0%| F|  |TAMS 0x000000070ba00000| PB 0x000000070ba00000| Untracked |  0
|  55|0x000000070bc00000, 0x000000070bc00000, 0x000000070be00000|  0%| F|  |TAMS 0x000000070bc00000| PB 0x000000070bc00000| Untracked |  0
|  56|0x000000070be00000, 0x000000070be00000, 0x000000070c000000|  0%| F|  |TAMS 0x000000070be00000| PB 0x000000070be00000| Untracked |  0
|  57|0x000000070c000000, 0x000000070c000000, 0x000000070c200000|  0%| F|  |TAMS 0x000000070c000000| PB 0x000000070c000000| Untracked |  0
|  58|0x000000070c200000, 0x000000070c200000, 0x000000070c400000|  0%| F|  |TAMS 0x000000070c200000| PB 0x000000070c200000| Untracked |  0
|  59|0x000000070c400000, 0x000000070c400000, 0x000000070c600000|  0%| F|  |TAMS 0x000000070c400000| PB 0x000000070c400000| Untracked |  0
|  60|0x000000070c600000, 0x000000070c600000, 0x000000070c800000|  0%| F|  |TAMS 0x000000070c600000| PB 0x000000070c600000| Untracked |  0
|  61|0x000000070c800000, 0x000000070c800000, 0x000000070ca00000|  0%| F|  |TAMS 0x000000070c800000| PB 0x000000070c800000| Untracked |  0
|  62|0x000000070ca00000, 0x000000070ca00000, 0x000000070cc00000|  0%| F|  |TAMS 0x000000070ca00000| PB 0x000000070ca00000| Untracked |  0
|  63|0x000000070cc00000, 0x000000070cc00000, 0x000000070ce00000|  0%| F|  |TAMS 0x000000070cc00000| PB 0x000000070cc00000| Untracked |  0
|  64|0x000000070ce00000, 0x000000070ce00000, 0x000000070d000000|  0%| F|  |TAMS 0x000000070ce00000| PB 0x000000070ce00000| Untracked |  0
|  65|0x000000070d000000, 0x000000070d000000, 0x000000070d200000|  0%| F|  |TAMS 0x000000070d000000| PB 0x000000070d000000| Untracked |  0
|  66|0x000000070d200000, 0x000000070d200000, 0x000000070d400000|  0%| F|  |TAMS 0x000000070d200000| PB 0x000000070d200000| Untracked |  0
|  67|0x000000070d400000, 0x000000070d400000, 0x000000070d600000|  0%| F|  |TAMS 0x000000070d400000| PB 0x000000070d400000| Untracked |  0
|  68|0x000000070d600000, 0x000000070d600000, 0x000000070d800000|  0%| F|  |TAMS 0x000000070d600000| PB 0x000000070d600000| Untracked |  0
|  69|0x000000070d800000, 0x000000070d800000, 0x000000070da00000|  0%| F|  |TAMS 0x000000070d800000| PB 0x000000070d800000| Untracked |  0
|  70|0x000000070da00000, 0x000000070da00000, 0x000000070dc00000|  0%| F|  |TAMS 0x000000070da00000| PB 0x000000070da00000| Untracked |  0
|  71|0x000000070dc00000, 0x000000070dc00000, 0x000000070de00000|  0%| F|  |TAMS 0x000000070dc00000| PB 0x000000070dc00000| Untracked |  0
|  72|0x000000070de00000, 0x000000070de00000, 0x000000070e000000|  0%| F|  |TAMS 0x000000070de00000| PB 0x000000070de00000| Untracked |  0
|  73|0x000000070e000000, 0x000000070e000000, 0x000000070e200000|  0%| F|  |TAMS 0x000000070e000000| PB 0x000000070e000000| Untracked |  0
|  74|0x000000070e200000, 0x000000070e200000, 0x000000070e400000|  0%| F|  |TAMS 0x000000070e200000| PB 0x000000070e200000| Untracked |  0
|  75|0x000000070e400000, 0x000000070e400000, 0x000000070e600000|  0%| F|  |TAMS 0x000000070e400000| PB 0x000000070e400000| Untracked |  0
|  76|0x000000070e600000, 0x000000070e600000, 0x000000070e800000|  0%| F|  |TAMS 0x000000070e600000| PB 0x000000070e600000| Untracked |  0
|  77|0x000000070e800000, 0x000000070e800000, 0x000000070ea00000|  0%| F|  |TAMS 0x000000070e800000| PB 0x000000070e800000| Untracked |  0
|  78|0x000000070ea00000, 0x000000070ea00000, 0x000000070ec00000|  0%| F|  |TAMS 0x000000070ea00000| PB 0x000000070ea00000| Untracked |  0
|  79|0x000000070ec00000, 0x000000070ec00000, 0x000000070ee00000|  0%| F|  |TAMS 0x000000070ec00000| PB 0x000000070ec00000| Untracked |  0
|  80|0x000000070ee00000, 0x000000070ee00000, 0x000000070f000000|  0%| F|  |TAMS 0x000000070ee00000| PB 0x000000070ee00000| Untracked |  0
|  81|0x000000070f000000, 0x000000070f000000, 0x000000070f200000|  0%| F|  |TAMS 0x000000070f000000| PB 0x000000070f000000| Untracked |  0
|  82|0x000000070f200000, 0x000000070f200000, 0x000000070f400000|  0%| F|  |TAMS 0x000000070f200000| PB 0x000000070f200000| Untracked |  0
|  83|0x000000070f400000, 0x000000070f400000, 0x000000070f600000|  0%| F|  |TAMS 0x000000070f400000| PB 0x000000070f400000| Untracked |  0
|  84|0x000000070f600000, 0x000000070f600000, 0x000000070f800000|  0%| F|  |TAMS 0x000000070f600000| PB 0x000000070f600000| Untracked |  0
|  85|0x000000070f800000, 0x000000070f800000, 0x000000070fa00000|  0%| F|  |TAMS 0x000000070f800000| PB 0x000000070f800000| Untracked |  0
|  86|0x000000070fa00000, 0x000000070fa00000, 0x000000070fc00000|  0%| F|  |TAMS 0x000000070fa00000| PB 0x000000070fa00000| Untracked |  0
|  87|0x000000070fc00000, 0x000000070fc00000, 0x000000070fe00000|  0%| F|  |TAMS 0x000000070fc00000| PB 0x000000070fc00000| Untracked |  0
|  88|0x000000070fe00000, 0x000000070fe00000, 0x0000000710000000|  0%| F|  |TAMS 0x000000070fe00000| PB 0x000000070fe00000| Untracked |  0
|  89|0x0000000710000000, 0x0000000710000000, 0x0000000710200000|  0%| F|  |TAMS 0x0000000710000000| PB 0x0000000710000000| Untracked |  0
|  90|0x0000000710200000, 0x0000000710200000, 0x0000000710400000|  0%| F|  |TAMS 0x0000000710200000| PB 0x0000000710200000| Untracked |  0
|  91|0x0000000710400000, 0x0000000710400000, 0x0000000710600000|  0%| F|  |TAMS 0x0000000710400000| PB 0x0000000710400000| Untracked |  0
|  92|0x0000000710600000, 0x0000000710600000, 0x0000000710800000|  0%| F|  |TAMS 0x0000000710600000| PB 0x0000000710600000| Untracked |  0
|  93|0x0000000710800000, 0x0000000710800000, 0x0000000710a00000|  0%| F|  |TAMS 0x0000000710800000| PB 0x0000000710800000| Untracked |  0
|  94|0x0000000710a00000, 0x0000000710a00000, 0x0000000710c00000|  0%| F|  |TAMS 0x0000000710a00000| PB 0x0000000710a00000| Untracked |  0
|  95|0x0000000710c00000, 0x0000000710c00000, 0x0000000710e00000|  0%| F|  |TAMS 0x0000000710c00000| PB 0x0000000710c00000| Untracked |  0
|  96|0x0000000710e00000, 0x0000000710e00000, 0x0000000711000000|  0%| F|  |TAMS 0x0000000710e00000| PB 0x0000000710e00000| Untracked |  0
|  97|0x0000000711000000, 0x0000000711000000, 0x0000000711200000|  0%| F|  |TAMS 0x0000000711000000| PB 0x0000000711000000| Untracked |  0
|  98|0x0000000711200000, 0x0000000711200000, 0x0000000711400000|  0%| F|  |TAMS 0x0000000711200000| PB 0x0000000711200000| Untracked |  0
|  99|0x0000000711400000, 0x0000000711400000, 0x0000000711600000|  0%| F|  |TAMS 0x0000000711400000| PB 0x0000000711400000| Untracked |  0
| 100|0x0000000711600000, 0x0000000711600000, 0x0000000711800000|  0%| F|  |TAMS 0x0000000711600000| PB 0x0000000711600000| Untracked |  0
| 101|0x0000000711800000, 0x0000000711800000, 0x0000000711a00000|  0%| F|  |TAMS 0x0000000711800000| PB 0x0000000711800000| Untracked |  0
| 102|0x0000000711a00000, 0x0000000711a00000, 0x0000000711c00000|  0%| F|  |TAMS 0x0000000711a00000| PB 0x0000000711a00000| Untracked |  0
| 103|0x0000000711c00000, 0x0000000711c00000, 0x0000000711e00000|  0%| F|  |TAMS 0x0000000711c00000| PB 0x0000000711c00000| Untracked |  0
| 104|0x0000000711e00000, 0x0000000711e00000, 0x0000000712000000|  0%| F|  |TAMS 0x0000000711e00000| PB 0x0000000711e00000| Untracked |  0
| 105|0x0000000712000000, 0x0000000712000000, 0x0000000712200000|  0%| F|  |TAMS 0x0000000712000000| PB 0x0000000712000000| Untracked |  0
| 106|0x0000000712200000, 0x0000000712200000, 0x0000000712400000|  0%| F|  |TAMS 0x0000000712200000| PB 0x0000000712200000| Untracked |  0
| 107|0x0000000712400000, 0x0000000712400000, 0x0000000712600000|  0%| F|  |TAMS 0x0000000712400000| PB 0x0000000712400000| Untracked |  0
| 108|0x0000000712600000, 0x0000000712600000, 0x0000000712800000|  0%| F|  |TAMS 0x0000000712600000| PB 0x0000000712600000| Untracked |  0
| 109|0x0000000712800000, 0x0000000712800000, 0x0000000712a00000|  0%| F|  |TAMS 0x0000000712800000| PB 0x0000000712800000| Untracked |  0
| 110|0x0000000712a00000, 0x0000000712a00000, 0x0000000712c00000|  0%| F|  |TAMS 0x0000000712a00000| PB 0x0000000712a00000| Untracked |  0
| 111|0x0000000712c00000, 0x0000000712c00000, 0x0000000712e00000|  0%| F|  |TAMS 0x0000000712c00000| PB 0x0000000712c00000| Untracked |  0
| 112|0x0000000712e00000, 0x0000000712e00000, 0x0000000713000000|  0%| F|  |TAMS 0x0000000712e00000| PB 0x0000000712e00000| Untracked |  0
| 113|0x0000000713000000, 0x0000000713000000, 0x0000000713200000|  0%| F|  |TAMS 0x0000000713000000| PB 0x0000000713000000| Untracked |  0
| 114|0x0000000713200000, 0x0000000713200000, 0x0000000713400000|  0%| F|  |TAMS 0x0000000713200000| PB 0x0000000713200000| Untracked |  0
| 115|0x0000000713400000, 0x0000000713400000, 0x0000000713600000|  0%| F|  |TAMS 0x0000000713400000| PB 0x0000000713400000| Untracked |  0
| 116|0x0000000713600000, 0x00000007137eb910, 0x0000000713800000| 96%| E|  |TAMS 0x0000000713600000| PB 0x0000000713600000| Complete |  0
| 117|0x0000000713800000, 0x0000000713a00000, 0x0000000713a00000|100%| E|CS|TAMS 0x0000000713800000| PB 0x0000000713800000| Complete |  0
| 118|0x0000000713a00000, 0x0000000713c00000, 0x0000000713c00000|100%| E|CS|TAMS 0x0000000713a00000| PB 0x0000000713a00000| Complete |  0
| 119|0x0000000713c00000, 0x0000000713e00000, 0x0000000713e00000|100%| E|CS|TAMS 0x0000000713c00000| PB 0x0000000713c00000| Complete |  0
| 120|0x0000000713e00000, 0x0000000714000000, 0x0000000714000000|100%| E|CS|TAMS 0x0000000713e00000| PB 0x0000000713e00000| Complete |  0
| 121|0x0000000714000000, 0x0000000714200000, 0x0000000714200000|100%| E|CS|TAMS 0x0000000714000000| PB 0x0000000714000000| Complete |  0
| 122|0x0000000714200000, 0x0000000714400000, 0x0000000714400000|100%| E|CS|TAMS 0x0000000714200000| PB 0x0000000714200000| Complete |  0
| 123|0x0000000714400000, 0x0000000714600000, 0x0000000714600000|100%| E|CS|TAMS 0x0000000714400000| PB 0x0000000714400000| Complete |  0
| 124|0x0000000714600000, 0x0000000714800000, 0x0000000714800000|100%| E|  |TAMS 0x0000000714600000| PB 0x0000000714600000| Complete |  0
| 125|0x0000000714800000, 0x0000000714a00000, 0x0000000714a00000|100%| E|CS|TAMS 0x0000000714800000| PB 0x0000000714800000| Complete |  0

Card table byte_map: [0x000001e9dd980000,0x000001e9de160000] _byte_map_base: 0x000001e9da159000

Marking Bits: (CMBitMap*) 0x000001e9c5141fb0
 Bits: [0x000001e9de160000, 0x000001e9e2028000)

Polling page: 0x000001e9c30d0000

Metaspace:

Usage:
  Non-class:      2.59 MB used.
      Class:    285.86 KB used.
       Both:      2.87 MB used.

Virtual space:
  Non-class space:       64.00 MB reserved,       2.62 MB (  4%) committed,  1 nodes.
      Class space:        1.00 GB reserved,     384.00 KB ( <1%) committed,  1 nodes.
             Both:        1.06 GB reserved,       3.00 MB ( <1%) committed. 

Chunk freelists:
   Non-Class:  11.20 MB
       Class:  15.64 MB
        Both:  26.84 MB

MaxMetaspaceSize: unlimited
CompressedClassSpaceSize: 1.00 GB
Initial GC threshold: 21.00 MB
Current GC threshold: 21.00 MB
CDS: on
 - commit_granule_bytes: 65536.
 - commit_granule_words: 8192.
 - virtual_space_node_default_size: 8388608.
 - enlarge_chunks_in_place: 1.
 - use_allocation_guard: 0.


Internal statistics:

num_allocs_failed_limit: 0.
num_arena_births: 44.
num_arena_deaths: 0.
num_vsnodes_births: 2.
num_vsnodes_deaths: 0.
num_space_committed: 48.
num_space_uncommitted: 0.
num_chunks_returned_to_freelist: 0.
num_chunks_taken_from_freelist: 88.
num_chunk_merges: 0.
num_chunk_splits: 57.
num_chunks_enlarged: 43.
num_inconsistent_stats: 0.

CodeHeap 'non-profiled nmethods': size=119232Kb used=444Kb max_used=444Kb free=118787Kb
 bounds [0x000001e9d53a0000, 0x000001e9d5610000, 0x000001e9dc810000]
CodeHeap 'profiled nmethods': size=119104Kb used=1202Kb max_used=1202Kb free=117901Kb
 bounds [0x000001e9cd810000, 0x000001e9cda80000, 0x000001e9d4c60000]
CodeHeap 'non-nmethods': size=7424Kb used=3089Kb max_used=3125Kb free=4334Kb
 bounds [0x000001e9d4c60000, 0x000001e9d4f70000, 0x000001e9d53a0000]
CodeCache: size=245760Kb, used=4735Kb, max_used=4771Kb, free=241022Kb
 total_blobs=1544, nmethods=1035, adapters=412, full_count=0
Compilation: enabled, stopped_count=0, restarted_count=0

Compilation events (20 events):
Event: 0.561 Thread 0x000001e9c1125e20 1027       3       jdk.internal.loader.BuiltinClassLoader::loadClassOrNull (7 bytes)
Event: 0.561 Thread 0x000001e9e50c5a50 1028       4       java.lang.String::indexOf (18 bytes)
Event: 0.561 Thread 0x000001e9c1125e20 nmethod 1027 0x000001e9cd934508 code [0x000001e9cd934620, 0x000001e9cd9347f8]
Event: 0.561 Thread 0x000001e9c14a12b0 nmethod 1026 0x000001e9cd934808 code [0x000001e9cd9349a0, 0x000001e9cd934fc8]
Event: 0.562 Thread 0x000001e9c146b0a0 1029       4       java.lang.String::indexOf (101 bytes)
Event: 0.562 Thread 0x000001e9c111c110 nmethod 1023 0x000001e9cd935088 code [0x000001e9cd9352e0, 0x000001e9cd936278]
Event: 0.562 Thread 0x000001e9e50c7640 nmethod 1022 0x000001e9cd936308 code [0x000001e9cd936660, 0x000001e9cd937e28]
Event: 0.562 Thread 0x000001e9c1125e20 1031       3       java.util.jar.JarFile::maybeInstantiateVerifier (42 bytes)
Event: 0.563 Thread 0x000001e9c1125e20 nmethod 1031 0x000001e9cd937f88 code [0x000001e9cd9380e0, 0x000001e9cd938458]
Event: 0.563 Thread 0x000001e9e50c7640 1032       3       java.util.WeakHashMap::get (75 bytes)
Event: 0.563 Thread 0x000001e9c111c110 1033   !   3       java.net.URL::<init> (543 bytes)
Event: 0.563 Thread 0x000001e9e50c5a50 nmethod 1028 0x000001e9d540cd88 code [0x000001e9d540cea0, 0x000001e9d540d290]
Event: 0.563 Thread 0x000001e9e50c5a50 1030       4       java.lang.Math::clamp (49 bytes)
Event: 0.563 Thread 0x000001e9e50c7640 nmethod 1032 0x000001e9cd938488 code [0x000001e9cd938640, 0x000001e9cd938ec8]
Event: 0.563 Thread 0x000001e9c146b0a0 nmethod 1029 0x000001e9d540d308 code [0x000001e9d540d420, 0x000001e9d540d818]
Event: 0.564 Thread 0x000001e9e50c7640 1034       1       java.util.jar.Attributes$Name::hashCode (5 bytes)
Event: 0.564 Thread 0x000001e9e50c5a50 nmethod 1030 0x000001e9d540d888 code [0x000001e9d540d980, 0x000001e9d540da70]
Event: 0.564 Thread 0x000001e9e50c7640 nmethod 1034 0x000001e9d540db88 code [0x000001e9d540dca0, 0x000001e9d540dd68]
Event: 0.565 Thread 0x000001e9c111c110 nmethod 1033 0x000001e9cd938f88 code [0x000001e9cd939500, 0x000001e9cd93c780]
Event: 0.567 Thread 0x000001e9c146a9e0 nmethod 1010 0x000001e9d540e208 code [0x000001e9d540e3a0, 0x000001e9d540f1b0]

GC Heap History (0 events):
No events

Dll operation events (20 events):
Event: 0.389 Loaded shared library C:\Program Files (x86)\Windows Kits\10\Redist\ucrt\DLLs\x64\api-ms-win-core-datetime-l1-1-0.dll
Event: 0.398 Loaded shared library C:\Program Files (x86)\Windows Kits\10\Redist\ucrt\DLLs\x64\api-ms-win-core-localization-l1-2-0.dll
Event: 0.407 Loaded shared library C:\Program Files (x86)\Windows Kits\10\Redist\ucrt\DLLs\x64\api-ms-win-core-sysinfo-l1-1-0.dll
Event: 0.414 Loaded shared library C:\Program Files (x86)\Windows Kits\10\Redist\ucrt\DLLs\x64\api-ms-win-core-synch-l1-2-0.dll
Event: 0.423 Loaded shared library C:\Program Files (x86)\Windows Kits\10\Redist\ucrt\DLLs\x64\api-ms-win-core-console-l1-1-0.dll
Event: 0.431 Loaded shared library C:\Program Files (x86)\Windows Kits\10\Redist\ucrt\DLLs\x64\api-ms-win-core-debug-l1-1-0.dll
Event: 0.439 Loaded shared library C:\Program Files (x86)\Windows Kits\10\Redist\ucrt\DLLs\x64\api-ms-win-core-rtlsupport-l1-1-0.dll
Event: 0.448 Loaded shared library C:\Program Files (x86)\Windows Kits\10\Redist\ucrt\DLLs\x64\api-ms-win-core-processthreads-l1-1-1.dll
Event: 0.457 Loaded shared library C:\Program Files (x86)\Windows Kits\10\Redist\ucrt\DLLs\x64\api-ms-win-core-file-l1-2-0.dll
Event: 0.465 Loaded shared library C:\Program Files (x86)\Windows Kits\10\Redist\ucrt\DLLs\x64\api-ms-win-core-profile-l1-1-0.dll
Event: 0.474 Loaded shared library C:\Program Files (x86)\Windows Kits\10\Redist\ucrt\DLLs\x64\api-ms-win-core-memory-l1-1-0.dll
Event: 0.482 Loaded shared library C:\Program Files (x86)\Windows Kits\10\Redist\ucrt\DLLs\x64\api-ms-win-core-util-l1-1-0.dll
Event: 0.490 Loaded shared library C:\Program Files (x86)\Windows Kits\10\Redist\ucrt\DLLs\x64\api-ms-win-core-interlocked-l1-1-0.dll
Event: 0.498 Loaded shared library C:\Program Files (x86)\Windows Kits\10\Redist\ucrt\DLLs\x64\ucrtbase.dll
Event: 0.506 Loaded shared library C:\Users\blasz\.jdks\openjdk-23.0.1\bin\vcruntime140.dll
Event: 0.515 Loaded shared library C:\Users\blasz\.jdks\openjdk-23.0.1\bin\vcruntime140_1.dll
Event: 0.522 Loaded shared library C:\Users\blasz\.jdks\openjdk-23.0.1\bin\msvcp140.dll
Event: 0.529 Loaded shared library C:\Windows\System32\msvcp140_1.dll
Event: 0.534 Loaded shared library C:\Windows\System32\concrt140.dll
Event: 0.541 Loaded shared library C:\Windows\System32\vcomp140.dll

Deoptimization events (20 events):
Event: 0.352 Thread 0x000001e9c2d62740 Uncommon trap: trap_request=0xffffffde fr.pc=0x000001e9d53ecf20 relative=0x0000000000000100
Event: 0.352 Thread 0x000001e9c2d62740 Uncommon trap: reason=class_check action=maybe_recompile pc=0x000001e9d53ecf20 method=jdk.internal.misc.Unsafe.allocateUninitializedArray(Ljava/lang/Class;I)Ljava/lang/Object; @ 51 c2
Event: 0.352 Thread 0x000001e9c2d62740 DEOPT PACKING pc=0x000001e9d53ecf20 sp=0x000000da9affc6b0
Event: 0.352 Thread 0x000001e9c2d62740 DEOPT UNPACKING pc=0x000001e9d4cb4402 sp=0x000000da9affc628 mode 2
Event: 0.352 Thread 0x000001e9c2d62740 Uncommon trap: trap_request=0xffffffde fr.pc=0x000001e9d53ecf20 relative=0x0000000000000100
Event: 0.352 Thread 0x000001e9c2d62740 Uncommon trap: reason=class_check action=maybe_recompile pc=0x000001e9d53ecf20 method=jdk.internal.misc.Unsafe.allocateUninitializedArray(Ljava/lang/Class;I)Ljava/lang/Object; @ 51 c2
Event: 0.352 Thread 0x000001e9c2d62740 DEOPT PACKING pc=0x000001e9d53ecf20 sp=0x000000da9affc6b0
Event: 0.352 Thread 0x000001e9c2d62740 DEOPT UNPACKING pc=0x000001e9d4cb4402 sp=0x000000da9affc628 mode 2
Event: 0.352 Thread 0x000001e9c2d62740 Uncommon trap: trap_request=0xffffffde fr.pc=0x000001e9d53ecf20 relative=0x0000000000000100
Event: 0.352 Thread 0x000001e9c2d62740 Uncommon trap: reason=class_check action=maybe_recompile pc=0x000001e9d53ecf20 method=jdk.internal.misc.Unsafe.allocateUninitializedArray(Ljava/lang/Class;I)Ljava/lang/Object; @ 51 c2
Event: 0.352 Thread 0x000001e9c2d62740 DEOPT PACKING pc=0x000001e9d53ecf20 sp=0x000000da9affc6b0
Event: 0.352 Thread 0x000001e9c2d62740 DEOPT UNPACKING pc=0x000001e9d4cb4402 sp=0x000000da9affc628 mode 2
Event: 0.498 Thread 0x000001e9c2d62740 Uncommon trap: trap_request=0xffffff45 fr.pc=0x000001e9d53e63b4 relative=0x00000000000010b4
Event: 0.498 Thread 0x000001e9c2d62740 Uncommon trap: reason=unstable_if action=reinterpret pc=0x000001e9d53e63b4 method=jdk.internal.jimage.ImageStringsReader.stringFromByteBufferMatches(Ljava/nio/ByteBuffer;ILjava/lang/String;I)I @ 48 c2
Event: 0.498 Thread 0x000001e9c2d62740 DEOPT PACKING pc=0x000001e9d53e63b4 sp=0x000000da9affcb70
Event: 0.498 Thread 0x000001e9c2d62740 DEOPT UNPACKING pc=0x000001e9d4cb4402 sp=0x000000da9affc8a8 mode 2
Event: 0.549 Thread 0x000001e9c2d62740 Uncommon trap: trap_request=0xffffff45 fr.pc=0x000001e9d5408b00 relative=0x00000000000013e0
Event: 0.549 Thread 0x000001e9c2d62740 Uncommon trap: reason=unstable_if action=reinterpret pc=0x000001e9d5408b00 method=java.net.URL.<init>(Ljava/net/URL;Ljava/lang/String;Ljava/net/URLStreamHandler;)V @ 273 c2
Event: 0.549 Thread 0x000001e9c2d62740 DEOPT PACKING pc=0x000001e9d5408b00 sp=0x000000da9affc920
Event: 0.549 Thread 0x000001e9c2d62740 DEOPT UNPACKING pc=0x000001e9d4cb4402 sp=0x000000da9affc8c0 mode 2

Classes loaded (20 events):
Event: 0.216 Loading class java/time/zone/ZoneOffsetTransition
Event: 0.216 Loading class java/time/zone/ZoneOffsetTransition done
Event: 0.217 Loading class java/time/Year
Event: 0.217 Loading class java/time/Year done
Event: 0.219 Loading class java/time/temporal/TemporalAdjusters
Event: 0.219 Loading class java/time/temporal/TemporalAdjusters done
Event: 0.230 Loading class java/lang/NumberFormatException
Event: 0.230 Loading class java/lang/NumberFormatException done
Event: 0.232 Loading class java/lang/ProcessEnvironment
Event: 0.232 Loading class java/lang/ProcessEnvironment done
Event: 0.232 Loading class java/lang/ProcessEnvironment$NameComparator
Event: 0.232 Loading class java/lang/ProcessEnvironment$NameComparator done
Event: 0.232 Loading class java/lang/ProcessEnvironment$EntryComparator
Event: 0.232 Loading class java/lang/ProcessEnvironment$EntryComparator done
Event: 0.232 Loading class java/lang/ProcessEnvironment$CheckedEntrySet
Event: 0.233 Loading class java/lang/ProcessEnvironment$CheckedEntrySet done
Event: 0.233 Loading class java/lang/ProcessEnvironment$CheckedEntrySet$1
Event: 0.233 Loading class java/lang/ProcessEnvironment$CheckedEntrySet$1 done
Event: 0.233 Loading class java/lang/ProcessEnvironment$CheckedEntry
Event: 0.233 Loading class java/lang/ProcessEnvironment$CheckedEntry done

Classes unloaded (0 events):
No events

Classes redefined (0 events):
No events

Internal exceptions (10 events):
Event: 0.096 Thread 0x000001e9c2d62740 Exception <a 'java/lang/NoSuchMethodError'{0x0000000714712cd8}: 'java.lang.Object java.lang.invoke.Invokers$Holder.invokeExact_MT(java.lang.Object, java.lang.Object, java.lang.Object, java.lang.Object, java.lang.Object)'> (0x0000000714712cd8) 
thrown [s\open\src\hotspot\share\interpreter\linkResolver.cpp, line 796]
Event: 0.109 Thread 0x000001e9c11fe810 Exception <a 'java/lang/NoSuchMethodError'{0x000000071477b518}: 'void java.lang.invoke.DirectMethodHandle$Holder.invokeStatic(java.lang.Object, java.lang.Object)'> (0x000000071477b518) 
thrown [s\open\src\hotspot\share\interpreter\linkResolver.cpp, line 796]
Event: 0.121 Thread 0x000001e9c2d62740 Exception <a 'java/lang/NoSuchMethodError'{0x0000000714457260}: 'int java.lang.invoke.DirectMethodHandle$Holder.invokeStaticInit(java.lang.Object, java.lang.Object, java.lang.Object, java.lang.Object)'> (0x0000000714457260) 
thrown [s\open\src\hotspot\share\interpreter\linkResolver.cpp, line 796]
Event: 0.122 Thread 0x000001e9c2d62740 Exception <a 'java/lang/NoSuchMethodError'{0x0000000714460138}: 'java.lang.Object java.lang.invoke.DirectMethodHandle$Holder.invokeInterface(java.lang.Object, java.lang.Object)'> (0x0000000714460138) 
thrown [s\open\src\hotspot\share\interpreter\linkResolver.cpp, line 796]
Event: 0.122 Thread 0x000001e9c2d62740 Exception <a 'java/lang/IncompatibleClassChangeError'{0x00000007144633c8}: Found class java.lang.Object, but interface was expected> (0x00000007144633c8) 
thrown [s\open\src\hotspot\share\interpreter\linkResolver.cpp, line 863]
Event: 0.123 Thread 0x000001e9c2d62740 Exception <a 'java/lang/NoSuchMethodError'{0x0000000714465ff8}: 'void java.lang.invoke.DirectMethodHandle$Holder.invokeStaticInit(java.lang.Object, java.lang.Object)'> (0x0000000714465ff8) 
thrown [s\open\src\hotspot\share\interpreter\linkResolver.cpp, line 796]
Event: 0.124 Thread 0x000001e9c2d62740 Exception <a 'java/lang/NoSuchMethodError'{0x000000071446b770}: 'int java.lang.invoke.DirectMethodHandle$Holder.invokeStaticInit(java.lang.Object, java.lang.Object)'> (0x000000071446b770) 
thrown [s\open\src\hotspot\share\interpreter\linkResolver.cpp, line 796]
Event: 0.156 Thread 0x000001e9c2d62740 Exception <a 'java/lang/NoSuchMethodError'{0x0000000714579498}: 'void java.lang.invoke.DirectMethodHandle$Holder.invokeSpecial(java.lang.Object, java.lang.Object, java.lang.Object)'> (0x0000000714579498) 
thrown [s\open\src\hotspot\share\interpreter\linkResolver.cpp, line 796]
Event: 0.158 Thread 0x000001e9c2d62740 Exception <a 'java/lang/NoSuchMethodError'{0x0000000714582cc8}: 'void java.lang.invoke.DirectMethodHandle$Holder.invokeStatic(java.lang.Object, int, java.lang.Object)'> (0x0000000714582cc8) 
thrown [s\open\src\hotspot\share\interpreter\linkResolver.cpp, line 796]
Event: 0.219 Thread 0x000001e9c2d62740 Exception <a 'java/lang/NoSuchMethodError'{0x00000007143664d8}: 'java.lang.Object java.lang.invoke.DirectMethodHandle$Holder.invokeStatic(java.lang.Object, int, java.lang.Object)'> (0x00000007143664d8) 
thrown [s\open\src\hotspot\share\interpreter\linkResolver.cpp, line 796]

VM Operations (4 events):
Event: 0.060 Executing VM operation: HandshakeAllThreads (Deoptimize)
Event: 0.060 Executing VM operation: HandshakeAllThreads (Deoptimize) done
Event: 0.232 Executing VM operation: HandshakeAllThreads (Deoptimize)
Event: 0.232 Executing VM operation: HandshakeAllThreads (Deoptimize) done

Memory protections (0 events):
No events

Nmethod flushes (0 events):
No events

Events (18 events):
Event: 0.021 Thread 0x000001e9c2d62740 Thread added: 0x000001e9c2d62740
Event: 0.033 Thread 0x000001e9c2d62740 Thread added: 0x000001e9e50b24c0
Event: 0.033 Thread 0x000001e9c2d62740 Thread added: 0x000001e9e50b3480
Event: 0.033 Thread 0x000001e9c2d62740 Thread added: 0x000001e9e50b58e0
Event: 0.033 Thread 0x000001e9c2d62740 Thread added: 0x000001e9e50b86a0
Event: 0.033 Thread 0x000001e9c2d62740 Thread added: 0x000001e9e50ba110
Event: 0.033 Thread 0x000001e9c2d62740 Thread added: 0x000001e9e50c2b80
Event: 0.033 Thread 0x000001e9c2d62740 Thread added: 0x000001e9e50c5a50
Event: 0.033 Thread 0x000001e9c2d62740 Thread added: 0x000001e9e50c7640
Event: 0.053 Thread 0x000001e9c2d62740 Thread added: 0x000001e9c1117380
Event: 0.060 Thread 0x000001e9e50c7640 Thread added: 0x000001e9c111c110
Event: 0.061 Thread 0x000001e9e50c7640 Thread added: 0x000001e9c1125e20
Event: 0.100 Thread 0x000001e9c2d62740 Thread added: 0x000001e9c11fe810
Event: 0.100 Thread 0x000001e9c2d62740 Thread added: 0x000001e9c11fee80
Event: 0.206 Thread 0x000001e9e50c7640 Thread added: 0x000001e9c14a12b0
Event: 0.214 Thread 0x000001e9c111c110 Thread added: 0x000001e9c146a9e0
Event: 0.214 Thread 0x000001e9c111c110 Thread added: 0x000001e9c146b0a0
Event: 0.230 Thread 0x000001e9c2d62740 Thread added: 0x000001e9c16a7770


Dynamic libraries:
0x00007ff7cf660000 - 0x00007ff7cf66e000 	C:\Users\blasz\.jdks\openjdk-23.0.1\bin\java.exe
0x00007ff98c210000 - 0x00007ff98c427000 	C:\Windows\SYSTEM32\ntdll.dll
0x00007ff98acc0000 - 0x00007ff98ad84000 	C:\Windows\System32\KERNEL32.DLL
0x00007ff989960000 - 0x00007ff989d1a000 	C:\Windows\System32\KERNELBASE.dll
0x00007ff989810000 - 0x00007ff989921000 	C:\Windows\System32\ucrtbase.dll
0x00007ff9846d0000 - 0x00007ff9846eb000 	C:\Users\blasz\.jdks\openjdk-23.0.1\bin\VCRUNTIME140.dll
0x00007ff9846f0000 - 0x00007ff984707000 	C:\Users\blasz\.jdks\openjdk-23.0.1\bin\jli.dll
0x00007ff989f60000 - 0x00007ff98a10e000 	C:\Windows\System32\USER32.dll
0x00007ff989ee0000 - 0x00007ff989f06000 	C:\Windows\System32\win32u.dll
0x00007ff978a40000 - 0x00007ff978cd2000 	C:\Windows\WinSxS\amd64_microsoft.windows.common-controls_6595b64144ccf1df_6.0.22621.4541_none_2710d1c57384c085\COMCTL32.dll
0x00007ff98c080000 - 0x00007ff98c0a9000 	C:\Windows\System32\GDI32.dll
0x00007ff98b610000 - 0x00007ff98b6b7000 	C:\Windows\System32\msvcrt.dll
0x00007ff989580000 - 0x00007ff98969b000 	C:\Windows\System32\gdi32full.dll
0x00007ff9894e0000 - 0x00007ff98957a000 	C:\Windows\System32\msvcp_win.dll
0x00007ff989f10000 - 0x00007ff989f41000 	C:\Windows\System32\IMM32.DLL
0x00007ff984930000 - 0x00007ff98493c000 	C:\Users\blasz\.jdks\openjdk-23.0.1\bin\vcruntime140_1.dll
0x00007ff979750000 - 0x00007ff9797de000 	C:\Users\blasz\.jdks\openjdk-23.0.1\bin\msvcp140.dll
0x00007ff8f6070000 - 0x00007ff8f6dbf000 	C:\Users\blasz\.jdks\openjdk-23.0.1\bin\server\jvm.dll
0x00007ff98aa80000 - 0x00007ff98ab32000 	C:\Windows\System32\ADVAPI32.dll
0x00007ff98a9d0000 - 0x00007ff98aa77000 	C:\Windows\System32\sechost.dll
0x00007ff989930000 - 0x00007ff989958000 	C:\Windows\System32\bcrypt.dll
0x00007ff98c0b0000 - 0x00007ff98c1c4000 	C:\Windows\System32\RPCRT4.dll
0x00007ff98a950000 - 0x00007ff98a9c1000 	C:\Windows\System32\WS2_32.dll
0x00007ff988330000 - 0x00007ff98837d000 	C:\Windows\SYSTEM32\POWRPROF.dll
0x00007ff983770000 - 0x00007ff9837a4000 	C:\Windows\SYSTEM32\WINMM.dll
0x00007ff97f920000 - 0x00007ff97f92a000 	C:\Windows\SYSTEM32\VERSION.dll
0x00007ff988310000 - 0x00007ff988323000 	C:\Windows\SYSTEM32\UMPDC.dll
0x00007ff988570000 - 0x00007ff988588000 	C:\Windows\SYSTEM32\kernel.appcore.dll
0x00007ff984790000 - 0x00007ff98479a000 	C:\Users\blasz\.jdks\openjdk-23.0.1\bin\jimage.dll
0x00007ff986bd0000 - 0x00007ff986e02000 	C:\Windows\SYSTEM32\DBGHELP.DLL
0x00007ff98bba0000 - 0x00007ff98bf2f000 	C:\Windows\System32\combase.dll
0x00007ff98bf90000 - 0x00007ff98c067000 	C:\Windows\System32\OLEAUT32.dll
0x00007ff96ea80000 - 0x00007ff96eab2000 	C:\Windows\SYSTEM32\dbgcore.DLL
0x00007ff989d20000 - 0x00007ff989d9b000 	C:\Windows\System32\bcryptPrimitives.dll
0x00007ff9846a0000 - 0x00007ff9846af000 	C:\Users\blasz\.jdks\openjdk-23.0.1\bin\instrument.dll
0x00007ff9846b0000 - 0x00007ff9846ce000 	C:\Users\blasz\.jdks\openjdk-23.0.1\bin\java.dll
0x00007ff98a110000 - 0x00007ff98a2b5000 	C:\Windows\System32\ole32.dll
0x00007ff98ad90000 - 0x00007ff98b608000 	C:\Windows\System32\SHELL32.dll
0x00007ff9873e0000 - 0x00007ff987ce8000 	C:\Windows\SYSTEM32\windows.storage.dll
0x00007ff9872a0000 - 0x00007ff9873df000 	C:\Windows\SYSTEM32\wintypes.dll
0x00007ff98b770000 - 0x00007ff98b86a000 	C:\Windows\System32\SHCORE.dll
0x00007ff98bad0000 - 0x00007ff98bb2e000 	C:\Windows\System32\shlwapi.dll
0x00007ff989410000 - 0x00007ff98943b000 	C:\Windows\SYSTEM32\profapi.dll
0x00007ff979580000 - 0x00007ff979657000 	C:\Users\blasz\.jdks\openjdk-23.0.1\bin\jsvml.dll
0x00007ff984460000 - 0x00007ff984477000 	C:\Users\blasz\.jdks\openjdk-23.0.1\bin\zip.dll
0x00007ff984690000 - 0x00007ff9846a0000 	C:\Users\blasz\.jdks\openjdk-23.0.1\bin\net.dll
0x00007ff988a50000 - 0x00007ff988ab9000 	C:\Windows\system32\mswsock.dll
0x00007ff9845d0000 - 0x00007ff9845e6000 	C:\Users\blasz\.jdks\openjdk-23.0.1\bin\nio.dll
0x00007ff982830000 - 0x00007ff98284a000 	C:\Program Files\JetBrains\IntelliJ IDEA Community Edition 2024.3.1\bin\breakgen64.dll
0x00007ff984660000 - 0x00007ff984669000 	C:\Users\blasz\.jdks\openjdk-23.0.1\bin\extnet.dll
0x00007ff9162e0000 - 0x00007ff9163e0000 	C:\Windows\System32\opengl32.dll
0x00007ff971580000 - 0x00007ff9715ad000 	C:\Windows\SYSTEM32\GLU32.dll
0x00007ff986840000 - 0x00007ff986877000 	C:\Windows\SYSTEM32\dxcore.dll
0x00007ff937370000 - 0x00007ff9375d1000 	C:\Users\blasz\.javacpp\cache\jaylib-5.0.0-0.jar\com\raylib\windows-x86_64\jniRaylib.dll
0x000001e9c1c40000 - 0x000001e9c1c43000 	C:\Program Files (x86)\Windows Kits\10\Redist\ucrt\DLLs\x64\api-ms-win-crt-locale-l1-1-0.dll
0x000001e9c1c50000 - 0x000001e9c1c54000 	C:\Program Files (x86)\Windows Kits\10\Redist\ucrt\DLLs\x64\api-ms-win-crt-string-l1-1-0.dll
0x000001e9c1c60000 - 0x000001e9c1c64000 	C:\Program Files (x86)\Windows Kits\10\Redist\ucrt\DLLs\x64\api-ms-win-crt-stdio-l1-1-0.dll
0x000001e9c1c70000 - 0x000001e9c1c75000 	C:\Program Files (x86)\Windows Kits\10\Redist\ucrt\DLLs\x64\api-ms-win-crt-math-l1-1-0.dll
0x000001e9c1c80000 - 0x000001e9c1c83000 	C:\Program Files (x86)\Windows Kits\10\Redist\ucrt\DLLs\x64\api-ms-win-crt-heap-l1-1-0.dll
0x000001e9c1c90000 - 0x000001e9c1c94000 	C:\Program Files (x86)\Windows Kits\10\Redist\ucrt\DLLs\x64\api-ms-win-crt-runtime-l1-1-0.dll
0x000001e9c1ca0000 - 0x000001e9c1ca4000 	C:\Program Files (x86)\Windows Kits\10\Redist\ucrt\DLLs\x64\api-ms-win-crt-convert-l1-1-0.dll
0x000001e9c1cb0000 - 0x000001e9c1cb3000 	C:\Program Files (x86)\Windows Kits\10\Redist\ucrt\DLLs\x64\api-ms-win-crt-environment-l1-1-0.dll
0x000001e9c1cc0000 - 0x000001e9c1cc3000 	C:\Program Files (x86)\Windows Kits\10\Redist\ucrt\DLLs\x64\api-ms-win-crt-time-l1-1-0.dll
0x000001e9c1cd0000 - 0x000001e9c1cd3000 	C:\Program Files (x86)\Windows Kits\10\Redist\ucrt\DLLs\x64\api-ms-win-crt-filesystem-l1-1-0.dll
0x000001e9c1ce0000 - 0x000001e9c1ce3000 	C:\Program Files (x86)\Windows Kits\10\Redist\ucrt\DLLs\x64\api-ms-win-crt-utility-l1-1-0.dll
0x000001e9c1cf0000 - 0x000001e9c1cf5000 	C:\Program Files (x86)\Windows Kits\10\Redist\ucrt\DLLs\x64\api-ms-win-crt-multibyte-l1-1-0.dll
0x000001e9c1d00000 - 0x000001e9c1d03000 	C:\Program Files (x86)\Windows Kits\10\Redist\ucrt\DLLs\x64\api-ms-win-crt-conio-l1-1-0.dll
0x000001e9c1d10000 - 0x000001e9c1d1f000 	C:\Program Files (x86)\Windows Kits\10\Redist\ucrt\DLLs\x64\api-ms-win-crt-private-l1-1-0.dll
0x000001e9c1d20000 - 0x000001e9c1d23000 	C:\Program Files (x86)\Windows Kits\10\Redist\ucrt\DLLs\x64\api-ms-win-crt-process-l1-1-0.dll
0x000001e9c1d30000 - 0x000001e9c1d34000 	C:\Users\blasz\.jdks\openjdk-23.0.1\bin\api-ms-win-core-console-l1-2-0.dll
0x000001e9c1d40000 - 0x000001e9c1d43000 	C:\Program Files (x86)\Windows Kits\10\Redist\ucrt\DLLs\x64\api-ms-win-core-string-l1-1-0.dll
0x000001e9c1d50000 - 0x000001e9c1d53000 	C:\Program Files (x86)\Windows Kits\10\Redist\ucrt\DLLs\x64\api-ms-win-core-errorhandling-l1-1-0.dll
0x000001e9c1d60000 - 0x000001e9c1d63000 	C:\Program Files (x86)\Windows Kits\10\Redist\ucrt\DLLs\x64\api-ms-win-core-timezone-l1-1-0.dll
0x000001e9c1d70000 - 0x000001e9c1d74000 	C:\Program Files (x86)\Windows Kits\10\Redist\ucrt\DLLs\x64\api-ms-win-core-file-l1-1-0.dll
0x000001e9c1d80000 - 0x000001e9c1d83000 	C:\Program Files (x86)\Windows Kits\10\Redist\ucrt\DLLs\x64\api-ms-win-core-namedpipe-l1-1-0.dll
0x000001e9c1d90000 - 0x000001e9c1d93000 	C:\Program Files (x86)\Windows Kits\10\Redist\ucrt\DLLs\x64\api-ms-win-core-handle-l1-1-0.dll
0x000001e9c1da0000 - 0x000001e9c1da3000 	C:\Program Files (x86)\Windows Kits\10\Redist\ucrt\DLLs\x64\api-ms-win-core-file-l2-1-0.dll
0x000001e9c1db0000 - 0x000001e9c1db3000 	C:\Program Files (x86)\Windows Kits\10\Redist\ucrt\DLLs\x64\api-ms-win-core-heap-l1-1-0.dll
0x000001e9c1dc0000 - 0x000001e9c1dc3000 	C:\Program Files (x86)\Windows Kits\10\Redist\ucrt\DLLs\x64\api-ms-win-core-libraryloader-l1-1-0.dll
0x000001e9c1dd0000 - 0x000001e9c1dd3000 	C:\Program Files (x86)\Windows Kits\10\Redist\ucrt\DLLs\x64\api-ms-win-core-synch-l1-1-0.dll
0x000001e9c1de0000 - 0x000001e9c1de3000 	C:\Program Files (x86)\Windows Kits\10\Redist\ucrt\DLLs\x64\api-ms-win-core-processthreads-l1-1-0.dll
0x000001e9c1df0000 - 0x000001e9c1df3000 	C:\Program Files (x86)\Windows Kits\10\Redist\ucrt\DLLs\x64\api-ms-win-core-processenvironment-l1-1-0.dll
0x000001e9c1e00000 - 0x000001e9c1e03000 	C:\Program Files (x86)\Windows Kits\10\Redist\ucrt\DLLs\x64\api-ms-win-core-datetime-l1-1-0.dll
0x000001e9c1e10000 - 0x000001e9c1e13000 	C:\Program Files (x86)\Windows Kits\10\Redist\ucrt\DLLs\x64\api-ms-win-core-localization-l1-2-0.dll
0x000001e9c1e20000 - 0x000001e9c1e23000 	C:\Program Files (x86)\Windows Kits\10\Redist\ucrt\DLLs\x64\api-ms-win-core-sysinfo-l1-1-0.dll
0x000001e9c1e30000 - 0x000001e9c1e33000 	C:\Program Files (x86)\Windows Kits\10\Redist\ucrt\DLLs\x64\api-ms-win-core-synch-l1-2-0.dll
0x000001e9c1e40000 - 0x000001e9c1e43000 	C:\Program Files (x86)\Windows Kits\10\Redist\ucrt\DLLs\x64\api-ms-win-core-console-l1-1-0.dll
0x000001e9c1e50000 - 0x000001e9c1e53000 	C:\Program Files (x86)\Windows Kits\10\Redist\ucrt\DLLs\x64\api-ms-win-core-debug-l1-1-0.dll
0x000001e9c1e60000 - 0x000001e9c1e63000 	C:\Program Files (x86)\Windows Kits\10\Redist\ucrt\DLLs\x64\api-ms-win-core-rtlsupport-l1-1-0.dll
0x000001e9c1e70000 - 0x000001e9c1e73000 	C:\Program Files (x86)\Windows Kits\10\Redist\ucrt\DLLs\x64\api-ms-win-core-processthreads-l1-1-1.dll
0x000001e9c1e80000 - 0x000001e9c1e83000 	C:\Program Files (x86)\Windows Kits\10\Redist\ucrt\DLLs\x64\api-ms-win-core-file-l1-2-0.dll
0x000001e9c1e90000 - 0x000001e9c1e93000 	C:\Program Files (x86)\Windows Kits\10\Redist\ucrt\DLLs\x64\api-ms-win-core-profile-l1-1-0.dll
0x000001e9c1ea0000 - 0x000001e9c1ea3000 	C:\Program Files (x86)\Windows Kits\10\Redist\ucrt\DLLs\x64\api-ms-win-core-memory-l1-1-0.dll
0x000001e9c1eb0000 - 0x000001e9c1eb3000 	C:\Program Files (x86)\Windows Kits\10\Redist\ucrt\DLLs\x64\api-ms-win-core-util-l1-1-0.dll
0x000001e9c1ec0000 - 0x000001e9c1ec3000 	C:\Program Files (x86)\Windows Kits\10\Redist\ucrt\DLLs\x64\api-ms-win-core-interlocked-l1-1-0.dll
0x00007ff937270000 - 0x00007ff937362000 	C:\Program Files (x86)\Windows Kits\10\Redist\ucrt\DLLs\x64\ucrtbase.dll
0x00007ff982400000 - 0x00007ff982409000 	C:\Windows\System32\msvcp140_1.dll
0x00007ff979700000 - 0x00007ff97974d000 	C:\Windows\System32\concrt140.dll
0x00007ff97cb70000 - 0x00007ff97cba0000 	C:\Windows\System32\vcomp140.dll

dbghelp: loaded successfully - version: 4.0.5 - missing functions: none
symbol engine: initialized successfully - sym options: 0x614 - pdb path: .;C:\Users\blasz\.jdks\openjdk-23.0.1\bin;C:\Windows\SYSTEM32;C:\Windows\WinSxS\amd64_microsoft.windows.common-controls_6595b64144ccf1df_6.0.22621.4541_none_2710d1c57384c085;C:\Users\blasz\.jdks\openjdk-23.0.1\bin\server;C:\Program Files\JetBrains\IntelliJ IDEA Community Edition 2024.3.1\bin;C:\Users\blasz\.javacpp\cache\jaylib-5.0.0-0.jar\com\raylib\windows-x86_64;C:\Program Files (x86)\Windows Kits\10\Redist\ucrt\DLLs\x64

VM Arguments:
jvm_args: -javaagent:C:\Program Files\JetBrains\IntelliJ IDEA Community Edition 2024.3.1\lib\idea_rt.jar=49748:C:\Program Files\JetBrains\IntelliJ IDEA Community Edition 2024.3.1\bin -Dfile.encoding=UTF-8 -Dsun.stdout.encoding=UTF-8 -Dsun.stderr.encoding=UTF-8 
java_command: com.company.Main
java_class_path (initial): C:\JavaProjects\Surv\out\production\Surv;C:\JavaProjects\Surv\jaylib-5.0.0-0.jar;C:\Users\blasz\.m2\repository\io\netty\netty-transport\4.1.115.Final\netty-transport-4.1.115.Final.jar;C:\Users\blasz\.m2\repository\io\netty\netty-buffer\4.1.115.Final\netty-buffer-4.1.115.Final.jar;C:\Users\blasz\.m2\repository\io\netty\netty-common\4.1.115.Final\netty-common-4.1.115.Final.jar;C:\Users\blasz\.m2\repository\io\netty\netty-transport-udt\4.1.115.Final\netty-transport-udt-4.1.115.Final.jar
Launcher Type: SUN_STANDARD

[Global flags]
     intx CICompilerCount                          = 12                                        {product} {ergonomic}
     uint ConcGCThreads                            = 3                                         {product} {ergonomic}
     uint G1ConcRefinementThreads                  = 13                                        {product} {ergonomic}
   size_t G1HeapRegionSize                         = 2097152                                   {product} {ergonomic}
   size_t InitialHeapSize                          = 264241152                                 {product} {ergonomic}
   size_t MarkStackSize                            = 4194304                                   {product} {ergonomic}
   size_t MarkStackSizeMax                         = 536870912                                 {product} {ergonomic}
   size_t MaxHeapSize                              = 4213178368                                {product} {ergonomic}
   size_t MaxNewSize                               = 2527068160                                {product} {ergonomic}
   size_t MinHeapDeltaBytes                        = 2097152                                   {product} {ergonomic}
   size_t MinHeapSize                              = 8388608                                   {product} {ergonomic}
    uintx NonNMethodCodeHeapSize                   = 7602176                                {pd product} {ergonomic}
    uintx NonProfiledCodeHeapSize                  = 122093568                              {pd product} {ergonomic}
    uintx ProfiledCodeHeapSize                     = 121962496                              {pd product} {ergonomic}
    uintx ReservedCodeCacheSize                    = 251658240                              {pd product} {ergonomic}
     bool SegmentedCodeCache                       = true                                      {product} {ergonomic}
   size_t SoftMaxHeapSize                          = 4213178368                             {manageable} {ergonomic}
     bool UseCompressedOops                        = true                           {product lp64_product} {ergonomic}
     bool UseG1GC                                  = true                                      {product} {ergonomic}
     bool UseLargePagesIndividualAllocation        = false                                  {pd product} {ergonomic}

Logging:
Log output configuration:
 #0: stdout all=warning uptime,level,tags foldmultilines=false
 #1: stderr all=off uptime,level,tags foldmultilines=false

Environment Variables:
PATH=C:\Program Files (x86)\Common Files\Oracle\Java\java8path;C:\Program Files (x86)\Common Files\Oracle\Java\javapath;C:\Windows\system32;C:\Windows;C:\Windows\System32\Wbem;C:\Windows\System32\WindowsPowerShell\v1.0\;C:\Windows\System32\OpenSSH\;C:\Program Files (x86)\NVIDIA Corporation\PhysX\Common;C:\Program Files\NVIDIA Corporation\NVIDIA NvDLISR;C:\Program Files\Git\cmd;C:\Program Files (x86)\Windows Kits\10\Windows Performance Toolkit\;C:\Users\blasz\AppData\Local\Microsoft\WindowsApps;
USERNAME=blasz
OS=Windows_NT
PROCESSOR_IDENTIFIER=AMD64 Family 25 Model 68 Stepping 1, AuthenticAMD
TMP=C:\Users\blasz\AppData\Local\Temp
TEMP=C:\Users\blasz\AppData\Local\Temp




Periodic native trim disabled

---------------  S Y S T E M  ---------------

OS:
 Windows 11 , 64 bit Build 22621 (10.0.22621.4391)
OS uptime: 2 days 7:00 hours
Hyper-V role detected

CPU: total 16 (initial active 16) (16 cores per cpu, 2 threads per core) family 25 model 68 stepping 1 microcode 0x0, cx8, cmov, fxsr, ht, mmx, 3dnowpref, sse, sse2, sse3, ssse3, sse4a, sse4.1, sse4.2, popcnt, lzcnt, tsc, tscinvbit, avx, avx2, aes, erms, clmul, bmi1, bmi2, adx, sha, fma, vzeroupper, clflush, clflushopt, hv, rdtscp, rdpid, fsrm, f16c, cet_ss
Processor Information for the first 16 processors :
  Max Mhz: 3100, Current Mhz: 3100, Mhz Limit: 3100

Memory: 4k page, system-wide physical 16068M (4582M free)
TotalPageFile size 32452M (AvailPageFile size 15471M)
current process WorkingSet (physical memory assigned to process): 79M, peak: 79M
current process commit charge ("private bytes"): 370M, peak: 375M

vm_info: OpenJDK 64-Bit Server VM (23.0.1+11-39) for windows-amd64 JRE (23.0.1+11-39), built on 2024-09-30T07:20:43Z with MS VC++ 17.6 (VS2022)

END.
