#
# A fatal error has been detected by the Java Runtime Environment:
#
#  EXCEPTION_ACCESS_VIOLATION (0xc0000005) at pc=0x0000000000000000, pid=6368, tid=18164
#
# JRE version: OpenJDK Runtime Environment (23.0+37) (build 23+37-2369)
# Java VM: OpenJDK 64-Bit Server VM (23+37-2369, mixed mode, sharing, tiered, compressed oops, compressed class ptrs, g1 gc, windows-amd64)
# Problematic frame:
# C  [jniRaylib.dll+0x1020d8]
#
# No core dump will be written. Minidumps are not enabled by default on client versions of Windows
#
# If you would like to submit a bug report, please visit:
#   https://bugreport.java.com/bugreport/crash.jsp
# The crash happened outside the Java Virtual Machine in native code.
# See problematic frame for where to report the bug.
#

---------------  S U M M A R Y ------------

Command Line: -javaagent:C:\Program Files\JetBrains\IntelliJ IDEA Community Edition 2024.2.3\lib\idea_rt.jar=59650:C:\Program Files\JetBrains\IntelliJ IDEA Community Edition 2024.2.3\bin -Dfile.encoding=UTF-8 -Dsun.stdout.encoding=UTF-8 -Dsun.stderr.encoding=UTF-8 com.company.Main

Host: 13th Gen Intel(R) Core(TM) i7-13700HX, 24 cores, 31G,  Windows 11 , 64 bit Build 22621 (10.0.22621.4391)
Time: Mon Dec 16 16:12:24 2024  Windows 11 , 64 bit Build 22621 (10.0.22621.4391) elapsed time: 0.323427 seconds (0d 0h 0m 0s)

---------------  T H R E A D  ---------------

Current thread (0x000001b51ab46b30):  JavaThread "Thread-0"         [_thread_in_native, id=18164, stack(0x00000002e5600000,0x00000002e5700000) (1024K)]

Stack: [0x00000002e5600000,0x00000002e5700000],  sp=0x00000002e56fee80,  free space=1019k
Native frames: (J=compiled Java code, j=interpreted, Vv=VM code, C=native code)

Java frames: (J=compiled Java code, j=interpreted, Vv=VM code)
j  com.raylib.Raylib.InitWindow(IILjava/lang/String;)V+0
j  com.company.Main.InitGame(III)V+8
j  com.company.Main.lambda$main$0(III)V+3
j  com.company.Main$$Lambda+0x000001b51c0039a8.run()V+12
j  java.lang.Thread.runWith(Ljava/lang/Object;Ljava/lang/Runnable;)V+5 java.base@23
j  java.lang.Thread.run()V+19 java.base@23
v  ~StubRoutines::call_stub 0x000001b507450fcd

siginfo: EXCEPTION_ACCESS_VIOLATION (0xc0000005), data execution prevention violation at address 0x0000000000000000


Registers:
RAX=0x0000550e522e9a9d, RBX=0x0000000000000007, RCX=0x0000000000000de1, RDX=0x0000000000000000
RSP=0x00000002e56fee78, RBP=0x0000000000000001, RSI=0x000001b560111ab0, RDI=0x0000000000000000
R8 =0x0000000000000001, R9 =0x0000000000000007, R10=0x0000000000000000, R11=0x00000002e56fecf0
R12=0x0000000000000000, R13=0x00000002e56fefb0, R14=0x0000000000000000, R15=0x0000000000000001
RIP=0x0000000000000000, EFLAGS=0x0000000000010246


Register to memory mapping:

RAX=0x0000550e522e9a9d is an unknown value
RBX=0x0000000000000007 is an unknown value
RCX=0x0000000000000de1 is an unknown value
RDX=0x0 is null
RSP=0x00000002e56fee78 is pointing into the stack for thread: 0x000001b51ab46b30
RBP=0x0000000000000001 is an unknown value
RSI=0x000001b560111ab0 points into unknown readable memory: 0x000000006f6d6544 | 44 65 6d 6f 00 00 00 00
RDI=0x0 is null
R8 =0x0000000000000001 is an unknown value
R9 =0x0000000000000007 is an unknown value
R10=0x0 is null
R11=0x00000002e56fecf0 is pointing into the stack for thread: 0x000001b51ab46b30
R12=0x0 is null
R13=0x00000002e56fefb0 is pointing into the stack for thread: 0x000001b51ab46b30
R14=0x0 is null
R15=0x0000000000000001 is an unknown value

Top of Stack: (sp=0x00000002e56fee78)
0x00000002e56fee78:   00007ffc29df20d8 00007ffc4e38f4f8
0x00000002e56fee88:   00007ffc4e38f4f8 00000002e56fee80
0x00000002e56fee98:   00007ffc4e38f4f8 00007ffc4e38f4f8
0x00000002e56feea8:   0000000000000000 3a474e494e524157
0x00000002e56feeb8:   46203a57464c4720 6f742064656c6961
0x00000002e56feec8:   6c616974696e6920 57464c4700000000
0x00000002e56feed8:   000000000000000a 0000000100000001
0x00000002e56feee8:   0000000000000000 0000000000000000
0x00000002e56feef8:   0000550e522e9a9d 0000000000000000
0x00000002e56fef08:   0000000000000000 0000000000000000
0x00000002e56fef18:   0000000000000000 000001b51ab46b30
0x00000002e56fef28:   00000002e56ff138 000001b55c41df28
0x00000002e56fef38:   00000002e56fefe9 0000000000000000
0x00000002e56fef48:   00007ffc29df4d04 0000000000000438
0x00000002e56fef58:   00007ffc29ddc268 0000000000000000
0x00000002e56fef68:   00007ffc29e99590 0000000000000001
0x00000002e56fef78:   00000000000000c0 0000550e522e9acd
0x00000002e56fef88:   00000006224d26a0 000001b560111ab0
0x00000002e56fef98:   0000000000000780 0000000000000438
0x00000002e56fefa8:   00007ffc29ddcc7b 00000000ffffffff
0x00000002e56fefb8:   0000000000000000 00007ffc4e390990
0x00000002e56fefc8:   0000000000000000 000001b51ab46b30
0x00000002e56fefd8:   0000000000000000 000001b51ab46ef0
0x00000002e56fefe8:   00000002e56ff108 000001b51ab46b30
0x00000002e56feff8:   00000002e56ff138 000001b560111ab0
0x00000002e56ff008:   00007ffc29d05481 000001b51ab46ef0
0x00000002e56ff018:   0000000000000004 000001b51aadbc60
0x00000002e56ff028:   0000000000000438 0000000000000000
0x00000002e56ff038:   0000000000000000 00000002e56ff108
0x00000002e56ff048:   00007ffc29d1d9ae 0000000000000438
0x00000002e56ff058:   000001b560111ab0 0000000000000780
0x00000002e56ff068:   00000002e56ff130 000001b507458700 

Instructions: (pc=0x00007ffc29df20d8)
0x00007ffc29df1fd8:   24 50 c7 44 24 50 00 00 00 00 ba 84 8b 00 00 8b
0x00007ffc29df1fe8:   ce ff 15 49 4d 13 00 48 63 44 24 50 85 c0 7e 4d
0x00007ffc29df1ff8:   48 8b c8 c7 44 24 20 00 00 00 00 ba 01 00 00 00
0x00007ffc29df2008:   ff 15 12 96 09 00 8b 54 24 50 4c 8d 44 24 20 4c
0x00007ffc29df2018:   8b c8 8b ce 48 8b d8 ff 15 7b 4c 13 00 4c 8b cb
0x00007ffc29df2028:   48 8d 15 39 6b 0a 00 44 8b c6 b9 04 00 00 00 e8
0x00007ffc29df2038:   b4 5a 08 00 48 8b cb ff 15 e3 95 09 00 8b ce ff
0x00007ffc29df2048:   15 1b 46 13 00 33 c0 48 8b 5c 24 40 48 8b 74 24
0x00007ffc29df2058:   48 48 83 c4 30 5f c3 48 8d 15 22 6b 0a 00 b9 03
0x00007ffc29df2068:   00 00 00 e8 80 5a 08 00 48 8b 5c 24 40 8b c6 48
0x00007ffc29df2078:   8b 74 24 48 48 83 c4 30 5f c3 cc cc cc cc cc cc
0x00007ffc29df2088:   cc cc cc cc cc cc cc cc 40 53 55 41 55 41 56 41
0x00007ffc29df2098:   57 48 81 ec a0 00 00 00 48 8b 05 21 1e 13 00 48
0x00007ffc29df20a8:   33 c4 48 89 44 24 78 8b ea 89 54 24 60 4c 8b e9
0x00007ffc29df20b8:   44 89 44 24 64 45 33 f6 33 d2 b9 e1 0d 00 00 44
0x00007ffc29df20c8:   89 74 24 50 41 8b d9 45 8b f8 ff 15 a8 41 13 00
0x00007ffc29df20d8:   44 38 35 50 78 13 00 75 1d 8d 43 f2 83 f8 03 77
0x00007ffc29df20e8:   15 48 8d 15 78 63 0a 00 41 8d 4e 04 e8 f7 59 08
0x00007ffc29df20f8:   00 e9 0a 04 00 00 44 38 35 2b 78 13 00 75 19 83
0x00007ffc29df2108:   fb 12 75 14 48 8d 15 85 63 0a 00 8d 4b f2 e8 d5
0x00007ffc29df2118:   59 08 00 e9 e8 03 00 00 44 38 35 0a 78 13 00 75
0x00007ffc29df2128:   1e 8d 43 ed 83 f8 01 77 16 48 8d 15 98 63 0a 00
0x00007ffc29df2138:   b9 04 00 00 00 e8 ae 59 08 00 e9 c1 03 00 00 44
0x00007ffc29df2148:   38 35 e4 77 13 00 75 1e 8d 43 eb 83 f8 01 77 16
0x00007ffc29df2158:   48 8d 15 a9 63 0a 00 b9 04 00 00 00 e8 87 59 08
0x00007ffc29df2168:   00 e9 9a 03 00 00 44 38 35 be 77 13 00 75 1e 8d
0x00007ffc29df2178:   43 e9 83 f8 01 77 16 48 8d 15 ba 63 0a 00 b9 04
0x00007ffc29df2188:   00 00 00 e8 60 59 08 00 e9 73 03 00 00 48 89 b4
0x00007ffc29df2198:   24 98 00 00 00 ba 01 00 00 00 48 89 bc 24 90 00
0x00007ffc29df21a8:   00 00 b9 f5 0c 00 00 4c 89 a4 24 88 00 00 00 ff
0x00007ffc29df21b8:   15 db 53 13 00 48 8d 54 24 50 b9 01 00 00 00 ff
0x00007ffc29df21c8:   15 0b 48 13 00 8b 54 24 50 b9 e1 0d 00 00 ff 15 


Stack slot to memory mapping:

stack at sp + 0 slots: 0x00007ffc4e38f4f8 ucrtbase.dll
stack at sp + 1 slots: 0x00007ffc4e38f4f8 ucrtbase.dll
stack at sp + 2 slots: 0x00000002e56fee80 is pointing into the stack for thread: 0x000001b51ab46b30
stack at sp + 3 slots: 0x00007ffc4e38f4f8 ucrtbase.dll
stack at sp + 4 slots: 0x00007ffc4e38f4f8 ucrtbase.dll
stack at sp + 5 slots: 0x0 is null
stack at sp + 6 slots: 0x3a474e494e524157 is an unknown value
stack at sp + 7 slots: 0x46203a57464c4720 is an unknown value

Lock stack of current Java thread (top to bottom):


---------------  P R O C E S S  ---------------

Threads class SMR info:
_java_thread_list=0x000001b560716190, length=24, elements={
0x000001b57f55a060, 0x000001b57f55ae80, 0x000001b57f55cc50, 0x000001b57f55f7c0,
0x000001b57f560e40, 0x000001b57f562040, 0x000001b57f566200, 0x000001b57f566cb0,
0x000001b51a90cfd0, 0x000001b51a975fe0, 0x000001b51a9c4aa0, 0x000001b51aaa37c0,
0x000001b51aab10f0, 0x000001b51aad3ba0, 0x000001b51ab33120, 0x000001b51ab39400,
0x000001b51ab46b30, 0x000001b51ab49a50, 0x000001b574c8fd80, 0x000001b56027eda0,
0x000001b5602686a0, 0x000001b5603e7580, 0x000001b5607154f0, 0x000001b5607bf700
}

Java Threads: ( => current thread )
  0x000001b57f55a060 JavaThread "Reference Handler"          daemon [_thread_blocked, id=16128, stack(0x00000002e4600000,0x00000002e4700000) (1024K)]
  0x000001b57f55ae80 JavaThread "Finalizer"                  daemon [_thread_blocked, id=6136, stack(0x00000002e4700000,0x00000002e4800000) (1024K)]
  0x000001b57f55cc50 JavaThread "Signal Dispatcher"          daemon [_thread_blocked, id=25456, stack(0x00000002e4800000,0x00000002e4900000) (1024K)]
  0x000001b57f55f7c0 JavaThread "Attach Listener"            daemon [_thread_blocked, id=11780, stack(0x00000002e4900000,0x00000002e4a00000) (1024K)]
  0x000001b57f560e40 JavaThread "Service Thread"             daemon [_thread_blocked, id=26332, stack(0x00000002e4a00000,0x00000002e4b00000) (1024K)]
  0x000001b57f562040 JavaThread "Monitor Deflation Thread"   daemon [_thread_blocked, id=21256, stack(0x00000002e4b00000,0x00000002e4c00000) (1024K)]
  0x000001b57f566200 JavaThread "C2 CompilerThread0"         daemon [_thread_blocked, id=18488, stack(0x00000002e4c00000,0x00000002e4d00000) (1024K)]
  0x000001b57f566cb0 JavaThread "C1 CompilerThread0"         daemon [_thread_blocked, id=9360, stack(0x00000002e4d00000,0x00000002e4e00000) (1024K)]
  0x000001b51a90cfd0 JavaThread "C1 CompilerThread1"         daemon [_thread_blocked, id=29636, stack(0x00000002e4e00000,0x00000002e4f00000) (1024K)]
  0x000001b51a975fe0 JavaThread "C1 CompilerThread2"         daemon [_thread_blocked, id=33520, stack(0x00000002e4f00000,0x00000002e5000000) (1024K)]
  0x000001b51a9c4aa0 JavaThread "C1 CompilerThread3"         daemon [_thread_blocked, id=23424, stack(0x00000002e5000000,0x00000002e5100000) (1024K)]
  0x000001b51aaa37c0 JavaThread "Common-Cleaner"             daemon [_thread_blocked, id=23988, stack(0x00000002e5100000,0x00000002e5200000) (1024K)]
  0x000001b51aab10f0 JavaThread "C2 CompilerThread1"         daemon [_thread_blocked, id=18200, stack(0x00000002e5200000,0x00000002e5300000) (1024K)]
  0x000001b51aad3ba0 JavaThread "C2 CompilerThread2"         daemon [_thread_blocked, id=2828, stack(0x00000002e5300000,0x00000002e5400000) (1024K)]
  0x000001b51ab33120 JavaThread "Monitor Ctrl-Break"         daemon [_thread_in_native, id=18852, stack(0x00000002e5400000,0x00000002e5500000) (1024K)]
  0x000001b51ab39400 JavaThread "Notification Thread"        daemon [_thread_blocked, id=21480, stack(0x00000002e5500000,0x00000002e5600000) (1024K)]
=>0x000001b51ab46b30 JavaThread "Thread-0"                          [_thread_in_native, id=18164, stack(0x00000002e5600000,0x00000002e5700000) (1024K)]
  0x000001b51ab49a50 JavaThread "Thread-1"                          [_thread_in_native, id=28388, stack(0x00000002e5700000,0x00000002e5800000) (1024K)]
  0x000001b574c8fd80 JavaThread "DestroyJavaVM"                     [_thread_blocked, id=21860, stack(0x00000002e3e00000,0x00000002e3f00000) (1024K)]
  0x000001b56027eda0 JavaThread "JavaCPP Deallocator"        daemon [_thread_blocked, id=16020, stack(0x00000002e5800000,0x00000002e5900000) (1024K)]
  0x000001b5602686a0 JavaThread "C2 CompilerThread3"         daemon [_thread_blocked, id=3252, stack(0x00000002e5900000,0x00000002e5a00000) (1024K)]
  0x000001b5603e7580 JavaThread "C2 CompilerThread4"         daemon [_thread_blocked, id=18336, stack(0x00000002e5a00000,0x00000002e5b00000) (1024K)]
  0x000001b5607154f0 JavaThread "C2 CompilerThread5"         daemon [_thread_blocked, id=24320, stack(0x00000002e5b00000,0x00000002e5c00000) (1024K)]
  0x000001b5607bf700 JavaThread "C2 CompilerThread6"         daemon [_thread_blocked, id=11940, stack(0x00000002e5c00000,0x00000002e5d00000) (1024K)]
Total: 24

Other Threads:
  0x000001b57f53eb20 VMThread "VM Thread"                           [id=22304, stack(0x00000002e4500000,0x00000002e4600000) (1024K)]
  0x000001b57f52c860 WatcherThread "VM Periodic Task Thread"        [id=13896, stack(0x00000002e4400000,0x00000002e4500000) (1024K)]
  0x000001b57f3ef930 WorkerThread "GC Thread#0"                     [id=23072, stack(0x00000002e3f00000,0x00000002e4000000) (1024K)]
  0x000001b57f3f09e0 ConcurrentGCThread "G1 Main Marker"            [id=15580, stack(0x00000002e4000000,0x00000002e4100000) (1024K)]
  0x000001b574d12db0 WorkerThread "G1 Conc#0"                       [id=20160, stack(0x00000002e4100000,0x00000002e4200000) (1024K)]
  0x000001b57f4828a0 ConcurrentGCThread "G1 Refine#0"               [id=21684, stack(0x00000002e4200000,0x00000002e4300000) (1024K)]
  0x000001b57f483420 ConcurrentGCThread "G1 Service"                [id=24516, stack(0x00000002e4300000,0x00000002e4400000) (1024K)]
Total: 7

Threads with active compile tasks:
Total: 0

VM state: not at safepoint (normal execution)

VM Mutex/Monitor currently owned by a thread: None

Heap address: 0x0000000604000000, size: 8128 MB, Compressed Oops mode: Zero based, Oop shift amount: 3

CDS archive(s) mapped at: [0x000001b51b000000-0x000001b51bd70000-0x000001b51bd70000), size 14090240, SharedBaseAddress: 0x000001b51b000000, ArchiveRelocationMode: 1.
Compressed class space mapped at: 0x000001b51c000000-0x000001b55c000000, reserved size: 1073741824
Narrow klass base: 0x000001b51b000000, Narrow klass shift: 0, Narrow klass range: 0x41000000

GC Precious Log:
 CardTable entry size: 512
 Card Set container configuration: InlinePtr #cards 4 size 8 Array Of Cards #cards 32 size 80 Howl #buckets 8 coarsen threshold 7372 Howl Bitmap #cards 1024 size 144 coarsen threshold 921 Card regions per heap region 1 cards per card region 8192
 CPUs: 24 total, 24 available
 Memory: 32507M
 Large Page Support: Disabled
 NUMA Support: Disabled
 Compressed Oops: Enabled (Zero based)
 Heap Region Size: 4M
 Heap Min Capacity: 8M
 Heap Initial Capacity: 508M
 Heap Max Capacity: 8128M
 Pre-touch: Disabled
 Parallel Workers: 18
 Concurrent Workers: 5
 Concurrent Refinement Workers: 18
 Periodic GC: Disabled

Heap:
 garbage-first heap   total reserved 8323072K, committed 520192K, used 20480K [0x0000000604000000, 0x0000000800000000)
  region size 4096K, 6 young (24576K), 0 survivors (0K)
 Metaspace       used 2941K, committed 3072K, reserved 1114112K
  class space    used 289K, committed 384K, reserved 1048576K

Heap Regions: E=young(eden), S=young(survivor), O=old, HS=humongous(starts), HC=humongous(continues), CS=collection set, F=free, TAMS=top-at-mark-start, PB=parsable bottom
|   0|0x0000000604000000, 0x0000000604000000, 0x0000000604400000|  0%| F|  |TAMS 0x0000000604000000| PB 0x0000000604000000| Untracked |  0
|   1|0x0000000604400000, 0x0000000604400000, 0x0000000604800000|  0%| F|  |TAMS 0x0000000604400000| PB 0x0000000604400000| Untracked |  0
|   2|0x0000000604800000, 0x0000000604800000, 0x0000000604c00000|  0%| F|  |TAMS 0x0000000604800000| PB 0x0000000604800000| Untracked |  0
|   3|0x0000000604c00000, 0x0000000604c00000, 0x0000000605000000|  0%| F|  |TAMS 0x0000000604c00000| PB 0x0000000604c00000| Untracked |  0
|   4|0x0000000605000000, 0x0000000605000000, 0x0000000605400000|  0%| F|  |TAMS 0x0000000605000000| PB 0x0000000605000000| Untracked |  0
|   5|0x0000000605400000, 0x0000000605400000, 0x0000000605800000|  0%| F|  |TAMS 0x0000000605400000| PB 0x0000000605400000| Untracked |  0
|   6|0x0000000605800000, 0x0000000605800000, 0x0000000605c00000|  0%| F|  |TAMS 0x0000000605800000| PB 0x0000000605800000| Untracked |  0
|   7|0x0000000605c00000, 0x0000000605c00000, 0x0000000606000000|  0%| F|  |TAMS 0x0000000605c00000| PB 0x0000000605c00000| Untracked |  0
|   8|0x0000000606000000, 0x0000000606000000, 0x0000000606400000|  0%| F|  |TAMS 0x0000000606000000| PB 0x0000000606000000| Untracked |  0
|   9|0x0000000606400000, 0x0000000606400000, 0x0000000606800000|  0%| F|  |TAMS 0x0000000606400000| PB 0x0000000606400000| Untracked |  0
|  10|0x0000000606800000, 0x0000000606800000, 0x0000000606c00000|  0%| F|  |TAMS 0x0000000606800000| PB 0x0000000606800000| Untracked |  0
|  11|0x0000000606c00000, 0x0000000606c00000, 0x0000000607000000|  0%| F|  |TAMS 0x0000000606c00000| PB 0x0000000606c00000| Untracked |  0
|  12|0x0000000607000000, 0x0000000607000000, 0x0000000607400000|  0%| F|  |TAMS 0x0000000607000000| PB 0x0000000607000000| Untracked |  0
|  13|0x0000000607400000, 0x0000000607400000, 0x0000000607800000|  0%| F|  |TAMS 0x0000000607400000| PB 0x0000000607400000| Untracked |  0
|  14|0x0000000607800000, 0x0000000607800000, 0x0000000607c00000|  0%| F|  |TAMS 0x0000000607800000| PB 0x0000000607800000| Untracked |  0
|  15|0x0000000607c00000, 0x0000000607c00000, 0x0000000608000000|  0%| F|  |TAMS 0x0000000607c00000| PB 0x0000000607c00000| Untracked |  0
|  16|0x0000000608000000, 0x0000000608000000, 0x0000000608400000|  0%| F|  |TAMS 0x0000000608000000| PB 0x0000000608000000| Untracked |  0
|  17|0x0000000608400000, 0x0000000608400000, 0x0000000608800000|  0%| F|  |TAMS 0x0000000608400000| PB 0x0000000608400000| Untracked |  0
|  18|0x0000000608800000, 0x0000000608800000, 0x0000000608c00000|  0%| F|  |TAMS 0x0000000608800000| PB 0x0000000608800000| Untracked |  0
|  19|0x0000000608c00000, 0x0000000608c00000, 0x0000000609000000|  0%| F|  |TAMS 0x0000000608c00000| PB 0x0000000608c00000| Untracked |  0
|  20|0x0000000609000000, 0x0000000609000000, 0x0000000609400000|  0%| F|  |TAMS 0x0000000609000000| PB 0x0000000609000000| Untracked |  0
|  21|0x0000000609400000, 0x0000000609400000, 0x0000000609800000|  0%| F|  |TAMS 0x0000000609400000| PB 0x0000000609400000| Untracked |  0
|  22|0x0000000609800000, 0x0000000609800000, 0x0000000609c00000|  0%| F|  |TAMS 0x0000000609800000| PB 0x0000000609800000| Untracked |  0
|  23|0x0000000609c00000, 0x0000000609c00000, 0x000000060a000000|  0%| F|  |TAMS 0x0000000609c00000| PB 0x0000000609c00000| Untracked |  0
|  24|0x000000060a000000, 0x000000060a000000, 0x000000060a400000|  0%| F|  |TAMS 0x000000060a000000| PB 0x000000060a000000| Untracked |  0
|  25|0x000000060a400000, 0x000000060a400000, 0x000000060a800000|  0%| F|  |TAMS 0x000000060a400000| PB 0x000000060a400000| Untracked |  0
|  26|0x000000060a800000, 0x000000060a800000, 0x000000060ac00000|  0%| F|  |TAMS 0x000000060a800000| PB 0x000000060a800000| Untracked |  0
|  27|0x000000060ac00000, 0x000000060ac00000, 0x000000060b000000|  0%| F|  |TAMS 0x000000060ac00000| PB 0x000000060ac00000| Untracked |  0
|  28|0x000000060b000000, 0x000000060b000000, 0x000000060b400000|  0%| F|  |TAMS 0x000000060b000000| PB 0x000000060b000000| Untracked |  0
|  29|0x000000060b400000, 0x000000060b400000, 0x000000060b800000|  0%| F|  |TAMS 0x000000060b400000| PB 0x000000060b400000| Untracked |  0
|  30|0x000000060b800000, 0x000000060b800000, 0x000000060bc00000|  0%| F|  |TAMS 0x000000060b800000| PB 0x000000060b800000| Untracked |  0
|  31|0x000000060bc00000, 0x000000060bc00000, 0x000000060c000000|  0%| F|  |TAMS 0x000000060bc00000| PB 0x000000060bc00000| Untracked |  0
|  32|0x000000060c000000, 0x000000060c000000, 0x000000060c400000|  0%| F|  |TAMS 0x000000060c000000| PB 0x000000060c000000| Untracked |  0
|  33|0x000000060c400000, 0x000000060c400000, 0x000000060c800000|  0%| F|  |TAMS 0x000000060c400000| PB 0x000000060c400000| Untracked |  0
|  34|0x000000060c800000, 0x000000060c800000, 0x000000060cc00000|  0%| F|  |TAMS 0x000000060c800000| PB 0x000000060c800000| Untracked |  0
|  35|0x000000060cc00000, 0x000000060cc00000, 0x000000060d000000|  0%| F|  |TAMS 0x000000060cc00000| PB 0x000000060cc00000| Untracked |  0
|  36|0x000000060d000000, 0x000000060d000000, 0x000000060d400000|  0%| F|  |TAMS 0x000000060d000000| PB 0x000000060d000000| Untracked |  0
|  37|0x000000060d400000, 0x000000060d400000, 0x000000060d800000|  0%| F|  |TAMS 0x000000060d400000| PB 0x000000060d400000| Untracked |  0
|  38|0x000000060d800000, 0x000000060d800000, 0x000000060dc00000|  0%| F|  |TAMS 0x000000060d800000| PB 0x000000060d800000| Untracked |  0
|  39|0x000000060dc00000, 0x000000060dc00000, 0x000000060e000000|  0%| F|  |TAMS 0x000000060dc00000| PB 0x000000060dc00000| Untracked |  0
|  40|0x000000060e000000, 0x000000060e000000, 0x000000060e400000|  0%| F|  |TAMS 0x000000060e000000| PB 0x000000060e000000| Untracked |  0
|  41|0x000000060e400000, 0x000000060e400000, 0x000000060e800000|  0%| F|  |TAMS 0x000000060e400000| PB 0x000000060e400000| Untracked |  0
|  42|0x000000060e800000, 0x000000060e800000, 0x000000060ec00000|  0%| F|  |TAMS 0x000000060e800000| PB 0x000000060e800000| Untracked |  0
|  43|0x000000060ec00000, 0x000000060ec00000, 0x000000060f000000|  0%| F|  |TAMS 0x000000060ec00000| PB 0x000000060ec00000| Untracked |  0
|  44|0x000000060f000000, 0x000000060f000000, 0x000000060f400000|  0%| F|  |TAMS 0x000000060f000000| PB 0x000000060f000000| Untracked |  0
|  45|0x000000060f400000, 0x000000060f400000, 0x000000060f800000|  0%| F|  |TAMS 0x000000060f400000| PB 0x000000060f400000| Untracked |  0
|  46|0x000000060f800000, 0x000000060f800000, 0x000000060fc00000|  0%| F|  |TAMS 0x000000060f800000| PB 0x000000060f800000| Untracked |  0
|  47|0x000000060fc00000, 0x000000060fc00000, 0x0000000610000000|  0%| F|  |TAMS 0x000000060fc00000| PB 0x000000060fc00000| Untracked |  0
|  48|0x0000000610000000, 0x0000000610000000, 0x0000000610400000|  0%| F|  |TAMS 0x0000000610000000| PB 0x0000000610000000| Untracked |  0
|  49|0x0000000610400000, 0x0000000610400000, 0x0000000610800000|  0%| F|  |TAMS 0x0000000610400000| PB 0x0000000610400000| Untracked |  0
|  50|0x0000000610800000, 0x0000000610800000, 0x0000000610c00000|  0%| F|  |TAMS 0x0000000610800000| PB 0x0000000610800000| Untracked |  0
|  51|0x0000000610c00000, 0x0000000610c00000, 0x0000000611000000|  0%| F|  |TAMS 0x0000000610c00000| PB 0x0000000610c00000| Untracked |  0
|  52|0x0000000611000000, 0x0000000611000000, 0x0000000611400000|  0%| F|  |TAMS 0x0000000611000000| PB 0x0000000611000000| Untracked |  0
|  53|0x0000000611400000, 0x0000000611400000, 0x0000000611800000|  0%| F|  |TAMS 0x0000000611400000| PB 0x0000000611400000| Untracked |  0
|  54|0x0000000611800000, 0x0000000611800000, 0x0000000611c00000|  0%| F|  |TAMS 0x0000000611800000| PB 0x0000000611800000| Untracked |  0
|  55|0x0000000611c00000, 0x0000000611c00000, 0x0000000612000000|  0%| F|  |TAMS 0x0000000611c00000| PB 0x0000000611c00000| Untracked |  0
|  56|0x0000000612000000, 0x0000000612000000, 0x0000000612400000|  0%| F|  |TAMS 0x0000000612000000| PB 0x0000000612000000| Untracked |  0
|  57|0x0000000612400000, 0x0000000612400000, 0x0000000612800000|  0%| F|  |TAMS 0x0000000612400000| PB 0x0000000612400000| Untracked |  0
|  58|0x0000000612800000, 0x0000000612800000, 0x0000000612c00000|  0%| F|  |TAMS 0x0000000612800000| PB 0x0000000612800000| Untracked |  0
|  59|0x0000000612c00000, 0x0000000612c00000, 0x0000000613000000|  0%| F|  |TAMS 0x0000000612c00000| PB 0x0000000612c00000| Untracked |  0
|  60|0x0000000613000000, 0x0000000613000000, 0x0000000613400000|  0%| F|  |TAMS 0x0000000613000000| PB 0x0000000613000000| Untracked |  0
|  61|0x0000000613400000, 0x0000000613400000, 0x0000000613800000|  0%| F|  |TAMS 0x0000000613400000| PB 0x0000000613400000| Untracked |  0
|  62|0x0000000613800000, 0x0000000613800000, 0x0000000613c00000|  0%| F|  |TAMS 0x0000000613800000| PB 0x0000000613800000| Untracked |  0
|  63|0x0000000613c00000, 0x0000000613c00000, 0x0000000614000000|  0%| F|  |TAMS 0x0000000613c00000| PB 0x0000000613c00000| Untracked |  0
|  64|0x0000000614000000, 0x0000000614000000, 0x0000000614400000|  0%| F|  |TAMS 0x0000000614000000| PB 0x0000000614000000| Untracked |  0
|  65|0x0000000614400000, 0x0000000614400000, 0x0000000614800000|  0%| F|  |TAMS 0x0000000614400000| PB 0x0000000614400000| Untracked |  0
|  66|0x0000000614800000, 0x0000000614800000, 0x0000000614c00000|  0%| F|  |TAMS 0x0000000614800000| PB 0x0000000614800000| Untracked |  0
|  67|0x0000000614c00000, 0x0000000614c00000, 0x0000000615000000|  0%| F|  |TAMS 0x0000000614c00000| PB 0x0000000614c00000| Untracked |  0
|  68|0x0000000615000000, 0x0000000615000000, 0x0000000615400000|  0%| F|  |TAMS 0x0000000615000000| PB 0x0000000615000000| Untracked |  0
|  69|0x0000000615400000, 0x0000000615400000, 0x0000000615800000|  0%| F|  |TAMS 0x0000000615400000| PB 0x0000000615400000| Untracked |  0
|  70|0x0000000615800000, 0x0000000615800000, 0x0000000615c00000|  0%| F|  |TAMS 0x0000000615800000| PB 0x0000000615800000| Untracked |  0
|  71|0x0000000615c00000, 0x0000000615c00000, 0x0000000616000000|  0%| F|  |TAMS 0x0000000615c00000| PB 0x0000000615c00000| Untracked |  0
|  72|0x0000000616000000, 0x0000000616000000, 0x0000000616400000|  0%| F|  |TAMS 0x0000000616000000| PB 0x0000000616000000| Untracked |  0
|  73|0x0000000616400000, 0x0000000616400000, 0x0000000616800000|  0%| F|  |TAMS 0x0000000616400000| PB 0x0000000616400000| Untracked |  0
|  74|0x0000000616800000, 0x0000000616800000, 0x0000000616c00000|  0%| F|  |TAMS 0x0000000616800000| PB 0x0000000616800000| Untracked |  0
|  75|0x0000000616c00000, 0x0000000616c00000, 0x0000000617000000|  0%| F|  |TAMS 0x0000000616c00000| PB 0x0000000616c00000| Untracked |  0
|  76|0x0000000617000000, 0x0000000617000000, 0x0000000617400000|  0%| F|  |TAMS 0x0000000617000000| PB 0x0000000617000000| Untracked |  0
|  77|0x0000000617400000, 0x0000000617400000, 0x0000000617800000|  0%| F|  |TAMS 0x0000000617400000| PB 0x0000000617400000| Untracked |  0
|  78|0x0000000617800000, 0x0000000617800000, 0x0000000617c00000|  0%| F|  |TAMS 0x0000000617800000| PB 0x0000000617800000| Untracked |  0
|  79|0x0000000617c00000, 0x0000000617c00000, 0x0000000618000000|  0%| F|  |TAMS 0x0000000617c00000| PB 0x0000000617c00000| Untracked |  0
|  80|0x0000000618000000, 0x0000000618000000, 0x0000000618400000|  0%| F|  |TAMS 0x0000000618000000| PB 0x0000000618000000| Untracked |  0
|  81|0x0000000618400000, 0x0000000618400000, 0x0000000618800000|  0%| F|  |TAMS 0x0000000618400000| PB 0x0000000618400000| Untracked |  0
|  82|0x0000000618800000, 0x0000000618800000, 0x0000000618c00000|  0%| F|  |TAMS 0x0000000618800000| PB 0x0000000618800000| Untracked |  0
|  83|0x0000000618c00000, 0x0000000618c00000, 0x0000000619000000|  0%| F|  |TAMS 0x0000000618c00000| PB 0x0000000618c00000| Untracked |  0
|  84|0x0000000619000000, 0x0000000619000000, 0x0000000619400000|  0%| F|  |TAMS 0x0000000619000000| PB 0x0000000619000000| Untracked |  0
|  85|0x0000000619400000, 0x0000000619400000, 0x0000000619800000|  0%| F|  |TAMS 0x0000000619400000| PB 0x0000000619400000| Untracked |  0
|  86|0x0000000619800000, 0x0000000619800000, 0x0000000619c00000|  0%| F|  |TAMS 0x0000000619800000| PB 0x0000000619800000| Untracked |  0
|  87|0x0000000619c00000, 0x0000000619c00000, 0x000000061a000000|  0%| F|  |TAMS 0x0000000619c00000| PB 0x0000000619c00000| Untracked |  0
|  88|0x000000061a000000, 0x000000061a000000, 0x000000061a400000|  0%| F|  |TAMS 0x000000061a000000| PB 0x000000061a000000| Untracked |  0
|  89|0x000000061a400000, 0x000000061a400000, 0x000000061a800000|  0%| F|  |TAMS 0x000000061a400000| PB 0x000000061a400000| Untracked |  0
|  90|0x000000061a800000, 0x000000061a800000, 0x000000061ac00000|  0%| F|  |TAMS 0x000000061a800000| PB 0x000000061a800000| Untracked |  0
|  91|0x000000061ac00000, 0x000000061ac00000, 0x000000061b000000|  0%| F|  |TAMS 0x000000061ac00000| PB 0x000000061ac00000| Untracked |  0
|  92|0x000000061b000000, 0x000000061b000000, 0x000000061b400000|  0%| F|  |TAMS 0x000000061b000000| PB 0x000000061b000000| Untracked |  0
|  93|0x000000061b400000, 0x000000061b400000, 0x000000061b800000|  0%| F|  |TAMS 0x000000061b400000| PB 0x000000061b400000| Untracked |  0
|  94|0x000000061b800000, 0x000000061b800000, 0x000000061bc00000|  0%| F|  |TAMS 0x000000061b800000| PB 0x000000061b800000| Untracked |  0
|  95|0x000000061bc00000, 0x000000061bc00000, 0x000000061c000000|  0%| F|  |TAMS 0x000000061bc00000| PB 0x000000061bc00000| Untracked |  0
|  96|0x000000061c000000, 0x000000061c000000, 0x000000061c400000|  0%| F|  |TAMS 0x000000061c000000| PB 0x000000061c000000| Untracked |  0
|  97|0x000000061c400000, 0x000000061c400000, 0x000000061c800000|  0%| F|  |TAMS 0x000000061c400000| PB 0x000000061c400000| Untracked |  0
|  98|0x000000061c800000, 0x000000061c800000, 0x000000061cc00000|  0%| F|  |TAMS 0x000000061c800000| PB 0x000000061c800000| Untracked |  0
|  99|0x000000061cc00000, 0x000000061cc00000, 0x000000061d000000|  0%| F|  |TAMS 0x000000061cc00000| PB 0x000000061cc00000| Untracked |  0
| 100|0x000000061d000000, 0x000000061d000000, 0x000000061d400000|  0%| F|  |TAMS 0x000000061d000000| PB 0x000000061d000000| Untracked |  0
| 101|0x000000061d400000, 0x000000061d400000, 0x000000061d800000|  0%| F|  |TAMS 0x000000061d400000| PB 0x000000061d400000| Untracked |  0
| 102|0x000000061d800000, 0x000000061d800000, 0x000000061dc00000|  0%| F|  |TAMS 0x000000061d800000| PB 0x000000061d800000| Untracked |  0
| 103|0x000000061dc00000, 0x000000061dc00000, 0x000000061e000000|  0%| F|  |TAMS 0x000000061dc00000| PB 0x000000061dc00000| Untracked |  0
| 104|0x000000061e000000, 0x000000061e000000, 0x000000061e400000|  0%| F|  |TAMS 0x000000061e000000| PB 0x000000061e000000| Untracked |  0
| 105|0x000000061e400000, 0x000000061e400000, 0x000000061e800000|  0%| F|  |TAMS 0x000000061e400000| PB 0x000000061e400000| Untracked |  0
| 106|0x000000061e800000, 0x000000061e800000, 0x000000061ec00000|  0%| F|  |TAMS 0x000000061e800000| PB 0x000000061e800000| Untracked |  0
| 107|0x000000061ec00000, 0x000000061ec00000, 0x000000061f000000|  0%| F|  |TAMS 0x000000061ec00000| PB 0x000000061ec00000| Untracked |  0
| 108|0x000000061f000000, 0x000000061f000000, 0x000000061f400000|  0%| F|  |TAMS 0x000000061f000000| PB 0x000000061f000000| Untracked |  0
| 109|0x000000061f400000, 0x000000061f400000, 0x000000061f800000|  0%| F|  |TAMS 0x000000061f400000| PB 0x000000061f400000| Untracked |  0
| 110|0x000000061f800000, 0x000000061f800000, 0x000000061fc00000|  0%| F|  |TAMS 0x000000061f800000| PB 0x000000061f800000| Untracked |  0
| 111|0x000000061fc00000, 0x000000061fc00000, 0x0000000620000000|  0%| F|  |TAMS 0x000000061fc00000| PB 0x000000061fc00000| Untracked |  0
| 112|0x0000000620000000, 0x0000000620000000, 0x0000000620400000|  0%| F|  |TAMS 0x0000000620000000| PB 0x0000000620000000| Untracked |  0
| 113|0x0000000620400000, 0x0000000620400000, 0x0000000620800000|  0%| F|  |TAMS 0x0000000620400000| PB 0x0000000620400000| Untracked |  0
| 114|0x0000000620800000, 0x0000000620800000, 0x0000000620c00000|  0%| F|  |TAMS 0x0000000620800000| PB 0x0000000620800000| Untracked |  0
| 115|0x0000000620c00000, 0x0000000620c00000, 0x0000000621000000|  0%| F|  |TAMS 0x0000000620c00000| PB 0x0000000620c00000| Untracked |  0
| 116|0x0000000621000000, 0x0000000621000000, 0x0000000621400000|  0%| F|  |TAMS 0x0000000621000000| PB 0x0000000621000000| Untracked |  0
| 117|0x0000000621400000, 0x0000000621400000, 0x0000000621800000|  0%| F|  |TAMS 0x0000000621400000| PB 0x0000000621400000| Untracked |  0
| 118|0x0000000621800000, 0x0000000621800000, 0x0000000621c00000|  0%| F|  |TAMS 0x0000000621800000| PB 0x0000000621800000| Untracked |  0
| 119|0x0000000621c00000, 0x0000000621c00000, 0x0000000622000000|  0%| F|  |TAMS 0x0000000621c00000| PB 0x0000000621c00000| Untracked |  0
| 120|0x0000000622000000, 0x0000000622000000, 0x0000000622400000|  0%| F|  |TAMS 0x0000000622000000| PB 0x0000000622000000| Untracked |  0
| 121|0x0000000622400000, 0x00000006224f6278, 0x0000000622800000| 24%| E|  |TAMS 0x0000000622400000| PB 0x0000000622400000| Complete |  0
| 122|0x0000000622800000, 0x0000000622c00000, 0x0000000622c00000|100%| E|CS|TAMS 0x0000000622800000| PB 0x0000000622800000| Complete |  0
| 123|0x0000000622c00000, 0x0000000623000000, 0x0000000623000000|100%| E|CS|TAMS 0x0000000622c00000| PB 0x0000000622c00000| Complete |  0
| 124|0x0000000623000000, 0x0000000623400000, 0x0000000623400000|100%| E|CS|TAMS 0x0000000623000000| PB 0x0000000623000000| Complete |  0
| 125|0x0000000623400000, 0x0000000623800000, 0x0000000623800000|100%| E|CS|TAMS 0x0000000623400000| PB 0x0000000623400000| Complete |  0
| 126|0x0000000623800000, 0x0000000623c00000, 0x0000000623c00000|100%| E|CS|TAMS 0x0000000623800000| PB 0x0000000623800000| Complete |  0

Card table byte_map: [0x000001b50f000000,0x000001b50ffe0000] _byte_map_base: 0x000001b50bfe0000

Marking Bits: (CMBitMap*) 0x000001b57f3f0040
 Bits: [0x000001b50ffe0000, 0x000001b517ee0000)

Polling page: 0x000001b572a50000

Metaspace:

Usage:
  Non-class:      2.59 MB used.
      Class:    289.00 KB used.
       Both:      2.87 MB used.

Virtual space:
  Non-class space:       64.00 MB reserved,       2.62 MB (  4%) committed,  1 nodes.
      Class space:        1.00 GB reserved,     384.00 KB ( <1%) committed,  1 nodes.
             Both:        1.06 GB reserved,       3.00 MB ( <1%) committed. 

Chunk freelists:
   Non-Class:  11.19 MB
       Class:  15.64 MB
        Both:  26.83 MB

MaxMetaspaceSize: unlimited
CompressedClassSpaceSize: 1.00 GB
Initial GC threshold: 21.00 MB
Current GC threshold: 21.00 MB
CDS: on
 - commit_granule_bytes: 65536.
 - commit_granule_words: 8192.
 - virtual_space_node_default_size: 8388608.
 - enlarge_chunks_in_place: 1.
 - use_allocation_guard: 0.


Internal statistics:

num_allocs_failed_limit: 0.
num_arena_births: 52.
num_arena_deaths: 0.
num_vsnodes_births: 2.
num_vsnodes_deaths: 0.
num_space_committed: 48.
num_space_uncommitted: 0.
num_chunks_returned_to_freelist: 0.
num_chunks_taken_from_freelist: 94.
num_chunk_merges: 0.
num_chunk_splits: 63.
num_chunks_enlarged: 47.
num_inconsistent_stats: 0.

CodeHeap 'non-profiled nmethods': size=119232Kb used=504Kb max_used=504Kb free=118727Kb
 bounds [0x000001b507b90000, 0x000001b507e00000, 0x000001b50f000000]
CodeHeap 'profiled nmethods': size=119104Kb used=1173Kb max_used=1173Kb free=117930Kb
 bounds [0x000001b500000000, 0x000001b500270000, 0x000001b507450000]
CodeHeap 'non-nmethods': size=7424Kb used=3094Kb max_used=3176Kb free=4329Kb
 bounds [0x000001b507450000, 0x000001b507770000, 0x000001b507b90000]
CodeCache: size=245760Kb, used=4771Kb, max_used=4853Kb, free=240986Kb
 total_blobs=1536, nmethods=1023, adapters=416, full_count=0
Compilation: enabled, stopped_count=0, restarted_count=0

Compilation events (20 events):
Event: 0.286 Thread 0x000001b57f566cb0 nmethod 1020 0x000001b500120788 code [0x000001b5001208a0, 0x000001b500120a78]
Event: 0.287 Thread 0x000001b57f566cb0 1021       3       java.util.jar.JarFile::maybeInstantiateVerifier (42 bytes)
Event: 0.287 Thread 0x000001b51a90cfd0 nmethod 1019 0x000001b500120a88 code [0x000001b500120c20, 0x000001b500121238]
Event: 0.287 Thread 0x000001b51a9c4aa0 nmethod 1016 0x000001b500121288 code [0x000001b5001214e0, 0x000001b500122478]
Event: 0.287 Thread 0x000001b51a975fe0 nmethod 1015 0x000001b500122508 code [0x000001b500122860, 0x000001b500124028]
Event: 0.287 Thread 0x000001b57f566cb0 nmethod 1021 0x000001b500124188 code [0x000001b5001242e0, 0x000001b500124658]
Event: 0.288 Thread 0x000001b5607154f0 nmethod 994 0x000001b507be6d08 code [0x000001b507be6e20, 0x000001b507be7030]
Event: 0.288 Thread 0x000001b57f566cb0 1022       3       java.util.WeakHashMap::get (75 bytes)
Event: 0.288 Thread 0x000001b51a9c4aa0 1023       1       java.util.jar.Attributes$Name::hashCode (5 bytes)
Event: 0.289 Thread 0x000001b57f566cb0 nmethod 1022 0x000001b500124688 code [0x000001b500124840, 0x000001b5001250c8]
Event: 0.289 Thread 0x000001b51a9c4aa0 nmethod 1023 0x000001b507be7088 code [0x000001b507be71a0, 0x000001b507be7268]
Event: 0.289 Thread 0x000001b5607154f0 1004       4       java.util.Objects::requireNonNull (15 bytes)
Event: 0.291 Thread 0x000001b51a9c4aa0 1024       3       jdk.internal.loader.NativeLibraries$NativeLibraryImpl::find (9 bytes)
Event: 0.291 Thread 0x000001b51a9c4aa0 nmethod 1024 0x000001b500125188 code [0x000001b5001252a0, 0x000001b5001253e0]
Event: 0.292 Thread 0x000001b5607154f0 nmethod 1004 0x000001b507be7388 code [0x000001b507be7480, 0x000001b507be7508]
Event: 0.294 Thread 0x000001b5607154f0 1010       4       java.lang.System::getSecurityManager (12 bytes)
Event: 0.296 Thread 0x000001b5607154f0 nmethod 1010 0x000001b507be7688 code [0x000001b507be7780, 0x000001b507be77e8]
Event: 0.296 Thread 0x000001b5607154f0 1009       4       java.lang.Math::min (11 bytes)
Event: 0.299 Thread 0x000001b5607154f0 nmethod 1009 0x000001b507be7988 code [0x000001b507be7a80, 0x000001b507be7af0]
Event: 0.299 Thread 0x000001b5607154f0  959       4       java.lang.String::getChars (55 bytes)

GC Heap History (0 events):
No events

Dll operation events (20 events):
Event: 0.211 Loaded shared library C:\Users\kacpe\.jdks\openjdk-23\bin\api-ms-win-core-datetime-l1-1-0.dll
Event: 0.215 Loaded shared library C:\Users\kacpe\.jdks\openjdk-23\bin\api-ms-win-core-localization-l1-2-0.dll
Event: 0.218 Loaded shared library C:\Users\kacpe\.jdks\openjdk-23\bin\api-ms-win-core-sysinfo-l1-1-0.dll
Event: 0.222 Loaded shared library C:\Users\kacpe\.jdks\openjdk-23\bin\api-ms-win-core-synch-l1-2-0.dll
Event: 0.224 Loaded shared library C:\Users\kacpe\.jdks\openjdk-23\bin\api-ms-win-core-console-l1-1-0.dll
Event: 0.226 Loaded shared library C:\Users\kacpe\.jdks\openjdk-23\bin\api-ms-win-core-debug-l1-1-0.dll
Event: 0.228 Loaded shared library C:\Users\kacpe\.jdks\openjdk-23\bin\api-ms-win-core-rtlsupport-l1-1-0.dll
Event: 0.231 Loaded shared library C:\Users\kacpe\.jdks\openjdk-23\bin\api-ms-win-core-processthreads-l1-1-1.dll
Event: 0.234 Loaded shared library C:\Users\kacpe\.jdks\openjdk-23\bin\api-ms-win-core-file-l1-2-0.dll
Event: 0.237 Loaded shared library C:\Users\kacpe\.jdks\openjdk-23\bin\api-ms-win-core-profile-l1-1-0.dll
Event: 0.240 Loaded shared library C:\Users\kacpe\.jdks\openjdk-23\bin\api-ms-win-core-memory-l1-1-0.dll
Event: 0.243 Loaded shared library C:\Users\kacpe\.jdks\openjdk-23\bin\api-ms-win-core-util-l1-1-0.dll
Event: 0.246 Loaded shared library C:\Users\kacpe\.jdks\openjdk-23\bin\api-ms-win-core-interlocked-l1-1-0.dll
Event: 0.248 Loaded shared library C:\Users\kacpe\.jdks\openjdk-23\bin\ucrtbase.dll
Event: 0.251 Loaded shared library C:\Users\kacpe\.jdks\openjdk-23\bin\vcruntime140.dll
Event: 0.253 Loaded shared library C:\Users\kacpe\.jdks\openjdk-23\bin\vcruntime140_1.dll
Event: 0.255 Loaded shared library C:\Users\kacpe\.jdks\openjdk-23\bin\msvcp140.dll
Event: 0.257 Loaded shared library C:\Windows\System32\msvcp140_1.dll
Event: 0.259 Loaded shared library C:\Windows\System32\concrt140.dll
Event: 0.262 Loaded shared library C:\Windows\System32\vcomp140.dll

Deoptimization events (20 events):
Event: 0.175 Thread 0x000001b51ab46b30 Uncommon trap: trap_request=0xffffff6e fr.pc=0x000001b507bcda58 relative=0x0000000000000438
Event: 0.175 Thread 0x000001b51ab46b30 Uncommon trap: reason=loop_limit_check action=maybe_recompile pc=0x000001b507bcda58 method=java.lang.StringLatin1.indexOf([BI[BII)I @ 37 c2
Event: 0.175 Thread 0x000001b51ab46b30 DEOPT PACKING pc=0x000001b507bcda58 sp=0x00000002e56fc9e0
Event: 0.175 Thread 0x000001b51ab46b30 DEOPT UNPACKING pc=0x000001b5074a4402 sp=0x00000002e56fc940 mode 2
Event: 0.194 Thread 0x000001b51ab46b30 Uncommon trap: trap_request=0xffffffde fr.pc=0x000001b507bd3aa8 relative=0x0000000000000108
Event: 0.194 Thread 0x000001b51ab46b30 Uncommon trap: reason=class_check action=maybe_recompile pc=0x000001b507bd3aa8 method=jdk.internal.misc.Unsafe.allocateUninitializedArray(Ljava/lang/Class;I)Ljava/lang/Object; @ 51 c2
Event: 0.194 Thread 0x000001b51ab46b30 DEOPT PACKING pc=0x000001b507bd3aa8 sp=0x00000002e56fca00
Event: 0.194 Thread 0x000001b51ab46b30 DEOPT UNPACKING pc=0x000001b5074a4402 sp=0x00000002e56fc978 mode 2
Event: 0.194 Thread 0x000001b51ab46b30 Uncommon trap: trap_request=0xffffffde fr.pc=0x000001b507bd3aa8 relative=0x0000000000000108
Event: 0.194 Thread 0x000001b51ab46b30 Uncommon trap: reason=class_check action=maybe_recompile pc=0x000001b507bd3aa8 method=jdk.internal.misc.Unsafe.allocateUninitializedArray(Ljava/lang/Class;I)Ljava/lang/Object; @ 51 c2
Event: 0.194 Thread 0x000001b51ab46b30 DEOPT PACKING pc=0x000001b507bd3aa8 sp=0x00000002e56fcdb0
Event: 0.194 Thread 0x000001b51ab46b30 DEOPT UNPACKING pc=0x000001b5074a4402 sp=0x00000002e56fcd28 mode 2
Event: 0.194 Thread 0x000001b51ab46b30 Uncommon trap: trap_request=0xffffffde fr.pc=0x000001b507bd3aa8 relative=0x0000000000000108
Event: 0.194 Thread 0x000001b51ab46b30 Uncommon trap: reason=class_check action=maybe_recompile pc=0x000001b507bd3aa8 method=jdk.internal.misc.Unsafe.allocateUninitializedArray(Ljava/lang/Class;I)Ljava/lang/Object; @ 51 c2
Event: 0.194 Thread 0x000001b51ab46b30 DEOPT PACKING pc=0x000001b507bd3aa8 sp=0x00000002e56fcaf0
Event: 0.194 Thread 0x000001b51ab46b30 DEOPT UNPACKING pc=0x000001b5074a4402 sp=0x00000002e56fca68 mode 2
Event: 0.194 Thread 0x000001b51ab46b30 Uncommon trap: trap_request=0xffffffde fr.pc=0x000001b507bd3aa8 relative=0x0000000000000108
Event: 0.194 Thread 0x000001b51ab46b30 Uncommon trap: reason=class_check action=maybe_recompile pc=0x000001b507bd3aa8 method=jdk.internal.misc.Unsafe.allocateUninitializedArray(Ljava/lang/Class;I)Ljava/lang/Object; @ 51 c2
Event: 0.194 Thread 0x000001b51ab46b30 DEOPT PACKING pc=0x000001b507bd3aa8 sp=0x00000002e56fcaf0
Event: 0.194 Thread 0x000001b51ab46b30 DEOPT UNPACKING pc=0x000001b5074a4402 sp=0x00000002e56fca68 mode 2

Classes loaded (20 events):
Event: 0.143 Loading class java/time/zone/ZoneOffsetTransition
Event: 0.143 Loading class java/time/zone/ZoneOffsetTransition done
Event: 0.143 Loading class java/time/Year
Event: 0.143 Loading class java/time/Year done
Event: 0.145 Loading class java/time/temporal/TemporalAdjusters
Event: 0.145 Loading class java/time/temporal/TemporalAdjusters done
Event: 0.156 Loading class java/lang/NumberFormatException
Event: 0.156 Loading class java/lang/NumberFormatException done
Event: 0.159 Loading class java/lang/ProcessEnvironment
Event: 0.159 Loading class java/lang/ProcessEnvironment done
Event: 0.159 Loading class java/lang/ProcessEnvironment$NameComparator
Event: 0.159 Loading class java/lang/ProcessEnvironment$NameComparator done
Event: 0.159 Loading class java/lang/ProcessEnvironment$EntryComparator
Event: 0.159 Loading class java/lang/ProcessEnvironment$EntryComparator done
Event: 0.159 Loading class java/lang/ProcessEnvironment$CheckedEntrySet
Event: 0.159 Loading class java/lang/ProcessEnvironment$CheckedEntrySet done
Event: 0.159 Loading class java/lang/ProcessEnvironment$CheckedEntrySet$1
Event: 0.159 Loading class java/lang/ProcessEnvironment$CheckedEntrySet$1 done
Event: 0.159 Loading class java/lang/ProcessEnvironment$CheckedEntry
Event: 0.159 Loading class java/lang/ProcessEnvironment$CheckedEntry done

Classes unloaded (0 events):
No events

Classes redefined (0 events):
No events

Internal exceptions (10 events):
Event: 0.060 Thread 0x000001b574c8fd80 Exception <a 'java/lang/NoSuchMethodError'{0x0000000623bf1ed0}: 'java.lang.Object java.lang.invoke.Invokers$Holder.invokeExact_MT(java.lang.Object, java.lang.Object, java.lang.Object, java.lang.Object, java.lang.Object)'> (0x0000000623bf1ed0) 
thrown [s\open\src\hotspot\share\interpreter\linkResolver.cpp, line 796]
Event: 0.068 Thread 0x000001b51ab33120 Exception <a 'java/lang/NoSuchMethodError'{0x0000000623484300}: 'void java.lang.invoke.DirectMethodHandle$Holder.invokeStatic(java.lang.Object, java.lang.Object)'> (0x0000000623484300) 
thrown [s\open\src\hotspot\share\interpreter\linkResolver.cpp, line 796]
Event: 0.081 Thread 0x000001b51ab46b30 Exception <a 'java/lang/NoSuchMethodError'{0x0000000623708cd0}: 'int java.lang.invoke.DirectMethodHandle$Holder.invokeStaticInit(java.lang.Object, java.lang.Object, java.lang.Object, java.lang.Object)'> (0x0000000623708cd0) 
thrown [s\open\src\hotspot\share\interpreter\linkResolver.cpp, line 796]
Event: 0.081 Thread 0x000001b51ab46b30 Exception <a 'java/lang/NoSuchMethodError'{0x0000000623711ba8}: 'java.lang.Object java.lang.invoke.DirectMethodHandle$Holder.invokeInterface(java.lang.Object, java.lang.Object)'> (0x0000000623711ba8) 
thrown [s\open\src\hotspot\share\interpreter\linkResolver.cpp, line 796]
Event: 0.082 Thread 0x000001b51ab46b30 Exception <a 'java/lang/IncompatibleClassChangeError'{0x0000000623714e38}: Found class java.lang.Object, but interface was expected> (0x0000000623714e38) 
thrown [s\open\src\hotspot\share\interpreter\linkResolver.cpp, line 863]
Event: 0.082 Thread 0x000001b51ab46b30 Exception <a 'java/lang/NoSuchMethodError'{0x0000000623717ad0}: 'void java.lang.invoke.DirectMethodHandle$Holder.invokeStaticInit(java.lang.Object, java.lang.Object)'> (0x0000000623717ad0) 
thrown [s\open\src\hotspot\share\interpreter\linkResolver.cpp, line 796]
Event: 0.082 Thread 0x000001b51ab46b30 Exception <a 'java/lang/NoSuchMethodError'{0x000000062371d1e8}: 'int java.lang.invoke.DirectMethodHandle$Holder.invokeStaticInit(java.lang.Object, java.lang.Object)'> (0x000000062371d1e8) 
thrown [s\open\src\hotspot\share\interpreter\linkResolver.cpp, line 796]
Event: 0.104 Thread 0x000001b51ab46b30 Exception <a 'java/lang/NoSuchMethodError'{0x00000006237b01a0}: 'void java.lang.invoke.DirectMethodHandle$Holder.invokeSpecial(java.lang.Object, java.lang.Object, java.lang.Object)'> (0x00000006237b01a0) 
thrown [s\open\src\hotspot\share\interpreter\linkResolver.cpp, line 796]
Event: 0.105 Thread 0x000001b51ab46b30 Exception <a 'java/lang/NoSuchMethodError'{0x00000006237b9a08}: 'void java.lang.invoke.DirectMethodHandle$Holder.invokeStatic(java.lang.Object, int, java.lang.Object)'> (0x00000006237b9a08) 
thrown [s\open\src\hotspot\share\interpreter\linkResolver.cpp, line 796]
Event: 0.146 Thread 0x000001b51ab46b30 Exception <a 'java/lang/NoSuchMethodError'{0x0000000623123df8}: 'java.lang.Object java.lang.invoke.DirectMethodHandle$Holder.invokeStatic(java.lang.Object, int, java.lang.Object)'> (0x0000000623123df8) 
thrown [s\open\src\hotspot\share\interpreter\linkResolver.cpp, line 796]

VM Operations (4 events):
Event: 0.040 Executing VM operation: HandshakeAllThreads (Deoptimize)
Event: 0.040 Executing VM operation: HandshakeAllThreads (Deoptimize) done
Event: 0.159 Executing VM operation: HandshakeAllThreads (Deoptimize)
Event: 0.159 Executing VM operation: HandshakeAllThreads (Deoptimize) done

Memory protections (0 events):
No events

Nmethod flushes (0 events):
No events

Events (20 events):
Event: 0.026 Thread 0x000001b574c8fd80 Thread added: 0x000001b57f562040
Event: 0.026 Thread 0x000001b574c8fd80 Thread added: 0x000001b57f566200
Event: 0.026 Thread 0x000001b574c8fd80 Thread added: 0x000001b57f566cb0
Event: 0.029 Thread 0x000001b57f566cb0 Thread added: 0x000001b51a90cfd0
Event: 0.030 Thread 0x000001b57f566cb0 Thread added: 0x000001b51a975fe0
Event: 0.030 Thread 0x000001b57f566cb0 Thread added: 0x000001b51a9c4aa0
Event: 0.037 Thread 0x000001b574c8fd80 Thread added: 0x000001b51aaa37c0
Event: 0.044 Thread 0x000001b57f566cb0 Thread added: 0x000001b51aab10f0
Event: 0.044 Thread 0x000001b57f566cb0 Thread added: 0x000001b51aad3ba0
Event: 0.062 Thread 0x000001b574c8fd80 Thread added: 0x000001b51ab33120
Event: 0.062 Thread 0x000001b574c8fd80 Thread added: 0x000001b51ab39400
Event: 0.067 Thread 0x000001b574c8fd80 Thread added: 0x000001b51ab46b30
Event: 0.067 Thread 0x000001b574c8fd80 Thread added: 0x000001b51ab49a50
Event: 0.067 Thread 0x000001b574c8fd80 Thread exited: 0x000001b574c8fd80
Event: 0.067 Thread 0x000001b574c8fd80 Thread added: 0x000001b574c8fd80
Event: 0.158 Thread 0x000001b51ab46b30 Thread added: 0x000001b56027eda0
Event: 0.200 Thread 0x000001b51aad3ba0 Thread added: 0x000001b5602686a0
Event: 0.201 Thread 0x000001b51aad3ba0 Thread added: 0x000001b5603e7580
Event: 0.205 Thread 0x000001b57f566200 Thread added: 0x000001b5607154f0
Event: 0.251 Thread 0x000001b5603e7580 Thread added: 0x000001b5607bf700


Dynamic libraries:
0x00007ff650590000 - 0x00007ff65059e000 	C:\Users\kacpe\.jdks\openjdk-23\bin\java.exe
0x00007ffc506b0000 - 0x00007ffc508c7000 	C:\Windows\SYSTEM32\ntdll.dll
0x00007ffc25af0000 - 0x00007ffc25b0a000 	C:\Program Files\AVG\Antivirus\aswhook.dll
0x00007ffc4f320000 - 0x00007ffc4f3e4000 	C:\Windows\System32\KERNEL32.DLL
0x00007ffc4d980000 - 0x00007ffc4dd3a000 	C:\Windows\System32\KERNELBASE.dll
0x00007ffc4e290000 - 0x00007ffc4e3a1000 	C:\Windows\System32\ucrtbase.dll
0x00007ffc47b30000 - 0x00007ffc47b47000 	C:\Users\kacpe\.jdks\openjdk-23\bin\jli.dll
0x00007ffc47a60000 - 0x00007ffc47a7b000 	C:\Users\kacpe\.jdks\openjdk-23\bin\VCRUNTIME140.dll
0x00007ffc4f6b0000 - 0x00007ffc4f85e000 	C:\Windows\System32\USER32.dll
0x00007ffc4de60000 - 0x00007ffc4de86000 	C:\Windows\System32\win32u.dll
0x00007ffc4f5c0000 - 0x00007ffc4f5e9000 	C:\Windows\System32\GDI32.dll
0x00007ffc379e0000 - 0x00007ffc37c72000 	C:\Windows\WinSxS\amd64_microsoft.windows.common-controls_6595b64144ccf1df_6.0.22621.4541_none_2710d1c57384c085\COMCTL32.dll
0x00007ffc4e170000 - 0x00007ffc4e28b000 	C:\Windows\System32\gdi32full.dll
0x00007ffc4ddc0000 - 0x00007ffc4de5a000 	C:\Windows\System32\msvcp_win.dll
0x00007ffc4e440000 - 0x00007ffc4e4e7000 	C:\Windows\System32\msvcrt.dll
0x00007ffc4fc30000 - 0x00007ffc4fc61000 	C:\Windows\System32\IMM32.DLL
0x00007ffc48f10000 - 0x00007ffc48f1c000 	C:\Users\kacpe\.jdks\openjdk-23\bin\vcruntime140_1.dll
0x00007ffc44680000 - 0x00007ffc4470e000 	C:\Users\kacpe\.jdks\openjdk-23\bin\msvcp140.dll
0x00007ffb8c590000 - 0x00007ffb8d2df000 	C:\Users\kacpe\.jdks\openjdk-23\bin\server\jvm.dll
0x00007ffc4f5f0000 - 0x00007ffc4f6a2000 	C:\Windows\System32\ADVAPI32.dll
0x00007ffc500a0000 - 0x00007ffc50147000 	C:\Windows\System32\sechost.dll
0x00007ffc4e0c0000 - 0x00007ffc4e0e8000 	C:\Windows\System32\bcrypt.dll
0x00007ffc4e4f0000 - 0x00007ffc4e604000 	C:\Windows\System32\RPCRT4.dll
0x00007ffc4e3b0000 - 0x00007ffc4e421000 	C:\Windows\System32\WS2_32.dll
0x00007ffc4c7d0000 - 0x00007ffc4c81d000 	C:\Windows\SYSTEM32\POWRPROF.dll
0x00007ffc454e0000 - 0x00007ffc45514000 	C:\Windows\SYSTEM32\WINMM.dll
0x00007ffc3e810000 - 0x00007ffc3e81a000 	C:\Windows\SYSTEM32\VERSION.dll
0x00007ffc4c7b0000 - 0x00007ffc4c7c3000 	C:\Windows\SYSTEM32\UMPDC.dll
0x00007ffc4c9d0000 - 0x00007ffc4c9e8000 	C:\Windows\SYSTEM32\kernel.appcore.dll
0x00007ffc47f30000 - 0x00007ffc47f3a000 	C:\Users\kacpe\.jdks\openjdk-23\bin\jimage.dll
0x00007ffc4b190000 - 0x00007ffc4b3c2000 	C:\Windows\SYSTEM32\DBGHELP.DLL
0x00007ffc4e610000 - 0x00007ffc4e99f000 	C:\Windows\System32\combase.dll
0x00007ffc4fa50000 - 0x00007ffc4fb27000 	C:\Windows\System32\OLEAUT32.dll
0x00007ffc3d660000 - 0x00007ffc3d692000 	C:\Windows\SYSTEM32\dbgcore.DLL
0x00007ffc4dd40000 - 0x00007ffc4ddbb000 	C:\Windows\System32\bcryptPrimitives.dll
0x00007ffc47ea0000 - 0x00007ffc47eaf000 	C:\Users\kacpe\.jdks\openjdk-23\bin\instrument.dll
0x00007ffc47a00000 - 0x00007ffc47a1e000 	C:\Users\kacpe\.jdks\openjdk-23\bin\java.dll
0x00007ffc4fc70000 - 0x00007ffc4fe15000 	C:\Windows\System32\ole32.dll
0x00007ffc4eaa0000 - 0x00007ffc4f318000 	C:\Windows\System32\SHELL32.dll
0x00007ffc4b880000 - 0x00007ffc4c188000 	C:\Windows\SYSTEM32\windows.storage.dll
0x00007ffc4b740000 - 0x00007ffc4b87f000 	C:\Windows\SYSTEM32\wintypes.dll
0x00007ffc4fb30000 - 0x00007ffc4fc2a000 	C:\Windows\System32\SHCORE.dll
0x00007ffc4f3f0000 - 0x00007ffc4f44e000 	C:\Windows\System32\shlwapi.dll
0x00007ffc4d8b0000 - 0x00007ffc4d8db000 	C:\Windows\SYSTEM32\profapi.dll
0x00007ffc445a0000 - 0x00007ffc44677000 	C:\Users\kacpe\.jdks\openjdk-23\bin\jsvml.dll
0x00007ffc443a0000 - 0x00007ffc443b7000 	C:\Users\kacpe\.jdks\openjdk-23\bin\zip.dll
0x00007ffc47b20000 - 0x00007ffc47b30000 	C:\Users\kacpe\.jdks\openjdk-23\bin\net.dll
0x00007ffc4cef0000 - 0x00007ffc4cf59000 	C:\Windows\system32\mswsock.dll
0x00007ffc44750000 - 0x00007ffc44766000 	C:\Users\kacpe\.jdks\openjdk-23\bin\nio.dll
0x00007ffc43f30000 - 0x00007ffc43f4a000 	C:\Program Files\JetBrains\IntelliJ IDEA Community Edition 2024.2.3\bin\breakgen64.dll
0x00007ffc458d0000 - 0x00007ffc458d9000 	C:\Users\kacpe\.jdks\openjdk-23\bin\extnet.dll
0x00007ffc1de20000 - 0x00007ffc1df20000 	C:\Windows\System32\opengl32.dll
0x00007ffc1d1f0000 - 0x00007ffc1d21d000 	C:\Windows\SYSTEM32\GLU32.dll
0x00007ffc4abe0000 - 0x00007ffc4ac17000 	C:\Windows\SYSTEM32\dxcore.dll
0x00007ffc29cf0000 - 0x00007ffc29f51000 	C:\Users\kacpe\.javacpp\cache\jaylib-5.0.0-0.jar\com\raylib\windows-x86_64\jniRaylib.dll
0x000001b51ac90000 - 0x000001b51ac94000 	C:\Users\kacpe\.jdks\openjdk-23\bin\api-ms-win-crt-locale-l1-1-0.dll
0x000001b51aca0000 - 0x000001b51aca5000 	C:\Users\kacpe\.jdks\openjdk-23\bin\api-ms-win-crt-string-l1-1-0.dll
0x000001b51acb0000 - 0x000001b51acb5000 	C:\Users\kacpe\.jdks\openjdk-23\bin\api-ms-win-crt-stdio-l1-1-0.dll
0x000001b51acc0000 - 0x000001b51acc6000 	C:\Users\kacpe\.jdks\openjdk-23\bin\api-ms-win-crt-math-l1-1-0.dll
0x000001b51acd0000 - 0x000001b51acd4000 	C:\Users\kacpe\.jdks\openjdk-23\bin\api-ms-win-crt-heap-l1-1-0.dll
0x000001b51ace0000 - 0x000001b51ace5000 	C:\Users\kacpe\.jdks\openjdk-23\bin\api-ms-win-crt-runtime-l1-1-0.dll
0x000001b51acf0000 - 0x000001b51acf5000 	C:\Users\kacpe\.jdks\openjdk-23\bin\api-ms-win-crt-convert-l1-1-0.dll
0x000001b51ad00000 - 0x000001b51ad04000 	C:\Users\kacpe\.jdks\openjdk-23\bin\api-ms-win-crt-environment-l1-1-0.dll
0x000001b51ad10000 - 0x000001b51ad14000 	C:\Users\kacpe\.jdks\openjdk-23\bin\api-ms-win-crt-time-l1-1-0.dll
0x000001b51ad20000 - 0x000001b51ad24000 	C:\Users\kacpe\.jdks\openjdk-23\bin\api-ms-win-crt-filesystem-l1-1-0.dll
0x000001b51ad30000 - 0x000001b51ad34000 	C:\Users\kacpe\.jdks\openjdk-23\bin\api-ms-win-crt-utility-l1-1-0.dll
0x000001b51ad40000 - 0x000001b51ad46000 	C:\Users\kacpe\.jdks\openjdk-23\bin\api-ms-win-crt-multibyte-l1-1-0.dll
0x000001b51ad50000 - 0x000001b51ad54000 	C:\Users\kacpe\.jdks\openjdk-23\bin\api-ms-win-crt-conio-l1-1-0.dll
0x000001b51ad60000 - 0x000001b51ad71000 	C:\Users\kacpe\.jdks\openjdk-23\bin\api-ms-win-crt-private-l1-1-0.dll
0x000001b51ad80000 - 0x000001b51ad84000 	C:\Users\kacpe\.jdks\openjdk-23\bin\api-ms-win-crt-process-l1-1-0.dll
0x000001b51ad90000 - 0x000001b51ad94000 	C:\Users\kacpe\.jdks\openjdk-23\bin\api-ms-win-core-console-l1-2-0.dll
0x000001b51ada0000 - 0x000001b51ada4000 	C:\Users\kacpe\.jdks\openjdk-23\bin\api-ms-win-core-string-l1-1-0.dll
0x000001b51adb0000 - 0x000001b51adb4000 	C:\Users\kacpe\.jdks\openjdk-23\bin\api-ms-win-core-errorhandling-l1-1-0.dll
0x000001b51adc0000 - 0x000001b51adc4000 	C:\Users\kacpe\.jdks\openjdk-23\bin\api-ms-win-core-timezone-l1-1-0.dll
0x000001b51add0000 - 0x000001b51add5000 	C:\Users\kacpe\.jdks\openjdk-23\bin\api-ms-win-core-file-l1-1-0.dll
0x000001b51ade0000 - 0x000001b51ade4000 	C:\Users\kacpe\.jdks\openjdk-23\bin\api-ms-win-core-namedpipe-l1-1-0.dll
0x000001b51adf0000 - 0x000001b51adf4000 	C:\Users\kacpe\.jdks\openjdk-23\bin\api-ms-win-core-handle-l1-1-0.dll
0x000001b51ae00000 - 0x000001b51ae04000 	C:\Users\kacpe\.jdks\openjdk-23\bin\api-ms-win-core-file-l2-1-0.dll
0x000001b51ae10000 - 0x000001b51ae14000 	C:\Users\kacpe\.jdks\openjdk-23\bin\api-ms-win-core-heap-l1-1-0.dll
0x000001b51ae20000 - 0x000001b51ae24000 	C:\Users\kacpe\.jdks\openjdk-23\bin\api-ms-win-core-libraryloader-l1-1-0.dll
0x000001b51ae30000 - 0x000001b51ae34000 	C:\Users\kacpe\.jdks\openjdk-23\bin\api-ms-win-core-synch-l1-1-0.dll
0x000001b51ae40000 - 0x000001b51ae44000 	C:\Users\kacpe\.jdks\openjdk-23\bin\api-ms-win-core-processthreads-l1-1-0.dll
0x000001b51ae50000 - 0x000001b51ae54000 	C:\Users\kacpe\.jdks\openjdk-23\bin\api-ms-win-core-processenvironment-l1-1-0.dll
0x000001b51ae60000 - 0x000001b51ae64000 	C:\Users\kacpe\.jdks\openjdk-23\bin\api-ms-win-core-datetime-l1-1-0.dll
0x000001b51ae70000 - 0x000001b51ae74000 	C:\Users\kacpe\.jdks\openjdk-23\bin\api-ms-win-core-localization-l1-2-0.dll
0x000001b51ae80000 - 0x000001b51ae84000 	C:\Users\kacpe\.jdks\openjdk-23\bin\api-ms-win-core-sysinfo-l1-1-0.dll
0x000001b51ae90000 - 0x000001b51ae94000 	C:\Users\kacpe\.jdks\openjdk-23\bin\api-ms-win-core-synch-l1-2-0.dll
0x000001b51aea0000 - 0x000001b51aea4000 	C:\Users\kacpe\.jdks\openjdk-23\bin\api-ms-win-core-console-l1-1-0.dll
0x000001b51aeb0000 - 0x000001b51aeb4000 	C:\Users\kacpe\.jdks\openjdk-23\bin\api-ms-win-core-debug-l1-1-0.dll
0x000001b51aec0000 - 0x000001b51aec4000 	C:\Users\kacpe\.jdks\openjdk-23\bin\api-ms-win-core-rtlsupport-l1-1-0.dll
0x000001b51aed0000 - 0x000001b51aed4000 	C:\Users\kacpe\.jdks\openjdk-23\bin\api-ms-win-core-processthreads-l1-1-1.dll
0x000001b51aee0000 - 0x000001b51aee4000 	C:\Users\kacpe\.jdks\openjdk-23\bin\api-ms-win-core-file-l1-2-0.dll
0x000001b51aef0000 - 0x000001b51aef4000 	C:\Users\kacpe\.jdks\openjdk-23\bin\api-ms-win-core-profile-l1-1-0.dll
0x000001b51af00000 - 0x000001b51af04000 	C:\Users\kacpe\.jdks\openjdk-23\bin\api-ms-win-core-memory-l1-1-0.dll
0x000001b51af10000 - 0x000001b51af14000 	C:\Users\kacpe\.jdks\openjdk-23\bin\api-ms-win-core-util-l1-1-0.dll
0x000001b51af20000 - 0x000001b51af24000 	C:\Users\kacpe\.jdks\openjdk-23\bin\api-ms-win-core-interlocked-l1-1-0.dll
0x00007ffc359f0000 - 0x00007ffc35b01000 	C:\Users\kacpe\.jdks\openjdk-23\bin\ucrtbase.dll
0x00007ffc440a0000 - 0x00007ffc440a9000 	C:\Windows\System32\msvcp140_1.dll
0x00007ffc42e40000 - 0x00007ffc42e8d000 	C:\Windows\System32\concrt140.dll
0x00007ffc41890000 - 0x00007ffc418c2000 	C:\Windows\System32\vcomp140.dll
0x00007ffbde830000 - 0x00007ffbde876000 	C:\Windows\SYSTEM32\dinput8.dll
0x00007ffc43e80000 - 0x00007ffc43e91000 	C:\Windows\SYSTEM32\xinput1_4.dll
0x00007ffc4d670000 - 0x00007ffc4d6be000 	C:\Windows\SYSTEM32\cfgmgr32.dll
0x00007ffc4d640000 - 0x00007ffc4d66c000 	C:\Windows\SYSTEM32\DEVOBJ.dll
0x00007ffc4a5c0000 - 0x00007ffc4a5eb000 	C:\Windows\SYSTEM32\dwmapi.dll
0x00007ffc354f0000 - 0x00007ffc35704000 	C:\Windows\SYSTEM32\inputhost.dll
0x00007ffc47670000 - 0x00007ffc477a3000 	C:\Windows\SYSTEM32\CoreMessaging.dll
0x00007ffc4d110000 - 0x00007ffc4d11c000 	C:\Windows\SYSTEM32\CRYPTBASE.DLL
0x00007ffc4a330000 - 0x00007ffc4a3e1000 	C:\Windows\system32\uxtheme.dll
0x00007ffbf0800000 - 0x00007ffbf0933000 	C:\ProgramData\A-Volute\A-Volute.Nahimic\Modules\Scheduled\x64\AudioDevProps2.dll
0x00007ffc4f450000 - 0x00007ffc4f5b1000 	C:\Windows\System32\MSCTF.dll

dbghelp: loaded successfully - version: 4.0.5 - missing functions: none
symbol engine: initialized successfully - sym options: 0x614 - pdb path: .;C:\Users\kacpe\.jdks\openjdk-23\bin;C:\Windows\SYSTEM32;C:\Program Files\AVG\Antivirus;C:\Windows\WinSxS\amd64_microsoft.windows.common-controls_6595b64144ccf1df_6.0.22621.4541_none_2710d1c57384c085;C:\Users\kacpe\.jdks\openjdk-23\bin\server;C:\Program Files\JetBrains\IntelliJ IDEA Community Edition 2024.2.3\bin;C:\Users\kacpe\.javacpp\cache\jaylib-5.0.0-0.jar\com\raylib\windows-x86_64;C:\ProgramData\A-Volute\A-Volute.Nahimic\Modules\Scheduled\x64

VM Arguments:
jvm_args: -javaagent:C:\Program Files\JetBrains\IntelliJ IDEA Community Edition 2024.2.3\lib\idea_rt.jar=59650:C:\Program Files\JetBrains\IntelliJ IDEA Community Edition 2024.2.3\bin -Dfile.encoding=UTF-8 -Dsun.stdout.encoding=UTF-8 -Dsun.stderr.encoding=UTF-8 
java_command: com.company.Main
java_class_path (initial): D:\Surv\out\production\Surv;D:\jaylib-5.0.0-0.jar;C:\Users\kacpe\.m2\repository\io\netty\netty-transport\4.1.115.Final\netty-transport-4.1.115.Final.jar;C:\Users\kacpe\.m2\repository\io\netty\netty-buffer\4.1.115.Final\netty-buffer-4.1.115.Final.jar;C:\Users\kacpe\.m2\repository\io\netty\netty-common\4.1.115.Final\netty-common-4.1.115.Final.jar
Launcher Type: SUN_STANDARD

[Global flags]
     intx CICompilerCount                          = 12                                        {product} {ergonomic}
     uint ConcGCThreads                            = 5                                         {product} {ergonomic}
     uint G1ConcRefinementThreads                  = 18                                        {product} {ergonomic}
   size_t G1HeapRegionSize                         = 4194304                                   {product} {ergonomic}
   size_t InitialHeapSize                          = 532676608                                 {product} {ergonomic}
   size_t MarkStackSize                            = 4194304                                   {product} {ergonomic}
   size_t MarkStackSizeMax                         = 536870912                                 {product} {ergonomic}
   size_t MaxHeapSize                              = 8522825728                                {product} {ergonomic}
   size_t MaxNewSize                               = 5112856576                                {product} {ergonomic}
   size_t MinHeapDeltaBytes                        = 4194304                                   {product} {ergonomic}
   size_t MinHeapSize                              = 8388608                                   {product} {ergonomic}
    uintx NonNMethodCodeHeapSize                   = 7602176                                {pd product} {ergonomic}
    uintx NonProfiledCodeHeapSize                  = 122093568                              {pd product} {ergonomic}
    uintx ProfiledCodeHeapSize                     = 121962496                              {pd product} {ergonomic}
    uintx ReservedCodeCacheSize                    = 251658240                              {pd product} {ergonomic}
     bool SegmentedCodeCache                       = true                                      {product} {ergonomic}
   size_t SoftMaxHeapSize                          = 8522825728                             {manageable} {ergonomic}
     bool UseCompressedOops                        = true                           {product lp64_product} {ergonomic}
     bool UseG1GC                                  = true                                      {product} {ergonomic}
     bool UseLargePagesIndividualAllocation        = false                                  {pd product} {ergonomic}

Logging:
Log output configuration:
 #0: stdout all=warning uptime,level,tags foldmultilines=false
 #1: stderr all=off uptime,level,tags foldmultilines=false

Environment Variables:
PATH=C:\Program Files (x86)\Common Files\Oracle\Java\javapath;C:\Windows\system32;C:\Windows;C:\Windows\System32\Wbem;C:\Windows\System32\WindowsPowerShell\v1.0\;C:\Windows\System32\OpenSSH\;C:\Program Files (x86)\NVIDIA Corporation\PhysX\Common;C:\Program Files\NVIDIA Corporation\NVIDIA NvDLISR;C:\Program Files\dotnet\;C:\Program Files (x86)\Windows Kits\10\Windows Performance Toolkit\;C;C:\Program Files\Git\cmd;C:\Users\kacpe\AppData\Local\Microsoft\WindowsApps;C:\Users\kacpe\AppData\Local\Programs\Microsoft VS Code\bin;C:\Program Files\JetBrains\IntelliJ IDEA 2024.2.1\bin;;C:\Program Files\JetBrains\IntelliJ IDEA Community Edition 2024.2.3\bin;
USERNAME=kacpe
OS=Windows_NT
PROCESSOR_IDENTIFIER=Intel64 Family 6 Model 191 Stepping 2, GenuineIntel
TMP=C:\Users\kacpe\AppData\Local\Temp
TEMP=C:\Users\kacpe\AppData\Local\Temp




Periodic native trim disabled

---------------  S Y S T E M  ---------------

OS:
 Windows 11 , 64 bit Build 22621 (10.0.22621.4391)
OS uptime: 3 days 6:53 hours
Hyper-V role detected

CPU: total 24 (initial active 24) (12 cores per cpu, 2 threads per core) family 6 model 191 stepping 2 microcode 0x26, cx8, cmov, fxsr, ht, mmx, 3dnowpref, sse, sse2, sse3, ssse3, sse4.1, sse4.2, popcnt, lzcnt, tsc, tscinvbit, avx, avx2, aes, erms, clmul, bmi1, bmi2, adx, sha, fma, vzeroupper, clflush, clflushopt, clwb, hv, serialize, rdtscp, rdpid, fsrm, gfni, f16c, cet_ibt, cet_ss
Processor Information for processor 0
  Max Mhz: 2100, Current Mhz: 2100, Mhz Limit: 2100
Processor Information for processor 1
  Max Mhz: 2100, Current Mhz: 2100, Mhz Limit: 2100
Processor Information for processor 2
  Max Mhz: 2100, Current Mhz: 2100, Mhz Limit: 2100
Processor Information for processor 3
  Max Mhz: 2100, Current Mhz: 2100, Mhz Limit: 2100
Processor Information for processor 4
  Max Mhz: 2100, Current Mhz: 2100, Mhz Limit: 2100
Processor Information for processor 5
  Max Mhz: 2100, Current Mhz: 2100, Mhz Limit: 2100
Processor Information for processor 6
  Max Mhz: 2100, Current Mhz: 2100, Mhz Limit: 2100
Processor Information for processor 7
  Max Mhz: 2100, Current Mhz: 1453, Mhz Limit: 2100
Processor Information for processor 8
  Max Mhz: 2100, Current Mhz: 2100, Mhz Limit: 2100
Processor Information for processor 9
  Max Mhz: 2100, Current Mhz: 2100, Mhz Limit: 2100
Processor Information for processor 10
  Max Mhz: 2100, Current Mhz: 2100, Mhz Limit: 2100
Processor Information for processor 11
  Max Mhz: 2100, Current Mhz: 2100, Mhz Limit: 2100
Processor Information for processor 12
  Max Mhz: 2100, Current Mhz: 2100, Mhz Limit: 2100
Processor Information for processor 13
  Max Mhz: 2100, Current Mhz: 2100, Mhz Limit: 2100
Processor Information for processor 14
  Max Mhz: 2100, Current Mhz: 2100, Mhz Limit: 2100
Processor Information for processor 15
  Max Mhz: 2100, Current Mhz: 2100, Mhz Limit: 2100
Processor Information for processor 16
  Max Mhz: 2100, Current Mhz: 2100, Mhz Limit: 2100
Processor Information for processor 17
  Max Mhz: 2100, Current Mhz: 2100, Mhz Limit: 2100
Processor Information for processor 18
  Max Mhz: 2100, Current Mhz: 1540, Mhz Limit: 2100
Processor Information for processor 19
  Max Mhz: 2100, Current Mhz: 2100, Mhz Limit: 2100
Processor Information for processor 20
  Max Mhz: 2100, Current Mhz: 2100, Mhz Limit: 2100
Processor Information for processor 21
  Max Mhz: 2100, Current Mhz: 2100, Mhz Limit: 2100
Processor Information for processor 22
  Max Mhz: 2100, Current Mhz: 1540, Mhz Limit: 2100
Processor Information for processor 23
  Max Mhz: 2100, Current Mhz: 2100, Mhz Limit: 2100

Memory: 4k page, system-wide physical 32507M (18350M free)
TotalPageFile size 34555M (AvailPageFile size 16924M)
current process WorkingSet (physical memory assigned to process): 104M, peak: 116M
current process commit charge ("private bytes"): 665M, peak: 677M

vm_info: OpenJDK 64-Bit Server VM (23+37-2369) for windows-amd64 JRE (23+37-2369), built on 2024-08-20T16:01:23Z with MS VC++ 17.6 (VS2022)

END.
